Looking in links: https://download.pytorch.org/whl/cu113/torch_stable.html
Requirement already satisfied: torch==1.10.0+cu113 in /zhome/fa/4/127501/.local/lib/python3.7/site-packages (1.10.0+cu113)
Requirement already satisfied: torchvision==0.11.1+cu113 in /zhome/fa/4/127501/.local/lib/python3.7/site-packages (0.11.1+cu113)
Requirement already satisfied: torchaudio==0.10.0+cu113 in /zhome/fa/4/127501/.local/lib/python3.7/site-packages (0.10.0+cu113)
Requirement already satisfied: typing-extensions in /appl/python/3.7.11/lib/python3.7/site-packages (from torch==1.10.0+cu113) (3.10.0.0)
Requirement already satisfied: pillow!=8.3.0,>=5.3.0 in /zhome/fa/4/127501/.local/lib/python3.7/site-packages (from torchvision==0.11.1+cu113) (8.4.0)
Requirement already satisfied: numpy in /zhome/fa/4/127501/.local/lib/python3.7/site-packages (from torchvision==0.11.1+cu113) (1.21.4)
Requirement already satisfied: procgen in /zhome/fa/4/127501/.local/lib/python3.7/site-packages (0.10.4)
Requirement already satisfied: gym3<1.0.0,>=0.3.3 in /zhome/fa/4/127501/.local/lib/python3.7/site-packages (from procgen) (0.3.3)
Requirement already satisfied: gym<1.0.0,>=0.15.0 in /zhome/fa/4/127501/.local/lib/python3.7/site-packages (from procgen) (0.21.0)
Requirement already satisfied: numpy<2.0.0,>=1.17.0 in /zhome/fa/4/127501/.local/lib/python3.7/site-packages (from procgen) (1.21.4)
Requirement already satisfied: filelock<4.0.0,>=3.0.0 in /appl/python/3.7.11/lib/python3.7/site-packages (from procgen) (3.0.12)
Requirement already satisfied: cloudpickle>=1.2.0 in /zhome/fa/4/127501/.local/lib/python3.7/site-packages (from gym<1.0.0,>=0.15.0->procgen) (2.0.0)
Collecting importlib-metadata>=4.8.1
  Using cached importlib_metadata-4.8.2-py3-none-any.whl (17 kB)
Requirement already satisfied: cffi<2.0.0,>=1.13.0 in /zhome/fa/4/127501/.local/lib/python3.7/site-packages (from gym3<1.0.0,>=0.3.3->procgen) (1.15.0)
Requirement already satisfied: moderngl<6.0.0,>=5.5.4 in /zhome/fa/4/127501/.local/lib/python3.7/site-packages (from gym3<1.0.0,>=0.3.3->procgen) (5.6.4)
Requirement already satisfied: glfw<2.0.0,>=1.8.6 in /zhome/fa/4/127501/.local/lib/python3.7/site-packages (from gym3<1.0.0,>=0.3.3->procgen) (1.12.0)
Requirement already satisfied: imageio-ffmpeg<0.4.0,>=0.3.0 in /zhome/fa/4/127501/.local/lib/python3.7/site-packages (from gym3<1.0.0,>=0.3.3->procgen) (0.3.0)
Requirement already satisfied: imageio<3.0.0,>=2.6.0 in /zhome/fa/4/127501/.local/lib/python3.7/site-packages (from gym3<1.0.0,>=0.3.3->procgen) (2.10.3)
Requirement already satisfied: pycparser in /zhome/fa/4/127501/.local/lib/python3.7/site-packages (from cffi<2.0.0,>=1.13.0->gym3<1.0.0,>=0.3.3->procgen) (2.21)
Requirement already satisfied: pillow>=8.3.2 in /zhome/fa/4/127501/.local/lib/python3.7/site-packages (from imageio<3.0.0,>=2.6.0->gym3<1.0.0,>=0.3.3->procgen) (8.4.0)
Requirement already satisfied: zipp>=0.5 in /appl/python/3.7.11/lib/python3.7/site-packages (from importlib-metadata>=4.8.1->gym<1.0.0,>=0.15.0->procgen) (3.5.0)
Requirement already satisfied: typing-extensions>=3.6.4 in /appl/python/3.7.11/lib/python3.7/site-packages (from importlib-metadata>=4.8.1->gym<1.0.0,>=0.15.0->procgen) (3.10.0.0)
Requirement already satisfied: glcontext<3,>=2 in /zhome/fa/4/127501/.local/lib/python3.7/site-packages (from moderngl<6.0.0,>=5.5.4->gym3<1.0.0,>=0.3.3->procgen) (2.3.4)
Installing collected packages: importlib-metadata
Successfully installed importlib-metadata-4.8.2
Requirement already satisfied: imageio in /zhome/fa/4/127501/.local/lib/python3.7/site-packages (2.10.3)
Requirement already satisfied: numpy in /zhome/fa/4/127501/.local/lib/python3.7/site-packages (from imageio) (1.21.4)
Requirement already satisfied: pillow>=8.3.2 in /zhome/fa/4/127501/.local/lib/python3.7/site-packages (from imageio) (8.4.0)
Looking in links: https://download.pytorch.org/whl/cu113/torch_stable.html
Requirement already satisfied: torch==1.10.0+cu113 in /zhome/fa/4/127501/.local/lib/python3.7/site-packages (1.10.0+cu113)
Requirement already satisfied: torchvision==0.11.1+cu113 in /zhome/fa/4/127501/.local/lib/python3.7/site-packages (0.11.1+cu113)
Requirement already satisfied: torchaudio==0.10.0+cu113 in /zhome/fa/4/127501/.local/lib/python3.7/site-packages (0.10.0+cu113)
Requirement already satisfied: typing-extensions in /appl/python/3.7.11/lib/python3.7/site-packages (from torch==1.10.0+cu113) (3.10.0.0)
Requirement already satisfied: numpy in /zhome/fa/4/127501/.local/lib/python3.7/site-packages (from torchvision==0.11.1+cu113) (1.21.4)
Requirement already satisfied: pillow!=8.3.0,>=5.3.0 in /zhome/fa/4/127501/.local/lib/python3.7/site-packages (from torchvision==0.11.1+cu113) (8.4.0)
Requirement already satisfied: procgen in /zhome/fa/4/127501/.local/lib/python3.7/site-packages (0.10.4)
Requirement already satisfied: filelock<4.0.0,>=3.0.0 in /appl/python/3.7.11/lib/python3.7/site-packages (from procgen) (3.0.12)
Requirement already satisfied: numpy<2.0.0,>=1.17.0 in /zhome/fa/4/127501/.local/lib/python3.7/site-packages (from procgen) (1.21.4)
Requirement already satisfied: gym<1.0.0,>=0.15.0 in /zhome/fa/4/127501/.local/lib/python3.7/site-packages (from procgen) (0.21.0)
Requirement already satisfied: gym3<1.0.0,>=0.3.3 in /zhome/fa/4/127501/.local/lib/python3.7/site-packages (from procgen) (0.3.3)
Requirement already satisfied: cloudpickle>=1.2.0 in /zhome/fa/4/127501/.local/lib/python3.7/site-packages (from gym<1.0.0,>=0.15.0->procgen) (2.0.0)
Collecting importlib-metadata>=4.8.1
  Using cached importlib_metadata-4.8.2-py3-none-any.whl (17 kB)
Requirement already satisfied: cffi<2.0.0,>=1.13.0 in /zhome/fa/4/127501/.local/lib/python3.7/site-packages (from gym3<1.0.0,>=0.3.3->procgen) (1.15.0)
Requirement already satisfied: imageio-ffmpeg<0.4.0,>=0.3.0 in /zhome/fa/4/127501/.local/lib/python3.7/site-packages (from gym3<1.0.0,>=0.3.3->procgen) (0.3.0)
Requirement already satisfied: glfw<2.0.0,>=1.8.6 in /zhome/fa/4/127501/.local/lib/python3.7/site-packages (from gym3<1.0.0,>=0.3.3->procgen) (1.12.0)
Requirement already satisfied: moderngl<6.0.0,>=5.5.4 in /zhome/fa/4/127501/.local/lib/python3.7/site-packages (from gym3<1.0.0,>=0.3.3->procgen) (5.6.4)
Requirement already satisfied: imageio<3.0.0,>=2.6.0 in /zhome/fa/4/127501/.local/lib/python3.7/site-packages (from gym3<1.0.0,>=0.3.3->procgen) (2.10.3)
Requirement already satisfied: pycparser in /zhome/fa/4/127501/.local/lib/python3.7/site-packages (from cffi<2.0.0,>=1.13.0->gym3<1.0.0,>=0.3.3->procgen) (2.21)
Requirement already satisfied: pillow>=8.3.2 in /zhome/fa/4/127501/.local/lib/python3.7/site-packages (from imageio<3.0.0,>=2.6.0->gym3<1.0.0,>=0.3.3->procgen) (8.4.0)
Requirement already satisfied: zipp>=0.5 in /appl/python/3.7.11/lib/python3.7/site-packages (from importlib-metadata>=4.8.1->gym<1.0.0,>=0.15.0->procgen) (3.5.0)
Requirement already satisfied: typing-extensions>=3.6.4 in /appl/python/3.7.11/lib/python3.7/site-packages (from importlib-metadata>=4.8.1->gym<1.0.0,>=0.15.0->procgen) (3.10.0.0)
Requirement already satisfied: glcontext<3,>=2 in /zhome/fa/4/127501/.local/lib/python3.7/site-packages (from moderngl<6.0.0,>=5.5.4->gym3<1.0.0,>=0.3.3->procgen) (2.3.4)
Installing collected packages: importlib-metadata
Successfully installed importlib-metadata-4.8.2
Requirement already satisfied: imageio in /zhome/fa/4/127501/.local/lib/python3.7/site-packages (2.10.3)
Requirement already satisfied: numpy in /zhome/fa/4/127501/.local/lib/python3.7/site-packages (from imageio) (1.21.4)
Requirement already satisfied: pillow>=8.3.2 in /zhome/fa/4/127501/.local/lib/python3.7/site-packages (from imageio) (8.4.0)
Running PPO-starpilot
8192,starpilot,7.638204097747803
16384,starpilot,7.182793617248535
24576,starpilot,4.90662956237793
32768,starpilot,9.832364082336426
40960,starpilot,7.6660475730896
49152,starpilot,3.814279556274414
57344,starpilot,15.023106575012207
65536,starpilot,7.733680725097656
73728,starpilot,7.541878700256348
81920,starpilot,10.556946754455566
90112,starpilot,13.702837944030762
98304,starpilot,10.64660930633545
106496,starpilot,6.368366241455078
114688,starpilot,11.002544403076172
122880,starpilot,3.472449541091919
131072,starpilot,13.018837928771973
139264,starpilot,9.07967758178711
147456,starpilot,11.47959041595459
155648,starpilot,10.186320304870605
163840,starpilot,11.702340126037598
172032,starpilot,9.357425689697266
180224,starpilot,9.28486156463623
188416,starpilot,8.401806831359863
196608,starpilot,12.287074089050293
204800,starpilot,0.3125
212992,starpilot,10.843421936035156
221184,starpilot,8.664634704589844
229376,starpilot,7.289267539978027
237568,starpilot,0.8567573428153992
245760,starpilot,12.657217979431152
253952,starpilot,0.9375
262144,starpilot,11.884892463684082
270336,starpilot,12.007665634155273
278528,starpilot,12.078573226928711
286720,starpilot,8.973289489746094
294912,starpilot,5.084323406219482
303104,starpilot,7.827298164367676
311296,starpilot,2.3491878509521484
319488,starpilot,9.763626098632812
327680,starpilot,12.538846969604492
335872,starpilot,2.661119222640991
344064,starpilot,12.684036254882812
352256,starpilot,9.704131126403809
360448,starpilot,9.599116325378418
368640,starpilot,2.5318996906280518
376832,starpilot,15.175429344177246
385024,starpilot,12.871906280517578
393216,starpilot,6.603448390960693
401408,starpilot,15.665573120117188
409600,starpilot,14.25645637512207
417792,starpilot,7.921194076538086
425984,starpilot,14.041399955749512
434176,starpilot,10.698867797851562
442368,starpilot,13.465604782104492
450560,starpilot,13.141861915588379
458752,starpilot,7.516719341278076
466944,starpilot,14.722758293151855
475136,starpilot,14.661140441894531
483328,starpilot,11.641490936279297
491520,starpilot,13.417484283447266
499712,starpilot,13.543927192687988
507904,starpilot,0.625
516096,starpilot,9.953803062438965
524288,starpilot,9.152207374572754
532480,starpilot,14.826412200927734
540672,starpilot,13.632796287536621
548864,starpilot,15.253113746643066
557056,starpilot,10.220437049865723
565248,starpilot,13.183558464050293
573440,starpilot,13.48571491241455
581632,starpilot,5.0222697257995605
589824,starpilot,0.0
598016,starpilot,5.859471797943115
606208,starpilot,14.795400619506836
614400,starpilot,7.2745585441589355
622592,starpilot,14.626510620117188
630784,starpilot,11.336440086364746
638976,starpilot,12.23560905456543
647168,starpilot,14.738252639770508
655360,starpilot,0.0
663552,starpilot,15.77997875213623
671744,starpilot,11.614274978637695
679936,starpilot,11.837007522583008
688128,starpilot,8.90310287475586
696320,starpilot,13.494549751281738
704512,starpilot,13.847511291503906
712704,starpilot,13.920093536376953
720896,starpilot,2.435643196105957
729088,starpilot,13.683815956115723
737280,starpilot,14.563119888305664
745472,starpilot,12.533787727355957
753664,starpilot,13.231328010559082
761856,starpilot,12.417518615722656
770048,starpilot,13.46921443939209
778240,starpilot,12.196900367736816
786432,starpilot,14.167308807373047
794624,starpilot,11.352213859558105
802816,starpilot,11.89511489868164
811008,starpilot,14.507458686828613
819200,starpilot,12.363375663757324
827392,starpilot,14.31171703338623
835584,starpilot,13.365311622619629
843776,starpilot,7.8440985679626465
851968,starpilot,9.51250171661377
860160,starpilot,14.877090454101562
868352,starpilot,11.277668952941895
876544,starpilot,10.73353099822998
884736,starpilot,10.212234497070312
892928,starpilot,0.0
901120,starpilot,14.567276954650879
909312,starpilot,4.061622142791748
917504,starpilot,11.860612869262695
925696,starpilot,3.125
933888,starpilot,9.143598556518555
942080,starpilot,8.501319885253906
950272,starpilot,5.220367431640625
958464,starpilot,13.29025650024414
966656,starpilot,13.295884132385254
974848,starpilot,2.1297860145568848
983040,starpilot,11.943760871887207
991232,starpilot,12.777242660522461
999424,starpilot,14.418190956115723
1007616,starpilot,11.428827285766602
1015808,starpilot,0.625
1024000,starpilot,6.568370819091797
1032192,starpilot,14.11550521850586
1040384,starpilot,11.221782684326172
1048576,starpilot,12.401212692260742
1056768,starpilot,9.556888580322266
1064960,starpilot,6.207304954528809
1073152,starpilot,11.002229690551758
1081344,starpilot,4.471226215362549
1089536,starpilot,10.166858673095703
1097728,starpilot,9.802964210510254
1105920,starpilot,8.067300796508789
1114112,starpilot,9.098190307617188
1122304,starpilot,12.47213363647461
1130496,starpilot,5.830907821655273
1138688,starpilot,8.338879585266113
1146880,starpilot,12.334550857543945
1155072,starpilot,14.085783004760742
1163264,starpilot,10.893331527709961
1171456,starpilot,9.25648021697998
1179648,starpilot,3.671207904815674
1187840,starpilot,8.39193344116211
1196032,starpilot,9.595837593078613
1204224,starpilot,12.357697486877441
1212416,starpilot,14.604183197021484
1220608,starpilot,13.29444694519043
1228800,starpilot,9.960282325744629
1236992,starpilot,11.434043884277344
1245184,starpilot,9.52983570098877
1253376,starpilot,11.784497261047363
1261568,starpilot,12.28571891784668
1269760,starpilot,13.650797843933105
1277952,starpilot,11.898408889770508
1286144,starpilot,11.956193923950195
1294336,starpilot,9.468559265136719
1302528,starpilot,13.199514389038086
1310720,starpilot,10.543174743652344
1318912,starpilot,7.943241596221924
1327104,starpilot,9.615376472473145
1335296,starpilot,4.3176445960998535
1343488,starpilot,10.734375953674316
1351680,starpilot,5.7261810302734375
1359872,starpilot,12.524385452270508
1368064,starpilot,10.922040939331055
1376256,starpilot,6.822468280792236
1384448,starpilot,13.213716506958008
1392640,starpilot,1.875
1400832,starpilot,16.43625259399414
1409024,starpilot,6.603038311004639
1417216,starpilot,12.441900253295898
1425408,starpilot,12.961596488952637
1433600,starpilot,9.437552452087402
1441792,starpilot,12.526327133178711
1449984,starpilot,12.860525131225586
1458176,starpilot,13.897523880004883
1466368,starpilot,12.966429710388184
1474560,starpilot,13.947141647338867
1482752,starpilot,12.792387008666992
1490944,starpilot,12.00858211517334
1499136,starpilot,14.276217460632324
1507328,starpilot,11.119431495666504
1515520,starpilot,12.232392311096191
1523712,starpilot,8.48149585723877
1531904,starpilot,12.184139251708984
1540096,starpilot,9.536110877990723
1548288,starpilot,7.5440897941589355
1556480,starpilot,11.504888534545898
1564672,starpilot,12.142212867736816
1572864,starpilot,14.594932556152344
1581056,starpilot,5.6398115158081055
1589248,starpilot,11.314753532409668
1597440,starpilot,11.500282287597656
1605632,starpilot,9.960467338562012
1613824,starpilot,9.40235424041748
1622016,starpilot,13.229471206665039
1630208,starpilot,9.891834259033203
1638400,starpilot,10.893701553344727
1646592,starpilot,11.493338584899902
1654784,starpilot,11.24452018737793
1662976,starpilot,11.148683547973633
1671168,starpilot,11.102635383605957
1679360,starpilot,13.309250831604004
1687552,starpilot,9.691577911376953
1695744,starpilot,15.21469497680664
1703936,starpilot,9.866247177124023
1712128,starpilot,6.1676201820373535
1720320,starpilot,9.422807693481445
1728512,starpilot,12.616950988769531
1736704,starpilot,10.212214469909668
1744896,starpilot,5.875303268432617
1753088,starpilot,10.435784339904785
1761280,starpilot,8.024179458618164
1769472,starpilot,12.72039794921875
1777664,starpilot,13.654996871948242
1785856,starpilot,13.203225135803223
1794048,starpilot,7.612479209899902
1802240,starpilot,12.860763549804688
1810432,starpilot,11.395257949829102
1818624,starpilot,10.252744674682617
1826816,starpilot,11.260801315307617
1835008,starpilot,11.291428565979004
1843200,starpilot,1.3841407299041748
1851392,starpilot,11.082498550415039
1859584,starpilot,5.6428704261779785
1867776,starpilot,9.649038314819336
1875968,starpilot,12.8353910446167
1884160,starpilot,10.344951629638672
1892352,starpilot,7.737665176391602
1900544,starpilot,5.540585994720459
1908736,starpilot,10.165740966796875
1916928,starpilot,12.12586498260498
1925120,starpilot,11.985048294067383
1933312,starpilot,12.558467864990234
1941504,starpilot,16.06237030029297
1949696,starpilot,16.04770278930664
1957888,starpilot,8.958366394042969
1966080,starpilot,7.727263450622559
1974272,starpilot,12.060934066772461
1982464,starpilot,8.350151062011719
1990656,starpilot,5.371776580810547
1998848,starpilot,11.231741905212402
2007040,starpilot,13.4297513961792
2015232,starpilot,3.5120105743408203
2023424,starpilot,13.986152648925781
2031616,starpilot,9.594586372375488
2039808,starpilot,15.401103019714355
2048000,starpilot,11.665990829467773
2056192,starpilot,13.843973159790039
2064384,starpilot,1.8135664463043213
2072576,starpilot,11.847911834716797
2080768,starpilot,12.020167350769043
2088960,starpilot,12.89311408996582
2097152,starpilot,6.095727920532227
2105344,starpilot,13.761236190795898
2113536,starpilot,14.655423164367676
2121728,starpilot,9.210151672363281
2129920,starpilot,13.506134033203125
2138112,starpilot,9.600249290466309
2146304,starpilot,14.47659683227539
2154496,starpilot,9.410932540893555
2162688,starpilot,10.817681312561035
2170880,starpilot,12.20634651184082
2179072,starpilot,7.7559614181518555
2187264,starpilot,4.837822914123535
2195456,starpilot,3.139775514602661
2203648,starpilot,12.937814712524414
2211840,starpilot,7.697669982910156
2220032,starpilot,9.697469711303711
2228224,starpilot,8.994349479675293
2236416,starpilot,11.08283805847168
2244608,starpilot,5.436712741851807
2252800,starpilot,5.847844123840332
2260992,starpilot,10.030078887939453
2269184,starpilot,12.306438446044922
2277376,starpilot,8.383834838867188
2285568,starpilot,9.52828311920166
2293760,starpilot,8.944984436035156
2301952,starpilot,10.963808059692383
2310144,starpilot,10.858844757080078
2318336,starpilot,12.041913986206055
2326528,starpilot,11.655579566955566
2334720,starpilot,15.20271110534668
2342912,starpilot,12.526315689086914
2351104,starpilot,10.384862899780273
2359296,starpilot,7.7628960609436035
2367488,starpilot,6.825546741485596
2375680,starpilot,5.042600631713867
2383872,starpilot,13.48034381866455
2392064,starpilot,12.393200874328613
2400256,starpilot,9.937637329101562
2408448,starpilot,11.20166015625
2416640,starpilot,10.361468315124512
2424832,starpilot,14.221384048461914
2433024,starpilot,9.790258407592773
2441216,starpilot,12.719293594360352
2449408,starpilot,12.73949909210205
2457600,starpilot,15.501944541931152
2465792,starpilot,13.198784828186035
2473984,starpilot,13.807671546936035
2482176,starpilot,10.439114570617676
2490368,starpilot,9.994319915771484
2498560,starpilot,13.625863075256348
2506752,starpilot,11.583672523498535
2514944,starpilot,9.90562915802002
2523136,starpilot,9.722589492797852
2531328,starpilot,0.0
2539520,starpilot,16.32841682434082
2547712,starpilot,9.160722732543945
2555904,starpilot,13.219623565673828
2564096,starpilot,1.875
2572288,starpilot,10.432790756225586
2580480,starpilot,10.925117492675781
2588672,starpilot,8.335906982421875
2596864,starpilot,11.637065887451172
2605056,starpilot,14.259422302246094
2613248,starpilot,2.180844306945801
2621440,starpilot,11.708297729492188
2629632,starpilot,7.801140785217285
2637824,starpilot,13.663933753967285
2646016,starpilot,12.654836654663086
2654208,starpilot,0.9375
2662400,starpilot,2.0513198375701904
2670592,starpilot,14.256202697753906
2678784,starpilot,17.638731002807617
2686976,starpilot,14.467157363891602
2695168,starpilot,11.268664360046387
2703360,starpilot,7.6017656326293945
2711552,starpilot,11.01480770111084
2719744,starpilot,2.972062349319458
2727936,starpilot,12.909218788146973
2736128,starpilot,11.19093132019043
2744320,starpilot,8.375154495239258
2752512,starpilot,7.288568019866943
2760704,starpilot,11.35755443572998
2768896,starpilot,9.642004013061523
2777088,starpilot,14.289219856262207
2785280,starpilot,13.31566047668457
2793472,starpilot,16.209962844848633
2801664,starpilot,13.29722785949707
2809856,starpilot,7.924206733703613
2818048,starpilot,7.555600166320801
2826240,starpilot,2.9500677585601807
2834432,starpilot,0.625
2842624,starpilot,12.25498104095459
2850816,starpilot,12.954340934753418
2859008,starpilot,11.659873008728027
2867200,starpilot,16.265094757080078
2875392,starpilot,13.61793041229248
2883584,starpilot,11.047586441040039
2891776,starpilot,14.782565116882324
2899968,starpilot,17.277896881103516
2908160,starpilot,14.61479377746582
2916352,starpilot,15.919527053833008
2924544,starpilot,17.663625717163086
2932736,starpilot,5.365479469299316
2940928,starpilot,13.98275375366211
2949120,starpilot,8.430553436279297
2957312,starpilot,10.987770080566406
2965504,starpilot,16.609228134155273
2973696,starpilot,0.0
2981888,starpilot,0.625
2990080,starpilot,0.0
2998272,starpilot,3.217046022415161
3006464,starpilot,13.732343673706055
3014656,starpilot,0.9375
3022848,starpilot,0.0
3031040,starpilot,5.588100433349609
3039232,starpilot,17.930824279785156
3047424,starpilot,7.5957136154174805
3055616,starpilot,13.166293144226074
3063808,starpilot,0.0
3072000,starpilot,9.839309692382812
3080192,starpilot,12.348058700561523
3088384,starpilot,9.878068923950195
3096576,starpilot,6.617630481719971
3104768,starpilot,15.616547584533691
3112960,starpilot,6.679590702056885
3121152,starpilot,0.0
3129344,starpilot,10.931035041809082
3137536,starpilot,14.320303916931152
3145728,starpilot,13.145605087280273
3153920,starpilot,14.094223976135254
3162112,starpilot,7.420734882354736
3170304,starpilot,0.0
3178496,starpilot,8.754057884216309
3186688,starpilot,10.93958854675293
3194880,starpilot,16.33230972290039
3203072,starpilot,15.2984619140625
3211264,starpilot,16.305892944335938
3219456,starpilot,2.7015106678009033
3227648,starpilot,12.908945083618164
3235840,starpilot,14.91114616394043
3244032,starpilot,17.987375259399414
3252224,starpilot,14.367280006408691
3260416,starpilot,10.143622398376465
3268608,starpilot,13.761554718017578
3276800,starpilot,13.654300689697266
3284992,starpilot,12.110589981079102
3293184,starpilot,11.559723854064941
3301376,starpilot,11.405709266662598
3309568,starpilot,12.2103910446167
3317760,starpilot,8.795087814331055
3325952,starpilot,12.894920349121094
3334144,starpilot,14.554529190063477
3342336,starpilot,12.157999038696289
3350528,starpilot,12.311059951782227
3358720,starpilot,11.808515548706055
3366912,starpilot,8.339903831481934
3375104,starpilot,13.709123611450195
3383296,starpilot,9.562653541564941
3391488,starpilot,7.116801738739014
3399680,starpilot,10.567419052124023
3407872,starpilot,12.991586685180664
3416064,starpilot,19.837501525878906
3424256,starpilot,11.704323768615723
3432448,starpilot,11.53832721710205
3440640,starpilot,10.56875991821289
3448832,starpilot,14.38948917388916
3457024,starpilot,7.996683597564697
3465216,starpilot,12.171721458435059
3473408,starpilot,15.420454025268555
3481600,starpilot,0.0
3489792,starpilot,9.89335823059082
3497984,starpilot,14.89885139465332
3506176,starpilot,14.676529884338379
3514368,starpilot,0.0
3522560,starpilot,14.956289291381836
3530752,starpilot,0.0
3538944,starpilot,15.292217254638672
3547136,starpilot,13.458139419555664
3555328,starpilot,12.3181791305542
3563520,starpilot,10.269588470458984
3571712,starpilot,6.0941996574401855
3579904,starpilot,14.688799858093262
3588096,starpilot,0.0
3596288,starpilot,11.606757164001465
3604480,starpilot,13.686583518981934
3612672,starpilot,0.9375
3620864,starpilot,11.588809967041016
3629056,starpilot,10.142903327941895
3637248,starpilot,7.8612494468688965
3645440,starpilot,0.0
3653632,starpilot,15.813980102539062
3661824,starpilot,13.001497268676758
3670016,starpilot,6.563296318054199
3678208,starpilot,13.260075569152832
3686400,starpilot,14.307710647583008
3694592,starpilot,0.625
3702784,starpilot,13.917877197265625
3710976,starpilot,12.69603157043457
3719168,starpilot,10.320755958557129
3727360,starpilot,14.832221984863281
3735552,starpilot,6.623923301696777
3743744,starpilot,15.344152450561523
3751936,starpilot,14.231504440307617
3760128,starpilot,12.537225723266602
3768320,starpilot,15.25071907043457
3776512,starpilot,12.459291458129883
3784704,starpilot,0.0
3792896,starpilot,10.028169631958008
3801088,starpilot,13.969147682189941
3809280,starpilot,15.655085563659668
3817472,starpilot,13.694181442260742
3825664,starpilot,14.386430740356445
3833856,starpilot,12.00819206237793
3842048,starpilot,14.210061073303223
3850240,starpilot,13.619363784790039
3858432,starpilot,0.3125
3866624,starpilot,0.0
3874816,starpilot,7.161336898803711
3883008,starpilot,15.73324966430664
3891200,starpilot,7.948429107666016
3899392,starpilot,16.141563415527344
3907584,starpilot,13.720616340637207
3915776,starpilot,11.086493492126465
3923968,starpilot,6.542062282562256
3932160,starpilot,0.0
3940352,starpilot,13.00800895690918
3948544,starpilot,13.53374195098877
3956736,starpilot,12.358061790466309
3964928,starpilot,7.397118091583252
3973120,starpilot,13.763711929321289
3981312,starpilot,14.334901809692383
3989504,starpilot,14.144086837768555
3997696,starpilot,2.913201093673706
4005888,starpilot,13.709036827087402
4014080,starpilot,15.029302597045898
4022272,starpilot,14.88187313079834
4030464,starpilot,14.470602989196777
4038656,starpilot,12.623384475708008
4046848,starpilot,13.749870300292969
4055040,starpilot,12.753997802734375
4063232,starpilot,14.751901626586914
4071424,starpilot,12.488630294799805
4079616,starpilot,12.768392562866211
4087808,starpilot,14.705892562866211
4096000,starpilot,14.845255851745605
4104192,starpilot,14.552572250366211
4112384,starpilot,14.810346603393555
4120576,starpilot,8.923766136169434
4128768,starpilot,9.780667304992676
4136960,starpilot,15.255584716796875
4145152,starpilot,12.522953987121582
4153344,starpilot,12.18635368347168
4161536,starpilot,12.014776229858398
4169728,starpilot,0.0
4177920,starpilot,22.262340545654297
4186112,starpilot,7.1875
4194304,starpilot,11.562862396240234
4202496,starpilot,0.0
4210688,starpilot,10.67562198638916
4218880,starpilot,8.40969467163086
4227072,starpilot,5.0688796043396
4235264,starpilot,12.826410293579102
4243456,starpilot,14.883513450622559
4251648,starpilot,0.0
4259840,starpilot,12.152649879455566
4268032,starpilot,14.802535057067871
4276224,starpilot,15.153097152709961
4284416,starpilot,10.388707160949707
4292608,starpilot,0.0
4300800,starpilot,12.234586715698242
4308992,starpilot,12.147086143493652
4317184,starpilot,17.5
4325376,starpilot,12.014613151550293
4333568,starpilot,10.196578025817871
4341760,starpilot,0.625
4349952,starpilot,13.550766944885254
4358144,starpilot,4.88809871673584
4366336,starpilot,13.112077713012695
4374528,starpilot,13.074527740478516
4382720,starpilot,12.88691520690918
4390912,starpilot,13.937651634216309
4399104,starpilot,13.289022445678711
4407296,starpilot,0.0
4415488,starpilot,24.484573364257812
4423680,starpilot,12.865001678466797
4431872,starpilot,11.328914642333984
4440064,starpilot,18.264423370361328
4448256,starpilot,10.760194778442383
4456448,starpilot,11.407876968383789
4464640,starpilot,13.75
4472832,starpilot,0.0
4481024,starpilot,10.041424751281738
4489216,starpilot,14.399362564086914
4497408,starpilot,3.6701273918151855
4505600,starpilot,7.050939083099365
4513792,starpilot,5.510225296020508
4521984,starpilot,14.129901885986328
4530176,starpilot,1.5625
4538368,starpilot,14.934568405151367
4546560,starpilot,12.629178047180176
4554752,starpilot,13.118538856506348
4562944,starpilot,8.131317138671875
4571136,starpilot,10.216164588928223
4579328,starpilot,9.453883171081543
4587520,starpilot,3.4528913497924805
4595712,starpilot,13.340726852416992
4603904,starpilot,13.602320671081543
4612096,starpilot,0.0
4620288,starpilot,8.178441047668457
4628480,starpilot,0.0
4636672,starpilot,10.187949180603027
4644864,starpilot,9.106441497802734
4653056,starpilot,0.0
4661248,starpilot,0.3125
4669440,starpilot,12.64870834350586
4677632,starpilot,19.311697006225586
4685824,starpilot,11.969152450561523
4694016,starpilot,8.551265716552734
4702208,starpilot,0.0
4710400,starpilot,5.493483543395996
4718592,starpilot,14.41128921508789
4726784,starpilot,12.212361335754395
4734976,starpilot,11.80075740814209
4743168,starpilot,16.890840530395508
4751360,starpilot,3.5484936237335205
4759552,starpilot,0.0
4767744,starpilot,15.109992980957031
4775936,starpilot,8.126360893249512
4784128,starpilot,15.58849048614502
4792320,starpilot,11.99278450012207
4800512,starpilot,16.72853660583496
4808704,starpilot,1.875
4816896,starpilot,15.833353996276855
4825088,starpilot,0.0
4833280,starpilot,15.206133842468262
4841472,starpilot,11.20899772644043
4849664,starpilot,14.592206954956055
4857856,starpilot,9.883003234863281
4866048,starpilot,13.257685661315918
4874240,starpilot,15.934957504272461
4882432,starpilot,21.24140167236328
4890624,starpilot,15.19886589050293
4898816,starpilot,1.5513917207717896
4907008,starpilot,16.33156394958496
4915200,starpilot,12.318685531616211
4923392,starpilot,13.777770042419434
4931584,starpilot,15.868694305419922
4939776,starpilot,13.620012283325195
4947968,starpilot,12.626588821411133
4956160,starpilot,0.0
4964352,starpilot,14.115865707397461
4972544,starpilot,14.980297088623047
4980736,starpilot,11.970333099365234
4988928,starpilot,15.436012268066406
4997120,starpilot,11.653072357177734
5005312,starpilot,7.949970722198486
5013504,starpilot,13.379512786865234
5021696,starpilot,12.585765838623047
5029888,starpilot,4.29941463470459
5038080,starpilot,10.752555847167969
5046272,starpilot,13.396857261657715
5054464,starpilot,20.108348846435547
5062656,starpilot,11.618857383728027
5070848,starpilot,11.286209106445312
5079040,starpilot,9.480754852294922
5087232,starpilot,15.679412841796875
5095424,starpilot,7.780167102813721
5103616,starpilot,12.197002410888672
5111808,starpilot,15.32991886138916
5120000,starpilot,0.0
5128192,starpilot,9.643226623535156
5136384,starpilot,15.079751968383789
5144576,starpilot,14.081021308898926
5152768,starpilot,0.0
5160960,starpilot,14.703404426574707
5169152,starpilot,0.0
5177344,starpilot,16.047340393066406
5185536,starpilot,12.46575927734375
5193728,starpilot,13.523537635803223
5201920,starpilot,13.586934089660645
5210112,starpilot,1.4877407550811768
5218304,starpilot,6.981990814208984
5226496,starpilot,0.0
5234688,starpilot,12.505099296569824
5242880,starpilot,13.389679908752441
5251072,starpilot,0.0
5259264,starpilot,13.813203811645508
5267456,starpilot,13.046369552612305
5275648,starpilot,10.918245315551758
5283840,starpilot,0.0
5292032,starpilot,15.409266471862793
5300224,starpilot,14.767242431640625
5308416,starpilot,11.564688682556152
5316608,starpilot,21.776226043701172
5324800,starpilot,13.629487991333008
5332992,starpilot,0.0
5341184,starpilot,14.193439483642578
5349376,starpilot,9.468425750732422
5357568,starpilot,14.082967758178711
5365760,starpilot,14.670641899108887
5373952,starpilot,11.560380935668945
5382144,starpilot,14.827258110046387
5390336,starpilot,13.68587589263916
5398528,starpilot,11.074386596679688
5406720,starpilot,13.229118347167969
5414912,starpilot,13.787622451782227
5423104,starpilot,0.0
5431296,starpilot,0.0
5439488,starpilot,11.851089477539062
5447680,starpilot,0.9356680512428284
5455872,starpilot,13.312042236328125
5464064,starpilot,16.812652587890625
5472256,starpilot,11.206476211547852
5480448,starpilot,9.322502136230469
5488640,starpilot,11.000825881958008
5496832,starpilot,13.840099334716797
5505024,starpilot,0.0
5513216,starpilot,2.342510223388672
5521408,starpilot,14.856606483459473
5529600,starpilot,9.831826210021973
5537792,starpilot,14.867359161376953
5545984,starpilot,14.407668113708496
5554176,starpilot,10.460347175598145
5562368,starpilot,17.49235725402832
5570560,starpilot,0.0
5578752,starpilot,17.816879272460938
5586944,starpilot,11.016969680786133
5595136,starpilot,13.344819068908691
5603328,starpilot,7.661800384521484
5611520,starpilot,13.448586463928223
5619712,starpilot,14.519780158996582
5627904,starpilot,12.508768081665039
5636096,starpilot,0.0
5644288,starpilot,12.727115631103516
5652480,starpilot,13.864852905273438
5660672,starpilot,15.52663516998291
5668864,starpilot,13.369863510131836
5677056,starpilot,12.536665916442871
5685248,starpilot,13.959829330444336
5693440,starpilot,12.933233261108398
5701632,starpilot,14.751359939575195
5709824,starpilot,12.618741035461426
5718016,starpilot,12.659936904907227
5726208,starpilot,15.941916465759277
5734400,starpilot,14.279550552368164
5742592,starpilot,15.197240829467773
5750784,starpilot,14.070141792297363
5758976,starpilot,8.905177116394043
5767168,starpilot,9.616207122802734
5775360,starpilot,15.795101165771484
5783552,starpilot,12.678937911987305
5791744,starpilot,11.755197525024414
5799936,starpilot,11.693039894104004
5808128,starpilot,0.0
5816320,starpilot,18.153636932373047
5824512,starpilot,3.75
5832704,starpilot,8.177983283996582
5840896,starpilot,0.0
5849088,starpilot,14.297785758972168
5857280,starpilot,5.783647060394287
5865472,starpilot,1.7607353925704956
5873664,starpilot,13.272557258605957
5881856,starpilot,15.61716079711914
5890048,starpilot,0.0
5898240,starpilot,12.606788635253906
5906432,starpilot,14.234094619750977
5914624,starpilot,14.885483741760254
5922816,starpilot,11.814871788024902
5931008,starpilot,0.0
5939200,starpilot,11.095775604248047
5947392,starpilot,11.934745788574219
5955584,starpilot,11.875
5963776,starpilot,9.195470809936523
5971968,starpilot,10.027352333068848
5980160,starpilot,0.0
5988352,starpilot,11.48936653137207
5996544,starpilot,13.913905143737793
6004736,starpilot,11.973173141479492
6012928,starpilot,12.523706436157227
6021120,starpilot,11.383951187133789
6029312,starpilot,13.936294555664062
6037504,starpilot,13.8479642868042
6045696,starpilot,0.9375
6053888,starpilot,14.396029472351074
6062080,starpilot,12.960083961486816
6070272,starpilot,5.021982669830322
6078464,starpilot,18.593183517456055
6086656,starpilot,11.503677368164062
6094848,starpilot,11.676896095275879
6103040,starpilot,13.470666885375977
6111232,starpilot,0.0
6119424,starpilot,11.081010818481445
6127616,starpilot,12.776689529418945
6135808,starpilot,6.6330084800720215
6144000,starpilot,3.225175380706787
6152192,starpilot,11.365020751953125
6160384,starpilot,12.012604713439941
6168576,starpilot,6.571536064147949
6176768,starpilot,10.548051834106445
6184960,starpilot,12.86046028137207
6193152,starpilot,13.702983856201172
6201344,starpilot,13.297673225402832
6209536,starpilot,11.122121810913086
6217728,starpilot,9.852227210998535
6225920,starpilot,3.112645149230957
6234112,starpilot,13.176667213439941
6242304,starpilot,13.583882331848145
6250496,starpilot,0.0
6258688,starpilot,9.76074504852295
6266880,starpilot,0.0
6275072,starpilot,6.483862400054932
6283264,starpilot,1.25
6291456,starpilot,0.0
6299648,starpilot,0.0
6307840,starpilot,15.923440933227539
6316032,starpilot,19.447601318359375
6324224,starpilot,11.324413299560547
6332416,starpilot,10.351473808288574
6340608,starpilot,0.0
6348800,starpilot,4.423256874084473
6356992,starpilot,14.729391098022461
6365184,starpilot,12.25550365447998
6373376,starpilot,10.819589614868164
6381568,starpilot,20.12156867980957
6389760,starpilot,0.3125
6397952,starpilot,0.0
6406144,starpilot,14.40072250366211
6414336,starpilot,9.425761222839355
6422528,starpilot,15.842985153198242
6430720,starpilot,11.588761329650879
6438912,starpilot,15.927191734313965
6447104,starpilot,5.390304088592529
6455296,starpilot,14.304398536682129
6463488,starpilot,5.9494805335998535
6471680,starpilot,16.202404022216797
6479872,starpilot,12.068310737609863
6488064,starpilot,14.99244213104248
6496256,starpilot,10.999610900878906
6504448,starpilot,13.769145011901855
6512640,starpilot,14.885196685791016
6520832,starpilot,21.40630340576172
6529024,starpilot,14.7224702835083
6537216,starpilot,1.7739872932434082
6545408,starpilot,16.334062576293945
6553600,starpilot,12.833709716796875
6561792,starpilot,13.358604431152344
6569984,starpilot,14.578804969787598
6578176,starpilot,13.296707153320312
6586368,starpilot,11.994569778442383
6594560,starpilot,4.375
6602752,starpilot,13.457233428955078
6610944,starpilot,14.312941551208496
6619136,starpilot,12.361286163330078
6627328,starpilot,14.08512020111084
6635520,starpilot,10.14939022064209
6643712,starpilot,9.069060325622559
6651904,starpilot,13.059256553649902
6660096,starpilot,10.61131477355957
6668288,starpilot,7.8819169998168945
6676480,starpilot,11.40151596069336
6684672,starpilot,13.123230934143066
6692864,starpilot,19.683246612548828
6701056,starpilot,11.73633098602295
6709248,starpilot,9.30966854095459
6717440,starpilot,9.172894477844238
6725632,starpilot,16.301803588867188
6733824,starpilot,7.474986553192139
6742016,starpilot,12.241748809814453
6750208,starpilot,15.124765396118164
6758400,starpilot,0.0
6766592,starpilot,9.71528148651123
6774784,starpilot,14.9655122756958
6782976,starpilot,13.983488082885742
6791168,starpilot,0.0
6799360,starpilot,14.837602615356445
6807552,starpilot,0.0
6815744,starpilot,15.504103660583496
6823936,starpilot,13.376041412353516
6832128,starpilot,12.417037963867188
6840320,starpilot,11.5089111328125
6848512,starpilot,5.253698825836182
6856704,starpilot,11.140764236450195
6864896,starpilot,0.0
6873088,starpilot,10.22635269165039
6881280,starpilot,13.773200988769531
6889472,starpilot,0.9375
6897664,starpilot,10.468477249145508
6905856,starpilot,10.402289390563965
6914048,starpilot,7.310503005981445
6922240,starpilot,0.0
6930432,starpilot,15.458395957946777
6938624,starpilot,13.263679504394531
6946816,starpilot,8.590522766113281
6955008,starpilot,19.043668746948242
6963200,starpilot,15.220909118652344
6971392,starpilot,0.0
6979584,starpilot,15.26606273651123
6987776,starpilot,10.195685386657715
6995968,starpilot,13.700573921203613
7004160,starpilot,14.704294204711914
7012352,starpilot,10.76722240447998
7020544,starpilot,15.733254432678223
7028736,starpilot,13.759687423706055
7036928,starpilot,12.557840347290039
7045120,starpilot,13.82766342163086
7053312,starpilot,13.484493255615234
7061504,starpilot,0.0
7069696,starpilot,0.0
7077888,starpilot,12.35681438446045
7086080,starpilot,5.698243618011475
7094272,starpilot,15.996644973754883
7102464,starpilot,16.82181167602539
7110656,starpilot,9.236629486083984
7118848,starpilot,9.021306991577148
7127040,starpilot,13.111715316772461
7135232,starpilot,6.240139961242676
7143424,starpilot,0.0
7151616,starpilot,3.1438448429107666
7159808,starpilot,15.5191650390625
7168000,starpilot,11.167736053466797
7176192,starpilot,14.040781021118164
7184384,starpilot,14.168126106262207
7192576,starpilot,11.95236587524414
7200768,starpilot,17.309566497802734
7208960,starpilot,0.0
7217152,starpilot,16.7330379486084
7225344,starpilot,12.300755500793457
7233536,starpilot,13.70309066772461
7241728,starpilot,9.797428131103516
7249920,starpilot,13.664578437805176
7258112,starpilot,13.75452709197998
7266304,starpilot,12.333110809326172
7274496,starpilot,0.0
7282688,starpilot,10.340054512023926
7290880,starpilot,13.636592864990234
7299072,starpilot,15.579551696777344
7307264,starpilot,12.724211692810059
7315456,starpilot,12.303823471069336
7323648,starpilot,13.674274444580078
7331840,starpilot,10.462287902832031
7340032,starpilot,13.743791580200195
7348224,starpilot,12.943880081176758
7356416,starpilot,14.90812873840332
7364608,starpilot,16.009319305419922
7372800,starpilot,13.843805313110352
7380992,starpilot,15.529764175415039
7389184,starpilot,14.082649230957031
7397376,starpilot,2.7661259174346924
7405568,starpilot,9.69422721862793
7413760,starpilot,15.594399452209473
7421952,starpilot,12.585297584533691
7430144,starpilot,10.253496170043945
7438336,starpilot,12.10049819946289
7446528,starpilot,0.0
7454720,starpilot,16.952594757080078
7462912,starpilot,10.3125
7471104,starpilot,7.8414835929870605
7479296,starpilot,0.0
7487488,starpilot,10.875154495239258
7495680,starpilot,9.854488372802734
7503872,starpilot,7.352059364318848
7512064,starpilot,12.38956356048584
7520256,starpilot,14.77781867980957
7528448,starpilot,0.0
7536640,starpilot,12.652491569519043
7544832,starpilot,14.207047462463379
7553024,starpilot,14.860629081726074
7561216,starpilot,10.10421085357666
7569408,starpilot,0.0
7577600,starpilot,10.32552433013916
7585792,starpilot,11.638232231140137
7593984,starpilot,15.3125
7602176,starpilot,11.688183784484863
7610368,starpilot,10.701947212219238
7618560,starpilot,2.800112247467041
7626752,starpilot,13.360708236694336
7634944,starpilot,4.783649444580078
7643136,starpilot,12.498802185058594
7651328,starpilot,12.046158790588379
7659520,starpilot,11.211034774780273
7667712,starpilot,13.994341850280762
7675904,starpilot,13.04378604888916
7684096,starpilot,0.0
7692288,starpilot,19.778804779052734
7700480,starpilot,13.173479080200195
7708672,starpilot,4.040727615356445
7716864,starpilot,18.751449584960938
7725056,starpilot,11.153287887573242
7733248,starpilot,12.102570533752441
7741440,starpilot,12.618219375610352
7749632,starpilot,0.0
7757824,starpilot,11.783952713012695
7766016,starpilot,10.872937202453613
7774208,starpilot,11.4436616897583
7782400,starpilot,7.70161247253418
7790592,starpilot,14.774153709411621
7798784,starpilot,10.091477394104004
7806976,starpilot,7.486434459686279
7815168,starpilot,10.877793312072754
7823360,starpilot,13.57540512084961
7831552,starpilot,15.281323432922363
7839744,starpilot,17.829362869262695
7847936,starpilot,6.546512603759766
7856128,starpilot,13.996001243591309
7864320,starpilot,4.98477840423584
7872512,starpilot,12.005016326904297
7880704,starpilot,13.7780179977417
7888896,starpilot,0.0
7897088,starpilot,14.594459533691406
7905280,starpilot,0.0
7913472,starpilot,7.430802822113037
7921664,starpilot,7.35825252532959
7929856,starpilot,0.0
7938048,starpilot,0.0
7946240,starpilot,12.048990249633789
7954432,starpilot,19.382030487060547
7962624,starpilot,11.780292510986328
7970816,starpilot,11.23631763458252
7979008,starpilot,0.0
7987200,starpilot,5.471169948577881
7995392,starpilot,12.73717975616455
8003584,starpilot,10.618587493896484
8011776,starpilot,10.4785737991333
8019968,starpilot,18.30327033996582
8028160,starpilot,2.8675403594970703
8036352,starpilot,0.0
8044544,starpilot,12.380524635314941
8052736,starpilot,13.46842098236084
8060928,starpilot,15.234289169311523
8069120,starpilot,11.984283447265625
8077312,starpilot,17.049564361572266
8085504,starpilot,1.25
8093696,starpilot,15.43332576751709
8101888,starpilot,0.0
8110080,starpilot,13.511906623840332
8118272,starpilot,5.732677936553955
8126464,starpilot,11.675111770629883
8134656,starpilot,16.04727554321289
8142848,starpilot,17.037076950073242
8151040,starpilot,8.363069534301758
8159232,starpilot,21.240407943725586
8167424,starpilot,13.280110359191895
8175616,starpilot,0.0
8183808,starpilot,0.0
8192000,starpilot,14.905967712402344
8200192,starpilot,9.294772148132324
8208384,starpilot,14.417964935302734
8216576,starpilot,13.317481994628906
8224768,starpilot,14.7025785446167
8232960,starpilot,0.0
8241152,starpilot,10.652711868286133
8249344,starpilot,18.229724884033203
8257536,starpilot,11.920058250427246
8265728,starpilot,14.002982139587402
8273920,starpilot,3.124279022216797
8282112,starpilot,7.5532145500183105
8290304,starpilot,0.0
8298496,starpilot,0.0
8306688,starpilot,0.0
8314880,starpilot,0.0
8323072,starpilot,0.0
8331264,starpilot,0.0
8339456,starpilot,0.0
8347648,starpilot,0.0
8355840,starpilot,0.0
8364032,starpilot,0.0
8372224,starpilot,0.0
8380416,starpilot,0.0
8388608,starpilot,0.0
8396800,starpilot,0.0
8404992,starpilot,0.0
8413184,starpilot,0.0
8421376,starpilot,0.0
8429568,starpilot,0.0
8437760,starpilot,0.0
8445952,starpilot,0.0
8454144,starpilot,0.0
8462336,starpilot,0.0
8470528,starpilot,0.0
8478720,starpilot,0.0
8486912,starpilot,0.0
8495104,starpilot,0.0
8503296,starpilot,0.0
8511488,starpilot,0.0
8519680,starpilot,0.0
8527872,starpilot,0.0
8536064,starpilot,0.0
8544256,starpilot,0.0
8552448,starpilot,0.0
8560640,starpilot,0.0
8568832,starpilot,0.0
8577024,starpilot,0.0
8585216,starpilot,0.0
8593408,starpilot,0.0
8601600,starpilot,0.0
8609792,starpilot,0.0
8617984,starpilot,0.0
8626176,starpilot,0.0
8634368,starpilot,0.0
8642560,starpilot,0.0
8650752,starpilot,0.0
8658944,starpilot,0.0
8667136,starpilot,0.0
8675328,starpilot,0.0
8683520,starpilot,0.0
8691712,starpilot,0.0
8699904,starpilot,0.0
8708096,starpilot,0.0
8716288,starpilot,0.0
8724480,starpilot,0.0
8732672,starpilot,0.0
8740864,starpilot,0.0
8749056,starpilot,0.0
8757248,starpilot,0.0
8765440,starpilot,0.0
8773632,starpilot,0.0
8781824,starpilot,0.0
8790016,starpilot,0.0
8798208,starpilot,0.0
8806400,starpilot,0.0
8814592,starpilot,0.0
8822784,starpilot,0.0
8830976,starpilot,0.0
8839168,starpilot,0.0
8847360,starpilot,0.0
8855552,starpilot,0.0
8863744,starpilot,0.0
8871936,starpilot,0.0
8880128,starpilot,0.0
8888320,starpilot,0.0
8896512,starpilot,0.0
8904704,starpilot,0.0
8912896,starpilot,0.0
8921088,starpilot,0.0
8929280,starpilot,0.0
8937472,starpilot,0.0
8945664,starpilot,0.0
8953856,starpilot,0.0
8962048,starpilot,0.0
8970240,starpilot,0.0
8978432,starpilot,0.0
8986624,starpilot,0.0
8994816,starpilot,0.0
9003008,starpilot,0.0
9011200,starpilot,0.0
9019392,starpilot,0.0
9027584,starpilot,0.0
9035776,starpilot,0.0
9043968,starpilot,0.0
9052160,starpilot,0.0
9060352,starpilot,0.0
9068544,starpilot,0.0
9076736,starpilot,0.0
9084928,starpilot,0.0
9093120,starpilot,0.0
9101312,starpilot,0.0
9109504,starpilot,0.0
9117696,starpilot,0.0
9125888,starpilot,0.0
9134080,starpilot,0.0
9142272,starpilot,0.0
9150464,starpilot,0.0
9158656,starpilot,0.0
9166848,starpilot,0.0
9175040,starpilot,0.0
9183232,starpilot,0.0
9191424,starpilot,0.0
9199616,starpilot,0.0
9207808,starpilot,0.0
9216000,starpilot,0.0
9224192,starpilot,0.0
9232384,starpilot,0.0
9240576,starpilot,0.0
9248768,starpilot,0.0
9256960,starpilot,0.0
9265152,starpilot,0.0
9273344,starpilot,0.0
9281536,starpilot,0.0
9289728,starpilot,0.0
9297920,starpilot,0.0
9306112,starpilot,0.0
9314304,starpilot,0.0
9322496,starpilot,0.0
9330688,starpilot,0.0
9338880,starpilot,0.0
9347072,starpilot,0.0
9355264,starpilot,0.0
9363456,starpilot,0.0
9371648,starpilot,0.0
9379840,starpilot,0.0
9388032,starpilot,0.0
9396224,starpilot,0.0
9404416,starpilot,0.0
9412608,starpilot,0.0
9420800,starpilot,0.0
9428992,starpilot,0.0
9437184,starpilot,0.0
9445376,starpilot,0.0
9453568,starpilot,0.0
9461760,starpilot,0.0
9469952,starpilot,0.0
9478144,starpilot,0.0
9486336,starpilot,0.0
9494528,starpilot,0.0
9502720,starpilot,0.0
9510912,starpilot,0.0
9519104,starpilot,0.0
9527296,starpilot,0.0
9535488,starpilot,0.0
9543680,starpilot,0.0
9551872,starpilot,0.0
9560064,starpilot,0.0
9568256,starpilot,0.0
9576448,starpilot,0.0
9584640,starpilot,0.0
9592832,starpilot,0.0
9601024,starpilot,0.0
9609216,starpilot,0.0
9617408,starpilot,0.0
9625600,starpilot,0.0
9633792,starpilot,0.0
9641984,starpilot,0.0
9650176,starpilot,0.0
9658368,starpilot,0.0
9666560,starpilot,0.0
9674752,starpilot,0.0
9682944,starpilot,0.0
9691136,starpilot,0.0
9699328,starpilot,0.0
9707520,starpilot,0.0
9715712,starpilot,0.0
9723904,starpilot,0.0
9732096,starpilot,0.0
9740288,starpilot,0.0
9748480,starpilot,0.0
9756672,starpilot,0.0
9764864,starpilot,0.0
9773056,starpilot,0.0
9781248,starpilot,0.0
9789440,starpilot,0.0
9797632,starpilot,0.0
9805824,starpilot,0.0
9814016,starpilot,0.0
9822208,starpilot,0.0
9830400,starpilot,0.0
9838592,starpilot,0.0
9846784,starpilot,0.0
9854976,starpilot,0.0
9863168,starpilot,0.0
9871360,starpilot,0.0
9879552,starpilot,0.0
9887744,starpilot,0.0
9895936,starpilot,0.0
9904128,starpilot,0.0
9912320,starpilot,0.0
9920512,starpilot,0.0
9928704,starpilot,0.0
9936896,starpilot,0.0
9945088,starpilot,0.0
9953280,starpilot,0.0
9961472,starpilot,0.0
9969664,starpilot,0.0
9977856,starpilot,0.0
9986048,starpilot,0.0
9994240,starpilot,0.0
10002432,starpilot,0.0
10010624,starpilot,0.0
10018816,starpilot,0.0
10027008,starpilot,0.0
10035200,starpilot,0.0
10043392,starpilot,0.0
10051584,starpilot,0.0
10059776,starpilot,0.0
10067968,starpilot,0.0
10076160,starpilot,0.0
10084352,starpilot,0.0
10092544,starpilot,0.0
10100736,starpilot,0.0
10108928,starpilot,0.0
10117120,starpilot,0.0
10125312,starpilot,0.0
10133504,starpilot,0.0
10141696,starpilot,0.0
10149888,starpilot,0.0
10158080,starpilot,0.0
10166272,starpilot,0.0
10174464,starpilot,0.0
10182656,starpilot,0.0
10190848,starpilot,0.0
10199040,starpilot,0.0
10207232,starpilot,0.0
10215424,starpilot,0.0
10223616,starpilot,0.0
10231808,starpilot,0.0
10240000,starpilot,0.0
10248192,starpilot,0.0
10256384,starpilot,0.0
10264576,starpilot,0.0
10272768,starpilot,0.0
10280960,starpilot,0.0
10289152,starpilot,0.0
10297344,starpilot,0.0
10305536,starpilot,0.0
10313728,starpilot,0.0
10321920,starpilot,0.0
10330112,starpilot,0.0
10338304,starpilot,0.0
10346496,starpilot,0.0
10354688,starpilot,0.0
10362880,starpilot,0.0
10371072,starpilot,0.0
10379264,starpilot,0.0
10387456,starpilot,0.0
10395648,starpilot,0.0
10403840,starpilot,0.0
10412032,starpilot,0.0
10420224,starpilot,0.0
10428416,starpilot,0.0
10436608,starpilot,0.0
10444800,starpilot,0.0
10452992,starpilot,0.0
10461184,starpilot,0.0
10469376,starpilot,0.0
10477568,starpilot,0.0
10485760,starpilot,0.0
10493952,starpilot,0.0
10502144,starpilot,0.0
10510336,starpilot,0.0
10518528,starpilot,0.0
10526720,starpilot,0.0
10534912,starpilot,0.0
10543104,starpilot,0.0
10551296,starpilot,0.0
10559488,starpilot,0.0
10567680,starpilot,0.0
10575872,starpilot,0.0
10584064,starpilot,0.0
10592256,starpilot,0.0
10600448,starpilot,0.0
10608640,starpilot,0.0
10616832,starpilot,0.0
10625024,starpilot,0.0
10633216,starpilot,0.0
10641408,starpilot,0.0
10649600,starpilot,0.0
10657792,starpilot,0.0
10665984,starpilot,0.0
10674176,starpilot,0.0
10682368,starpilot,0.0
10690560,starpilot,0.0
10698752,starpilot,0.0
10706944,starpilot,0.0
10715136,starpilot,0.0
10723328,starpilot,0.0
10731520,starpilot,0.0
10739712,starpilot,0.0
10747904,starpilot,0.0
10756096,starpilot,0.0
10764288,starpilot,0.0
10772480,starpilot,0.0
10780672,starpilot,0.0
10788864,starpilot,0.0
10797056,starpilot,0.0
10805248,starpilot,0.0
10813440,starpilot,0.0
10821632,starpilot,0.0
10829824,starpilot,0.0
10838016,starpilot,0.0
10846208,starpilot,0.0
10854400,starpilot,0.0
10862592,starpilot,0.0
10870784,starpilot,0.0
10878976,starpilot,0.0
10887168,starpilot,0.0
10895360,starpilot,0.0
10903552,starpilot,0.0
10911744,starpilot,0.0
10919936,starpilot,0.0
10928128,starpilot,0.0
10936320,starpilot,0.0
10944512,starpilot,0.0
10952704,starpilot,0.0
10960896,starpilot,0.0
10969088,starpilot,0.0
10977280,starpilot,0.0
10985472,starpilot,0.0
10993664,starpilot,0.0
11001856,starpilot,0.0
11010048,starpilot,0.0
11018240,starpilot,0.0
11026432,starpilot,0.0
11034624,starpilot,0.0
11042816,starpilot,0.0
11051008,starpilot,0.0
11059200,starpilot,0.0
11067392,starpilot,0.0
11075584,starpilot,0.0
11083776,starpilot,0.0
11091968,starpilot,0.0
11100160,starpilot,0.0
11108352,starpilot,0.0
11116544,starpilot,0.0
11124736,starpilot,0.0
11132928,starpilot,0.0
11141120,starpilot,0.0
11149312,starpilot,0.0
11157504,starpilot,0.0
11165696,starpilot,0.0
11173888,starpilot,0.0
11182080,starpilot,0.0
11190272,starpilot,0.0
11198464,starpilot,0.0
11206656,starpilot,0.0
11214848,starpilot,0.0
11223040,starpilot,0.0
11231232,starpilot,0.0
11239424,starpilot,0.0
11247616,starpilot,0.0
11255808,starpilot,0.0
11264000,starpilot,0.0
11272192,starpilot,0.0
11280384,starpilot,0.0
11288576,starpilot,0.0
11296768,starpilot,0.0
11304960,starpilot,0.0
11313152,starpilot,0.0
11321344,starpilot,0.0
11329536,starpilot,0.0
11337728,starpilot,0.0
11345920,starpilot,0.0
11354112,starpilot,0.0
11362304,starpilot,0.0
11370496,starpilot,0.0
11378688,starpilot,0.0
11386880,starpilot,0.0
11395072,starpilot,0.0
11403264,starpilot,0.0
11411456,starpilot,0.0
11419648,starpilot,0.0
11427840,starpilot,0.0
11436032,starpilot,0.0
11444224,starpilot,0.0
11452416,starpilot,0.0
11460608,starpilot,0.0
11468800,starpilot,0.0
11476992,starpilot,0.0
11485184,starpilot,0.0
11493376,starpilot,0.0
11501568,starpilot,0.0
11509760,starpilot,0.0
11517952,starpilot,0.0
11526144,starpilot,0.0
11534336,starpilot,0.0
11542528,starpilot,0.0
11550720,starpilot,0.0
11558912,starpilot,0.0
11567104,starpilot,0.0
11575296,starpilot,0.0
11583488,starpilot,0.0
11591680,starpilot,0.0
11599872,starpilot,0.0
11608064,starpilot,0.0
11616256,starpilot,0.0
11624448,starpilot,0.0
11632640,starpilot,0.0
11640832,starpilot,0.0
11649024,starpilot,0.0
11657216,starpilot,0.0
11665408,starpilot,0.0
11673600,starpilot,0.0
11681792,starpilot,0.0
11689984,starpilot,0.0
11698176,starpilot,0.0
11706368,starpilot,0.0
11714560,starpilot,0.0
11722752,starpilot,0.0
11730944,starpilot,0.0
11739136,starpilot,0.0
11747328,starpilot,0.0
11755520,starpilot,0.0
11763712,starpilot,0.0
11771904,starpilot,0.0
11780096,starpilot,0.0
11788288,starpilot,0.0
11796480,starpilot,0.0
11804672,starpilot,0.0
11812864,starpilot,0.0
11821056,starpilot,0.0
11829248,starpilot,0.0
11837440,starpilot,0.0
11845632,starpilot,0.0
11853824,starpilot,0.0
11862016,starpilot,0.0
11870208,starpilot,0.0
11878400,starpilot,0.0
11886592,starpilot,0.0
11894784,starpilot,0.0
11902976,starpilot,0.0
11911168,starpilot,0.0
11919360,starpilot,0.0
11927552,starpilot,0.0
11935744,starpilot,0.0
11943936,starpilot,0.0
11952128,starpilot,0.0
11960320,starpilot,0.0
11968512,starpilot,0.0
11976704,starpilot,0.0
11984896,starpilot,0.0
11993088,starpilot,0.0
12001280,starpilot,0.0
12009472,starpilot,0.0
12017664,starpilot,0.0
12025856,starpilot,0.0
12034048,starpilot,0.0
12042240,starpilot,0.0
12050432,starpilot,0.0
12058624,starpilot,0.0
12066816,starpilot,0.0
12075008,starpilot,0.0
12083200,starpilot,0.0
12091392,starpilot,0.0
12099584,starpilot,0.0
12107776,starpilot,0.0
12115968,starpilot,0.0
12124160,starpilot,0.0
12132352,starpilot,0.0
12140544,starpilot,0.0
12148736,starpilot,0.0
12156928,starpilot,0.0
12165120,starpilot,0.0
12173312,starpilot,0.0
12181504,starpilot,0.0
12189696,starpilot,0.0
12197888,starpilot,0.0
12206080,starpilot,0.0
12214272,starpilot,0.0
12222464,starpilot,0.0
12230656,starpilot,0.0
12238848,starpilot,0.0
12247040,starpilot,0.0
12255232,starpilot,0.0
12263424,starpilot,0.0
12271616,starpilot,0.0
12279808,starpilot,0.0
12288000,starpilot,0.0
12296192,starpilot,0.0
12304384,starpilot,0.0
12312576,starpilot,0.0
12320768,starpilot,0.0
12328960,starpilot,0.0
12337152,starpilot,0.0
12345344,starpilot,0.0
12353536,starpilot,0.0
12361728,starpilot,0.0
12369920,starpilot,0.0
12378112,starpilot,0.0
12386304,starpilot,0.0
12394496,starpilot,0.0
12402688,starpilot,0.0
12410880,starpilot,0.0
12419072,starpilot,0.0
12427264,starpilot,0.0
12435456,starpilot,0.0
12443648,starpilot,0.0
12451840,starpilot,0.0
12460032,starpilot,0.0
12468224,starpilot,0.0
12476416,starpilot,0.0
12484608,starpilot,0.0
12492800,starpilot,4.803648948669434
12500992,starpilot,13.303426742553711
12509184,starpilot,9.520974159240723
12517376,starpilot,13.132220268249512
12525568,starpilot,9.985408782958984
12533760,starpilot,8.202098846435547
12541952,starpilot,9.914155960083008
12550144,starpilot,5.564975738525391
12558336,starpilot,10.59139347076416
12566528,starpilot,9.4351167678833
12574720,starpilot,10.303730010986328
12582912,starpilot,12.000131607055664
12591104,starpilot,12.181077003479004
12599296,starpilot,8.053184509277344
12607488,starpilot,7.793280601501465
12615680,starpilot,11.441051483154297
12623872,starpilot,12.621698379516602
12632064,starpilot,9.143198013305664
12640256,starpilot,9.501666069030762
12648448,starpilot,4.630367755889893
12656640,starpilot,4.289902210235596
12664832,starpilot,8.796146392822266
12673024,starpilot,8.915592193603516
12681216,starpilot,13.527843475341797
12689408,starpilot,12.880615234375
12697600,starpilot,7.908932685852051
12705792,starpilot,11.12712287902832
12713984,starpilot,8.913980484008789
12722176,starpilot,10.089583396911621
12730368,starpilot,11.157963752746582
12738560,starpilot,12.560571670532227
12746752,starpilot,6.583798885345459
12754944,starpilot,11.315802574157715
12763136,starpilot,9.264985084533691
12771328,starpilot,12.684948921203613
12779520,starpilot,12.692691802978516
12787712,starpilot,5.728640556335449
12795904,starpilot,8.891399383544922
12804096,starpilot,1.6672017574310303
12812288,starpilot,5.439531326293945
12820480,starpilot,5.9385600090026855
12828672,starpilot,9.531228065490723
12836864,starpilot,10.38375473022461
12845056,starpilot,5.239007949829102
12853248,starpilot,9.09015941619873
12861440,starpilot,3.6539340019226074
12869632,starpilot,13.540118217468262
12877824,starpilot,4.3661885261535645
12886016,starpilot,12.650065422058105
12894208,starpilot,4.923886299133301
12902400,starpilot,11.485617637634277
12910592,starpilot,8.553922653198242
12918784,starpilot,9.921890258789062
12926976,starpilot,8.073949813842773
12935168,starpilot,15.563241958618164
12943360,starpilot,12.04237174987793
12951552,starpilot,5.50112771987915
12959744,starpilot,11.003583908081055
12967936,starpilot,10.780800819396973
12976128,starpilot,9.078654289245605
12984320,starpilot,11.608236312866211
12992512,starpilot,7.474371433258057
13000704,starpilot,6.657751083374023
13008896,starpilot,8.81645393371582
13017088,starpilot,7.650468826293945
13025280,starpilot,13.368304252624512
13033472,starpilot,12.56837272644043
13041664,starpilot,14.988191604614258
13049856,starpilot,6.985746383666992
13058048,starpilot,10.43509292602539
13066240,starpilot,10.855721473693848
13074432,starpilot,11.13938045501709
13082624,starpilot,8.22566032409668
13090816,starpilot,12.092730522155762
13099008,starpilot,6.199942111968994
13107200,starpilot,7.893457412719727
13115392,starpilot,7.016696453094482
13123584,starpilot,8.669987678527832
13131776,starpilot,5.853553295135498
13139968,starpilot,10.321528434753418
13148160,starpilot,6.4407243728637695
13156352,starpilot,3.6500842571258545
13164544,starpilot,14.861614227294922
13172736,starpilot,8.408719062805176
13180928,starpilot,8.435256958007812
13189120,starpilot,9.868730545043945
13197312,starpilot,14.261670112609863
13205504,starpilot,9.956916809082031
13213696,starpilot,7.873181343078613
13221888,starpilot,12.568833351135254
13230080,starpilot,5.374720096588135
13238272,starpilot,12.884047508239746
13246464,starpilot,9.441251754760742
13254656,starpilot,10.17635726928711
13262848,starpilot,12.271377563476562
13271040,starpilot,11.403730392456055
13279232,starpilot,8.764825820922852
13287424,starpilot,8.318363189697266
13295616,starpilot,8.886003494262695
13303808,starpilot,10.600391387939453
13312000,starpilot,3.885798454284668
13320192,starpilot,12.081039428710938
13328384,starpilot,6.530206203460693
13336576,starpilot,6.751523971557617
13344768,starpilot,7.666582107543945
13352960,starpilot,9.653604507446289
13361152,starpilot,5.957282066345215
13369344,starpilot,7.857555389404297
13377536,starpilot,10.251829147338867
13385728,starpilot,10.242798805236816
13393920,starpilot,8.353339195251465
13402112,starpilot,9.099939346313477
13410304,starpilot,12.774551391601562
13418496,starpilot,9.356612205505371
13426688,starpilot,5.292495250701904
13434880,starpilot,9.158221244812012
13443072,starpilot,9.815762519836426
13451264,starpilot,7.628087043762207
13459456,starpilot,9.457756996154785
13467648,starpilot,7.388331413269043
13475840,starpilot,6.1800150871276855
13484032,starpilot,12.245643615722656
13492224,starpilot,10.878725051879883
13500416,starpilot,4.523724555969238
13508608,starpilot,5.258955955505371
13516800,starpilot,13.688539505004883
13524992,starpilot,12.11415958404541
13533184,starpilot,7.793087005615234
13541376,starpilot,12.148344039916992
13549568,starpilot,8.474331855773926
13557760,starpilot,12.48678970336914
13565952,starpilot,3.707528591156006
13574144,starpilot,14.62982177734375
13582336,starpilot,12.160209655761719
13590528,starpilot,10.123357772827148
13598720,starpilot,13.93795394897461
13606912,starpilot,12.040525436401367
13615104,starpilot,6.702340126037598
13623296,starpilot,9.68321418762207
13631488,starpilot,12.192068099975586
13639680,starpilot,11.372467994689941
13647872,starpilot,11.682534217834473
13656064,starpilot,11.818917274475098
13664256,starpilot,8.359540939331055
13672448,starpilot,11.093151092529297
13680640,starpilot,11.37870979309082
13688832,starpilot,5.912778377532959
13697024,starpilot,1.792636752128601
13705216,starpilot,9.572308540344238
13713408,starpilot,10.795601844787598
13721600,starpilot,2.8125
13729792,starpilot,14.324804306030273
13737984,starpilot,10.065688133239746
13746176,starpilot,8.504301071166992
13754368,starpilot,8.099005699157715
13762560,starpilot,8.654458045959473
13770752,starpilot,7.7576680183410645
13778944,starpilot,12.908895492553711
13787136,starpilot,8.399030685424805
13795328,starpilot,10.176599502563477
13803520,starpilot,13.708184242248535
13811712,starpilot,8.616118431091309
13819904,starpilot,12.685379981994629
13828096,starpilot,7.927797794342041
13836288,starpilot,10.483939170837402
13844480,starpilot,11.535957336425781
13852672,starpilot,12.9122314453125
13860864,starpilot,13.939391136169434
13869056,starpilot,9.416563034057617
13877248,starpilot,9.303369522094727
13885440,starpilot,9.241044044494629
13893632,starpilot,14.484042167663574
13901824,starpilot,7.014514446258545
13910016,starpilot,8.367180824279785
13918208,starpilot,7.90087366104126
13926400,starpilot,14.622647285461426
13934592,starpilot,12.487527847290039
13942784,starpilot,10.987442016601562
13950976,starpilot,10.479199409484863
13959168,starpilot,9.910400390625
13967360,starpilot,10.750616073608398
13975552,starpilot,9.005838394165039
13983744,starpilot,8.61622428894043
13991936,starpilot,10.018158912658691
14000128,starpilot,3.0932323932647705
14008320,starpilot,14.117070198059082
14016512,starpilot,6.703191757202148
14024704,starpilot,13.190284729003906
14032896,starpilot,4.8015851974487305
14041088,starpilot,10.250030517578125
14049280,starpilot,11.058470726013184
14057472,starpilot,7.112476348876953
14065664,starpilot,11.368977546691895
14073856,starpilot,11.192117691040039
14082048,starpilot,7.37014102935791
14090240,starpilot,10.000946044921875
14098432,starpilot,8.808799743652344
14106624,starpilot,13.505147933959961
14114816,starpilot,10.384154319763184
14123008,starpilot,5.13380241394043
14131200,starpilot,5.488511085510254
14139392,starpilot,13.516508102416992
14147584,starpilot,9.351841926574707
14155776,starpilot,14.152860641479492
14163968,starpilot,11.714143753051758
14172160,starpilot,7.305821418762207
14180352,starpilot,9.85663890838623
14188544,starpilot,5.464854717254639
14196736,starpilot,9.864447593688965
14204928,starpilot,8.861538887023926
14213120,starpilot,9.20003890991211
14221312,starpilot,10.943757057189941
14229504,starpilot,12.456819534301758
14237696,starpilot,7.836014270782471
14245888,starpilot,8.72838306427002
14254080,starpilot,11.875895500183105
14262272,starpilot,12.164363861083984
14270464,starpilot,10.739729881286621
14278656,starpilot,9.11159610748291
14286848,starpilot,5.834779739379883
14295040,starpilot,2.914616107940674
14303232,starpilot,8.62874984741211
14311424,starpilot,11.25554084777832
14319616,starpilot,12.871868133544922
14327808,starpilot,12.311220169067383
14336000,starpilot,7.862020015716553
14344192,starpilot,11.302841186523438
14352384,starpilot,8.88939094543457
14360576,starpilot,11.007119178771973
14368768,starpilot,13.726137161254883
14376960,starpilot,11.874202728271484
14385152,starpilot,10.334486961364746
14393344,starpilot,11.150154113769531
14401536,starpilot,8.978187561035156
14409728,starpilot,12.482627868652344
14417920,starpilot,10.203451156616211
14426112,starpilot,7.773499488830566
14434304,starpilot,10.162205696105957
14442496,starpilot,0.625
14450688,starpilot,6.8617401123046875
14458880,starpilot,5.435519218444824
14467072,starpilot,10.395801544189453
14475264,starpilot,10.355020523071289
14483456,starpilot,4.806081771850586
14491648,starpilot,8.384952545166016
14499840,starpilot,4.113342761993408
14508032,starpilot,13.021246910095215
14516224,starpilot,6.429422855377197
14524416,starpilot,12.63525390625
14532608,starpilot,4.086395740509033
14540800,starpilot,8.394120216369629
14548992,starpilot,9.371387481689453
14557184,starpilot,8.769904136657715
14565376,starpilot,8.204795837402344
14573568,starpilot,15.268819808959961
14581760,starpilot,10.372446060180664
14589952,starpilot,3.7571988105773926
14598144,starpilot,10.890615463256836
14606336,starpilot,11.151973724365234
14614528,starpilot,10.5770263671875
14622720,starpilot,11.580399513244629
14630912,starpilot,8.877691268920898
14639104,starpilot,6.1630730628967285
14647296,starpilot,9.51893138885498
14655488,starpilot,8.207209587097168
14663680,starpilot,13.502608299255371
14671872,starpilot,12.317394256591797
14680064,starpilot,15.498270988464355
14688256,starpilot,5.607989311218262
14696448,starpilot,11.69039535522461
14704640,starpilot,12.006115913391113
14712832,starpilot,8.895482063293457
14721024,starpilot,9.235429763793945
14729216,starpilot,11.657835960388184
14737408,starpilot,7.501348972320557
14745600,starpilot,8.495752334594727
14753792,starpilot,7.629709243774414
14761984,starpilot,9.676004409790039
14770176,starpilot,5.247825622558594
14778368,starpilot,11.423135757446289
14786560,starpilot,7.666062355041504
14794752,starpilot,7.668996810913086
14802944,starpilot,14.671224594116211
14811136,starpilot,8.801345825195312
14819328,starpilot,7.222083568572998
14827520,starpilot,10.312417030334473
14835712,starpilot,13.908777236938477
14843904,starpilot,10.664199829101562
14852096,starpilot,6.571994304656982
14860288,starpilot,12.503266334533691
14868480,starpilot,5.149593353271484
14876672,starpilot,13.106879234313965
14884864,starpilot,10.349714279174805
14893056,starpilot,11.919817924499512
14901248,starpilot,11.552298545837402
14909440,starpilot,11.843488693237305
14917632,starpilot,10.432331085205078
14925824,starpilot,8.839860916137695
14934016,starpilot,9.960277557373047
14942208,starpilot,10.092412948608398
14950400,starpilot,2.6805641651153564
14958592,starpilot,11.094926834106445
14966784,starpilot,8.506576538085938
14974976,starpilot,6.846370697021484
14983168,starpilot,5.661261558532715
14991360,starpilot,9.896602630615234
14999552,starpilot,4.171663284301758
15007744,starpilot,10.42345905303955
15015936,starpilot,11.783068656921387
15024128,starpilot,10.610772132873535
15032320,starpilot,9.389190673828125
15040512,starpilot,8.50693416595459
15048704,starpilot,12.262507438659668
15056896,starpilot,7.359462261199951
15065088,starpilot,6.459482669830322
15073280,starpilot,10.469278335571289
15081472,starpilot,9.01395034790039
15089664,starpilot,8.956482887268066
15097856,starpilot,10.020842552185059
15106048,starpilot,7.3491716384887695
15114240,starpilot,5.422769546508789
15122432,starpilot,13.661192893981934
15130624,starpilot,10.346090316772461
15138816,starpilot,5.91821813583374
15147008,starpilot,4.289313316345215
15155200,starpilot,13.702779769897461
15163392,starpilot,11.598602294921875
15171584,starpilot,9.158015251159668
15179776,starpilot,12.299932479858398
15187968,starpilot,9.678187370300293
15196160,starpilot,12.171636581420898
15204352,starpilot,4.926639556884766
15212544,starpilot,14.797415733337402
15220736,starpilot,12.452268600463867
15228928,starpilot,10.365406036376953
15237120,starpilot,13.752388954162598
15245312,starpilot,12.509256362915039
15253504,starpilot,4.752497673034668
15261696,starpilot,8.632026672363281
15269888,starpilot,11.026327133178711
15278080,starpilot,11.66785717010498
15286272,starpilot,12.54326343536377
15294464,starpilot,13.096240043640137
15302656,starpilot,9.12041187286377
15310848,starpilot,11.565621376037598
15319040,starpilot,12.470690727233887
15327232,starpilot,5.109533309936523
15335424,starpilot,2.686579465866089
15343616,starpilot,9.51522159576416
15351808,starpilot,12.181556701660156
15360000,starpilot,3.125
15368192,starpilot,14.248001098632812
15376384,starpilot,9.14970588684082
15384576,starpilot,8.977922439575195
15392768,starpilot,6.717473983764648
15400960,starpilot,6.969765663146973
15409152,starpilot,7.411440849304199
15417344,starpilot,13.233926773071289
15425536,starpilot,8.952800750732422
15433728,starpilot,8.87485122680664
15441920,starpilot,13.108447074890137
15450112,starpilot,10.166864395141602
15458304,starpilot,13.511247634887695
15466496,starpilot,7.374156951904297
15474688,starpilot,10.207988739013672
15482880,starpilot,11.989154815673828
15491072,starpilot,13.424823760986328
15499264,starpilot,13.490886688232422
15507456,starpilot,9.724339485168457
15515648,starpilot,9.691699981689453
15523840,starpilot,9.588470458984375
15532032,starpilot,14.673223495483398
15540224,starpilot,7.626839637756348
15548416,starpilot,7.596318244934082
15556608,starpilot,7.8763885498046875
15564800,starpilot,14.40853214263916
15572992,starpilot,12.911399841308594
15581184,starpilot,11.813312530517578
15589376,starpilot,9.87680435180664
15597568,starpilot,10.245096206665039
15605760,starpilot,11.312500953674316
15613952,starpilot,9.278438568115234
15622144,starpilot,9.250667572021484
15630336,starpilot,9.458111763000488
15638528,starpilot,1.7831300497055054
15646720,starpilot,14.237911224365234
15654912,starpilot,5.411584377288818
15663104,starpilot,13.140405654907227
15671296,starpilot,3.622760772705078
15679488,starpilot,10.140790939331055
15687680,starpilot,10.255217552185059
15695872,starpilot,6.774096965789795
15704064,starpilot,12.01818561553955
15712256,starpilot,11.654834747314453
15720448,starpilot,5.342419147491455
15728640,starpilot,11.349685668945312
15736832,starpilot,10.44745922088623
15745024,starpilot,14.314342498779297
15753216,starpilot,10.2420015335083
15761408,starpilot,4.782272815704346
15769600,starpilot,4.979119300842285
15777792,starpilot,14.070968627929688
15785984,starpilot,10.380370140075684
15794176,starpilot,13.543476104736328
15802368,starpilot,9.880910873413086
15810560,starpilot,5.977458477020264
15818752,starpilot,9.505759239196777
15826944,starpilot,6.005340576171875
15835136,starpilot,9.471907615661621
15843328,starpilot,9.809429168701172
15851520,starpilot,8.852126121520996
15859712,starpilot,10.680803298950195
15867904,starpilot,11.2686767578125
15876096,starpilot,5.323326110839844
15884288,starpilot,7.019301414489746
15892480,starpilot,12.105566024780273
15900672,starpilot,11.306053161621094
15908864,starpilot,11.759967803955078
15917056,starpilot,9.148628234863281
15925248,starpilot,7.728704452514648
15933440,starpilot,3.9175124168395996
15941632,starpilot,8.835173606872559
15949824,starpilot,10.309188842773438
15958016,starpilot,11.74372386932373
15966208,starpilot,12.05819320678711
15974400,starpilot,7.414309024810791
15982592,starpilot,9.77548599243164
15990784,starpilot,9.738992691040039
15998976,starpilot,10.889582633972168
16007168,starpilot,14.192045211791992
16015360,starpilot,12.428824424743652
16023552,starpilot,11.50097370147705
16031744,starpilot,10.748876571655273
16039936,starpilot,9.587211608886719
16048128,starpilot,12.764947891235352
16056320,starpilot,9.402583122253418
16064512,starpilot,8.892807006835938
16072704,starpilot,11.957502365112305
16080896,starpilot,0.0
16089088,starpilot,4.969454765319824
16097280,starpilot,5.40529727935791
16105472,starpilot,8.395359992980957
16113664,starpilot,9.618568420410156
16121856,starpilot,2.395517587661743
16130048,starpilot,7.1387858390808105
16138240,starpilot,6.06862211227417
16146432,starpilot,13.519760131835938
16154624,starpilot,7.620358943939209
16162816,starpilot,12.428476333618164
16171008,starpilot,3.6846847534179688
16179200,starpilot,7.733482360839844
16187392,starpilot,9.23504638671875
16195584,starpilot,9.834470748901367
16203776,starpilot,5.526296138763428
16211968,starpilot,15.361263275146484
16220160,starpilot,10.049934387207031
16228352,starpilot,2.534402847290039
16236544,starpilot,11.453207969665527
16244736,starpilot,11.824718475341797
16252928,starpilot,10.613965034484863
16261120,starpilot,12.684478759765625
16269312,starpilot,10.801994323730469
16277504,starpilot,4.3091816902160645
16285696,starpilot,10.739068031311035
16293888,starpilot,7.907387733459473
16302080,starpilot,13.948266983032227
16310272,starpilot,13.690144538879395
16318464,starpilot,15.300111770629883
16326656,starpilot,5.487041473388672
16334848,starpilot,13.079330444335938
16343040,starpilot,12.59837532043457
16351232,starpilot,8.53408432006836
16359424,starpilot,10.08768367767334
16367616,starpilot,10.957387924194336
16375808,starpilot,8.045572280883789
16384000,starpilot,9.73949909210205
16392192,starpilot,9.104941368103027
16400384,starpilot,10.028775215148926
16408576,starpilot,6.63508939743042
16416768,starpilot,10.974814414978027
16424960,starpilot,7.947646141052246
16433152,starpilot,5.754136085510254
16441344,starpilot,14.974573135375977
16449536,starpilot,9.022052764892578
16457728,starpilot,6.486443519592285
16465920,starpilot,9.838866233825684
16474112,starpilot,13.327445983886719
16482304,starpilot,10.663110733032227
16490496,starpilot,5.278407096862793
16498688,starpilot,12.612788200378418
16506880,starpilot,5.8265862464904785
16515072,starpilot,13.16732406616211
16523264,starpilot,9.055347442626953
16531456,starpilot,12.481161117553711
16539648,starpilot,11.203658103942871
16547840,starpilot,11.524896621704102
16556032,starpilot,10.023086547851562
16564224,starpilot,8.84753704071045
16572416,starpilot,9.211338996887207
16580608,starpilot,9.775285720825195
16588800,starpilot,2.096041202545166
16596992,starpilot,11.026949882507324
16605184,starpilot,9.669102668762207
16613376,starpilot,7.2097978591918945
16621568,starpilot,4.630200386047363
16629760,starpilot,10.823917388916016
16637952,starpilot,3.3387532234191895
16646144,starpilot,10.607680320739746
16654336,starpilot,11.774937629699707
16662528,starpilot,11.422286987304688
16670720,starpilot,7.076823711395264
16678912,starpilot,7.981977939605713
16687104,starpilot,12.000656127929688
16695296,starpilot,6.583034038543701
16703488,starpilot,7.631148815155029
16711680,starpilot,10.690325736999512
16719872,starpilot,8.167935371398926
16728064,starpilot,10.191062927246094
16736256,starpilot,9.766607284545898
16744448,starpilot,6.6356120109558105
16752640,starpilot,4.785332679748535
16760832,starpilot,15.236688613891602
16769024,starpilot,10.755659103393555
16777216,starpilot,5.471224308013916
16785408,starpilot,4.641035079956055
16793600,starpilot,14.067815780639648
16801792,starpilot,9.704418182373047
16809984,starpilot,10.336079597473145
16818176,starpilot,12.194563865661621
16826368,starpilot,10.890480041503906
16834560,starpilot,11.824165344238281
16842752,starpilot,5.152495861053467
16850944,starpilot,14.853184700012207
16859136,starpilot,12.688533782958984
16867328,starpilot,9.866145133972168
16875520,starpilot,13.55224609375
16883712,starpilot,12.216063499450684
16891904,starpilot,3.0610127449035645
16900096,starpilot,8.021162033081055
16908288,starpilot,9.939048767089844
16916480,starpilot,11.859201431274414
16924672,starpilot,12.698416709899902
16932864,starpilot,13.623921394348145
16941056,starpilot,8.319952011108398
16949248,starpilot,12.463507652282715
16957440,starpilot,12.422154426574707
16965632,starpilot,5.930624961853027
16973824,starpilot,0.0
16982016,starpilot,8.813952445983887
16990208,starpilot,11.96926212310791
16998400,starpilot,2.906381130218506
17006592,starpilot,14.309374809265137
17014784,starpilot,8.428557395935059
17022976,starpilot,8.64271354675293
17031168,starpilot,7.845149040222168
17039360,starpilot,5.753049850463867
17047552,starpilot,6.257102966308594
17055744,starpilot,13.973125457763672
17063936,starpilot,8.920951843261719
17072128,starpilot,10.56466007232666
17080320,starpilot,12.752460479736328
17088512,starpilot,10.003766059875488
17096704,starpilot,14.917387008666992
17104896,starpilot,6.837506294250488
17113088,starpilot,11.07715129852295
17121280,starpilot,12.827957153320312
17129472,starpilot,12.098454475402832
17137664,starpilot,13.903302192687988
17145856,starpilot,10.445636749267578
17154048,starpilot,9.6522216796875
17162240,starpilot,9.494575500488281
17170432,starpilot,14.675716400146484
17178624,starpilot,8.667427062988281
17186816,starpilot,9.477617263793945
17195008,starpilot,8.12718391418457
17203200,starpilot,14.499227523803711
17211392,starpilot,13.273260116577148
17219584,starpilot,12.55877685546875
17227776,starpilot,8.736037254333496
17235968,starpilot,9.582594871520996
17244160,starpilot,11.580465316772461
17252352,starpilot,8.9133939743042
17260544,starpilot,10.617249488830566
17268736,starpilot,9.778727531433105
17276928,starpilot,1.8657760620117188
17285120,starpilot,14.099967956542969
17293312,starpilot,4.70827579498291
17301504,starpilot,13.124040603637695
17309696,starpilot,2.8125
17317888,starpilot,9.663620948791504
17326080,starpilot,9.546218872070312
17334272,starpilot,6.323755741119385
17342464,starpilot,11.885127067565918
17350656,starpilot,12.39358139038086
17358848,starpilot,4.434020042419434
17367040,starpilot,10.503694534301758
17375232,starpilot,10.939050674438477
17383424,starpilot,14.363285064697266
17391616,starpilot,10.367093086242676
17399808,starpilot,3.9997990131378174
17408000,starpilot,5.1680426597595215
17416192,starpilot,13.2229585647583
17424384,starpilot,12.3797607421875
17432576,starpilot,13.213353157043457
17440768,starpilot,9.779942512512207
17448960,starpilot,7.096114158630371
17457152,starpilot,11.05797004699707
17465344,starpilot,5.697949409484863
17473536,starpilot,9.182801246643066
17481728,starpilot,9.263494491577148
17489920,starpilot,8.973419189453125
17498112,starpilot,8.711227416992188
17506304,starpilot,10.611543655395508
17514496,starpilot,6.657512187957764
17522688,starpilot,7.108861446380615
17530880,starpilot,11.746414184570312
17539072,starpilot,11.357213973999023
17547264,starpilot,13.591541290283203
17555456,starpilot,9.415094375610352
17563648,starpilot,7.953113079071045
17571840,starpilot,3.176941394805908
17580032,starpilot,8.35591983795166
17588224,starpilot,10.657087326049805
17596416,starpilot,11.774803161621094
17604608,starpilot,12.136494636535645
17612800,starpilot,7.222272872924805
17620992,starpilot,9.550224304199219
17629184,starpilot,9.589768409729004
17637376,starpilot,10.170713424682617
17645568,starpilot,13.833331108093262
17653760,starpilot,12.697233200073242
17661952,starpilot,11.071965217590332
17670144,starpilot,10.12341022491455
17678336,starpilot,8.53664493560791
17686528,starpilot,13.023443222045898
17694720,starpilot,9.546302795410156
17702912,starpilot,10.035422325134277
17711104,starpilot,9.835992813110352
17719296,starpilot,0.3125
17727488,starpilot,4.943325042724609
17735680,starpilot,5.262153148651123
17743872,starpilot,7.801120281219482
17752064,starpilot,8.523233413696289
17760256,starpilot,3.5923211574554443
17768448,starpilot,7.36641263961792
17776640,starpilot,7.0045166015625
17784832,starpilot,12.230962753295898
17793024,starpilot,8.045624732971191
17801216,starpilot,12.734282493591309
17809408,starpilot,4.01207160949707
17817600,starpilot,8.0073881149292
17825792,starpilot,9.644773483276367
17833984,starpilot,9.626382827758789
17842176,starpilot,5.5890350341796875
17850368,starpilot,15.499290466308594
17858560,starpilot,9.964886665344238
17866752,starpilot,2.3040013313293457
17874944,starpilot,10.149538040161133
17883136,starpilot,10.960650444030762
17891328,starpilot,10.847946166992188
17899520,starpilot,12.627273559570312
17907712,starpilot,10.381784439086914
17915904,starpilot,5.15653133392334
17924096,starpilot,10.495540618896484
17932288,starpilot,7.992858409881592
17940480,starpilot,14.552376747131348
17948672,starpilot,13.354924201965332
17956864,starpilot,15.21835994720459
17965056,starpilot,5.561405658721924
17973248,starpilot,12.699613571166992
17981440,starpilot,12.818892478942871
17989632,starpilot,8.402233123779297
17997824,starpilot,10.55844497680664
18006016,starpilot,11.31026840209961
18014208,starpilot,7.970338821411133
18022400,starpilot,8.8273344039917
18030592,starpilot,9.297174453735352
18038784,starpilot,9.717061996459961
18046976,starpilot,6.620183944702148
18055168,starpilot,10.43647289276123
18063360,starpilot,7.704764366149902
18071552,starpilot,5.906341552734375
18079744,starpilot,14.658442497253418
18087936,starpilot,8.54345417022705
18096128,starpilot,7.317279815673828
18104320,starpilot,9.72850513458252
18112512,starpilot,14.06252670288086
18120704,starpilot,10.895211219787598
18128896,starpilot,5.145829200744629
18137088,starpilot,11.203254699707031
18145280,starpilot,5.690695762634277
18153472,starpilot,12.173189163208008
18161664,starpilot,8.025826454162598
18169856,starpilot,11.67432975769043
18178048,starpilot,11.035511016845703
18186240,starpilot,11.89734172821045
18194432,starpilot,9.223139762878418
18202624,starpilot,9.371341705322266
18210816,starpilot,8.660697937011719
18219008,starpilot,11.184863090515137
18227200,starpilot,2.4220991134643555
18235392,starpilot,10.81482219696045
18243584,starpilot,10.074031829833984
18251776,starpilot,6.954032897949219
18259968,starpilot,4.793668746948242
18268160,starpilot,10.61282730102539
18276352,starpilot,1.8426614999771118
18284544,starpilot,11.622551918029785
18292736,starpilot,11.617317199707031
18300928,starpilot,9.891533851623535
18309120,starpilot,8.288926124572754
18317312,starpilot,8.444745063781738
18325504,starpilot,11.87627124786377
18333696,starpilot,6.765647888183594
18341888,starpilot,7.40550422668457
18350080,starpilot,9.670452117919922
18358272,starpilot,8.301985740661621
18366464,starpilot,10.834672927856445
18374656,starpilot,10.475776672363281
18382848,starpilot,6.699740886688232
18391040,starpilot,5.287985801696777
18399232,starpilot,14.613991737365723
18407424,starpilot,11.262007713317871
18415616,starpilot,6.322420597076416
18423808,starpilot,3.375584602355957
18432000,starpilot,13.763659477233887
18440192,starpilot,10.090343475341797
18448384,starpilot,11.041025161743164
18456576,starpilot,12.512214660644531
18464768,starpilot,10.66019344329834
18472960,starpilot,12.516281127929688
18481152,starpilot,4.957428932189941
18489344,starpilot,15.166584014892578
18497536,starpilot,13.031352996826172
18505728,starpilot,10.061908721923828
18513920,starpilot,13.808723449707031
18522112,starpilot,12.303995132446289
18530304,starpilot,3.580465316772461
18538496,starpilot,7.827031135559082
18546688,starpilot,10.245424270629883
18554880,starpilot,11.699841499328613
18563072,starpilot,12.842763900756836
18571264,starpilot,13.460783958435059
18579456,starpilot,9.632731437683105
18587648,starpilot,12.231772422790527
18595840,starpilot,12.420280456542969
18604032,starpilot,5.108285903930664
18612224,starpilot,0.0
18620416,starpilot,9.791051864624023
18628608,starpilot,12.685094833374023
18636800,starpilot,3.502779483795166
18644992,starpilot,14.509876251220703
18653184,starpilot,8.48792839050293
18661376,starpilot,8.501300811767578
18669568,starpilot,7.042236328125
18677760,starpilot,5.730503559112549
18685952,starpilot,7.469120025634766
18694144,starpilot,13.787702560424805
18702336,starpilot,9.474370002746582
18710528,starpilot,9.736456871032715
18718720,starpilot,12.619218826293945
18726912,starpilot,10.120759010314941
18735104,starpilot,13.771154403686523
18743296,starpilot,7.547570705413818
18751488,starpilot,10.938998222351074
18759680,starpilot,11.892483711242676
18767872,starpilot,12.601340293884277
18776064,starpilot,14.222920417785645
18784256,starpilot,9.911466598510742
18792448,starpilot,10.245793342590332
18800640,starpilot,9.157381057739258
18808832,starpilot,14.621907234191895
18817024,starpilot,8.441877365112305
18825216,starpilot,8.503788948059082
18833408,starpilot,8.271141052246094
18841600,starpilot,15.108351707458496
18849792,starpilot,13.349367141723633
18857984,starpilot,12.398967742919922
18866176,starpilot,9.037114143371582
18874368,starpilot,9.408398628234863
18882560,starpilot,11.415342330932617
18890752,starpilot,9.34190559387207
18898944,starpilot,10.411492347717285
18907136,starpilot,9.148530960083008
18915328,starpilot,1.9453504085540771
18923520,starpilot,14.675700187683105
18931712,starpilot,5.653182029724121
18939904,starpilot,13.220451354980469
18948096,starpilot,4.6875
18956288,starpilot,10.94829273223877
18964480,starpilot,10.494168281555176
18972672,starpilot,7.356369495391846
18980864,starpilot,11.705415725708008
18989056,starpilot,12.365836143493652
18997248,starpilot,4.798129081726074
19005440,starpilot,10.8319673538208
19013632,starpilot,9.311788558959961
19021824,starpilot,13.820752143859863
19030016,starpilot,11.70409870147705
19038208,starpilot,3.6785848140716553
19046400,starpilot,5.573009014129639
19054592,starpilot,14.355993270874023
19062784,starpilot,10.140700340270996
19070976,starpilot,14.532663345336914
19079168,starpilot,10.750665664672852
19087360,starpilot,6.905182838439941
19095552,starpilot,10.839215278625488
19103744,starpilot,7.323786735534668
19111936,starpilot,9.698200225830078
19120128,starpilot,10.19556713104248
19128320,starpilot,8.025764465332031
19136512,starpilot,9.891441345214844
19144704,starpilot,11.462642669677734
19152896,starpilot,6.035479545593262
19161088,starpilot,8.315681457519531
19169280,starpilot,12.680743217468262
19177472,starpilot,12.155104637145996
19185664,starpilot,13.003266334533691
19193856,starpilot,8.902198791503906
19202048,starpilot,5.998392581939697
19210240,starpilot,2.8080339431762695
19218432,starpilot,8.374165534973145
19226624,starpilot,10.394832611083984
19234816,starpilot,12.604832649230957
19243008,starpilot,12.376688003540039
19251200,starpilot,8.553488731384277
19259392,starpilot,9.85178279876709
19267584,starpilot,9.369351387023926
19275776,starpilot,10.195037841796875
19283968,starpilot,12.755779266357422
19292160,starpilot,11.740179061889648
19300352,starpilot,12.162525177001953
19308544,starpilot,10.384571075439453
19316736,starpilot,9.048415184020996
19324928,starpilot,13.394695281982422
19333120,starpilot,9.013468742370605
19341312,starpilot,9.801216125488281
19349504,starpilot,13.104682922363281
19357696,starpilot,0.7182023525238037
19365888,starpilot,5.227530479431152
19374080,starpilot,3.1799638271331787
19382272,starpilot,9.279881477355957
19390464,starpilot,8.463911056518555
19398656,starpilot,3.3172125816345215
19406848,starpilot,7.1410698890686035
19415040,starpilot,6.494404315948486
19423232,starpilot,12.945900917053223
19431424,starpilot,7.238653659820557
19439616,starpilot,12.980353355407715
19447808,starpilot,3.6033692359924316
19456000,starpilot,7.014476776123047
19464192,starpilot,10.541077613830566
19472384,starpilot,8.83796501159668
19480576,starpilot,5.660091400146484
19488768,starpilot,14.828022956848145
19496960,starpilot,9.691670417785645
19505152,starpilot,3.2807869911193848
19513344,starpilot,10.168767929077148
19521536,starpilot,11.439885139465332
19529728,starpilot,10.598226547241211
19537920,starpilot,12.775378227233887
19546112,starpilot,9.695279121398926
19554304,starpilot,4.762513160705566
19562496,starpilot,10.92137336730957
19570688,starpilot,8.190502166748047
19578880,starpilot,14.175373077392578
19587072,starpilot,13.61631965637207
19595264,starpilot,14.580708503723145
19603456,starpilot,6.267096519470215
19611648,starpilot,12.726978302001953
19619840,starpilot,13.483567237854004
19628032,starpilot,11.76461410522461
19636224,starpilot,9.838963508605957
19644416,starpilot,11.604654312133789
19652608,starpilot,8.553987503051758
19660800,starpilot,9.599414825439453
19668992,starpilot,7.816042900085449
19677184,starpilot,9.751605987548828
19685376,starpilot,6.750003814697266
19693568,starpilot,11.642341613769531
19701760,starpilot,8.888591766357422
19709952,starpilot,6.095332622528076
19718144,starpilot,15.562579154968262
19726336,starpilot,7.384433746337891
19734528,starpilot,7.301729679107666
19742720,starpilot,9.218097686767578
19750912,starpilot,14.123537063598633
19759104,starpilot,11.21132755279541
19767296,starpilot,4.506816864013672
19775488,starpilot,12.508058547973633
19783680,starpilot,5.321483612060547
19791872,starpilot,13.276468276977539
19800064,starpilot,9.76632022857666
19808256,starpilot,12.275773048400879
19816448,starpilot,11.430219650268555
19824640,starpilot,12.3449068069458
19832832,starpilot,10.957776069641113
19841024,starpilot,10.360082626342773
19849216,starpilot,9.458527565002441
19857408,starpilot,10.970609664916992
19865600,starpilot,0.625
19873792,starpilot,10.688032150268555
19881984,starpilot,8.829158782958984
19890176,starpilot,7.041400909423828
19898368,starpilot,4.890651226043701
19906560,starpilot,11.050115585327148
19914752,starpilot,2.800107955932617
19922944,starpilot,12.865291595458984
19931136,starpilot,11.23102855682373
19939328,starpilot,11.58030891418457
19947520,starpilot,9.44849967956543
19955712,starpilot,9.061223030090332
19963904,starpilot,11.306441307067871
19972096,starpilot,7.112832546234131
19980288,starpilot,7.922506332397461
19988480,starpilot,10.70248794555664
19996672,starpilot,8.201794624328613
20004864,starpilot,10.831043243408203
