Looking in links: https://download.pytorch.org/whl/cu113/torch_stable.html
Requirement already satisfied: torch==1.10.0+cu113 in /zhome/5a/3/127592/.local/lib/python3.7/site-packages (1.10.0+cu113)
Requirement already satisfied: torchvision==0.11.1+cu113 in /zhome/5a/3/127592/.local/lib/python3.7/site-packages (0.11.1+cu113)
Requirement already satisfied: torchaudio==0.10.0+cu113 in /zhome/5a/3/127592/.local/lib/python3.7/site-packages (0.10.0+cu113)
Requirement already satisfied: typing-extensions in /appl/python/3.7.11/lib/python3.7/site-packages (from torch==1.10.0+cu113) (3.10.0.0)
Requirement already satisfied: pillow!=8.3.0,>=5.3.0 in /zhome/5a/3/127592/.local/lib/python3.7/site-packages (from torchvision==0.11.1+cu113) (8.4.0)
Requirement already satisfied: numpy in /zhome/5a/3/127592/.local/lib/python3.7/site-packages (from torchvision==0.11.1+cu113) (1.21.4)
Requirement already satisfied: procgen in /zhome/5a/3/127592/.local/lib/python3.7/site-packages (0.10.4)
Requirement already satisfied: numpy<2.0.0,>=1.17.0 in /zhome/5a/3/127592/.local/lib/python3.7/site-packages (from procgen) (1.21.4)
Requirement already satisfied: gym3<1.0.0,>=0.3.3 in /zhome/5a/3/127592/.local/lib/python3.7/site-packages (from procgen) (0.3.3)
Requirement already satisfied: gym<1.0.0,>=0.15.0 in /zhome/5a/3/127592/.local/lib/python3.7/site-packages (from procgen) (0.21.0)
Requirement already satisfied: filelock<4.0.0,>=3.0.0 in /appl/python/3.7.11/lib/python3.7/site-packages (from procgen) (3.0.12)
Requirement already satisfied: cloudpickle>=1.2.0 in /zhome/5a/3/127592/.local/lib/python3.7/site-packages (from gym<1.0.0,>=0.15.0->procgen) (2.0.0)
Collecting importlib-metadata>=4.8.1
  Using cached importlib_metadata-4.8.2-py3-none-any.whl (17 kB)
Requirement already satisfied: imageio<3.0.0,>=2.6.0 in /zhome/5a/3/127592/.local/lib/python3.7/site-packages (from gym3<1.0.0,>=0.3.3->procgen) (2.13.1)
Requirement already satisfied: cffi<2.0.0,>=1.13.0 in /zhome/5a/3/127592/.local/lib/python3.7/site-packages (from gym3<1.0.0,>=0.3.3->procgen) (1.15.0)
Requirement already satisfied: glfw<2.0.0,>=1.8.6 in /zhome/5a/3/127592/.local/lib/python3.7/site-packages (from gym3<1.0.0,>=0.3.3->procgen) (1.12.0)
Requirement already satisfied: imageio-ffmpeg<0.4.0,>=0.3.0 in /zhome/5a/3/127592/.local/lib/python3.7/site-packages (from gym3<1.0.0,>=0.3.3->procgen) (0.3.0)
Requirement already satisfied: moderngl<6.0.0,>=5.5.4 in /zhome/5a/3/127592/.local/lib/python3.7/site-packages (from gym3<1.0.0,>=0.3.3->procgen) (5.6.4)
Requirement already satisfied: pycparser in /zhome/5a/3/127592/.local/lib/python3.7/site-packages (from cffi<2.0.0,>=1.13.0->gym3<1.0.0,>=0.3.3->procgen) (2.21)
Requirement already satisfied: pillow>=8.3.2 in /zhome/5a/3/127592/.local/lib/python3.7/site-packages (from imageio<3.0.0,>=2.6.0->gym3<1.0.0,>=0.3.3->procgen) (8.4.0)
Requirement already satisfied: typing-extensions>=3.6.4 in /appl/python/3.7.11/lib/python3.7/site-packages (from importlib-metadata>=4.8.1->gym<1.0.0,>=0.15.0->procgen) (3.10.0.0)
Requirement already satisfied: zipp>=0.5 in /appl/python/3.7.11/lib/python3.7/site-packages (from importlib-metadata>=4.8.1->gym<1.0.0,>=0.15.0->procgen) (3.5.0)
Requirement already satisfied: glcontext<3,>=2 in /zhome/5a/3/127592/.local/lib/python3.7/site-packages (from moderngl<6.0.0,>=5.5.4->gym3<1.0.0,>=0.3.3->procgen) (2.3.4)
Installing collected packages: importlib-metadata
Successfully installed importlib-metadata-4.8.2
Requirement already satisfied: imageio in /zhome/5a/3/127592/.local/lib/python3.7/site-packages (2.13.1)
Requirement already satisfied: pillow>=8.3.2 in /zhome/5a/3/127592/.local/lib/python3.7/site-packages (from imageio) (8.4.0)
Requirement already satisfied: numpy in /zhome/5a/3/127592/.local/lib/python3.7/site-packages (from imageio) (1.21.4)
Looking in links: https://download.pytorch.org/whl/cu113/torch_stable.html
Requirement already satisfied: torch==1.10.0+cu113 in /zhome/5a/3/127592/.local/lib/python3.7/site-packages (1.10.0+cu113)
Requirement already satisfied: torchvision==0.11.1+cu113 in /zhome/5a/3/127592/.local/lib/python3.7/site-packages (0.11.1+cu113)
Requirement already satisfied: torchaudio==0.10.0+cu113 in /zhome/5a/3/127592/.local/lib/python3.7/site-packages (0.10.0+cu113)
Requirement already satisfied: typing-extensions in /appl/python/3.7.11/lib/python3.7/site-packages (from torch==1.10.0+cu113) (3.10.0.0)
Requirement already satisfied: pillow!=8.3.0,>=5.3.0 in /zhome/5a/3/127592/.local/lib/python3.7/site-packages (from torchvision==0.11.1+cu113) (8.4.0)
Requirement already satisfied: numpy in /zhome/5a/3/127592/.local/lib/python3.7/site-packages (from torchvision==0.11.1+cu113) (1.21.4)
Requirement already satisfied: procgen in /zhome/5a/3/127592/.local/lib/python3.7/site-packages (0.10.4)
Requirement already satisfied: numpy<2.0.0,>=1.17.0 in /zhome/5a/3/127592/.local/lib/python3.7/site-packages (from procgen) (1.21.4)
Requirement already satisfied: filelock<4.0.0,>=3.0.0 in /appl/python/3.7.11/lib/python3.7/site-packages (from procgen) (3.0.12)
Requirement already satisfied: gym<1.0.0,>=0.15.0 in /zhome/5a/3/127592/.local/lib/python3.7/site-packages (from procgen) (0.21.0)
Requirement already satisfied: gym3<1.0.0,>=0.3.3 in /zhome/5a/3/127592/.local/lib/python3.7/site-packages (from procgen) (0.3.3)
Collecting importlib-metadata>=4.8.1
  Using cached importlib_metadata-4.8.2-py3-none-any.whl (17 kB)
Requirement already satisfied: cloudpickle>=1.2.0 in /zhome/5a/3/127592/.local/lib/python3.7/site-packages (from gym<1.0.0,>=0.15.0->procgen) (2.0.0)
Requirement already satisfied: imageio-ffmpeg<0.4.0,>=0.3.0 in /zhome/5a/3/127592/.local/lib/python3.7/site-packages (from gym3<1.0.0,>=0.3.3->procgen) (0.3.0)
Requirement already satisfied: moderngl<6.0.0,>=5.5.4 in /zhome/5a/3/127592/.local/lib/python3.7/site-packages (from gym3<1.0.0,>=0.3.3->procgen) (5.6.4)
Requirement already satisfied: glfw<2.0.0,>=1.8.6 in /zhome/5a/3/127592/.local/lib/python3.7/site-packages (from gym3<1.0.0,>=0.3.3->procgen) (1.12.0)
Requirement already satisfied: imageio<3.0.0,>=2.6.0 in /zhome/5a/3/127592/.local/lib/python3.7/site-packages (from gym3<1.0.0,>=0.3.3->procgen) (2.13.1)
Requirement already satisfied: cffi<2.0.0,>=1.13.0 in /zhome/5a/3/127592/.local/lib/python3.7/site-packages (from gym3<1.0.0,>=0.3.3->procgen) (1.15.0)
Requirement already satisfied: pycparser in /zhome/5a/3/127592/.local/lib/python3.7/site-packages (from cffi<2.0.0,>=1.13.0->gym3<1.0.0,>=0.3.3->procgen) (2.21)
Requirement already satisfied: pillow>=8.3.2 in /zhome/5a/3/127592/.local/lib/python3.7/site-packages (from imageio<3.0.0,>=2.6.0->gym3<1.0.0,>=0.3.3->procgen) (8.4.0)
Requirement already satisfied: typing-extensions>=3.6.4 in /appl/python/3.7.11/lib/python3.7/site-packages (from importlib-metadata>=4.8.1->gym<1.0.0,>=0.15.0->procgen) (3.10.0.0)
Requirement already satisfied: zipp>=0.5 in /appl/python/3.7.11/lib/python3.7/site-packages (from importlib-metadata>=4.8.1->gym<1.0.0,>=0.15.0->procgen) (3.5.0)
Requirement already satisfied: glcontext<3,>=2 in /zhome/5a/3/127592/.local/lib/python3.7/site-packages (from moderngl<6.0.0,>=5.5.4->gym3<1.0.0,>=0.3.3->procgen) (2.3.4)
Installing collected packages: importlib-metadata
Successfully installed importlib-metadata-4.8.2
Requirement already satisfied: imageio in /zhome/5a/3/127592/.local/lib/python3.7/site-packages (2.13.1)
Requirement already satisfied: pillow>=8.3.2 in /zhome/5a/3/127592/.local/lib/python3.7/site-packages (from imageio) (8.4.0)
Requirement already satisfied: numpy in /zhome/5a/3/127592/.local/lib/python3.7/site-packages (from imageio) (1.21.4)
Running PPO-3
8192,maze,-255.3668975830078
16384,heist,-137.798095703125
24576,maze,-252.06021118164062
32768,heist,-137.798095703125
40960,maze,-256.0
49152,heist,-137.84617614746094
57344,maze,-256.0
65536,heist,-137.84617614746094
73728,maze,-256.0
81920,heist,-137.84617614746094
90112,maze,-256.0
98304,heist,-137.84617614746094
106496,maze,-256.0
114688,heist,-137.79811096191406
122880,maze,-255.4375
131072,heist,-137.84617614746094
139264,maze,-255.9375
147456,heist,-137.84617614746094
155648,maze,-256.0
163840,heist,-137.84617614746094
172032,maze,-255.875
180224,heist,-131.62680053710938
188416,maze,-255.5625
196608,heist,-137.84617614746094
204800,maze,-231.95159912109375
212992,heist,-137.84617614746094
221184,maze,-256.0
229376,heist,-137.84617614746094
237568,maze,-256.0
245760,heist,-137.84617614746094
253952,maze,-248.5208282470703
262144,heist,-137.84617614746094
270336,maze,-255.625
278528,heist,-137.84617614746094
286720,maze,-256.0
294912,heist,-137.84617614746094
303104,maze,-247.89666748046875
311296,heist,-137.84617614746094
319488,maze,-256.0
327680,heist,-128.07862854003906
335872,maze,-255.4375
344064,heist,-137.84617614746094
352256,maze,-223.97242736816406
360448,heist,-135.77886962890625
368640,maze,-256.0
376832,heist,-137.84617614746094
385024,maze,-241.7481689453125
393216,heist,-137.84617614746094
401408,maze,-255.9375
409600,heist,-137.28610229492188
417792,maze,-256.0
425984,heist,-137.84617614746094
434176,maze,-255.8125
442368,heist,-137.84617614746094
450560,maze,-255.9375
458752,heist,-137.84617614746094
466944,maze,-240.32484436035156
475136,heist,-137.84617614746094
483328,maze,-256.0
491520,heist,-137.84617614746094
499712,maze,-255.8125
507904,heist,-137.84617614746094
516096,maze,-256.0
524288,heist,-137.84617614746094
532480,maze,-256.0
540672,heist,-137.84617614746094
548864,maze,-256.0
557056,heist,-137.84617614746094
565248,maze,-222.61715698242188
573440,heist,-137.84617614746094
581632,maze,-254.4375
589824,heist,-131.83181762695312
598016,maze,-242.83021545410156
606208,heist,-137.84617614746094
614400,maze,-256.0
622592,heist,-132.7644805908203
630784,maze,-256.0
638976,heist,-137.84617614746094
647168,maze,-256.0
655360,heist,-122.4671401977539
663552,maze,-256.0
671744,heist,-137.84617614746094
679936,maze,-255.9375
688128,heist,-137.84617614746094
696320,maze,-235.71673583984375
704512,heist,-137.84617614746094
712704,maze,-256.0
720896,heist,-137.84617614746094
729088,maze,-256.0
737280,heist,-137.84617614746094
745472,maze,-255.75
753664,heist,-137.84617614746094
761856,maze,-256.0
770048,heist,-137.84617614746094
778240,maze,-256.0
786432,heist,-137.84617614746094
794624,maze,-255.6875
802816,heist,-137.84617614746094
811008,maze,-256.0
819200,heist,-137.84617614746094
827392,maze,-255.9375
835584,heist,-137.84617614746094
843776,maze,-254.0
851968,heist,-137.84617614746094
860160,maze,-233.27000427246094
868352,heist,-137.84617614746094
876544,maze,-245.7596435546875
884736,heist,-137.84617614746094
892928,maze,-256.0
901120,heist,-137.84617614746094
909312,maze,-256.0
917504,heist,-137.84617614746094
925696,maze,-256.0
933888,heist,-137.84617614746094
942080,maze,-256.0
950272,heist,-137.84617614746094
958464,maze,-256.0
966656,heist,-137.84617614746094
974848,maze,-256.0
983040,heist,-137.84617614746094
991232,maze,-256.0
999424,heist,-137.84617614746094
1007616,maze,-255.9375
1015808,heist,-137.84617614746094
1024000,maze,-250.35794067382812
1032192,heist,-137.84617614746094
1040384,maze,-248.772705078125
1048576,heist,-137.7019500732422
1056768,maze,-256.0
1064960,heist,-137.84617614746094
1073152,maze,-256.0
1081344,heist,-137.84617614746094
1089536,maze,-254.5625
1097728,heist,-137.84617614746094
1105920,maze,-250.2473602294922
1114112,heist,-137.84617614746094
1122304,maze,-256.0
1130496,heist,-137.84617614746094
1138688,maze,-255.8125
1146880,heist,-137.84617614746094
1155072,maze,-256.0
1163264,heist,-137.84617614746094
1171456,maze,-256.0
1179648,heist,-137.84617614746094
1187840,maze,-256.0
1196032,heist,-137.84617614746094
1204224,maze,-256.0
1212416,heist,-137.84617614746094
1220608,maze,-255.5
1228800,heist,-137.84617614746094
1236992,maze,-256.0
1245184,heist,-137.84617614746094
1253376,maze,-256.0
1261568,heist,-137.84617614746094
1269760,maze,-226.91360473632812
1277952,heist,-137.84617614746094
1286144,maze,-256.0
1294336,heist,-137.84617614746094
1302528,maze,-253.6875
1310720,heist,-137.84617614746094
1318912,maze,-256.0
1327104,heist,-137.84617614746094
1335296,maze,-250.6531982421875
1343488,heist,-137.84617614746094
1351680,maze,-250.50270080566406
1359872,heist,-137.84617614746094
1368064,maze,-256.0
1376256,heist,-137.84617614746094
1384448,maze,-251.05538940429688
1392640,heist,-137.79811096191406
1400832,maze,-256.0
1409024,heist,-137.84617614746094
1417216,maze,-256.0
1425408,heist,-137.84617614746094
1433600,maze,-256.0
1441792,heist,-137.84617614746094
1449984,maze,-256.0
1458176,heist,-137.84617614746094
1466368,maze,-250.16416931152344
1474560,heist,-137.84617614746094
1482752,maze,-256.0
1490944,heist,-137.84617614746094
1499136,maze,-256.0
1507328,heist,-137.84617614746094
1515520,maze,-256.0
1523712,heist,-137.84617614746094
1531904,maze,-256.0
1540096,heist,-137.84617614746094
1548288,maze,-256.0
1556480,heist,-137.75076293945312
1564672,maze,-255.625
1572864,heist,-137.84617614746094
1581056,maze,-256.0
1589248,heist,-137.84617614746094
1597440,maze,-253.625
1605632,heist,-137.84617614746094
1613824,maze,-251.6875
1622016,heist,-137.84617614746094
1630208,maze,-255.3125
1638400,heist,-137.84617614746094
1646592,maze,-255.73687744140625
1654784,heist,-137.84617614746094
1662976,maze,-250.0598602294922
1671168,heist,-137.84617614746094
1679360,maze,-256.0
1687552,heist,-137.84617614746094
1695744,maze,-256.0
1703936,heist,-137.84617614746094
1712128,maze,-256.0
1720320,heist,-137.84617614746094
1728512,maze,-256.0
1736704,heist,-137.84617614746094
1744896,maze,-256.0
1753088,heist,-137.84617614746094
1761280,maze,-255.12942504882812
1769472,heist,-137.84617614746094
1777664,maze,-256.0
1785856,heist,-137.84617614746094
1794048,maze,-256.0
1802240,heist,-137.84617614746094
1810432,maze,-255.25
1818624,heist,-135.39427185058594
1826816,maze,-255.6875
1835008,heist,-137.84617614746094
1843200,maze,-224.46153259277344
1851392,heist,-137.84617614746094
1859584,maze,-256.0
1867776,heist,-137.84617614746094
1875968,maze,-256.0
1884160,heist,-137.84617614746094
1892352,maze,-247.37355041503906
1900544,heist,-137.84617614746094
1908736,maze,-255.9375
1916928,heist,-137.36541748046875
1925120,maze,-256.0
1933312,heist,-137.84617614746094
1941504,maze,-246.929931640625
1949696,heist,-137.84617614746094
1957888,maze,-256.0
1966080,heist,-133.93003845214844
1974272,maze,-255.3125
1982464,heist,-137.84617614746094
1990656,maze,-219.26824951171875
1998848,heist,-132.68731689453125
2007040,maze,-256.0
2015232,heist,-137.84617614746094
2023424,maze,-250.29270935058594
2031616,heist,-137.84617614746094
2039808,maze,-255.8125
2048000,heist,-137.5666046142578
2056192,maze,-256.0
2064384,heist,-137.84617614746094
2072576,maze,-255.9375
2080768,heist,-137.84617614746094
2088960,maze,-256.0
2097152,heist,-137.84617614746094
2105344,maze,-245.8032684326172
2113536,heist,-137.84617614746094
2121728,maze,-256.0
2129920,heist,-137.84617614746094
2138112,maze,-256.0
2146304,heist,-137.84617614746094
2154496,maze,-256.0
2162688,heist,-137.84617614746094
2170880,maze,-256.0
2179072,heist,-137.84617614746094
2187264,maze,-256.0
2195456,heist,-137.84617614746094
2203648,maze,-219.32183837890625
2211840,heist,-137.84617614746094
2220032,maze,-253.8125
2228224,heist,-136.6923370361328
2236416,maze,-238.2386474609375
2244608,heist,-137.84617614746094
2252800,maze,-256.0
2260992,heist,-133.38787841796875
2269184,maze,-256.0
2277376,heist,-137.84617614746094
2285568,maze,-256.0
2293760,heist,-126.63726806640625
2301952,maze,-256.0
2310144,heist,-137.84617614746094
2318336,maze,-256.0
2326528,heist,-137.84617614746094
2334720,maze,-235.7156219482422
2342912,heist,-137.84617614746094
2351104,maze,-256.0
2359296,heist,-137.84617614746094
2367488,maze,-256.0
2375680,heist,-137.84617614746094
2383872,maze,-255.75
2392064,heist,-137.84617614746094
2400256,maze,-256.0
2408448,heist,-137.84617614746094
2416640,maze,-256.0
2424832,heist,-137.84617614746094
2433024,maze,-256.0
2441216,heist,-137.84617614746094
2449408,maze,-256.0
2457600,heist,-137.84617614746094
2465792,maze,-255.9375
2473984,heist,-137.84617614746094
2482176,maze,-255.125
2490368,heist,-137.84617614746094
2498560,maze,-233.28623962402344
2506752,heist,-137.84617614746094
2514944,maze,-238.08059692382812
2523136,heist,-137.84617614746094
2531328,maze,-256.0
2539520,heist,-137.84617614746094
2547712,maze,-256.0
2555904,heist,-137.84617614746094
2564096,maze,-256.0
2572288,heist,-137.84617614746094
2580480,maze,-256.0
2588672,heist,-137.84617614746094
2596864,maze,-256.0
2605056,heist,-137.84617614746094
2613248,maze,-256.0
2621440,heist,-137.84617614746094
2629632,maze,-256.0
2637824,heist,-137.84617614746094
2646016,maze,-255.0625
2654208,heist,-137.84617614746094
2662400,maze,-251.875
2670592,heist,-137.84617614746094
2678784,maze,-251.3370361328125
2686976,heist,-137.84617614746094
2695168,maze,-256.0
2703360,heist,-137.84617614746094
2711552,maze,-256.0
2719744,heist,-137.84617614746094
2727936,maze,-254.625
2736128,heist,-137.84617614746094
2744320,maze,-249.06417846679688
2752512,heist,-137.84617614746094
2760704,maze,-256.0
2768896,heist,-137.84617614746094
2777088,maze,-255.75
2785280,heist,-137.84617614746094
2793472,maze,-256.0
2801664,heist,-137.84617614746094
2809856,maze,-256.0
2818048,heist,-137.84617614746094
2826240,maze,-256.0
2834432,heist,-137.84617614746094
2842624,maze,-256.0
2850816,heist,-137.84617614746094
2859008,maze,-255.3125
2867200,heist,-137.84617614746094
2875392,maze,-256.0
2883584,heist,-137.84617614746094
2891776,maze,-256.0
2899968,heist,-137.84617614746094
2908160,maze,-226.17446899414062
2916352,heist,-137.84617614746094
2924544,maze,-255.8125
2932736,heist,-137.84617614746094
2940928,maze,-253.625
2949120,heist,-137.84617614746094
2957312,maze,-256.0
2965504,heist,-137.7019500732422
2973696,maze,-246.21139526367188
2981888,heist,-137.84617614746094
2990080,maze,-254.60641479492188
2998272,heist,-137.84617614746094
3006464,maze,-256.0
3014656,heist,-137.84617614746094
3022848,maze,-252.4691619873047
3031040,heist,-131.43331909179688
3039232,maze,-256.0
3047424,heist,-137.84617614746094
3055616,maze,-255.5
3063808,heist,-137.84617614746094
3072000,maze,-256.0
3080192,heist,-137.84617614746094
3088384,maze,-256.0
3096576,heist,-136.69232177734375
3104768,maze,-253.6967010498047
3112960,heist,-137.84617614746094
3121152,maze,-256.0
3129344,heist,-137.84617614746094
3137536,maze,-256.0
3145728,heist,-137.84617614746094
3153920,maze,-256.0
3162112,heist,-137.84617614746094
3170304,maze,-255.9375
3178496,heist,-136.3557891845703
3186688,maze,-256.0
3194880,heist,-137.8185577392578
3203072,maze,-251.6875
3211264,heist,-137.84617614746094
3219456,maze,-256.0
3227648,heist,-137.84617614746094
3235840,maze,-247.93763732910156
3244032,heist,-137.84617614746094
3252224,maze,-249.30201721191406
3260416,heist,-137.84617614746094
3268608,maze,-249.2722625732422
3276800,heist,-137.84617614746094
3284992,maze,-255.68753051757812
3293184,heist,-137.84617614746094
3301376,maze,-254.80276489257812
3309568,heist,-137.84617614746094
3317760,maze,-256.0
3325952,heist,-137.84617614746094
3334144,maze,-256.0
3342336,heist,-137.84617614746094
3350528,maze,-256.0
3358720,heist,-137.84617614746094
3366912,maze,-256.0
3375104,heist,-137.84617614746094
3383296,maze,-256.0
3391488,heist,-137.84617614746094
3399680,maze,-255.625
3407872,heist,-137.84617614746094
3416064,maze,-256.0
3424256,heist,-137.84617614746094
3432448,maze,-256.0
3440640,heist,-137.84617614746094
3448832,maze,-255.0625
3457024,heist,-134.2267608642578
3465216,maze,-255.5
3473408,heist,-137.84617614746094
3481600,maze,-225.18397521972656
3489792,heist,-137.84617614746094
3497984,maze,-256.0
3506176,heist,-137.798095703125
3514368,maze,-256.0
3522560,heist,-137.84617614746094
3530752,maze,-249.48629760742188
3538944,heist,-137.84617614746094
3547136,maze,-256.0
3555328,heist,-137.75003051757812
3563520,maze,-256.0
3571712,heist,-137.84617614746094
3579904,maze,-246.21923828125
3588096,heist,-137.84617614746094
3596288,maze,-256.0
3604480,heist,-135.66575622558594
3612672,maze,-255.8125
3620864,heist,-137.84617614746094
3629056,maze,-219.0081787109375
3637248,heist,-130.69369506835938
3645440,maze,-256.0
3653632,heist,-137.84617614746094
3661824,maze,-248.7867431640625
3670016,heist,-137.84617614746094
3678208,maze,-255.9375
3686400,heist,-137.79811096191406
3694592,maze,-256.0
3702784,heist,-137.84617614746094
3710976,maze,-256.0
3719168,heist,-137.84617614746094
3727360,maze,-256.0
3735552,heist,-137.84617614746094
3743744,maze,-244.49754333496094
3751936,heist,-137.84617614746094
3760128,maze,-256.0
3768320,heist,-137.84617614746094
3776512,maze,-256.0
3784704,heist,-137.84617614746094
3792896,maze,-256.0
3801088,heist,-137.84617614746094
3809280,maze,-256.0
3817472,heist,-137.84617614746094
3825664,maze,-256.0
3833856,heist,-137.84617614746094
3842048,maze,-219.24636840820312
3850240,heist,-137.84617614746094
3858432,maze,-253.3125
3866624,heist,-135.97117614746094
3874816,maze,-237.12664794921875
3883008,heist,-137.84617614746094
3891200,maze,-256.0
3899392,heist,-134.60809326171875
3907584,maze,-256.0
3915776,heist,-137.84617614746094
3923968,maze,-256.0
3932160,heist,-128.27609252929688
3940352,maze,-256.0
3948544,heist,-137.84617614746094
3956736,maze,-256.0
3964928,heist,-137.84617614746094
3973120,maze,-233.2548065185547
3981312,heist,-137.84617614746094
3989504,maze,-256.0
3997696,heist,-137.84617614746094
4005888,maze,-256.0
4014080,heist,-137.84617614746094
4022272,maze,-256.0
4030464,heist,-137.84617614746094
4038656,maze,-256.0
4046848,heist,-137.84617614746094
4055040,maze,-256.0
4063232,heist,-137.84617614746094
4071424,maze,-256.0
4079616,heist,-137.84617614746094
4087808,maze,-256.0
4096000,heist,-137.84617614746094
4104192,maze,-256.0
4112384,heist,-137.84617614746094
4120576,maze,-255.6875
4128768,heist,-137.84617614746094
4136960,maze,-233.49913024902344
4145152,heist,-137.84617614746094
4153344,maze,-237.42306518554688
4161536,heist,-137.84617614746094
4169728,maze,-256.0
4177920,heist,-137.84617614746094
4186112,maze,-256.0
4194304,heist,-137.84617614746094
4202496,maze,-256.0
4210688,heist,-137.46156311035156
4218880,maze,-256.0
4227072,heist,-137.84617614746094
4235264,maze,-256.0
4243456,heist,-137.84617614746094
4251648,maze,-256.0
4259840,heist,-137.84617614746094
4268032,maze,-256.0
4276224,heist,-137.84617614746094
4284416,maze,-255.5
4292608,heist,-137.84617614746094
4300800,maze,-250.343994140625
4308992,heist,-137.84617614746094
4317184,maze,-252.85604858398438
4325376,heist,-137.70193481445312
4333568,maze,-256.0
4341760,heist,-137.84617614746094
4349952,maze,-256.0
4358144,heist,-137.84617614746094
4366336,maze,-254.1875
4374528,heist,-137.84617614746094
4382720,maze,-247.83297729492188
4390912,heist,-137.84617614746094
4399104,maze,-256.0
4407296,heist,-137.84617614746094
4415488,maze,-255.6875
4423680,heist,-137.84617614746094
4431872,maze,-256.0
4440064,heist,-137.84617614746094
4448256,maze,-256.0
4456448,heist,-137.84617614746094
4464640,maze,-256.0
4472832,heist,-137.84617614746094
4481024,maze,-256.0
4489216,heist,-137.84617614746094
4497408,maze,-255.25
4505600,heist,-137.84617614746094
4513792,maze,-256.0
4521984,heist,-137.84617614746094
4530176,maze,-256.0
4538368,heist,-137.84617614746094
4546560,maze,-226.31761169433594
4554752,heist,-137.6538848876953
4562944,maze,-255.75
4571136,heist,-137.84617614746094
4579328,maze,-254.25
4587520,heist,-137.84617614746094
4595712,maze,-256.0
4603904,heist,-137.7019500732422
4612096,maze,-246.63369750976562
4620288,heist,-137.84617614746094
4628480,maze,-254.035400390625
4636672,heist,-137.84617614746094
4644864,maze,-256.0
4653056,heist,-137.84617614746094
4661248,maze,-250.99002075195312
4669440,heist,-131.59678649902344
4677632,maze,-256.0
4685824,heist,-137.84617614746094
4694016,maze,-255.375
4702208,heist,-137.84617614746094
4710400,maze,-256.0
4718592,heist,-137.84617614746094
4726784,maze,-256.0
4734976,heist,-135.87501525878906
4743168,maze,-253.41116333007812
4751360,heist,-137.84617614746094
4759552,maze,-256.0
4767744,heist,-137.84617614746094
4775936,maze,-256.0
4784128,heist,-137.84617614746094
4792320,maze,-256.0
4800512,heist,-137.84617614746094
4808704,maze,-255.8125
4816896,heist,-135.53848266601562
4825088,maze,-255.9375
4833280,heist,-137.6895294189453
4841472,maze,-248.5584259033203
4849664,heist,-137.84617614746094
4857856,maze,-256.0
4866048,heist,-137.84617614746094
4874240,maze,-243.6425323486328
4882432,heist,-137.84617614746094
4890624,maze,-247.64175415039062
4898816,heist,-137.84617614746094
4907008,maze,-244.90771484375
4915200,heist,-137.84617614746094
4923392,maze,-255.07896423339844
4931584,heist,-137.84617614746094
4939776,maze,-255.17677307128906
4947968,heist,-137.84617614746094
4956160,maze,-256.0
4964352,heist,-137.84617614746094
4972544,maze,-256.0
4980736,heist,-137.84617614746094
4988928,maze,-256.0
4997120,heist,-137.84617614746094
5005312,maze,-256.0
5013504,heist,-137.84617614746094
5021696,maze,-255.9375
5029888,heist,-137.84617614746094
5038080,maze,-254.80715942382812
5046272,heist,-137.84617614746094
5054464,maze,-256.0
5062656,heist,-137.84617614746094
5070848,maze,-256.0
5079040,heist,-137.84617614746094
5087232,maze,-255.0
5095424,heist,-131.96632385253906
5103616,maze,-254.9375
5111808,heist,-137.84617614746094
5120000,maze,-231.05667114257812
5128192,heist,-137.84617614746094
5136384,maze,-256.0
5144576,heist,-137.84617614746094
5152768,maze,-256.0
5160960,heist,-137.84617614746094
5169152,maze,-252.55320739746094
5177344,heist,-137.84617614746094
5185536,maze,-256.0
5193728,heist,-137.36541748046875
5201920,maze,-256.0
5210112,heist,-137.84617614746094
5218304,maze,-243.69473266601562
5226496,heist,-137.84617614746094
5234688,maze,-256.0
5242880,heist,-131.96954345703125
5251072,maze,-255.25
5259264,heist,-137.84617614746094
5267456,maze,-216.97801208496094
5275648,heist,-131.4542236328125
5283840,maze,-256.0
5292032,heist,-137.84617614746094
5300224,maze,-253.04029846191406
5308416,heist,-137.84617614746094
5316608,maze,-255.8125
5324800,heist,-137.7019500732422
5332992,maze,-256.0
5341184,heist,-137.84617614746094
5349376,maze,-256.0
5357568,heist,-137.84617614746094
5365760,maze,-256.0
5373952,heist,-137.84617614746094
5382144,maze,-248.66233825683594
5390336,heist,-137.84617614746094
5398528,maze,-256.0
5406720,heist,-137.84617614746094
5414912,maze,-256.0
5423104,heist,-137.84617614746094
5431296,maze,-256.0
5439488,heist,-137.84617614746094
5447680,maze,-256.0
5455872,heist,-137.84617614746094
5464064,maze,-256.0
5472256,heist,-137.84617614746094
5480448,maze,-217.76246643066406
5488640,heist,-137.84617614746094
5496832,maze,-250.38119506835938
5505024,heist,-133.8566131591797
5513216,maze,-249.35255432128906
5521408,heist,-137.84617614746094
5529600,maze,-256.0
5537792,heist,-133.94171142578125
5545984,maze,-256.0
5554176,heist,-137.84617614746094
5562368,maze,-256.0
5570560,heist,-120.61267852783203
5578752,maze,-256.0
5586944,heist,-137.84617614746094
5595136,maze,-256.0
5603328,heist,-137.84617614746094
5611520,maze,-243.4777069091797
5619712,heist,-137.84617614746094
5627904,maze,-256.0
5636096,heist,-137.84617614746094
5644288,maze,-256.0
5652480,heist,-137.84617614746094
5660672,maze,-254.75
5668864,heist,-137.84617614746094
5677056,maze,-256.0
5685248,heist,-137.84617614746094
5693440,maze,-256.0
5701632,heist,-137.84617614746094
5709824,maze,-256.0
5718016,heist,-137.84617614746094
5726208,maze,-256.0
5734400,heist,-137.84617614746094
5742592,maze,-255.875
5750784,heist,-137.84617614746094
5758976,maze,-253.0
5767168,heist,-137.84617614746094
5775360,maze,-233.28652954101562
5783552,heist,-137.84617614746094
5791744,maze,-250.2671356201172
5799936,heist,-137.84617614746094
5808128,maze,-256.0
5816320,heist,-137.84617614746094
5824512,maze,-256.0
5832704,heist,-137.84617614746094
5840896,maze,-256.0
5849088,heist,-137.6057891845703
5857280,maze,-256.0
5865472,heist,-137.84617614746094
5873664,maze,-256.0
5881856,heist,-137.84617614746094
5890048,maze,-256.0
5898240,heist,-137.84617614746094
5906432,maze,-256.0
5914624,heist,-137.84617614746094
5922816,maze,-253.875
5931008,heist,-137.84617614746094
5939200,maze,-248.3845672607422
5947392,heist,-137.84617614746094
5955584,maze,-253.242919921875
5963776,heist,-137.75003051757812
5971968,maze,-256.0
5980160,heist,-137.84617614746094
5988352,maze,-256.0
5996544,heist,-137.84617614746094
6004736,maze,-253.625
6012928,heist,-137.84617614746094
6021120,maze,-246.33734130859375
6029312,heist,-137.84617614746094
6037504,maze,-256.0
6045696,heist,-137.84617614746094
6053888,maze,-255.75
6062080,heist,-137.84617614746094
6070272,maze,-256.0
6078464,heist,-137.84617614746094
6086656,maze,-256.0
6094848,heist,-137.84617614746094
6103040,maze,-256.0
6111232,heist,-137.84617614746094
6119424,maze,-256.0
6127616,heist,-137.84617614746094
6135808,maze,-255.4375
6144000,heist,-137.798095703125
6152192,maze,-256.0
6160384,heist,-137.84617614746094
6168576,maze,-256.0
6176768,heist,-137.84617614746094
6184960,maze,-222.15213012695312
6193152,heist,-137.75003051757812
6201344,maze,-255.875
6209536,heist,-137.84617614746094
6217728,maze,-253.25
6225920,heist,-137.84617614746094
6234112,maze,-256.0
6242304,heist,-137.84617614746094
6250496,maze,-248.68617248535156
6258688,heist,-137.84617614746094
6266880,maze,-253.29588317871094
6275072,heist,-137.84617614746094
6283264,maze,-256.0
6291456,heist,-137.84617614746094
6299648,maze,-248.74267578125
6307840,heist,-136.40386962890625
6316032,maze,-256.0
6324224,heist,-137.84617614746094
6332416,maze,-255.8125
6340608,heist,-137.84617614746094
6348800,maze,-256.0
6356992,heist,-137.84617614746094
6365184,maze,-256.0
6373376,heist,-137.12503051757812
6381568,maze,-251.48892211914062
6389760,heist,-137.84617614746094
6397952,maze,-256.0
6406144,heist,-137.84617614746094
6414336,maze,-256.0
6422528,heist,-137.84617614746094
6430720,maze,-256.0
6438912,heist,-137.84617614746094
6447104,maze,-256.0
6455296,heist,-134.96156311035156
6463488,maze,-256.0
6471680,heist,-137.8185577392578
6479872,maze,-252.6875
6488064,heist,-137.84617614746094
6496256,maze,-256.0
6504448,heist,-137.84617614746094
6512640,maze,-248.64671325683594
6520832,heist,-137.84617614746094
6529024,maze,-248.1533203125
6537216,heist,-137.84617614746094
6545408,maze,-251.5625
6553600,heist,-137.84617614746094
6561792,maze,-255.73175048828125
6569984,heist,-137.84617614746094
6578176,maze,-254.04840087890625
6586368,heist,-137.84617614746094
6594560,maze,-256.0
6602752,heist,-137.84617614746094
6610944,maze,-256.0
6619136,heist,-137.84617614746094
6627328,maze,-256.0
6635520,heist,-137.84617614746094
6643712,maze,-256.0
6651904,heist,-137.84617614746094
6660096,maze,-256.0
6668288,heist,-137.84617614746094
6676480,maze,-255.5625
6684672,heist,-137.84617614746094
6692864,maze,-256.0
6701056,heist,-137.84617614746094
6709248,maze,-256.0
6717440,heist,-137.84617614746094
6725632,maze,-255.3125
6733824,heist,-132.9379119873047
6742016,maze,-255.6875
6750208,heist,-137.84617614746094
6758400,maze,-220.39187622070312
6766592,heist,-137.84617614746094
6774784,maze,-256.0
6782976,heist,-137.84617614746094
6791168,maze,-256.0
6799360,heist,-137.84617614746094
6807552,maze,-247.8047332763672
6815744,heist,-137.84617614746094
6823936,maze,-256.0
6832128,heist,-137.5096435546875
6840320,maze,-256.0
6848512,heist,-137.84617614746094
6856704,maze,-245.68223571777344
6864896,heist,-137.84617614746094
6873088,maze,-256.0
6881280,heist,-132.14515686035156
6889472,maze,-256.0
6897664,heist,-137.84617614746094
6905856,maze,-205.79371643066406
6914048,heist,-133.0643768310547
6922240,maze,-256.0
6930432,heist,-137.84617614746094
6938624,maze,-247.91188049316406
6946816,heist,-137.84617614746094
6955008,maze,-255.9375
6963200,heist,-137.5225830078125
6971392,maze,-256.0
6979584,heist,-137.84617614746094
6987776,maze,-256.0
6995968,heist,-137.84617614746094
7004160,maze,-256.0
7012352,heist,-137.84617614746094
7020544,maze,-243.84873962402344
7028736,heist,-137.84617614746094
7036928,maze,-256.0
7045120,heist,-137.84617614746094
7053312,maze,-256.0
7061504,heist,-137.84617614746094
7069696,maze,-256.0
7077888,heist,-137.84617614746094
7086080,maze,-256.0
7094272,heist,-137.84617614746094
7102464,maze,-256.0
7110656,heist,-137.84617614746094
7118848,maze,-209.49853515625
7127040,heist,-137.84617614746094
7135232,maze,-251.0625
7143424,heist,-132.56158447265625
7151616,maze,-244.78713989257812
7159808,heist,-137.84617614746094
7168000,maze,-256.0
7176192,heist,-133.04110717773438
7184384,maze,-256.0
7192576,heist,-137.84617614746094
7200768,maze,-256.0
7208960,heist,-120.76596069335938
7217152,maze,-256.0
7225344,heist,-137.84617614746094
7233536,maze,-256.0
7241728,heist,-137.84617614746094
7249920,maze,-235.28030395507812
7258112,heist,-137.84617614746094
7266304,maze,-256.0
7274496,heist,-137.84617614746094
7282688,maze,-256.0
7290880,heist,-137.84617614746094
7299072,maze,-254.875
7307264,heist,-137.84617614746094
7315456,maze,-256.0
7323648,heist,-137.84617614746094
7331840,maze,-256.0
7340032,heist,-137.84617614746094
7348224,maze,-256.0
7356416,heist,-137.84617614746094
7364608,maze,-256.0
7372800,heist,-137.84617614746094
7380992,maze,-256.0
7389184,heist,-137.84617614746094
7397376,maze,-254.75
7405568,heist,-137.84617614746094
7413760,maze,-228.05694580078125
7421952,heist,-137.84617614746094
7430144,maze,-237.5018768310547
7438336,heist,-137.84617614746094
7446528,maze,-256.0
7454720,heist,-137.84617614746094
7462912,maze,-256.0
7471104,heist,-137.84617614746094
7479296,maze,-256.0
7487488,heist,-136.01925659179688
7495680,maze,-256.0
7503872,heist,-137.84617614746094
7512064,maze,-256.0
7520256,heist,-137.84617614746094
7528448,maze,-256.0
7536640,heist,-137.84617614746094
7544832,maze,-256.0
7553024,heist,-137.84617614746094
7561216,maze,-253.625
7569408,heist,-137.84617614746094
7577600,maze,-248.48532104492188
7585792,heist,-137.84617614746094
7593984,maze,-252.466552734375
7602176,heist,-137.46156311035156
7610368,maze,-256.0
7618560,heist,-137.84617614746094
7626752,maze,-256.0
7634944,heist,-137.84617614746094
7643136,maze,-252.0625
7651328,heist,-137.84617614746094
7659520,maze,-245.56153869628906
7667712,heist,-137.84617614746094
7675904,maze,-256.0
7684096,heist,-137.84617614746094
7692288,maze,-255.75
7700480,heist,-137.84617614746094
7708672,maze,-256.0
7716864,heist,-137.84617614746094
7725056,maze,-256.0
7733248,heist,-137.798095703125
7741440,maze,-256.0
7749632,heist,-137.84617614746094
7757824,maze,-256.0
7766016,heist,-137.84617614746094
7774208,maze,-255.5625
7782400,heist,-137.798095703125
7790592,maze,-256.0
7798784,heist,-137.84617614746094
7806976,maze,-256.0
7815168,heist,-137.84617614746094
7823360,maze,-214.71365356445312
7831552,heist,-137.65386962890625
7839744,maze,-255.8125
7847936,heist,-137.84617614746094
7856128,maze,-253.0625
7864320,heist,-137.84617614746094
7872512,maze,-256.0
7880704,heist,-137.46156311035156
7888896,maze,-247.14190673828125
7897088,heist,-137.84617614746094
7905280,maze,-251.90782165527344
7913472,heist,-137.84617614746094
7921664,maze,-256.0
7929856,heist,-137.84617614746094
7938048,maze,-247.5621337890625
7946240,heist,-131.0489501953125
7954432,maze,-256.0
7962624,heist,-137.84617614746094
7970816,maze,-255.9375
7979008,heist,-137.84617614746094
7987200,maze,-256.0
7995392,heist,-137.84617614746094
8003584,maze,-256.0
8011776,heist,-136.64425659179688
8019968,maze,-248.89480590820312
8028160,heist,-137.84617614746094
8036352,maze,-256.0
8044544,heist,-137.84617614746094
8052736,maze,-256.0
8060928,heist,-137.84617614746094
8069120,maze,-256.0
8077312,heist,-137.84617614746094
8085504,maze,-256.0
8093696,heist,-133.814208984375
8101888,maze,-256.0
8110080,heist,-137.8185577392578
8118272,maze,-250.0228271484375
8126464,heist,-137.84617614746094
8134656,maze,-256.0
8142848,heist,-137.84617614746094
8151040,maze,-245.13406372070312
8159232,heist,-137.84617614746094
8167424,maze,-247.23272705078125
8175616,heist,-137.84617614746094
8183808,maze,-249.58384704589844
8192000,heist,-137.84617614746094
8200192,maze,-255.72230529785156
8208384,heist,-137.84617614746094
8216576,maze,-253.6982421875
8224768,heist,-137.84617614746094
8232960,maze,-256.0
8241152,heist,-137.84617614746094
8249344,maze,-256.0
8257536,heist,-137.84617614746094
8265728,maze,-256.0
8273920,heist,-137.84617614746094
8282112,maze,-256.0
8290304,heist,-137.84617614746094
8298496,maze,-256.0
8306688,heist,-137.84617614746094
8314880,maze,-255.75442504882812
8323072,heist,-137.84617614746094
8331264,maze,-256.0
8339456,heist,-137.84617614746094
8347648,maze,-256.0
8355840,heist,-137.84617614746094
8364032,maze,-255.1875
8372224,heist,-130.06544494628906
8380416,maze,-255.625
8388608,heist,-137.84617614746094
8396800,maze,-217.53428649902344
8404992,heist,-137.84617614746094
8413184,maze,-256.0
8421376,heist,-137.84617614746094
8429568,maze,-256.0
8437760,heist,-137.84617614746094
8445952,maze,-249.01730346679688
8454144,heist,-137.84617614746094
8462336,maze,-256.0
8470528,heist,-136.64425659179688
8478720,maze,-256.0
8486912,heist,-137.84617614746094
8495104,maze,-242.2740020751953
8503296,heist,-137.84617614746094
8511488,maze,-256.0
8519680,heist,-130.2915802001953
8527872,maze,-255.4375
8536064,heist,-137.84617614746094
8544256,maze,-211.05459594726562
8552448,heist,-133.59323120117188
8560640,maze,-256.0
8568832,heist,-137.84617614746094
8577024,maze,-248.82345581054688
8585216,heist,-137.84617614746094
8593408,maze,-255.9375
8601600,heist,-137.60580444335938
8609792,maze,-256.0
8617984,heist,-137.84617614746094
8626176,maze,-256.0
8634368,heist,-137.84617614746094
8642560,maze,-256.0
8650752,heist,-137.84617614746094
8658944,maze,-247.68748474121094
8667136,heist,-137.84617614746094
8675328,maze,-256.0
8683520,heist,-137.84617614746094
8691712,maze,-256.0
8699904,heist,-137.84617614746094
8708096,maze,-256.0
8716288,heist,-137.84617614746094
8724480,maze,-256.0
8732672,heist,-137.84617614746094
8740864,maze,-256.0
8749056,heist,-137.84617614746094
8757248,maze,-212.65487670898438
8765440,heist,-137.84617614746094
8773632,maze,-249.7169647216797
8781824,heist,-135.58656311035156
8790016,maze,-245.951416015625
8798208,heist,-137.84617614746094
8806400,maze,-256.0
8814592,heist,-132.50045776367188
8822784,maze,-256.0
8830976,heist,-137.84617614746094
8839168,maze,-256.0
8847360,heist,-120.04854583740234
8855552,maze,-256.0
8863744,heist,-137.84617614746094
8871936,maze,-256.0
8880128,heist,-137.84617614746094
8888320,maze,-240.47897338867188
8896512,heist,-137.84617614746094
8904704,maze,-256.0
8912896,heist,-137.84617614746094
8921088,maze,-256.0
8929280,heist,-137.84617614746094
8937472,maze,-254.75
8945664,heist,-137.84617614746094
8953856,maze,-256.0
8962048,heist,-137.84617614746094
8970240,maze,-256.0
8978432,heist,-137.84617614746094
8986624,maze,-256.0
8994816,heist,-137.84617614746094
9003008,maze,-256.0
9011200,heist,-137.84617614746094
9019392,maze,-256.0
9027584,heist,-137.84617614746094
9035776,maze,-253.125
9043968,heist,-137.84617614746094
9052160,maze,-228.62657165527344
9060352,heist,-137.84617614746094
9068544,maze,-233.06039428710938
9076736,heist,-137.84617614746094
9084928,maze,-256.0
9093120,heist,-137.84617614746094
9101312,maze,-256.0
9109504,heist,-137.84617614746094
9117696,maze,-256.0
9125888,heist,-135.97119140625
9134080,maze,-256.0
9142272,heist,-137.84617614746094
9150464,maze,-256.0
9158656,heist,-137.84617614746094
9166848,maze,-256.0
9175040,heist,-137.84617614746094
9183232,maze,-256.0
9191424,heist,-137.84617614746094
9199616,maze,-249.50758361816406
9207808,heist,-137.84617614746094
9216000,maze,-245.5801239013672
9224192,heist,-137.84617614746094
9232384,maze,-254.75135803222656
9240576,heist,-137.41348266601562
9248768,maze,-256.0
9256960,heist,-137.84617614746094
9265152,maze,-256.0
9273344,heist,-137.84617614746094
9281536,maze,-251.00457763671875
9289728,heist,-137.84617614746094
9297920,maze,-243.5895538330078
9306112,heist,-137.84617614746094
9314304,maze,-256.0
9322496,heist,-137.84617614746094
9330688,maze,-255.625
9338880,heist,-137.84617614746094
9347072,maze,-256.0
9355264,heist,-137.84617614746094
9363456,maze,-256.0
9371648,heist,-137.798095703125
9379840,maze,-256.0
9388032,heist,-137.84617614746094
9396224,maze,-256.0
9404416,heist,-137.84617614746094
9412608,maze,-255.125
9420800,heist,-137.798095703125
9428992,maze,-256.0
9437184,heist,-137.84617614746094
9445376,maze,-256.0
9453568,heist,-137.84617614746094
9461760,maze,-218.12088012695312
9469952,heist,-137.79811096191406
9478144,maze,-255.875
9486336,heist,-137.84617614746094
9494528,maze,-253.5
9502720,heist,-137.84617614746094
9510912,maze,-256.0
9519104,heist,-137.55772399902344
9527296,maze,-245.2646026611328
9535488,heist,-137.84617614746094
9543680,maze,-253.75970458984375
9551872,heist,-137.84617614746094
9560064,maze,-256.0
9568256,heist,-137.84617614746094
9576448,maze,-251.64141845703125
9584640,heist,-128.57339477539062
9592832,maze,-256.0
9601024,heist,-137.84617614746094
9609216,maze,-255.5625
9617408,heist,-137.84617614746094
9625600,maze,-256.0
9633792,heist,-137.84617614746094
9641984,maze,-256.0
9650176,heist,-135.7307891845703
9658368,maze,-251.65225219726562
9666560,heist,-137.84617614746094
9674752,maze,-256.0
9682944,heist,-137.84617614746094
9691136,maze,-256.0
9699328,heist,-137.84617614746094
9707520,maze,-256.0
9715712,heist,-137.84617614746094
9723904,maze,-256.0
9732096,heist,-133.44537353515625
9740288,maze,-256.0
9748480,heist,-137.8185577392578
9756672,maze,-249.2006072998047
9764864,heist,-137.84617614746094
9773056,maze,-256.0
9781248,heist,-137.84617614746094
9789440,maze,-242.41659545898438
9797632,heist,-137.84617614746094
9805824,maze,-247.80657958984375
9814016,heist,-137.84617614746094
9822208,maze,-246.04592895507812
9830400,heist,-137.84617614746094
9838592,maze,-255.67613220214844
9846784,heist,-137.84617614746094
9854976,maze,-254.26614379882812
9863168,heist,-137.84617614746094
9871360,maze,-256.0
9879552,heist,-137.84617614746094
9887744,maze,-256.0
9895936,heist,-137.84617614746094
9904128,maze,-256.0
9912320,heist,-137.84617614746094
9920512,maze,-256.0
9928704,heist,-137.84617614746094
9936896,maze,-256.0
9945088,heist,-137.84617614746094
9953280,maze,-255.0170135498047
9961472,heist,-137.84617614746094
9969664,maze,-256.0
9977856,heist,-137.84617614746094
9986048,maze,-256.0
9994240,heist,-137.84617614746094
10002432,maze,-254.5
10010624,heist,-127.88970947265625
10018816,maze,-253.62806701660156
10027008,heist,-137.84617614746094
10035200,maze,-223.40689086914062
10043392,heist,-137.84617614746094
10051584,maze,-256.0
10059776,heist,-137.75001525878906
10067968,maze,-256.0
10076160,heist,-137.84617614746094
10084352,maze,-252.37136840820312
10092544,heist,-137.84617614746094
10100736,maze,-256.0
10108928,heist,-136.69232177734375
10117120,maze,-256.0
10125312,heist,-137.84617614746094
10133504,maze,-240.12966918945312
10141696,heist,-137.84617614746094
10149888,maze,-256.0
10158080,heist,-126.5768051147461
10166272,maze,-255.375
10174464,heist,-137.84617614746094
10182656,maze,-209.59437561035156
10190848,heist,-136.50003051757812
10199040,maze,-256.0
10207232,heist,-137.84617614746094
10215424,maze,-245.33895874023438
10223616,heist,-137.84617614746094
10231808,maze,-256.0
10240000,heist,-137.09371948242188
10248192,maze,-256.0
10256384,heist,-137.84617614746094
10264576,maze,-255.9375
10272768,heist,-137.84617614746094
10280960,maze,-256.0
10289152,heist,-137.84617614746094
10297344,maze,-237.79745483398438
10305536,heist,-137.84617614746094
10313728,maze,-256.0
10321920,heist,-137.84617614746094
10330112,maze,-256.0
10338304,heist,-137.84617614746094
10346496,maze,-256.0
10354688,heist,-137.84617614746094
10362880,maze,-256.0
10371072,heist,-137.84617614746094
10379264,maze,-256.0
10387456,heist,-137.84617614746094
10395648,maze,-208.79669189453125
10403840,heist,-137.84617614746094
10412032,maze,-248.532470703125
10420224,heist,-132.14486694335938
10428416,maze,-244.71229553222656
10436608,heist,-137.84617614746094
10444800,maze,-256.0
10452992,heist,-132.58547973632812
10461184,maze,-256.0
10469376,heist,-137.84617614746094
10477568,maze,-256.0
10485760,heist,-121.02770233154297
10493952,maze,-256.0
10502144,heist,-137.84617614746094
10510336,maze,-256.0
10518528,heist,-137.84617614746094
10526720,maze,-249.73654174804688
10534912,heist,-137.84617614746094
10543104,maze,-256.0
10551296,heist,-137.84617614746094
10559488,maze,-256.0
10567680,heist,-137.84617614746094
10575872,maze,-252.5625
10584064,heist,-137.84617614746094
10592256,maze,-256.0
10600448,heist,-137.84617614746094
10608640,maze,-255.9375
10616832,heist,-137.84617614746094
10625024,maze,-256.0
10633216,heist,-137.84617614746094
10641408,maze,-255.9375
10649600,heist,-137.84617614746094
10657792,maze,-255.375
10665984,heist,-137.84617614746094
10674176,maze,-246.71473693847656
10682368,heist,-137.84617614746094
10690560,maze,-230.83665466308594
10698752,heist,-137.84617614746094
10706944,maze,-238.47926330566406
10715136,heist,-137.84617614746094
10723328,maze,-256.0
10731520,heist,-137.84617614746094
10739712,maze,-255.8125
10747904,heist,-137.84617614746094
10756096,maze,-256.0
10764288,heist,-135.77886962890625
10772480,maze,-256.0
10780672,heist,-137.84617614746094
10788864,maze,-256.0
10797056,heist,-137.84617614746094
10805248,maze,-256.0
10813440,heist,-137.84617614746094
10821632,maze,-256.0
10829824,heist,-137.84617614746094
10838016,maze,-247.63363647460938
10846208,heist,-137.84617614746094
10854400,maze,-243.11891174316406
10862592,heist,-137.84617614746094
10870784,maze,-254.3025665283203
10878976,heist,-137.22117614746094
10887168,maze,-256.0
10895360,heist,-137.84617614746094
10903552,maze,-256.0
10911744,heist,-137.84617614746094
10919936,maze,-248.8365936279297
10928128,heist,-137.84617614746094
10936320,maze,-242.8845977783203
10944512,heist,-137.84617614746094
10952704,maze,-256.0
10960896,heist,-137.84617614746094
10969088,maze,-255.6875
10977280,heist,-137.84617614746094
10985472,maze,-256.0
10993664,heist,-137.84617614746094
11001856,maze,-256.0
11010048,heist,-137.84617614746094
11018240,maze,-256.0
11026432,heist,-137.84617614746094
11034624,maze,-256.0
11042816,heist,-137.84617614746094
11051008,maze,-254.5
11059200,heist,-137.75003051757812
11067392,maze,-256.0
11075584,heist,-137.84617614746094
11083776,maze,-256.0
11091968,heist,-137.84617614746094
11100160,maze,-219.4342803955078
11108352,heist,-137.6057891845703
11116544,maze,-255.875
11124736,heist,-137.84617614746094
11132928,maze,-253.0625
11141120,heist,-137.84617614746094
11149312,maze,-256.0
11157504,heist,-137.75003051757812
11165696,maze,-245.50917053222656
11173888,heist,-137.84617614746094
11182080,maze,-252.4166717529297
11190272,heist,-137.84617614746094
11198464,maze,-256.0
11206656,heist,-137.84617614746094
11214848,maze,-247.24269104003906
11223040,heist,-129.56707763671875
11231232,maze,-256.0
11239424,heist,-137.84617614746094
11247616,maze,-255.8125
11255808,heist,-137.84617614746094
11264000,maze,-256.0
11272192,heist,-137.84617614746094
11280384,maze,-256.0
11288576,heist,-135.68272399902344
11296768,maze,-230.70008850097656
11304960,heist,-137.84617614746094
11313152,maze,-256.0
11321344,heist,-137.84617614746094
11329536,maze,-256.0
11337728,heist,-137.84617614746094
11345920,maze,-256.0
11354112,heist,-137.84617614746094
11362304,maze,-256.0
11370496,heist,-133.59173583984375
11378688,maze,-256.0
11386880,heist,-137.77047729492188
11395072,maze,-247.19622802734375
11403264,heist,-137.84617614746094
11411456,maze,-256.0
11419648,heist,-137.84617614746094
11427840,maze,-239.3865509033203
11436032,heist,-137.84617614746094
11444224,maze,-247.05267333984375
11452416,heist,-137.84617614746094
11460608,maze,-243.3365478515625
11468800,heist,-137.84617614746094
11476992,maze,-255.4970703125
11485184,heist,-137.84617614746094
11493376,maze,-254.4841766357422
11501568,heist,-137.84617614746094
11509760,maze,-256.0
11517952,heist,-137.84617614746094
11526144,maze,-256.0
11534336,heist,-137.84617614746094
11542528,maze,-256.0
11550720,heist,-137.84617614746094
11558912,maze,-256.0
11567104,heist,-137.84617614746094
11575296,maze,-256.0
11583488,heist,-137.84617614746094
11591680,maze,-254.7521209716797
11599872,heist,-137.84617614746094
11608064,maze,-256.0
11616256,heist,-137.84617614746094
11624448,maze,-256.0
11632640,heist,-137.84617614746094
11640832,maze,-255.0625
11649024,heist,-124.12860107421875
11657216,maze,-252.02218627929688
11665408,heist,-137.84617614746094
11673600,maze,-225.20343017578125
11681792,heist,-137.84617614746094
11689984,maze,-256.0
11698176,heist,-137.84617614746094
11706368,maze,-256.0
11714560,heist,-137.84617614746094
11722752,maze,-252.9772491455078
11730944,heist,-137.84617614746094
11739136,maze,-256.0
11747328,heist,-137.7019500732422
11755520,maze,-256.0
11763712,heist,-137.84617614746094
11771904,maze,-239.03341674804688
11780096,heist,-137.84617614746094
11788288,maze,-256.0
11796480,heist,-123.78848266601562
11804672,maze,-253.98129272460938
11812864,heist,-137.84617614746094
11821056,maze,-217.452392578125
11829248,heist,-137.26925659179688
11837440,maze,-256.0
11845632,heist,-137.84617614746094
11853824,maze,-252.82891845703125
11862016,heist,-137.79811096191406
11870208,maze,-255.62594604492188
11878400,heist,-136.84571838378906
11886592,maze,-256.0
11894784,heist,-137.84617614746094
11902976,maze,-256.0
11911168,heist,-137.84617614746094
11919360,maze,-256.0
11927552,heist,-137.84617614746094
11935744,maze,-252.7054443359375
11943936,heist,-137.84617614746094
11952128,maze,-256.0
11960320,heist,-137.84617614746094
11968512,maze,-256.0
11976704,heist,-137.84617614746094
11984896,maze,-255.5625
11993088,heist,-137.84617614746094
12001280,maze,-256.0
12009472,heist,-137.84617614746094
12017664,maze,-256.0
12025856,heist,-137.84617614746094
12034048,maze,-213.05068969726562
12042240,heist,-137.84617614746094
12050432,maze,-247.41746520996094
12058624,heist,-136.08883666992188
12066816,maze,-252.64276123046875
12075008,heist,-137.84617614746094
12083200,maze,-256.0
12091392,heist,-134.72119140625
12099584,maze,-256.0
12107776,heist,-137.84617614746094
12115968,maze,-256.0
12124160,heist,-126.08814239501953
12132352,maze,-255.875
12140544,heist,-137.84617614746094
12148736,maze,-256.0
12156928,heist,-137.84617614746094
12165120,maze,-254.47845458984375
12173312,heist,-137.84617614746094
12181504,maze,-256.0
12189696,heist,-137.84617614746094
12197888,maze,-256.0
12206080,heist,-137.84617614746094
12214272,maze,-255.125
12222464,heist,-137.84617614746094
12230656,maze,-256.0
12238848,heist,-137.84617614746094
12247040,maze,-256.0
12255232,heist,-137.84617614746094
12263424,maze,-256.0
12271616,heist,-137.84617614746094
12279808,maze,-255.3125
12288000,heist,-137.84617614746094
12296192,maze,-255.4375
12304384,heist,-137.84617614746094
12312576,maze,-242.5789794921875
12320768,heist,-137.84617614746094
12328960,maze,-233.74365234375
12337152,heist,-137.84617614746094
12345344,maze,-241.23516845703125
12353536,heist,-137.84617614746094
12361728,maze,-256.0
12369920,heist,-137.84617614746094
12378112,maze,-255.625
12386304,heist,-137.84617614746094
12394496,maze,-256.0
12402688,heist,-137.75001525878906
12410880,maze,-256.0
12419072,heist,-137.84617614746094
12427264,maze,-255.75
12435456,heist,-137.84617614746094
12443648,maze,-256.0
12451840,heist,-137.84617614746094
12460032,maze,-256.0
12468224,heist,-137.84617614746094
12476416,maze,-240.342041015625
12484608,heist,-137.84617614746094
12492800,maze,-236.04611206054688
12500992,heist,-137.84617614746094
12509184,maze,-255.64971923828125
12517376,heist,-137.7019500732422
12525568,maze,-256.0
12533760,heist,-137.84617614746094
12541952,maze,-256.0
12550144,heist,-137.84617614746094
12558336,maze,-253.17176818847656
12566528,heist,-137.84617614746094
12574720,maze,-241.28565979003906
12582912,heist,-137.84617614746094
12591104,maze,-256.0
12599296,heist,-137.84617614746094
12607488,maze,-255.8125
12615680,heist,-137.84617614746094
12623872,maze,-256.0
12632064,heist,-137.84617614746094
12640256,maze,-256.0
12648448,heist,-137.84617614746094
12656640,maze,-255.9375
12664832,heist,-137.84617614746094
12673024,maze,-256.0
12681216,heist,-137.84617614746094
12689408,maze,-253.68630981445312
12697600,heist,-137.84617614746094
12705792,maze,-256.0
12713984,heist,-137.84617614746094
12722176,maze,-256.0
12730368,heist,-137.84617614746094
12738560,maze,-214.51629638671875
12746752,heist,-136.1936492919922
12754944,maze,-255.3125
12763136,heist,-137.84617614746094
12771328,maze,-255.8125
12779520,heist,-137.84617614746094
12787712,maze,-256.0
12795904,heist,-137.79811096191406
12804096,maze,-239.3905029296875
12812288,heist,-137.84617614746094
12820480,maze,-255.4375
12828672,heist,-137.79811096191406
12836864,maze,-256.0
12845056,heist,-137.84617614746094
12853248,maze,-253.19496154785156
12861440,heist,-125.50341796875
12869632,maze,-256.0
12877824,heist,-137.84617614746094
12886016,maze,-255.75
12894208,heist,-137.84617614746094
12902400,maze,-256.0
12910592,heist,-137.84617614746094
12918784,maze,-256.0
12926976,heist,-136.7404022216797
12935168,maze,-241.84945678710938
12943360,heist,-137.84617614746094
12951552,maze,-255.875
12959744,heist,-137.84617614746094
12967936,maze,-255.6875
12976128,heist,-137.84617614746094
12984320,maze,-256.0
12992512,heist,-137.84617614746094
13000704,maze,-256.0
13008896,heist,-130.8738555908203
13017088,maze,-255.8125
13025280,heist,-137.72219848632812
13033472,maze,-242.00088500976562
13041664,heist,-137.84617614746094
13049856,maze,-256.0
13058048,heist,-137.84617614746094
13066240,maze,-231.66046142578125
13074432,heist,-137.84617614746094
13082624,maze,-246.40921020507812
13090816,heist,-137.84617614746094
13099008,maze,-241.38987731933594
13107200,heist,-137.84617614746094
13115392,maze,-255.9483642578125
13123584,heist,-137.84617614746094
13131776,maze,-255.29330444335938
13139968,heist,-137.84617614746094
13148160,maze,-256.0
13156352,heist,-137.84617614746094
13164544,maze,-256.0
13172736,heist,-137.84617614746094
13180928,maze,-256.0
13189120,heist,-137.84617614746094
13197312,maze,-256.0
13205504,heist,-137.84617614746094
13213696,maze,-255.8125
13221888,heist,-137.84617614746094
13230080,maze,-255.8396453857422
13238272,heist,-137.84617614746094
13246464,maze,-256.0
13254656,heist,-137.84617614746094
13262848,maze,-256.0
13271040,heist,-137.84617614746094
13279232,maze,-255.20407104492188
13287424,heist,-121.49465942382812
13295616,maze,-250.74407958984375
13303808,heist,-137.84617614746094
13312000,maze,-222.93946838378906
13320192,heist,-137.84617614746094
13328384,maze,-256.0
13336576,heist,-137.84617614746094
13344768,maze,-256.0
13352960,heist,-137.84617614746094
13361152,maze,-251.35890197753906
13369344,heist,-137.84617614746094
13377536,maze,-256.0
13385728,heist,-137.79811096191406
13393920,maze,-256.0
13402112,heist,-137.84617614746094
13410304,maze,-236.57516479492188
13418496,heist,-137.84617614746094
13426688,maze,-255.9375
13434880,heist,-124.99185180664062
13443072,maze,-253.35513305664062
13451264,heist,-137.84617614746094
13459456,maze,-211.19952392578125
13467648,heist,-137.55770874023438
13475840,maze,-256.0
13484032,heist,-137.84617614746094
13492224,maze,-221.89340209960938
13500416,heist,-137.84617614746094
13508608,maze,-255.9375
13516800,heist,-136.94815063476562
13524992,maze,-256.0
13533184,heist,-137.84617614746094
13541376,maze,-255.9375
13549568,heist,-137.84617614746094
13557760,maze,-256.0
13565952,heist,-137.84617614746094
13574144,maze,-212.4490509033203
13582336,heist,-137.84617614746094
13590528,maze,-256.0
13598720,heist,-137.84617614746094
13606912,maze,-256.0
13615104,heist,-137.84617614746094
13623296,maze,-255.5625
13631488,heist,-137.84617614746094
13639680,maze,-256.0
13647872,heist,-137.84617614746094
13656064,maze,-256.0
13664256,heist,-137.84617614746094
13672448,maze,-180.605712890625
13680640,heist,-137.84617614746094
13688832,maze,-245.83535766601562
13697024,heist,-135.6103515625
13705216,maze,-165.8388671875
13713408,heist,-137.84617614746094
13721600,maze,-256.0
13729792,heist,-136.2596435546875
13737984,maze,-256.0
13746176,heist,-137.84617614746094
13754368,maze,-256.0
13762560,heist,-125.72917175292969
13770752,maze,-256.0
13778944,heist,-137.84617614746094
13787136,maze,-256.0
13795328,heist,-137.84617614746094
13803520,maze,-253.4996337890625
13811712,heist,-137.84617614746094
13819904,maze,-256.0
13828096,heist,-137.84617614746094
13836288,maze,-256.0
13844480,heist,-137.84617614746094
13852672,maze,-255.375
13860864,heist,-137.84617614746094
13869056,maze,-256.0
13877248,heist,-137.84617614746094
13885440,maze,-256.0
13893632,heist,-137.84617614746094
13901824,maze,-256.0
13910016,heist,-137.84617614746094
13918208,maze,-255.0625
13926400,heist,-137.84617614746094
13934592,maze,-255.375
13942784,heist,-137.84617614746094
13950976,maze,-242.18365478515625
13959168,heist,-137.84617614746094
13967360,maze,-234.0263214111328
13975552,heist,-137.84617614746094
13983744,maze,-158.86898803710938
13991936,heist,-137.84617614746094
14000128,maze,-256.0
14008320,heist,-137.84617614746094
14016512,maze,-255.6875
14024704,heist,-137.84617614746094
14032896,maze,-256.0
14041088,heist,-137.84617614746094
14049280,maze,-256.0
14057472,heist,-137.84617614746094
14065664,maze,-255.25
14073856,heist,-137.84617614746094
14082048,maze,-256.0
14090240,heist,-137.798095703125
14098432,maze,-256.0
14106624,heist,-137.84617614746094
14114816,maze,-238.68185424804688
14123008,heist,-137.84617614746094
14131200,maze,-237.577880859375
14139392,heist,-137.84617614746094
14147584,maze,-255.5609130859375
14155776,heist,-137.7019500732422
14163968,maze,-256.0
14172160,heist,-137.84617614746094
14180352,maze,-256.0
14188544,heist,-137.84617614746094
14196736,maze,-249.79908752441406
14204928,heist,-137.84617614746094
14213120,maze,-235.95787048339844
14221312,heist,-137.84617614746094
14229504,maze,-256.0
14237696,heist,-137.84617614746094
14245888,maze,-255.875
14254080,heist,-137.84617614746094
14262272,maze,-256.0
14270464,heist,-137.84617614746094
14278656,maze,-256.0
14286848,heist,-137.84617614746094
14295040,maze,-256.0
14303232,heist,-137.84617614746094
14311424,maze,-256.0
14319616,heist,-137.84617614746094
14327808,maze,-253.32022094726562
14336000,heist,-137.84617614746094
14344192,maze,-256.0
14352384,heist,-137.84617614746094
14360576,maze,-256.0
14368768,heist,-137.84617614746094
14376960,maze,-183.7017059326172
14385152,heist,-134.67091369628906
14393344,maze,-254.9375
14401536,heist,-137.84617614746094
14409728,maze,-255.5
14417920,heist,-137.84617614746094
14426112,maze,-256.0
14434304,heist,-137.84617614746094
14442496,maze,-236.49560546875
14450688,heist,-137.84617614746094
14458880,maze,-255.6875
14467072,heist,-137.7019500732422
14475264,maze,-255.9375
14483456,heist,-137.84617614746094
14491648,maze,-251.82534790039062
14499840,heist,-126.02922821044922
14508032,maze,-256.0
14516224,heist,-137.84617614746094
14524416,maze,-255.5
14532608,heist,-137.84617614746094
14540800,maze,-256.0
14548992,heist,-137.84617614746094
14557184,maze,-256.0
14565376,heist,-136.83656311035156
14573568,maze,-206.78863525390625
14581760,heist,-137.84617614746094
14589952,maze,-255.9375
14598144,heist,-137.84617614746094
14606336,maze,-255.5625
14614528,heist,-137.84617614746094
14622720,maze,-256.0
14630912,heist,-137.75003051757812
14639104,maze,-256.0
14647296,heist,-130.57052612304688
14655488,maze,-255.625
14663680,heist,-137.69281005859375
14671872,maze,-240.80532836914062
14680064,heist,-137.84617614746094
14688256,maze,-256.0
14696448,heist,-137.84617614746094
14704640,maze,-229.218994140625
14712832,heist,-137.84617614746094
14721024,maze,-246.57102966308594
14729216,heist,-137.84617614746094
14737408,maze,-239.50637817382812
14745600,heist,-137.84617614746094
14753792,maze,-255.96408081054688
14761984,heist,-137.84617614746094
14770176,maze,-255.75537109375
14778368,heist,-137.84617614746094
14786560,maze,-256.0
14794752,heist,-137.84617614746094
14802944,maze,-256.0
14811136,heist,-137.84617614746094
14819328,maze,-256.0
14827520,heist,-137.84617614746094
14835712,maze,-256.0
14843904,heist,-137.84617614746094
14852096,maze,-255.6875
14860288,heist,-137.84617614746094
14868480,maze,-255.8868408203125
14876672,heist,-137.84617614746094
14884864,maze,-256.0
14893056,heist,-137.84617614746094
14901248,maze,-256.0
14909440,heist,-137.84617614746094
14917632,maze,-254.875
14925824,heist,-120.26628875732422
14934016,maze,-250.13848876953125
14942208,heist,-137.84617614746094
14950400,maze,-218.54248046875
14958592,heist,-137.84617614746094
14966784,maze,-256.0
14974976,heist,-137.84617614746094
14983168,maze,-256.0
14991360,heist,-137.84617614746094
14999552,maze,-248.9378662109375
15007744,heist,-137.84617614746094
15015936,maze,-256.0
15024128,heist,-137.798095703125
15032320,maze,-256.0
15040512,heist,-137.84617614746094
15048704,maze,-229.1846923828125
15056896,heist,-137.84617614746094
15065088,maze,-255.8125
15073280,heist,-126.47342681884766
15081472,maze,-255.25917053222656
15089664,heist,-137.84617614746094
15097856,maze,-216.4475555419922
15106048,heist,-137.798095703125
15114240,maze,-256.0
15122432,heist,-137.84617614746094
15130624,maze,-209.85813903808594
15138816,heist,-137.84617614746094
15147008,maze,-256.0
15155200,heist,-135.9687957763672
15163392,maze,-256.0
15171584,heist,-137.84617614746094
15179776,maze,-256.0
15187968,heist,-137.84617614746094
15196160,maze,-256.0
15204352,heist,-137.84617614746094
15212544,maze,-206.10183715820312
15220736,heist,-137.84617614746094
15228928,maze,-256.0
15237120,heist,-137.84617614746094
15245312,maze,-256.0
15253504,heist,-137.84617614746094
15261696,maze,-255.125
15269888,heist,-137.84617614746094
15278080,maze,-256.0
15286272,heist,-137.84617614746094
15294464,maze,-256.0
15302656,heist,-137.84617614746094
15310848,maze,-114.2166976928711
15319040,heist,-137.84617614746094
15327232,maze,-246.3329315185547
15335424,heist,-136.5980224609375
15343616,maze,253.125
15351808,heist,-137.84617614746094
15360000,maze,-256.0
15368192,heist,-137.75003051757812
15376384,maze,-256.0
15384576,heist,-137.84617614746094
15392768,maze,-256.0
15400960,heist,-129.51853942871094
15409152,maze,-256.0
15417344,heist,-137.84617614746094
15425536,maze,-256.0
15433728,heist,-137.84617614746094
15441920,maze,-252.0355682373047
15450112,heist,-137.84617614746094
15458304,maze,-256.0
15466496,heist,-137.84617614746094
15474688,maze,-256.0
15482880,heist,-137.84617614746094
15491072,maze,-254.625
15499264,heist,-137.84617614746094
15507456,maze,-256.0
15515648,heist,-137.84617614746094
15523840,maze,-255.875
15532032,heist,-137.84617614746094
15540224,maze,-256.0
15548416,heist,-137.84617614746094
15556608,maze,-254.625
15564800,heist,-137.84617614746094
15572992,maze,-255.375
15581184,heist,-137.84617614746094
15589376,maze,-237.36758422851562
15597568,heist,-137.84617614746094
15605760,maze,-232.28076171875
15613952,heist,-137.84617614746094
15622144,maze,254.25
15630336,heist,-137.84617614746094
15638528,maze,-256.0
15646720,heist,-137.84617614746094
15654912,maze,-255.625
15663104,heist,-137.84617614746094
15671296,maze,-256.0
15679488,heist,-137.798095703125
15687680,maze,-256.0
15695872,heist,-137.84617614746094
15704064,maze,-255.5
15712256,heist,-137.84617614746094
15720448,maze,-256.0
15728640,heist,-137.84617614746094
15736832,maze,-256.0
15745024,heist,-137.84617614746094
15753216,maze,-237.376220703125
15761408,heist,-137.84617614746094
15769600,maze,-237.02130126953125
15777792,heist,-137.84617614746094
15785984,maze,-255.6404266357422
15794176,heist,-137.84617614746094
15802368,maze,-256.0
15810560,heist,-137.84617614746094
15818752,maze,-256.0
15826944,heist,-137.84617614746094
15835136,maze,-249.8720245361328
15843328,heist,-137.84617614746094
15851520,maze,-231.4090576171875
15859712,heist,-137.79811096191406
15867904,maze,-256.0
15876096,heist,-137.79811096191406
15884288,maze,-255.9375
15892480,heist,-137.84617614746094
15900672,maze,-255.9375
15908864,heist,-137.84617614746094
15917056,maze,-256.0
15925248,heist,-137.84617614746094
15933440,maze,-255.9375
15941632,heist,-137.84617614746094
15949824,maze,-256.0
15958016,heist,-137.84617614746094
15966208,maze,-251.90194702148438
15974400,heist,-137.798095703125
15982592,maze,-256.0
15990784,heist,-137.84617614746094
15998976,maze,-256.0
16007168,heist,-137.84617614746094
16015360,maze,9.537548065185547
16023552,heist,-133.42835998535156
16031744,maze,-253.25
16039936,heist,-137.84617614746094
16048128,maze,-255.0625
16056320,heist,-137.84617614746094
16064512,maze,-256.0
16072704,heist,-137.79811096191406
16080896,maze,-236.65830993652344
16089088,heist,-137.84617614746094
16097280,maze,-255.625
16105472,heist,-137.79811096191406
16113664,maze,-255.9375
16121856,heist,-137.84617614746094
16130048,maze,-246.8070831298828
16138240,heist,-127.09062194824219
16146432,maze,-256.0
16154624,heist,-137.84617614746094
16162816,maze,-254.9375
16171008,heist,-137.84617614746094
16179200,maze,-256.0
16187392,heist,-137.84617614746094
16195584,maze,-256.0
16203776,heist,-137.12503051757812
16211968,maze,-204.82498168945312
16220160,heist,-137.84617614746094
16228352,maze,-255.9375
16236544,heist,-137.84617614746094
16244736,maze,-255.75
16252928,heist,-137.84617614746094
16261120,maze,-256.0
16269312,heist,-137.65386962890625
16277504,maze,-256.0
16285696,heist,-130.81443786621094
16293888,maze,-255.75
16302080,heist,-137.6279296875
16310272,maze,-239.5424346923828
16318464,heist,-137.84617614746094
16326656,maze,-255.875
16334848,heist,-137.84617614746094
16343040,maze,-229.8082275390625
16351232,heist,-137.84617614746094
16359424,maze,-246.89280700683594
16367616,heist,-137.84617614746094
16375808,maze,-237.47711181640625
16384000,heist,-137.84617614746094
16392192,maze,-256.0
16400384,heist,-137.84617614746094
16408576,maze,-255.65054321289062
16416768,heist,-137.84617614746094
16424960,maze,-256.0
16433152,heist,-137.84617614746094
16441344,maze,-256.0
16449536,heist,-137.84617614746094
16457728,maze,-256.0
16465920,heist,-137.84617614746094
16474112,maze,-256.0
16482304,heist,-137.84617614746094
16490496,maze,-255.5
16498688,heist,-137.84617614746094
16506880,maze,-255.94960021972656
16515072,heist,-137.84617614746094
16523264,maze,-256.0
16531456,heist,-137.84617614746094
16539648,maze,-256.0
16547840,heist,-137.84617614746094
16556032,maze,-255.5126953125
16564224,heist,-120.16893005371094
16572416,maze,-247.81924438476562
16580608,heist,-137.84617614746094
16588800,maze,-220.85292053222656
16596992,heist,-137.84617614746094
16605184,maze,-256.0
16613376,heist,-137.84617614746094
16621568,maze,-256.0
16629760,heist,-137.84617614746094
16637952,maze,-246.79638671875
16646144,heist,-137.84617614746094
16654336,maze,-255.9375
16662528,heist,-137.84617614746094
16670720,maze,-256.0
16678912,heist,-137.84617614746094
16687104,maze,-226.99545288085938
16695296,heist,-137.84617614746094
16703488,maze,-255.75
16711680,heist,-126.2097396850586
16719872,maze,-254.8125
16728064,heist,-137.84617614746094
16736256,maze,-219.8589324951172
16744448,heist,-137.50962829589844
16752640,maze,-256.0
16760832,heist,-137.84617614746094
16769024,maze,-204.99981689453125
16777216,heist,-137.84617614746094
16785408,maze,-256.0
16793600,heist,-135.56922912597656
16801792,maze,-256.0
16809984,heist,-137.84617614746094
16818176,maze,-256.0
16826368,heist,-137.84617614746094
16834560,maze,-256.0
16842752,heist,-137.84617614746094
16850944,maze,-206.92950439453125
16859136,heist,-137.84617614746094
16867328,maze,-256.0
16875520,heist,-137.84617614746094
16883712,maze,-255.9375
16891904,heist,-137.84617614746094
16900096,maze,-255.125
16908288,heist,-137.84617614746094
16916480,maze,-256.0
16924672,heist,-137.84617614746094
16932864,maze,-256.0
16941056,heist,-137.84617614746094
16949248,maze,253.5625
16957440,heist,-137.84617614746094
16965632,maze,-244.89834594726562
16973824,heist,-137.0863800048828
16982016,maze,254.875
16990208,heist,-137.84617614746094
16998400,maze,-256.0
17006592,heist,-137.5096435546875
17014784,maze,-256.0
17022976,heist,-137.84617614746094
17031168,maze,-256.0
17039360,heist,-129.12261962890625
17047552,maze,-255.9375
17055744,heist,-137.84617614746094
17063936,maze,-256.0
17072128,heist,-137.84617614746094
17080320,maze,-252.2506866455078
17088512,heist,-137.84617614746094
17096704,maze,-256.0
17104896,heist,-137.84617614746094
17113088,maze,-256.0
17121280,heist,-137.84617614746094
17129472,maze,-255.5
17137664,heist,-137.84617614746094
17145856,maze,-256.0
17154048,heist,-137.84617614746094
17162240,maze,-256.0
17170432,heist,-137.84617614746094
17178624,maze,-256.0
17186816,heist,-137.84617614746094
17195008,maze,-254.25
17203200,heist,-137.84617614746094
17211392,maze,-255.0625
17219584,heist,-137.84617614746094
17227776,maze,-237.94566345214844
17235968,heist,-137.84617614746094
17244160,maze,-228.8010711669922
17252352,heist,-137.84617614746094
17260544,maze,252.9375
17268736,heist,-137.84617614746094
17276928,maze,-256.0
17285120,heist,-137.84617614746094
17293312,maze,-255.5625
17301504,heist,-137.84617614746094
17309696,maze,-256.0
17317888,heist,-137.84617614746094
17326080,maze,-256.0
17334272,heist,-137.84617614746094
17342464,maze,-255.625
17350656,heist,-137.84617614746094
17358848,maze,-256.0
17367040,heist,-137.84617614746094
17375232,maze,-256.0
17383424,heist,-137.84617614746094
17391616,maze,-235.821044921875
17399808,heist,-137.84617614746094
17408000,maze,-234.2161407470703
17416192,heist,-137.84617614746094
17424384,maze,-255.60671997070312
17432576,heist,-137.84617614746094
17440768,maze,-256.0
17448960,heist,-137.84617614746094
17457152,maze,-256.0
17465344,heist,-137.84617614746094
17473536,maze,-244.7852020263672
17481728,heist,-137.84617614746094
17489920,maze,-228.56201171875
17498112,heist,-137.84617614746094
17506304,maze,-256.0
17514496,heist,-137.84617614746094
17522688,maze,-255.875
17530880,heist,-137.84617614746094
17539072,maze,-255.9375
17547264,heist,-137.84617614746094
17555456,maze,-256.0
17563648,heist,-137.84617614746094
17571840,maze,-256.0
17580032,heist,-137.84617614746094
17588224,maze,-256.0
17596416,heist,-137.84617614746094
17604608,maze,-246.42135620117188
17612800,heist,-137.84617614746094
17620992,maze,-256.0
17629184,heist,-137.84617614746094
17637376,maze,-256.0
17645568,heist,-137.84617614746094
17653760,maze,251.6875
17661952,heist,-134.1018829345703
17670144,maze,-251.3509063720703
17678336,heist,-137.84617614746094
17686528,maze,-254.4835968017578
17694720,heist,-137.84617614746094
17702912,maze,-256.0
17711104,heist,-137.84617614746094
17719296,maze,-234.8446044921875
17727488,heist,-137.84617614746094
17735680,maze,-255.3125
17743872,heist,-137.798095703125
17752064,maze,-256.0
17760256,heist,-137.84617614746094
17768448,maze,-233.0315704345703
17776640,heist,-128.4209442138672
17784832,maze,-256.0
17793024,heist,-137.84617614746094
17801216,maze,-254.3125
17809408,heist,-137.84617614746094
17817600,maze,-256.0
17825792,heist,-137.84617614746094
17833984,maze,-256.0
17842176,heist,-137.07693481445312
17850368,maze,-205.12432861328125
17858560,heist,-137.84617614746094
17866752,maze,-256.0
17874944,heist,-137.84617614746094
17883136,maze,-256.0
17891328,heist,-137.84617614746094
17899520,maze,-256.0
17907712,heist,-137.0769500732422
17915904,maze,-256.0
17924096,heist,-131.69618225097656
17932288,maze,-255.6875
17940480,heist,-137.41883850097656
17948672,maze,-240.4721221923828
17956864,heist,-137.84617614746094
17965056,maze,-255.875
17973248,heist,-137.84617614746094
17981440,maze,-227.97474670410156
17989632,heist,-137.84617614746094
17997824,maze,-250.20208740234375
18006016,heist,-137.84617614746094
18014208,maze,-238.46832275390625
18022400,heist,-137.84617614746094
18030592,maze,-256.0
18038784,heist,-137.84617614746094
18046976,maze,-255.875
18055168,heist,-137.84617614746094
18063360,maze,-256.0
18071552,heist,-137.84617614746094
18079744,maze,-256.0
18087936,heist,-137.84617614746094
18096128,maze,-256.0
18104320,heist,-137.84617614746094
18112512,maze,-256.0
18120704,heist,-137.84617614746094
18128896,maze,-255.8125
18137088,heist,-137.84617614746094
18145280,maze,-256.0
18153472,heist,-137.84617614746094
18161664,maze,-256.0
18169856,heist,-137.84617614746094
18178048,maze,-256.0
18186240,heist,-137.84617614746094
18194432,maze,-255.3125
18202624,heist,-119.68193054199219
18210816,maze,-248.88076782226562
18219008,heist,-137.84617614746094
18227200,maze,-211.17556762695312
18235392,heist,-137.84617614746094
18243584,maze,-256.0
18251776,heist,-137.84617614746094
18259968,maze,-256.0
18268160,heist,-137.84617614746094
18276352,maze,-237.27117919921875
18284544,heist,-137.84617614746094
18292736,maze,-256.0
18300928,heist,-137.75003051757812
18309120,maze,-256.0
18317312,heist,-137.84617614746094
18325504,maze,-222.18325805664062
18333696,heist,-137.84617614746094
18341888,maze,-255.6875
18350080,heist,-125.03739166259766
18358272,maze,-255.0625
18366464,heist,-137.84617614746094
18374656,maze,-202.42845153808594
18382848,heist,-136.40386962890625
18391040,maze,-256.0
18399232,heist,-137.84617614746094
18407424,maze,-204.82498168945312
18415616,heist,-137.798095703125
18423808,maze,-256.0
18432000,heist,-136.823974609375
18440192,maze,-256.0
18448384,heist,-137.84617614746094
18456576,maze,-256.0
18464768,heist,-137.84617614746094
18472960,maze,-256.0
18481152,heist,-137.84617614746094
18489344,maze,-204.82498168945312
18497536,heist,-137.84617614746094
18505728,maze,-256.0
18513920,heist,-137.84617614746094
18522112,maze,-256.0
18530304,heist,-137.79811096191406
18538496,maze,-255.0625
18546688,heist,-137.84617614746094
18554880,maze,-256.0
18563072,heist,-137.84617614746094
18571264,maze,-256.0
18579456,heist,-137.84617614746094
18587648,maze,255.6875
18595840,heist,-137.84617614746094
18604032,maze,-248.7255401611328
18612224,heist,-137.08697509765625
18620416,maze,226.92849731445312
18628608,heist,-137.84617614746094
18636800,maze,-256.0
18644992,heist,-136.78848266601562
18653184,maze,-256.0
18661376,heist,-137.84617614746094
18669568,maze,-256.0
18677760,heist,-127.96211242675781
18685952,maze,-256.0
18694144,heist,-137.84617614746094
18702336,maze,-256.0
18710528,heist,-137.84617614746094
18718720,maze,-249.73370361328125
18726912,heist,-137.84617614746094
18735104,maze,-256.0
18743296,heist,-137.84617614746094
18751488,maze,-256.0
18759680,heist,-137.84617614746094
18767872,maze,-255.625
18776064,heist,-137.84617614746094
18784256,maze,-256.0
18792448,heist,-137.84617614746094
18800640,maze,-255.5625
18808832,heist,-137.84617614746094
18817024,maze,-256.0
18825216,heist,-137.84617614746094
18833408,maze,-253.4375
18841600,heist,-137.84617614746094
18849792,maze,-255.25
18857984,heist,-137.84617614746094
18866176,maze,-234.5767364501953
18874368,heist,-137.84617614746094
18882560,maze,-224.6661376953125
18890752,heist,-137.84617614746094
18898944,maze,224.97463989257812
18907136,heist,-137.84617614746094
18915328,maze,-256.0
18923520,heist,-137.84617614746094
18931712,maze,-255.6875
18939904,heist,-137.84617614746094
18948096,maze,-256.0
18956288,heist,-137.79811096191406
18964480,maze,-256.0
18972672,heist,-137.84617614746094
18980864,maze,-255.625
18989056,heist,-137.84617614746094
18997248,maze,-256.0
19005440,heist,-137.84617614746094
19013632,maze,-256.0
19021824,heist,-137.84617614746094
19030016,maze,-233.55838012695312
19038208,heist,-137.84617614746094
19046400,maze,-237.75326538085938
19054592,heist,-137.84617614746094
19062784,maze,-255.81655883789062
19070976,heist,-137.84617614746094
19079168,maze,-256.0
19087360,heist,-137.84617614746094
19095552,maze,-256.0
19103744,heist,-137.84617614746094
19111936,maze,-245.26666259765625
19120128,heist,-137.84617614746094
19128320,maze,-226.8658447265625
19136512,heist,-137.84617614746094
19144704,maze,-256.0
19152896,heist,-137.84617614746094
19161088,maze,-255.75
19169280,heist,-137.84617614746094
19177472,maze,-256.0
19185664,heist,-137.84617614746094
19193856,maze,-256.0
19202048,heist,-137.84617614746094
19210240,maze,-256.0
19218432,heist,-137.84617614746094
19226624,maze,-256.0
19234816,heist,-137.84617614746094
19243008,maze,-244.65882873535156
19251200,heist,-137.798095703125
19259392,maze,-256.0
19267584,heist,-137.84617614746094
19275776,maze,-256.0
19283968,heist,-137.84617614746094
19292160,maze,254.6875
19300352,heist,-135.89920043945312
19308544,maze,-249.59793090820312
19316736,heist,-137.84617614746094
19324928,maze,-254.06741333007812
19333120,heist,-137.84617614746094
19341312,maze,-256.0
19349504,heist,-137.84617614746094
19357696,maze,-229.90011596679688
19365888,heist,-137.84617614746094
19374080,maze,-255.44859313964844
19382272,heist,-137.84617614746094
19390464,maze,-256.0
19398656,heist,-137.84617614746094
19406848,maze,-227.27810668945312
19415040,heist,-127.0924301147461
19423232,maze,-256.0
19431424,heist,-137.84617614746094
19439616,maze,-253.9375
19447808,heist,-137.84617614746094
19456000,maze,-256.0
19464192,heist,-137.84617614746094
19472384,maze,-256.0
19480576,heist,-136.041015625
19488768,maze,-205.88552856445312
19496960,heist,-137.84617614746094
19505152,maze,-255.9375
19513344,heist,-137.84617614746094
19521536,maze,-256.0
19529728,heist,-137.84617614746094
19537920,maze,-256.0
19546112,heist,-137.84617614746094
19554304,maze,-256.0
19562496,heist,-130.740478515625
19570688,maze,-255.75
19578880,heist,-137.51451110839844
19587072,maze,-237.28273010253906
19595264,heist,-137.84617614746094
19603456,maze,-256.0
19611648,heist,-137.84617614746094
19619840,maze,-224.6129150390625
19628032,heist,-137.84617614746094
19636224,maze,-254.5625
19644416,heist,-137.84617614746094
19652608,maze,-238.21884155273438
19660800,heist,-137.84617614746094
19668992,maze,-256.0
19677184,heist,-137.84617614746094
19685376,maze,-255.75
19693568,heist,-137.84617614746094
19701760,maze,-256.0
19709952,heist,-137.84617614746094
19718144,maze,-256.0
19726336,heist,-137.84617614746094
19734528,maze,-256.0
19742720,heist,-137.84617614746094
19750912,maze,-256.0
19759104,heist,-137.84617614746094
19767296,maze,-255.75
19775488,heist,-137.84617614746094
19783680,maze,-255.94960021972656
19791872,heist,-137.84617614746094
19800064,maze,-256.0
19808256,heist,-137.84617614746094
19816448,maze,-256.0
19824640,heist,-137.84617614746094
19832832,maze,-255.375
19841024,heist,-117.67072296142578
19849216,maze,-248.20703125
19857408,heist,-137.84617614746094
19865600,maze,-203.43582153320312
19873792,heist,-137.84617614746094
19881984,maze,-256.0
19890176,heist,-137.84617614746094
19898368,maze,-256.0
19906560,heist,-137.84617614746094
19914752,maze,-229.96522521972656
19922944,heist,-137.84617614746094
19931136,maze,-256.0
19939328,heist,-137.84617614746094
19947520,maze,-256.0
19955712,heist,-137.84617614746094
19963904,maze,-221.32752990722656
19972096,heist,-137.84617614746094
19980288,maze,-255.9375
19988480,heist,-123.73233032226562
19996672,maze,-254.5003662109375
20004864,heist,-137.84617614746094
