Looking in links: https://download.pytorch.org/whl/cu113/torch_stable.html
Requirement already satisfied: torch==1.10.0+cu113 in /zhome/fa/4/127501/.local/lib/python3.7/site-packages (1.10.0+cu113)
Requirement already satisfied: torchvision==0.11.1+cu113 in /zhome/fa/4/127501/.local/lib/python3.7/site-packages (0.11.1+cu113)
Requirement already satisfied: torchaudio==0.10.0+cu113 in /zhome/fa/4/127501/.local/lib/python3.7/site-packages (0.10.0+cu113)
Requirement already satisfied: typing-extensions in /appl/python/3.7.11/lib/python3.7/site-packages (from torch==1.10.0+cu113) (3.10.0.0)
Requirement already satisfied: numpy in /zhome/fa/4/127501/.local/lib/python3.7/site-packages (from torchvision==0.11.1+cu113) (1.21.4)
Requirement already satisfied: pillow!=8.3.0,>=5.3.0 in /zhome/fa/4/127501/.local/lib/python3.7/site-packages (from torchvision==0.11.1+cu113) (8.4.0)
Requirement already satisfied: procgen in /zhome/fa/4/127501/.local/lib/python3.7/site-packages (0.10.4)
Requirement already satisfied: gym<1.0.0,>=0.15.0 in /zhome/fa/4/127501/.local/lib/python3.7/site-packages (from procgen) (0.21.0)
Requirement already satisfied: numpy<2.0.0,>=1.17.0 in /zhome/fa/4/127501/.local/lib/python3.7/site-packages (from procgen) (1.21.4)
Requirement already satisfied: filelock<4.0.0,>=3.0.0 in /appl/python/3.7.11/lib/python3.7/site-packages (from procgen) (3.0.12)
Requirement already satisfied: gym3<1.0.0,>=0.3.3 in /zhome/fa/4/127501/.local/lib/python3.7/site-packages (from procgen) (0.3.3)
Requirement already satisfied: cloudpickle>=1.2.0 in /zhome/fa/4/127501/.local/lib/python3.7/site-packages (from gym<1.0.0,>=0.15.0->procgen) (2.0.0)
Collecting importlib-metadata>=4.8.1
  Using cached importlib_metadata-4.9.0-py3-none-any.whl (17 kB)
Requirement already satisfied: cffi<2.0.0,>=1.13.0 in /zhome/fa/4/127501/.local/lib/python3.7/site-packages (from gym3<1.0.0,>=0.3.3->procgen) (1.15.0)
Requirement already satisfied: imageio-ffmpeg<0.4.0,>=0.3.0 in /zhome/fa/4/127501/.local/lib/python3.7/site-packages (from gym3<1.0.0,>=0.3.3->procgen) (0.3.0)
Requirement already satisfied: imageio<3.0.0,>=2.6.0 in /zhome/fa/4/127501/.local/lib/python3.7/site-packages (from gym3<1.0.0,>=0.3.3->procgen) (2.10.3)
Requirement already satisfied: glfw<2.0.0,>=1.8.6 in /zhome/fa/4/127501/.local/lib/python3.7/site-packages (from gym3<1.0.0,>=0.3.3->procgen) (1.12.0)
Requirement already satisfied: moderngl<6.0.0,>=5.5.4 in /zhome/fa/4/127501/.local/lib/python3.7/site-packages (from gym3<1.0.0,>=0.3.3->procgen) (5.6.4)
Requirement already satisfied: pycparser in /zhome/fa/4/127501/.local/lib/python3.7/site-packages (from cffi<2.0.0,>=1.13.0->gym3<1.0.0,>=0.3.3->procgen) (2.21)
Requirement already satisfied: pillow>=8.3.2 in /zhome/fa/4/127501/.local/lib/python3.7/site-packages (from imageio<3.0.0,>=2.6.0->gym3<1.0.0,>=0.3.3->procgen) (8.4.0)
Requirement already satisfied: typing-extensions>=3.6.4 in /appl/python/3.7.11/lib/python3.7/site-packages (from importlib-metadata>=4.8.1->gym<1.0.0,>=0.15.0->procgen) (3.10.0.0)
Requirement already satisfied: zipp>=0.5 in /appl/python/3.7.11/lib/python3.7/site-packages (from importlib-metadata>=4.8.1->gym<1.0.0,>=0.15.0->procgen) (3.5.0)
Requirement already satisfied: glcontext<3,>=2 in /zhome/fa/4/127501/.local/lib/python3.7/site-packages (from moderngl<6.0.0,>=5.5.4->gym3<1.0.0,>=0.3.3->procgen) (2.3.4)
Installing collected packages: importlib-metadata
Requirement already satisfied: imageio in /zhome/fa/4/127501/.local/lib/python3.7/site-packages (2.10.3)
Requirement already satisfied: pillow>=8.3.2 in /zhome/fa/4/127501/.local/lib/python3.7/site-packages (from imageio) (8.4.0)
Requirement already satisfied: numpy in /zhome/fa/4/127501/.local/lib/python3.7/site-packages (from imageio) (1.21.4)
Looking in links: https://download.pytorch.org/whl/cu113/torch_stable.html
Requirement already satisfied: torch==1.10.0+cu113 in /zhome/fa/4/127501/.local/lib/python3.7/site-packages (1.10.0+cu113)
Requirement already satisfied: torchvision==0.11.1+cu113 in /zhome/fa/4/127501/.local/lib/python3.7/site-packages (0.11.1+cu113)
Requirement already satisfied: torchaudio==0.10.0+cu113 in /zhome/fa/4/127501/.local/lib/python3.7/site-packages (0.10.0+cu113)
Requirement already satisfied: typing-extensions in /appl/python/3.7.11/lib/python3.7/site-packages (from torch==1.10.0+cu113) (3.10.0.0)
Requirement already satisfied: numpy in /zhome/fa/4/127501/.local/lib/python3.7/site-packages (from torchvision==0.11.1+cu113) (1.21.4)
Requirement already satisfied: pillow!=8.3.0,>=5.3.0 in /zhome/fa/4/127501/.local/lib/python3.7/site-packages (from torchvision==0.11.1+cu113) (8.4.0)
Requirement already satisfied: procgen in /zhome/fa/4/127501/.local/lib/python3.7/site-packages (0.10.4)
Requirement already satisfied: gym<1.0.0,>=0.15.0 in /zhome/fa/4/127501/.local/lib/python3.7/site-packages (from procgen) (0.21.0)
Requirement already satisfied: filelock<4.0.0,>=3.0.0 in /appl/python/3.7.11/lib/python3.7/site-packages (from procgen) (3.0.12)
Requirement already satisfied: numpy<2.0.0,>=1.17.0 in /zhome/fa/4/127501/.local/lib/python3.7/site-packages (from procgen) (1.21.4)
Requirement already satisfied: gym3<1.0.0,>=0.3.3 in /zhome/fa/4/127501/.local/lib/python3.7/site-packages (from procgen) (0.3.3)
Collecting importlib-metadata>=4.8.1
  Using cached importlib_metadata-4.9.0-py3-none-any.whl (17 kB)
Requirement already satisfied: cloudpickle>=1.2.0 in /zhome/fa/4/127501/.local/lib/python3.7/site-packages (from gym<1.0.0,>=0.15.0->procgen) (2.0.0)
Requirement already satisfied: imageio<3.0.0,>=2.6.0 in /zhome/fa/4/127501/.local/lib/python3.7/site-packages (from gym3<1.0.0,>=0.3.3->procgen) (2.10.3)
Requirement already satisfied: cffi<2.0.0,>=1.13.0 in /zhome/fa/4/127501/.local/lib/python3.7/site-packages (from gym3<1.0.0,>=0.3.3->procgen) (1.15.0)
Requirement already satisfied: glfw<2.0.0,>=1.8.6 in /zhome/fa/4/127501/.local/lib/python3.7/site-packages (from gym3<1.0.0,>=0.3.3->procgen) (1.12.0)
Requirement already satisfied: moderngl<6.0.0,>=5.5.4 in /zhome/fa/4/127501/.local/lib/python3.7/site-packages (from gym3<1.0.0,>=0.3.3->procgen) (5.6.4)
Requirement already satisfied: imageio-ffmpeg<0.4.0,>=0.3.0 in /zhome/fa/4/127501/.local/lib/python3.7/site-packages (from gym3<1.0.0,>=0.3.3->procgen) (0.3.0)
Requirement already satisfied: pycparser in /zhome/fa/4/127501/.local/lib/python3.7/site-packages (from cffi<2.0.0,>=1.13.0->gym3<1.0.0,>=0.3.3->procgen) (2.21)
Requirement already satisfied: pillow>=8.3.2 in /zhome/fa/4/127501/.local/lib/python3.7/site-packages (from imageio<3.0.0,>=2.6.0->gym3<1.0.0,>=0.3.3->procgen) (8.4.0)
Requirement already satisfied: zipp>=0.5 in /appl/python/3.7.11/lib/python3.7/site-packages (from importlib-metadata>=4.8.1->gym<1.0.0,>=0.15.0->procgen) (3.5.0)
Requirement already satisfied: typing-extensions>=3.6.4 in /appl/python/3.7.11/lib/python3.7/site-packages (from importlib-metadata>=4.8.1->gym<1.0.0,>=0.15.0->procgen) (3.10.0.0)
Requirement already satisfied: glcontext<3,>=2 in /zhome/fa/4/127501/.local/lib/python3.7/site-packages (from moderngl<6.0.0,>=5.5.4->gym3<1.0.0,>=0.3.3->procgen) (2.3.4)
Installing collected packages: importlib-metadata
Successfully installed importlib-metadata-4.9.0
Requirement already satisfied: imageio in /zhome/fa/4/127501/.local/lib/python3.7/site-packages (2.10.3)
Requirement already satisfied: pillow>=8.3.2 in /zhome/fa/4/127501/.local/lib/python3.7/site-packages (from imageio) (8.4.0)
Requirement already satisfied: numpy in /zhome/fa/4/127501/.local/lib/python3.7/site-packages (from imageio) (1.21.4)
Running PPO-bigfish
8160,bigfish,3.787013530731201
16320,bigfish,7.3451690673828125
24480,bigfish,13.323114395141602
32640,bigfish,8.727248191833496
38304,bigfish,5.571300983428955
46464,bigfish,10.581171035766602
54624,bigfish,4.899882793426514
61344,bigfish,4.25704288482666
68576,bigfish,3.8616690635681152
76736,bigfish,9.843835830688477
79616,bigfish,6.664600372314453
82368,bigfish,5.152936935424805
90528,bigfish,5.875563621520996
98688,bigfish,4.734858512878418
106848,bigfish,5.845071315765381
110400,bigfish,6.726996421813965
118560,bigfish,3.449665069580078
126720,bigfish,7.741015434265137
134880,bigfish,6.306522369384766
143040,bigfish,6.865204811096191
151200,bigfish,5.874312400817871
159360,bigfish,3.2450966835021973
161664,bigfish,3.2450966835021973
165568,bigfish,8.5129976272583
173728,bigfish,4.095526218414307
178176,bigfish,4.504046440124512
186336,bigfish,7.46137809753418
194496,bigfish,5.064754009246826
202656,bigfish,3.941744565963745
210816,bigfish,4.056634902954102
215008,bigfish,5.940382957458496
219744,bigfish,4.975002765655518
227904,bigfish,5.441672325134277
236064,bigfish,5.9283528327941895
241184,bigfish,7.459048748016357
249344,bigfish,5.737334728240967
255392,bigfish,7.919215679168701
261696,bigfish,8.611985206604004
262688,bigfish,8.540083885192871
270848,bigfish,3.1671805381774902
278752,bigfish,4.885173320770264
285984,bigfish,2.9811465740203857
289728,bigfish,3.088146209716797
297888,bigfish,3.0832901000976562
306048,bigfish,10.757469177246094
311744,bigfish,5.926019668579102
315904,bigfish,4.778428554534912
323872,bigfish,7.254736423492432
325536,bigfish,7.105173110961914
328512,bigfish,10.389957427978516
334048,bigfish,10.962861061096191
342208,bigfish,8.349061012268066
350368,bigfish,6.726833820343018
358528,bigfish,3.640361785888672
364288,bigfish,8.495463371276855
366016,bigfish,7.978731155395508
372224,bigfish,2.0177409648895264
380384,bigfish,9.005914688110352
385760,bigfish,7.556467533111572
391840,bigfish,6.8246307373046875
395520,bigfish,7.770603179931641
401600,bigfish,2.6610584259033203
408160,bigfish,3.5489652156829834
416320,bigfish,9.425222396850586
424480,bigfish,8.49706745147705
432640,bigfish,6.47606897354126
440800,bigfish,8.006677627563477
448960,bigfish,6.989278793334961
452640,bigfish,3.0638015270233154
460800,bigfish,8.97314167022705
467968,bigfish,7.094849109649658
476128,bigfish,5.479631423950195
478528,bigfish,5.479631423950195
480736,bigfish,9.186254501342773
487040,bigfish,8.790460586547852
495200,bigfish,8.063986778259277
501344,bigfish,4.701624870300293
507680,bigfish,10.7103910446167
515840,bigfish,6.841632843017578
524000,bigfish,7.055469512939453
532160,bigfish,3.476485013961792
540320,bigfish,6.859285354614258
548480,bigfish,9.610750198364258
550272,bigfish,7.495337963104248
554400,bigfish,5.5361008644104
562560,bigfish,10.187922477722168
565216,bigfish,4.658906936645508
570496,bigfish,9.207648277282715
577120,bigfish,3.6697821617126465
585280,bigfish,7.352982997894287
593440,bigfish,5.294899940490723
601600,bigfish,7.712320327758789
605600,bigfish,8.749494552612305
613760,bigfish,7.168978691101074
621920,bigfish,9.207910537719727
630080,bigfish,0.0
638240,bigfish,5.855552673339844
646400,bigfish,9.237848281860352
654560,bigfish,0.3125
662720,bigfish,8.597182273864746
670880,bigfish,3.3128719329833984
677792,bigfish,5.563964366912842
685952,bigfish,8.396486282348633
688672,bigfish,2.6396894454956055
692672,bigfish,2.679950714111328
698816,bigfish,2.298301935195923
702944,bigfish,2.4184556007385254
709504,bigfish,7.814945220947266
711648,bigfish,7.27148962020874
719808,bigfish,2.1875
726496,bigfish,1.8645048141479492
734656,bigfish,10.634711265563965
740832,bigfish,10.37341594696045
747488,bigfish,7.4216084480285645
749056,bigfish,10.4680814743042
756992,bigfish,5.713624000549316
761952,bigfish,7.387342929840088
767392,bigfish,7.649828910827637
770432,bigfish,10.832474708557129
778432,bigfish,7.103765964508057
780928,bigfish,6.899806022644043
789088,bigfish,1.597852110862732
794848,bigfish,3.4728522300720215
800256,bigfish,9.220091819763184
804032,bigfish,14.24498462677002
812192,bigfish,9.172597885131836
817056,bigfish,3.761199712753296
825216,bigfish,6.946011066436768
833376,bigfish,5.276298522949219
840256,bigfish,10.63937759399414
844896,bigfish,9.778175354003906
852448,bigfish,5.507115840911865
860608,bigfish,8.697696685791016
867168,bigfish,7.967888832092285
869248,bigfish,10.780558586120605
876320,bigfish,7.332799911499023
884320,bigfish,7.323071479797363
884896,bigfish,4.845334053039551
891680,bigfish,5.575854778289795
897728,bigfish,1.4028654098510742
903904,bigfish,7.440646648406982
912064,bigfish,5.782259464263916
916864,bigfish,3.612701416015625
925024,bigfish,1.2093839645385742
933184,bigfish,7.62249231338501
937312,bigfish,2.039552688598633
945472,bigfish,7.648270606994629
953632,bigfish,2.61460280418396
957600,bigfish,4.656247138977051
960704,bigfish,3.8767449855804443
968864,bigfish,5.434238910675049
972384,bigfish,4.136693477630615
979136,bigfish,10.519698143005371
983040,bigfish,8.276742935180664
984192,bigfish,5.535021781921387
988288,bigfish,12.59488582611084
996352,bigfish,8.033499717712402
999264,bigfish,9.542276382446289
1001952,bigfish,4.494078636169434
1004384,bigfish,2.9076223373413086
1007776,bigfish,2.33634614944458
1011904,bigfish,0.9375
1017216,bigfish,3.8761353492736816
1024576,bigfish,5.964567184448242
1028416,bigfish,6.360499382019043
1036576,bigfish,7.335524559020996
1041888,bigfish,3.9974427223205566
1050048,bigfish,9.644685745239258
1058208,bigfish,3.1358189582824707
1064384,bigfish,7.194235801696777
1072544,bigfish,7.335836887359619
1076960,bigfish,3.327282667160034
1085120,bigfish,4.7670979499816895
1090368,bigfish,7.5254034996032715
1096576,bigfish,3.0804030895233154
1104736,bigfish,5.355862140655518
1112896,bigfish,7.508347511291504
1120832,bigfish,7.038539409637451
1125056,bigfish,4.88236141204834
1133216,bigfish,8.828665733337402
1141376,bigfish,0.625
1149536,bigfish,8.246075630187988
1157696,bigfish,4.451005935668945
1165856,bigfish,4.670136451721191
1170208,bigfish,6.935995101928711
1178368,bigfish,4.072663307189941
1181120,bigfish,4.385163307189941
1185632,bigfish,5.080583095550537
1193792,bigfish,7.561793327331543
1199776,bigfish,4.79551887512207
1207936,bigfish,5.171456336975098
1216096,bigfish,4.945995807647705
1221440,bigfish,9.542007446289062
1229600,bigfish,7.970809459686279
1237760,bigfish,5.467044830322266
1245920,bigfish,3.3479061126708984
1254080,bigfish,3.968764066696167
1262240,bigfish,7.579232215881348
1270400,bigfish,7.306903839111328
1278560,bigfish,10.487579345703125
1286720,bigfish,6.720297336578369
1292704,bigfish,6.297231674194336
1300864,bigfish,13.65709400177002
1309024,bigfish,8.77136516571045
1314464,bigfish,3.780442714691162
1322624,bigfish,6.014291286468506
1330784,bigfish,4.016457557678223
1336416,bigfish,8.280834197998047
1342912,bigfish,7.7536845207214355
1349952,bigfish,9.131599426269531
1357024,bigfish,6.384532928466797
1359840,bigfish,3.9668240547180176
1367744,bigfish,5.42385196685791
1375904,bigfish,5.399371147155762
1384064,bigfish,7.689095497131348
1389536,bigfish,8.256834030151367
1397696,bigfish,5.417696952819824
1405856,bigfish,7.321716785430908
1409632,bigfish,2.454376220703125
1417792,bigfish,5.457859516143799
1425952,bigfish,8.411317825317383
1434112,bigfish,1.131485104560852
1436768,bigfish,1.131485104560852
1444928,bigfish,5.096872806549072
1450208,bigfish,4.322059631347656
1458368,bigfish,5.688418388366699
1466528,bigfish,1.0787073373794556
1474688,bigfish,4.465999603271484
1482848,bigfish,2.623412609100342
1491008,bigfish,6.753310680389404
1495584,bigfish,8.027217864990234
1503744,bigfish,0.3125
1511904,bigfish,8.017997741699219
1520064,bigfish,4.568345069885254
1528224,bigfish,5.787581920623779
1536384,bigfish,0.0
1544544,bigfish,6.56441593170166
1552704,bigfish,6.8086771965026855
1560864,bigfish,4.04311990737915
1569024,bigfish,7.0511369705200195
1577184,bigfish,10.361927032470703
1585344,bigfish,2.721851110458374
1590592,bigfish,6.002315998077393
1598752,bigfish,5.411336898803711
1606912,bigfish,11.235804557800293
1615072,bigfish,5.042889595031738
1623232,bigfish,4.680481433868408
1631200,bigfish,6.942286014556885
1639360,bigfish,0.9375
1647520,bigfish,10.183009147644043
1655680,bigfish,4.796261310577393
1663840,bigfish,5.0097432136535645
1672000,bigfish,7.08487606048584
1680160,bigfish,3.6824593544006348
1688320,bigfish,6.3285813331604
1696480,bigfish,2.6076979637145996
1700480,bigfish,4.434891700744629
1708640,bigfish,8.462058067321777
1716768,bigfish,4.223355293273926
1722976,bigfish,7.37740421295166
1726784,bigfish,7.54023551940918
1734944,bigfish,4.804549217224121
1741312,bigfish,1.4182546138763428
1749472,bigfish,8.328380584716797
1757632,bigfish,8.391345977783203
1765664,bigfish,6.345170021057129
1773824,bigfish,9.89028549194336
1781984,bigfish,6.223553657531738
1790144,bigfish,1.9829823970794678
1798304,bigfish,8.184837341308594
1806464,bigfish,7.8623762130737305
1814624,bigfish,4.22442102432251
1820128,bigfish,1.787651538848877
1827136,bigfish,5.629623889923096
1833120,bigfish,4.982874870300293
1841280,bigfish,6.795954704284668
1846272,bigfish,3.066814422607422
1848384,bigfish,6.8657121658325195
1856544,bigfish,7.371834754943848
1864704,bigfish,6.356401443481445
1872864,bigfish,5.436323165893555
1881024,bigfish,7.950943946838379
1889184,bigfish,9.058022499084473
1892512,bigfish,8.666579246520996
1895104,bigfish,6.447707176208496
1901664,bigfish,8.393052101135254
1903680,bigfish,8.393052101135254
1909472,bigfish,8.304426193237305
1916288,bigfish,6.807157039642334
1924448,bigfish,6.396188259124756
1931392,bigfish,2.2933871746063232
1939552,bigfish,7.930109977722168
1945248,bigfish,4.637943267822266
1953408,bigfish,5.544200420379639
1960000,bigfish,3.0448687076568604
1965024,bigfish,0.9188038110733032
1973184,bigfish,4.216976165771484
1981344,bigfish,8.707859992980957
1989504,bigfish,3.2351181507110596
1997664,bigfish,6.754480838775635
2005824,bigfish,2.636979818344116
2012704,bigfish,5.555821418762207
2020864,bigfish,8.120250701904297
2025888,bigfish,1.4035519361495972
2034048,bigfish,4.663588047027588
2039872,bigfish,1.3304029703140259
2044896,bigfish,3.6662585735321045
2052352,bigfish,8.274141311645508
2054848,bigfish,4.041955947875977
2062304,bigfish,0.3125
2069216,bigfish,6.450157642364502
2073024,bigfish,8.03974723815918
2078464,bigfish,10.615731239318848
2084224,bigfish,5.8950090408325195
2087552,bigfish,9.262630462646484
2095712,bigfish,5.028573513031006
2101568,bigfish,6.671299934387207
2108288,bigfish,5.360873699188232
2116448,bigfish,7.311984062194824
2124608,bigfish,1.5625
2128736,bigfish,1.875
2136608,bigfish,7.303180694580078
2141152,bigfish,3.7996513843536377
2147520,bigfish,10.717432022094727
2155232,bigfish,7.851722717285156
2163392,bigfish,10.155428886413574
2167168,bigfish,4.266541004180908
2175328,bigfish,7.860306262969971
2183488,bigfish,6.433749675750732
2188096,bigfish,7.438644886016846
2192896,bigfish,9.58326244354248
2201056,bigfish,8.532062530517578
2209216,bigfish,8.103428840637207
2216352,bigfish,9.783294677734375
2222496,bigfish,11.764567375183105
2229664,bigfish,6.865354061126709
2234368,bigfish,5.84149694442749
2234752,bigfish,5.84149694442749
2241408,bigfish,7.098023891448975
2246656,bigfish,0.4933652877807617
2253152,bigfish,9.136371612548828
2258048,bigfish,11.239363670349121
2265248,bigfish,2.204420328140259
2273408,bigfish,0.886999249458313
2281568,bigfish,8.803715705871582
2289728,bigfish,6.043346405029297
2297888,bigfish,10.095157623291016
2303872,bigfish,6.713013648986816
2312032,bigfish,3.9228169918060303
2315136,bigfish,1.2398045063018799
2323296,bigfish,6.324586868286133
2331456,bigfish,4.102475166320801
2339616,bigfish,9.806702613830566
2341376,bigfish,10.729121208190918
2344352,bigfish,3.334801197052002
2349792,bigfish,6.200230598449707
2357952,bigfish,8.116134643554688
2362816,bigfish,5.153295040130615
2370368,bigfish,0.07634922862052917
2378528,bigfish,6.747906684875488
2386688,bigfish,1.9125264883041382
2394848,bigfish,4.25190544128418
2403008,bigfish,8.62930679321289
2408512,bigfish,3.9579176902770996
2411232,bigfish,6.262423515319824
2419392,bigfish,6.7511186599731445
2427552,bigfish,4.275932788848877
2435712,bigfish,10.554977416992188
2440608,bigfish,1.8450565338134766
2446816,bigfish,8.767020225524902
2454688,bigfish,6.994023323059082
2462848,bigfish,8.95551586151123
2471008,bigfish,9.78535270690918
2479168,bigfish,4.839311599731445
2487328,bigfish,3.742676258087158
2495488,bigfish,10.527059555053711
2503648,bigfish,10.169103622436523
2511808,bigfish,11.266772270202637
2519904,bigfish,16.003158569335938
2528064,bigfish,6.698070049285889
2536224,bigfish,4.6954216957092285
2544384,bigfish,5.819496154785156
2552544,bigfish,8.832489013671875
2560704,bigfish,11.317885398864746
2568864,bigfish,0.3125
2577024,bigfish,10.0
2585184,bigfish,8.527217864990234
2590624,bigfish,10.0
2598784,bigfish,8.99500846862793
2600320,bigfish,7.786834716796875
2608480,bigfish,10.0
2616640,bigfish,10.83604907989502
2624800,bigfish,10.0
2632960,bigfish,0.0
2633888,bigfish,0.0
2642048,bigfish,0.0
2642720,bigfish,0.0
2650880,bigfish,14.508363723754883
2659040,bigfish,0.0
2663840,bigfish,8.056488037109375
2664608,bigfish,8.056488037109375
2672768,bigfish,0.0
2680928,bigfish,6.382443904876709
2689088,bigfish,8.435665130615234
2697248,bigfish,0.0
2705408,bigfish,10.0
2705824,bigfish,10.0
2706720,bigfish,10.0
2714880,bigfish,5.235685348510742
2723040,bigfish,12.5491361618042
2731200,bigfish,0.0
2731648,bigfish,0.0
2732416,bigfish,0.0
2740576,bigfish,0.0
2748736,bigfish,8.924951553344727
2756896,bigfish,0.0
2757728,bigfish,0.0
2765888,bigfish,12.826719284057617
2766592,bigfish,12.826719284057617
2774752,bigfish,6.40511417388916
2775616,bigfish,6.40511417388916
2783776,bigfish,0.0
2791936,bigfish,0.0
2800096,bigfish,0.0
2808256,bigfish,10.0
2816416,bigfish,8.297534942626953
2824576,bigfish,0.0
2832736,bigfish,0.0
2840896,bigfish,0.0
2849056,bigfish,0.0
2857216,bigfish,10.0
2865376,bigfish,0.0
2873536,bigfish,13.273590087890625
2881696,bigfish,10.027987480163574
2889856,bigfish,0.0
2890592,bigfish,0.0
2898752,bigfish,7.109457015991211
2906912,bigfish,0.0
2915072,bigfish,0.0
2923232,bigfish,5.388593673706055
2931392,bigfish,13.246908187866211
2939552,bigfish,14.970440864562988
2940640,bigfish,14.970440864562988
2941216,bigfish,14.970440864562988
2941312,bigfish,14.970440864562988
2942144,bigfish,14.970440864562988
2950304,bigfish,11.532754898071289
2958272,bigfish,13.054031372070312
2966432,bigfish,0.0
2974592,bigfish,0.0
2975648,bigfish,3.752769947052002
2983808,bigfish,10.0
2991968,bigfish,15.353246688842773
2992640,bigfish,19.83158302307129
3000800,bigfish,10.0
3002016,bigfish,10.0
3010176,bigfish,0.0
3018336,bigfish,0.0
3026496,bigfish,12.858993530273438
3034656,bigfish,10.0
3042816,bigfish,10.0
3043200,bigfish,10.0
3051360,bigfish,4.131175518035889
3059520,bigfish,0.0
3060544,bigfish,0.0
3068704,bigfish,12.908269882202148
3076864,bigfish,10.0
3085024,bigfish,0.0
3085696,bigfish,0.0
3093856,bigfish,10.0
3102016,bigfish,8.544811248779297
3110176,bigfish,10.0
3118336,bigfish,10.0
3118912,bigfish,10.0
3119744,bigfish,10.0
3120640,bigfish,10.0
3128800,bigfish,10.0
3136960,bigfish,15.21934700012207
3145120,bigfish,8.160989761352539
3146016,bigfish,3.3602042198181152
3154176,bigfish,9.768731117248535
3154688,bigfish,9.768731117248535
3162848,bigfish,0.0
3166624,bigfish,0.0
3167232,bigfish,0.0
3168288,bigfish,0.0
3168992,bigfish,0.0
3170176,bigfish,0.0
3173824,bigfish,0.0
3181984,bigfish,8.056795120239258
3190144,bigfish,10.0
3198304,bigfish,7.69114875793457
3199264,bigfish,3.4411561489105225
3207424,bigfish,0.0
3208096,bigfish,0.0
3208608,bigfish,0.0
3216768,bigfish,10.0
3221920,bigfish,0.0
3230080,bigfish,0.0
3238240,bigfish,10.0
3238688,bigfish,10.0
3246848,bigfish,4.695735454559326
3255008,bigfish,0.0
3263168,bigfish,0.0
3271328,bigfish,10.0
3272160,bigfish,10.0
3273024,bigfish,10.0
3273888,bigfish,10.0
3274432,bigfish,10.0
3282592,bigfish,10.0
3290752,bigfish,10.0
3298912,bigfish,0.0
3307072,bigfish,0.0
3315232,bigfish,10.0
3323392,bigfish,0.0
3331552,bigfish,0.0
3332096,bigfish,0.0
3332576,bigfish,0.0
3340736,bigfish,8.340402603149414
3341472,bigfish,3.3360650539398193
3349632,bigfish,13.706708908081055
3357792,bigfish,9.477029800415039
3365952,bigfish,7.068884372711182
3368064,bigfish,0.0
3376224,bigfish,4.903608322143555
3376800,bigfish,4.903608322143555
3380832,bigfish,0.0
3381728,bigfish,0.0
3382368,bigfish,0.0
3390528,bigfish,10.0
3398688,bigfish,10.995325088500977
3406848,bigfish,5.2951273918151855
3415008,bigfish,6.771174907684326
3423168,bigfish,0.0
3431328,bigfish,12.776988983154297
3439488,bigfish,0.0
3447648,bigfish,8.039085388183594
3447776,bigfish,5.539089202880859
3455936,bigfish,9.592223167419434
3464096,bigfish,0.0
3464928,bigfish,0.0
3473088,bigfish,0.0
3481248,bigfish,8.361089706420898
3489408,bigfish,11.18375015258789
3497568,bigfish,0.0
3505728,bigfish,10.0
3513888,bigfish,10.0
3522048,bigfish,0.0
3530208,bigfish,5.199991226196289
3533312,bigfish,0.0
3541472,bigfish,0.0
3542592,bigfish,0.0
3550752,bigfish,12.679191589355469
3551616,bigfish,12.679191589355469
3552416,bigfish,17.879182815551758
3560576,bigfish,10.0
3561664,bigfish,10.0
3569824,bigfish,0.0
3570880,bigfish,0.0
3579040,bigfish,12.932376861572266
3579520,bigfish,12.932376861572266
3587680,bigfish,10.0
3595840,bigfish,9.592223167419434
3596608,bigfish,9.592223167419434
3604768,bigfish,9.90000057220459
3612928,bigfish,0.0
3613856,bigfish,0.0
3614272,bigfish,0.0
3622432,bigfish,0.0
3630592,bigfish,10.0
3631584,bigfish,10.0
3639744,bigfish,13.087903022766113
3647904,bigfish,10.0
3656064,bigfish,10.0
3664224,bigfish,6.247150421142578
3672384,bigfish,10.0
3680544,bigfish,14.24007797241211
3688704,bigfish,12.942390441894531
3696800,bigfish,10.590694427490234
3697600,bigfish,7.112195014953613
3705760,bigfish,10.0
3713920,bigfish,10.0
3722080,bigfish,8.832489013671875
3730240,bigfish,12.174124717712402
3738400,bigfish,0.0
3746560,bigfish,10.0
3754720,bigfish,8.456089973449707
3760160,bigfish,10.0
3768320,bigfish,9.712570190429688
3769856,bigfish,7.428808212280273
3778016,bigfish,10.0
3786176,bigfish,10.836048126220703
3794336,bigfish,10.0
3802496,bigfish,0.0
3803424,bigfish,0.0
3811584,bigfish,0.0
3812224,bigfish,0.0
3820384,bigfish,14.5083646774292
3828544,bigfish,0.0
3833344,bigfish,8.056488037109375
3834112,bigfish,8.056488037109375
3842272,bigfish,0.0
3850432,bigfish,6.382443904876709
3858592,bigfish,8.435665130615234
3866752,bigfish,0.0
3874912,bigfish,10.0
3875328,bigfish,10.0
3876224,bigfish,10.0
3884384,bigfish,5.199991226196289
3892544,bigfish,12.5491361618042
3900704,bigfish,0.0
3901152,bigfish,0.0
3901888,bigfish,0.0
3910048,bigfish,0.0
3918208,bigfish,8.924951553344727
3926368,bigfish,0.0
3927200,bigfish,0.0
3935360,bigfish,12.826719284057617
3936064,bigfish,12.826719284057617
3944224,bigfish,6.40511417388916
3945088,bigfish,6.40511417388916
3953248,bigfish,0.0
3961408,bigfish,0.0
3969568,bigfish,0.0
3977728,bigfish,10.0
3985888,bigfish,8.297534942626953
3994048,bigfish,0.0
4002208,bigfish,0.0
4010368,bigfish,0.0
4018528,bigfish,0.0
4026688,bigfish,10.0
4034848,bigfish,0.0
4043008,bigfish,13.273590087890625
4051168,bigfish,10.027987480163574
4059328,bigfish,0.0
4060064,bigfish,0.0
4068224,bigfish,7.109457015991211
4076384,bigfish,0.0
4084544,bigfish,0.0
4092704,bigfish,5.388593673706055
4100864,bigfish,13.246908187866211
4109024,bigfish,14.970440864562988
4110112,bigfish,14.970440864562988
4110688,bigfish,14.970440864562988
4110784,bigfish,14.970440864562988
4111616,bigfish,14.970440864562988
4119776,bigfish,11.532754898071289
4127744,bigfish,13.054031372070312
4135904,bigfish,0.0
4144064,bigfish,0.0
4145120,bigfish,3.752769947052002
4153280,bigfish,10.0
4161440,bigfish,15.353246688842773
4162112,bigfish,19.83158302307129
4170272,bigfish,10.0
4171488,bigfish,10.0
4179648,bigfish,0.0
4187808,bigfish,0.0
4195968,bigfish,12.858993530273438
4204128,bigfish,10.0
4212288,bigfish,10.0
4212672,bigfish,10.0
4220832,bigfish,4.131175518035889
4228992,bigfish,0.0
4230016,bigfish,0.0
4238176,bigfish,12.908269882202148
4246336,bigfish,10.0
4254496,bigfish,0.0
4255168,bigfish,0.0
4263328,bigfish,10.0
4271488,bigfish,8.544811248779297
4279648,bigfish,10.0
4287808,bigfish,10.0
4288384,bigfish,10.0
4289216,bigfish,10.0
4290112,bigfish,10.0
4298272,bigfish,10.0
4306432,bigfish,15.21934700012207
4314592,bigfish,8.160989761352539
4315488,bigfish,3.3602042198181152
4323648,bigfish,9.768731117248535
4324160,bigfish,9.768731117248535
4332320,bigfish,0.0
4336096,bigfish,0.0
4336704,bigfish,0.0
4337760,bigfish,0.0
4338464,bigfish,0.0
4339648,bigfish,0.0
4343296,bigfish,0.0
4351456,bigfish,8.056795120239258
4359616,bigfish,10.0
4367776,bigfish,7.6911492347717285
4368736,bigfish,3.4411561489105225
4376896,bigfish,0.0
4377568,bigfish,0.0
4378080,bigfish,0.0
4386240,bigfish,10.0
4391392,bigfish,0.0
4399552,bigfish,0.0
4407712,bigfish,10.0
4408160,bigfish,10.0
4416320,bigfish,4.695735454559326
4424480,bigfish,0.0
4432640,bigfish,0.0
4440800,bigfish,10.0
4441632,bigfish,10.0
4442496,bigfish,10.0
4443360,bigfish,10.0
4443904,bigfish,10.0
4452064,bigfish,10.0
4460224,bigfish,10.0
4468384,bigfish,0.0
4476544,bigfish,0.0
4484704,bigfish,10.0
4492864,bigfish,0.0
4501024,bigfish,0.0
4501568,bigfish,0.0
4502048,bigfish,0.0
4510208,bigfish,8.340402603149414
4510944,bigfish,3.3360650539398193
4519104,bigfish,13.706708908081055
4527264,bigfish,9.477029800415039
4535424,bigfish,7.068884372711182
4537536,bigfish,0.0
4545696,bigfish,4.903608322143555
4546272,bigfish,4.903608322143555
4550304,bigfish,0.0
4551200,bigfish,0.0
4551840,bigfish,0.0
4560000,bigfish,10.0
4568160,bigfish,10.995325088500977
4576320,bigfish,5.2951273918151855
4584480,bigfish,6.771174907684326
4592640,bigfish,0.0
4600800,bigfish,12.777856826782227
4608960,bigfish,0.0
4617120,bigfish,8.039085388183594
4617248,bigfish,5.539089202880859
4625408,bigfish,9.592223167419434
4633568,bigfish,0.0
4634400,bigfish,0.0
4642560,bigfish,0.0
4650720,bigfish,8.361089706420898
4658880,bigfish,11.18375015258789
4667040,bigfish,0.0
4675200,bigfish,10.0
4683360,bigfish,10.0
4691520,bigfish,0.0
4699680,bigfish,5.199991226196289
4702784,bigfish,0.0
4710944,bigfish,0.0
4712064,bigfish,0.0
4720224,bigfish,12.679191589355469
4721088,bigfish,12.679191589355469
4721888,bigfish,17.879182815551758
4730048,bigfish,10.0
4731136,bigfish,10.0
4739296,bigfish,0.0
4740352,bigfish,0.0
4748512,bigfish,12.932376861572266
4748992,bigfish,12.932376861572266
4757152,bigfish,10.0
4765312,bigfish,9.592223167419434
4766080,bigfish,9.592223167419434
4774240,bigfish,9.90000057220459
4782400,bigfish,0.0
4783328,bigfish,0.0
4783744,bigfish,0.0
4791904,bigfish,0.0
4800064,bigfish,10.0
4801056,bigfish,10.0
4809216,bigfish,13.087903022766113
4817376,bigfish,10.0
4825536,bigfish,10.0
4833696,bigfish,6.247150421142578
4841856,bigfish,10.0
4850016,bigfish,14.24007797241211
4858176,bigfish,12.942390441894531
4866272,bigfish,10.590694427490234
4867072,bigfish,7.112195014953613
4875232,bigfish,10.0
4883392,bigfish,10.0
4891552,bigfish,8.832489013671875
4899712,bigfish,12.174124717712402
4907872,bigfish,0.0
4916032,bigfish,10.0
4924192,bigfish,8.456089973449707
4929632,bigfish,10.0
4937792,bigfish,9.712570190429688
4939328,bigfish,7.428808212280273
4947488,bigfish,10.0
4955648,bigfish,10.836048126220703
4963808,bigfish,10.0
4971968,bigfish,0.0
4972896,bigfish,0.0
4981056,bigfish,0.0
4981696,bigfish,0.0
4989856,bigfish,14.508363723754883
4998016,bigfish,0.0
5002816,bigfish,8.056488037109375
5003584,bigfish,8.056488037109375
5011744,bigfish,0.0
5019904,bigfish,6.382443904876709
5028064,bigfish,8.435665130615234
5036224,bigfish,0.0
5044384,bigfish,10.0
5044800,bigfish,10.0
5045696,bigfish,10.0
5053856,bigfish,5.199991226196289
5062016,bigfish,12.5491361618042
5070176,bigfish,0.0
5070624,bigfish,0.0
5071360,bigfish,0.0
5079520,bigfish,0.0
5087680,bigfish,8.924951553344727
5095840,bigfish,0.0
5096672,bigfish,0.0
5104832,bigfish,12.826719284057617
5105536,bigfish,12.826719284057617
5113696,bigfish,6.40511417388916
5114560,bigfish,6.40511417388916
5122720,bigfish,0.0
5130880,bigfish,0.0
5139040,bigfish,0.0
5147200,bigfish,10.0
5155360,bigfish,8.297534942626953
5163520,bigfish,0.0
5171680,bigfish,0.0
5179840,bigfish,0.0
5188000,bigfish,0.0
5196160,bigfish,10.0
5204320,bigfish,0.0
5212480,bigfish,13.273590087890625
5220640,bigfish,10.027987480163574
5228800,bigfish,0.0
5229536,bigfish,0.0
5237696,bigfish,7.109457015991211
5245856,bigfish,0.0
5254016,bigfish,0.0
5262176,bigfish,5.388593673706055
5270336,bigfish,13.246908187866211
5278496,bigfish,14.970440864562988
5279584,bigfish,14.970440864562988
5280160,bigfish,14.970440864562988
5280256,bigfish,14.970440864562988
5281088,bigfish,14.970440864562988
5289248,bigfish,11.532754898071289
5297216,bigfish,13.054031372070312
5305376,bigfish,0.0
5313536,bigfish,0.0
5314592,bigfish,3.752769947052002
5322752,bigfish,10.0
5330912,bigfish,15.353246688842773
5331584,bigfish,19.83158302307129
5339744,bigfish,10.0
5340960,bigfish,10.0
5349120,bigfish,0.0
5357280,bigfish,0.0
5365440,bigfish,12.858993530273438
5373600,bigfish,10.0
5381760,bigfish,10.0
5382144,bigfish,10.0
5390304,bigfish,4.131175518035889
5398464,bigfish,0.0
5399488,bigfish,0.0
5407648,bigfish,12.908269882202148
5415808,bigfish,10.0
5423968,bigfish,0.0
5424640,bigfish,0.0
5432800,bigfish,10.0
5440960,bigfish,8.544811248779297
5449120,bigfish,10.0
5457280,bigfish,10.0
5457856,bigfish,10.0
5458688,bigfish,10.0
5459584,bigfish,10.0
5467744,bigfish,10.0
5475904,bigfish,15.21934700012207
5484064,bigfish,8.160989761352539
5484960,bigfish,3.3602042198181152
5493120,bigfish,9.768731117248535
5493632,bigfish,9.768731117248535
5501792,bigfish,0.0
5505568,bigfish,0.0
5506176,bigfish,0.0
5507232,bigfish,0.0
5507936,bigfish,0.0
5509120,bigfish,0.0
5512768,bigfish,0.0
5520928,bigfish,8.056795120239258
5529088,bigfish,10.0
5537248,bigfish,7.6911492347717285
5538208,bigfish,3.4411561489105225
5546368,bigfish,0.0
5547040,bigfish,0.0
5547552,bigfish,0.0
5555712,bigfish,10.0
5560864,bigfish,0.0
5569024,bigfish,0.0
5577184,bigfish,10.0
5577632,bigfish,10.0
5585792,bigfish,4.695735454559326
5593952,bigfish,0.0
5602112,bigfish,0.0
5610272,bigfish,10.0
5611104,bigfish,10.0
5611968,bigfish,10.0
5612832,bigfish,10.0
5613376,bigfish,10.0
5621536,bigfish,10.0
5629696,bigfish,10.0
5637856,bigfish,0.0
5646016,bigfish,0.0
5654176,bigfish,10.0
5662336,bigfish,0.0
5670496,bigfish,0.0
5671040,bigfish,0.0
5671520,bigfish,0.0
5679680,bigfish,8.340402603149414
5680416,bigfish,3.3360650539398193
5688576,bigfish,13.706708908081055
5696736,bigfish,9.477029800415039
5704896,bigfish,7.068884372711182
5707008,bigfish,0.0
5715168,bigfish,4.903608322143555
5715744,bigfish,4.903608322143555
5719776,bigfish,0.0
5720672,bigfish,0.0
5721312,bigfish,0.0
5729472,bigfish,10.0
5737632,bigfish,10.995325088500977
5745792,bigfish,5.2951273918151855
5753952,bigfish,6.771174907684326
5762112,bigfish,0.0
5770272,bigfish,12.777856826782227
5778432,bigfish,0.0
5786592,bigfish,8.039085388183594
5786720,bigfish,5.539089202880859
5794880,bigfish,9.592223167419434
5803040,bigfish,0.0
5803872,bigfish,0.0
5812032,bigfish,0.0
5820192,bigfish,8.361089706420898
5828352,bigfish,11.18375015258789
5836512,bigfish,0.0
5844672,bigfish,10.0
5852832,bigfish,10.0
5860992,bigfish,0.0
5869152,bigfish,5.199991226196289
5872256,bigfish,0.0
5880416,bigfish,0.0
5881536,bigfish,0.0
5889696,bigfish,12.679191589355469
5890560,bigfish,12.679191589355469
5891360,bigfish,17.879182815551758
5899520,bigfish,10.0
5900608,bigfish,10.0
5908768,bigfish,0.0
5909824,bigfish,0.0
5917984,bigfish,12.932376861572266
5918464,bigfish,12.932376861572266
5926624,bigfish,10.0
5934784,bigfish,9.592223167419434
5935552,bigfish,9.592223167419434
5943712,bigfish,9.90000057220459
5951872,bigfish,0.0
5952800,bigfish,0.0
5953216,bigfish,0.0
5961376,bigfish,0.0
5969536,bigfish,10.0
5970528,bigfish,10.0
5978688,bigfish,13.087903022766113
5986848,bigfish,10.0
5995008,bigfish,10.0
6003168,bigfish,6.247150421142578
6011328,bigfish,10.0
6019488,bigfish,14.24007797241211
6027648,bigfish,12.942390441894531
6035744,bigfish,10.590694427490234
6036544,bigfish,7.112195014953613
6044704,bigfish,10.0
6052864,bigfish,10.0
6061024,bigfish,8.832489013671875
6069184,bigfish,12.174124717712402
6077344,bigfish,0.0
6085504,bigfish,10.0
6093664,bigfish,8.456089973449707
6099104,bigfish,10.0
6107264,bigfish,9.712570190429688
6108800,bigfish,7.428808212280273
6116960,bigfish,10.0
6125120,bigfish,10.83604907989502
6133280,bigfish,10.0
6141440,bigfish,0.0
6142368,bigfish,0.0
6150528,bigfish,0.0
6151168,bigfish,0.0
6159328,bigfish,14.508363723754883
6167488,bigfish,0.0
6172288,bigfish,8.056488037109375
6173056,bigfish,8.056488037109375
6181216,bigfish,0.0
6189376,bigfish,6.382443904876709
6197536,bigfish,8.435665130615234
6205696,bigfish,0.0
6213856,bigfish,10.0
6214272,bigfish,10.0
6215168,bigfish,10.0
6223328,bigfish,5.199991226196289
6231488,bigfish,12.5491361618042
6239648,bigfish,0.0
6240096,bigfish,0.0
6240832,bigfish,0.0
6248992,bigfish,0.0
6257152,bigfish,8.924951553344727
6265312,bigfish,0.0
6266144,bigfish,0.0
6274304,bigfish,12.826719284057617
6275008,bigfish,12.826719284057617
6283168,bigfish,6.40511417388916
6284032,bigfish,6.40511417388916
6292192,bigfish,0.0
6300352,bigfish,0.0
6308512,bigfish,0.0
6316672,bigfish,10.0
6324832,bigfish,8.297534942626953
6332992,bigfish,0.0
6341152,bigfish,0.0
6349312,bigfish,0.0
6357472,bigfish,0.0
6365632,bigfish,10.0
6373792,bigfish,0.0
6381952,bigfish,13.273590087890625
6390112,bigfish,10.027987480163574
6398272,bigfish,0.0
6399008,bigfish,0.0
6407168,bigfish,7.109457015991211
6415328,bigfish,0.0
6423488,bigfish,0.0
6431648,bigfish,5.388593673706055
6439808,bigfish,13.246908187866211
6447968,bigfish,14.970440864562988
6449056,bigfish,14.970440864562988
6449632,bigfish,14.970440864562988
6449728,bigfish,14.970440864562988
6450560,bigfish,14.970440864562988
6458720,bigfish,11.532754898071289
6466688,bigfish,13.054031372070312
6474848,bigfish,0.0
6483008,bigfish,0.0
6484064,bigfish,3.752769947052002
6492224,bigfish,10.0
6500384,bigfish,15.353246688842773
6501056,bigfish,19.83158302307129
6509216,bigfish,10.0
6510432,bigfish,10.0
6518592,bigfish,0.0
6526752,bigfish,0.0
6534912,bigfish,12.858993530273438
6543072,bigfish,10.0
6551232,bigfish,10.0
6551616,bigfish,10.0
6559776,bigfish,4.131175518035889
6567936,bigfish,0.0
6568960,bigfish,0.0
6577120,bigfish,12.908269882202148
6585280,bigfish,10.0
6593440,bigfish,0.0
6594112,bigfish,0.0
6602272,bigfish,10.0
6610432,bigfish,8.544811248779297
6618592,bigfish,10.0
6626752,bigfish,10.0
6627328,bigfish,10.0
6628160,bigfish,10.0
6629056,bigfish,10.0
6637216,bigfish,10.0
6645376,bigfish,15.21934700012207
6653536,bigfish,8.160989761352539
6654432,bigfish,3.3602042198181152
6662592,bigfish,9.768731117248535
6663104,bigfish,9.768731117248535
6671264,bigfish,0.0
6675040,bigfish,0.0
6675648,bigfish,0.0
6676704,bigfish,0.0
6677408,bigfish,0.0
6678592,bigfish,0.0
6682240,bigfish,0.0
6690400,bigfish,8.056795120239258
6698560,bigfish,10.0
6706720,bigfish,7.69114875793457
6707680,bigfish,3.4411561489105225
6715840,bigfish,0.0
6716512,bigfish,0.0
6717024,bigfish,0.0
6725184,bigfish,10.0
6730336,bigfish,0.0
6738496,bigfish,0.0
6746656,bigfish,10.0
6747104,bigfish,10.0
6755264,bigfish,4.695735454559326
6763424,bigfish,0.0
6771584,bigfish,0.0
6779744,bigfish,10.0
6780576,bigfish,10.0
6781440,bigfish,10.0
6782304,bigfish,10.0
6782848,bigfish,10.0
6791008,bigfish,10.0
6799168,bigfish,10.0
6807328,bigfish,0.0
6815488,bigfish,0.0
6823648,bigfish,10.0
6831808,bigfish,0.0
6839968,bigfish,0.0
6840512,bigfish,0.0
6840992,bigfish,0.0
6849152,bigfish,8.340402603149414
6849888,bigfish,3.3360650539398193
6858048,bigfish,13.706708908081055
6866208,bigfish,9.477029800415039
6874368,bigfish,7.068884372711182
6876480,bigfish,0.0
6884640,bigfish,4.903608322143555
6885216,bigfish,4.903608322143555
6889248,bigfish,0.0
6890144,bigfish,0.0
6890784,bigfish,0.0
6898944,bigfish,10.0
6907104,bigfish,10.995325088500977
6915264,bigfish,5.2951273918151855
6923424,bigfish,6.771174907684326
6931584,bigfish,0.0
6939744,bigfish,12.777856826782227
6947904,bigfish,0.0
6956064,bigfish,8.039085388183594
6956192,bigfish,5.539089202880859
6964352,bigfish,9.592223167419434
6972512,bigfish,0.0
6973344,bigfish,0.0
6981504,bigfish,0.0
6989664,bigfish,8.361089706420898
6997824,bigfish,11.18375015258789
7005984,bigfish,0.0
7014144,bigfish,10.0
7022304,bigfish,10.0
7030464,bigfish,0.0
7038624,bigfish,5.199991226196289
7041728,bigfish,0.0
7049888,bigfish,0.0
7051008,bigfish,0.0
7059168,bigfish,12.679191589355469
7060032,bigfish,12.679191589355469
7060832,bigfish,17.879182815551758
7068992,bigfish,10.0
7070080,bigfish,10.0
7078240,bigfish,0.0
7079296,bigfish,0.0
7087456,bigfish,12.932376861572266
7087936,bigfish,12.932376861572266
7096096,bigfish,10.0
7104256,bigfish,9.592223167419434
7105024,bigfish,9.592223167419434
7113184,bigfish,9.90000057220459
7121344,bigfish,0.0
7122272,bigfish,0.0
7122688,bigfish,0.0
7130848,bigfish,0.0
7139008,bigfish,10.0
7140000,bigfish,10.0
7148160,bigfish,13.087903022766113
7156320,bigfish,10.0
7164480,bigfish,10.0
7172640,bigfish,6.247150421142578
7180800,bigfish,10.0
7188960,bigfish,14.24007797241211
7197120,bigfish,12.942390441894531
7205216,bigfish,10.590694427490234
7206016,bigfish,7.112195014953613
7214176,bigfish,10.0
7222336,bigfish,10.0
7230496,bigfish,8.832489013671875
7238656,bigfish,12.174124717712402
7246816,bigfish,0.0
7254976,bigfish,10.0
7263136,bigfish,8.456089973449707
7268576,bigfish,10.0
7276736,bigfish,9.712570190429688
7278272,bigfish,7.428808212280273
7286432,bigfish,10.0
7294592,bigfish,10.836048126220703
7302752,bigfish,10.0
7310912,bigfish,0.0
7311840,bigfish,0.0
7320000,bigfish,0.0
7320640,bigfish,0.0
7328800,bigfish,14.508363723754883
7336960,bigfish,0.0
7341760,bigfish,8.056488037109375
7342528,bigfish,8.056488037109375
7350688,bigfish,0.0
7358848,bigfish,6.382443904876709
7367008,bigfish,8.435665130615234
7375168,bigfish,0.0
7383328,bigfish,10.0
7383744,bigfish,10.0
7384640,bigfish,10.0
7392800,bigfish,5.199991226196289
7400960,bigfish,12.5491361618042
7409120,bigfish,0.0
7409568,bigfish,0.0
7410304,bigfish,0.0
7418464,bigfish,0.0
7426624,bigfish,8.924951553344727
7434784,bigfish,0.0
7435616,bigfish,0.0
7443776,bigfish,12.826719284057617
7444480,bigfish,12.826719284057617
7452640,bigfish,6.40511417388916
7453504,bigfish,6.40511417388916
7461664,bigfish,0.0
7469824,bigfish,0.0
7477984,bigfish,0.0
7486144,bigfish,10.0
7494304,bigfish,8.297534942626953
7502464,bigfish,0.0
7510624,bigfish,0.0
7518784,bigfish,0.0
7526944,bigfish,0.0
7535104,bigfish,10.0
7543264,bigfish,0.0
7551424,bigfish,13.273590087890625
7559584,bigfish,10.027987480163574
7567744,bigfish,0.0
7568480,bigfish,0.0
7576640,bigfish,7.109457015991211
7584800,bigfish,0.0
7592960,bigfish,0.0
7601120,bigfish,5.388593673706055
7609280,bigfish,13.246908187866211
7617440,bigfish,14.970440864562988
7618528,bigfish,14.970440864562988
7619104,bigfish,14.970440864562988
7619200,bigfish,14.970440864562988
7620032,bigfish,14.970440864562988
7628192,bigfish,11.532754898071289
7636160,bigfish,13.054031372070312
7644320,bigfish,0.0
7652480,bigfish,0.0
7653536,bigfish,3.752769947052002
7661696,bigfish,10.0
7669856,bigfish,15.353246688842773
7670528,bigfish,19.83158302307129
7678688,bigfish,10.0
7679904,bigfish,10.0
7688064,bigfish,0.0
7696224,bigfish,0.0
7704384,bigfish,12.858993530273438
7712544,bigfish,10.0
7720704,bigfish,10.0
7721088,bigfish,10.0
7729248,bigfish,4.131175518035889
7737408,bigfish,0.0
7738432,bigfish,0.0
7746592,bigfish,12.908269882202148
7754752,bigfish,10.0
7762912,bigfish,0.0
7763584,bigfish,0.0
7771744,bigfish,10.0
7779904,bigfish,8.544811248779297
7788064,bigfish,10.0
7796224,bigfish,10.0
7796800,bigfish,10.0
7797632,bigfish,10.0
7798528,bigfish,10.0
7806688,bigfish,10.0
7814848,bigfish,15.21934700012207
7823008,bigfish,8.160989761352539
7823904,bigfish,3.3602042198181152
7832064,bigfish,9.768731117248535
7832576,bigfish,9.768731117248535
7840736,bigfish,0.0
7844512,bigfish,0.0
7845120,bigfish,0.0
7846176,bigfish,0.0
7846880,bigfish,0.0
7848064,bigfish,0.0
7851712,bigfish,0.0
7859872,bigfish,8.056795120239258
7868032,bigfish,10.0
7876192,bigfish,7.69114875793457
7877152,bigfish,3.4411561489105225
7885312,bigfish,0.0
7885984,bigfish,0.0
7886496,bigfish,0.0
7894656,bigfish,10.0
7899808,bigfish,0.0
7907968,bigfish,0.0
7916128,bigfish,10.0
7916576,bigfish,10.0
7924736,bigfish,4.695735454559326
7932896,bigfish,0.0
7941056,bigfish,0.0
7949216,bigfish,10.0
7950048,bigfish,10.0
7950912,bigfish,10.0
7951776,bigfish,10.0
7952320,bigfish,10.0
7960480,bigfish,10.0
7968640,bigfish,10.0
7976800,bigfish,0.0
7984960,bigfish,0.0
7993120,bigfish,10.0
8001280,bigfish,0.0
8009440,bigfish,0.0
8009984,bigfish,0.0
8010464,bigfish,0.0
8018624,bigfish,8.340402603149414
8019360,bigfish,3.3360650539398193
8027520,bigfish,13.706708908081055
8035680,bigfish,9.477029800415039
8043840,bigfish,7.068884372711182
8045952,bigfish,0.0
8054112,bigfish,4.903608322143555
8054688,bigfish,4.903608322143555
8058720,bigfish,0.0
8059616,bigfish,0.0
8060256,bigfish,0.0
8068416,bigfish,10.0
8076576,bigfish,10.995325088500977
8084736,bigfish,5.2951273918151855
8092896,bigfish,6.771174907684326
8101056,bigfish,0.0
8109216,bigfish,12.777856826782227
8117376,bigfish,0.0
8125536,bigfish,8.039085388183594
8125664,bigfish,5.539089202880859
8133824,bigfish,9.592223167419434
8141984,bigfish,0.0
8142816,bigfish,0.0
8150976,bigfish,0.0
8159136,bigfish,8.361089706420898
8167296,bigfish,11.18375015258789
8175456,bigfish,0.0
8183616,bigfish,10.0
8191776,bigfish,10.0
8199936,bigfish,0.0
8208096,bigfish,5.199991226196289
8211200,bigfish,0.0
8219360,bigfish,0.0
8220480,bigfish,0.0
8228640,bigfish,12.679191589355469
8229504,bigfish,12.679191589355469
8230304,bigfish,17.879182815551758
8238464,bigfish,10.0
8239552,bigfish,10.0
8247712,bigfish,0.0
8248768,bigfish,0.0
8256928,bigfish,12.932376861572266
8257408,bigfish,12.932376861572266
8265568,bigfish,10.0
8273728,bigfish,9.592223167419434
8274496,bigfish,9.592223167419434
8282656,bigfish,9.90000057220459
8290816,bigfish,0.0
8291744,bigfish,0.0
8292160,bigfish,0.0
8300320,bigfish,0.0
8308480,bigfish,10.0
8309472,bigfish,10.0
8317632,bigfish,13.087903022766113
8325792,bigfish,10.0
8333952,bigfish,10.0
8342112,bigfish,6.247150421142578
8350272,bigfish,10.0
8358432,bigfish,14.24007797241211
8366592,bigfish,12.942390441894531
8374688,bigfish,10.590694427490234
8375488,bigfish,7.112195014953613
8383648,bigfish,10.0
8391808,bigfish,10.0
8399968,bigfish,8.832489013671875
8408128,bigfish,12.174124717712402
8416288,bigfish,0.0
8424448,bigfish,10.0
8432608,bigfish,8.456089973449707
8438048,bigfish,10.0
8446208,bigfish,9.712570190429688
8447744,bigfish,7.428808212280273
8455904,bigfish,9.951879501342773
8464064,bigfish,10.836048126220703
8472224,bigfish,10.0
8480384,bigfish,0.0
8481312,bigfish,0.0
8489472,bigfish,0.0
8490112,bigfish,0.0
8498272,bigfish,14.5083646774292
8506432,bigfish,0.0
8511232,bigfish,8.056488037109375
8512000,bigfish,8.056488037109375
8520160,bigfish,0.0
8528320,bigfish,6.382443904876709
8536480,bigfish,8.435665130615234
8544640,bigfish,0.0
8552800,bigfish,10.0
8553216,bigfish,10.0
8554112,bigfish,10.0
8562272,bigfish,5.199991226196289
8570432,bigfish,12.5491361618042
8578592,bigfish,0.0
8579040,bigfish,0.0
8579776,bigfish,0.0
8587936,bigfish,0.0
8596096,bigfish,8.924951553344727
8604256,bigfish,0.0
8605088,bigfish,0.0
8613248,bigfish,12.826719284057617
8613952,bigfish,12.826719284057617
8622112,bigfish,6.40511417388916
8622976,bigfish,6.40511417388916
8631136,bigfish,0.0
8639296,bigfish,0.0
8647456,bigfish,0.0
8655616,bigfish,10.0
8663776,bigfish,8.297534942626953
8671936,bigfish,0.0
8680096,bigfish,0.0
8688256,bigfish,0.0
8696416,bigfish,0.0
8704576,bigfish,10.0
8712736,bigfish,0.0
8720896,bigfish,13.273590087890625
8729056,bigfish,10.027987480163574
8737216,bigfish,0.0
8737952,bigfish,0.0
8746112,bigfish,7.109457015991211
8754272,bigfish,0.0
8762432,bigfish,0.0
8770592,bigfish,5.388593673706055
8778752,bigfish,13.246908187866211
8786912,bigfish,14.970440864562988
8788000,bigfish,14.970440864562988
8788576,bigfish,14.970440864562988
8788672,bigfish,14.970440864562988
8789504,bigfish,14.970440864562988
8797664,bigfish,11.532754898071289
8805632,bigfish,13.054031372070312
8813792,bigfish,0.0
8821952,bigfish,0.0
8823008,bigfish,3.752769947052002
8831168,bigfish,10.0
8839328,bigfish,15.353246688842773
8840000,bigfish,19.83158302307129
8848160,bigfish,10.0
8849376,bigfish,10.0
8857536,bigfish,0.0
8865696,bigfish,0.0
8873856,bigfish,12.858993530273438
8882016,bigfish,10.0
8890176,bigfish,10.0
8890560,bigfish,10.0
8898720,bigfish,4.131175518035889
8906880,bigfish,0.0
8907904,bigfish,0.0
8916064,bigfish,12.908269882202148
8924224,bigfish,10.0
8932384,bigfish,0.0
8933056,bigfish,0.0
8941216,bigfish,10.0
8949376,bigfish,8.544811248779297
8957536,bigfish,10.0
8965696,bigfish,10.0
8966272,bigfish,10.0
8967104,bigfish,10.0
8968000,bigfish,10.0
8976160,bigfish,10.0
8984320,bigfish,15.21934700012207
8992480,bigfish,8.160989761352539
8993376,bigfish,3.3602042198181152
9001536,bigfish,9.768731117248535
9002048,bigfish,9.768731117248535
9010208,bigfish,0.0
9013984,bigfish,0.0
9014592,bigfish,0.0
9015648,bigfish,0.0
9016352,bigfish,0.0
9017536,bigfish,0.0
9021184,bigfish,0.0
9029344,bigfish,8.056795120239258
9037504,bigfish,10.0
9045664,bigfish,7.6911492347717285
9046624,bigfish,3.4411561489105225
9054784,bigfish,0.0
9055456,bigfish,0.0
9055968,bigfish,0.0
9064128,bigfish,10.0
9069280,bigfish,0.0
9077440,bigfish,0.0
9085600,bigfish,10.0
9086048,bigfish,10.0
9094208,bigfish,4.695735454559326
9102368,bigfish,0.0
9110528,bigfish,0.0
9118688,bigfish,10.0
9119520,bigfish,10.0
9120384,bigfish,10.0
9121248,bigfish,10.0
9121792,bigfish,10.0
9129952,bigfish,10.0
9138112,bigfish,10.0
9146272,bigfish,0.0
9154432,bigfish,0.0
9162592,bigfish,10.0
9170752,bigfish,0.0
9178912,bigfish,0.0
9179456,bigfish,0.0
9179936,bigfish,0.0
9188096,bigfish,8.340402603149414
9188832,bigfish,3.3360650539398193
9196992,bigfish,13.706708908081055
9205152,bigfish,9.477029800415039
9213312,bigfish,7.068884372711182
9215424,bigfish,0.0
9223584,bigfish,4.903608322143555
9224160,bigfish,4.903608322143555
9228192,bigfish,0.0
9229088,bigfish,0.0
9229728,bigfish,0.0
9237888,bigfish,10.0
9246048,bigfish,10.995325088500977
9254208,bigfish,5.2951273918151855
9262368,bigfish,6.771174907684326
9270528,bigfish,0.0
9278688,bigfish,12.777856826782227
9286848,bigfish,0.0
9295008,bigfish,8.039085388183594
9295136,bigfish,5.539089202880859
9303296,bigfish,9.592223167419434
9311456,bigfish,0.0
9312288,bigfish,0.0
9320448,bigfish,0.0
9328608,bigfish,8.361089706420898
9336768,bigfish,11.18375015258789
9344928,bigfish,0.0
9353088,bigfish,10.0
9361248,bigfish,10.0
9369408,bigfish,0.0
9377568,bigfish,5.199991226196289
9380672,bigfish,0.0
9388832,bigfish,0.0
9389952,bigfish,0.0
9398112,bigfish,12.679191589355469
9398976,bigfish,12.679191589355469
9399776,bigfish,17.879182815551758
9407936,bigfish,10.0
9409024,bigfish,10.0
9417184,bigfish,0.0
9418240,bigfish,0.0
9426400,bigfish,12.932376861572266
9426880,bigfish,12.932376861572266
9435040,bigfish,10.0
9443200,bigfish,9.592223167419434
9443968,bigfish,9.592223167419434
9452128,bigfish,9.90000057220459
9460288,bigfish,0.0
9461216,bigfish,0.0
9461632,bigfish,0.0
9469792,bigfish,0.0
9477952,bigfish,10.0
9478944,bigfish,10.0
9487104,bigfish,13.087903022766113
9495264,bigfish,10.0
9503424,bigfish,10.0
9511584,bigfish,6.247150421142578
9519744,bigfish,10.0
9527904,bigfish,14.24007797241211
9536064,bigfish,12.942390441894531
9544160,bigfish,10.590694427490234
9544960,bigfish,7.112195014953613
9553120,bigfish,10.0
9561280,bigfish,10.0
9569440,bigfish,8.832489013671875
9577600,bigfish,12.174124717712402
9585760,bigfish,0.0
9593920,bigfish,10.0
9602080,bigfish,8.456089973449707
9607520,bigfish,10.0
9615680,bigfish,9.712570190429688
9617216,bigfish,7.428808212280273
9625376,bigfish,10.0
9633536,bigfish,10.836048126220703
9641696,bigfish,10.0
9649856,bigfish,0.0
9650784,bigfish,0.0
9658944,bigfish,0.0
9659584,bigfish,0.0
9667744,bigfish,14.508363723754883
9675904,bigfish,0.0
9680704,bigfish,8.056488037109375
9681472,bigfish,8.056488037109375
9689632,bigfish,0.0
9697792,bigfish,6.382443904876709
9705952,bigfish,8.435665130615234
9714112,bigfish,0.0
9722272,bigfish,10.0
9722688,bigfish,10.0
9723584,bigfish,10.0
9731744,bigfish,5.199991226196289
9739904,bigfish,12.5491361618042
9748064,bigfish,0.0
9748512,bigfish,0.0
9749248,bigfish,0.0
9757408,bigfish,0.0
9765568,bigfish,8.924951553344727
9773728,bigfish,0.0
9774560,bigfish,0.0
9782720,bigfish,12.826719284057617
9783424,bigfish,12.826719284057617
9791584,bigfish,6.40511417388916
9792448,bigfish,6.40511417388916
9800608,bigfish,0.0
9808768,bigfish,0.0
9816928,bigfish,0.0
9825088,bigfish,10.0
9833248,bigfish,8.297534942626953
9841408,bigfish,0.0
9849568,bigfish,0.0
9857728,bigfish,0.0
9865888,bigfish,0.0
9874048,bigfish,10.0
9882208,bigfish,0.0
9890368,bigfish,13.273590087890625
9898528,bigfish,10.027987480163574
9906688,bigfish,0.0
9907424,bigfish,0.0
9915584,bigfish,7.109457015991211
9923744,bigfish,0.0
9931904,bigfish,0.0
9940064,bigfish,5.388593673706055
9948224,bigfish,13.246908187866211
9956384,bigfish,14.970440864562988
9957472,bigfish,14.970440864562988
9958048,bigfish,14.970440864562988
9958144,bigfish,14.970440864562988
9958976,bigfish,14.970440864562988
9967136,bigfish,11.532754898071289
9975104,bigfish,13.054031372070312
9983264,bigfish,0.0
9991424,bigfish,0.0
9992480,bigfish,3.752769947052002
10000640,bigfish,10.0
10008800,bigfish,15.353246688842773
10009472,bigfish,19.83158302307129
10017632,bigfish,10.0
10018848,bigfish,10.0
10027008,bigfish,0.0
10035168,bigfish,0.0
10043328,bigfish,12.858993530273438
10051488,bigfish,10.0
10059648,bigfish,10.0
10060032,bigfish,10.0
10068192,bigfish,4.131175518035889
10076352,bigfish,0.0
10077376,bigfish,0.0
10085536,bigfish,12.908269882202148
10093696,bigfish,10.0
10101856,bigfish,0.0
10102528,bigfish,0.0
10110688,bigfish,10.0
10118848,bigfish,8.544811248779297
10127008,bigfish,10.0
10135168,bigfish,10.0
10135744,bigfish,10.0
10136576,bigfish,10.0
10137472,bigfish,10.0
10145632,bigfish,10.0
10153792,bigfish,15.21934700012207
10161952,bigfish,8.160989761352539
10162848,bigfish,3.3602042198181152
10171008,bigfish,9.768731117248535
10171520,bigfish,9.768731117248535
10179680,bigfish,0.0
10183456,bigfish,0.0
10184064,bigfish,0.0
10185120,bigfish,0.0
10185824,bigfish,0.0
10187008,bigfish,0.0
10190656,bigfish,0.0
10198816,bigfish,8.056795120239258
10206976,bigfish,10.0
10215136,bigfish,7.6911492347717285
10216096,bigfish,3.4411561489105225
10224256,bigfish,0.0
10224928,bigfish,0.0
10225440,bigfish,0.0
10233600,bigfish,10.0
10238752,bigfish,0.0
10246912,bigfish,0.0
10255072,bigfish,10.0
10255520,bigfish,10.0
10263680,bigfish,4.695735454559326
10271840,bigfish,0.0
10280000,bigfish,0.0
10288160,bigfish,10.0
10288992,bigfish,10.0
10289856,bigfish,10.0
10290720,bigfish,10.0
10291264,bigfish,10.0
10299424,bigfish,10.0
10307584,bigfish,10.0
10315744,bigfish,0.0
10323904,bigfish,0.0
10332064,bigfish,10.0
10340224,bigfish,0.0
10348384,bigfish,0.0
10348928,bigfish,0.0
10349408,bigfish,0.0
10357568,bigfish,8.340402603149414
10358304,bigfish,3.3360650539398193
10366464,bigfish,13.706708908081055
10374624,bigfish,9.477029800415039
10382784,bigfish,7.068884372711182
10384896,bigfish,0.0
10393056,bigfish,4.903608322143555
10393632,bigfish,4.903608322143555
10397664,bigfish,0.0
10398560,bigfish,0.0
10399200,bigfish,0.0
10407360,bigfish,10.0
10415520,bigfish,10.995325088500977
10423680,bigfish,5.2951273918151855
10431840,bigfish,6.771174907684326
10440000,bigfish,0.0
10448160,bigfish,12.777856826782227
10456320,bigfish,0.0
10464480,bigfish,8.039085388183594
10464608,bigfish,5.539089202880859
10472768,bigfish,9.592223167419434
10480928,bigfish,0.0
10481760,bigfish,0.0
10489920,bigfish,0.0
10498080,bigfish,8.361089706420898
10506240,bigfish,11.18375015258789
10514400,bigfish,0.0
10522560,bigfish,10.0
10530720,bigfish,10.0
10538880,bigfish,0.0
10547040,bigfish,5.199991226196289
10550144,bigfish,0.0
10558304,bigfish,0.0
10559424,bigfish,0.0
10567584,bigfish,12.679191589355469
10568448,bigfish,12.679191589355469
10569248,bigfish,17.879182815551758
10577408,bigfish,10.0
10578496,bigfish,10.0
10586656,bigfish,0.0
10587712,bigfish,0.0
10595872,bigfish,12.932376861572266
10596352,bigfish,12.932376861572266
10604512,bigfish,10.0
10612672,bigfish,9.592223167419434
10613440,bigfish,9.592223167419434
10621600,bigfish,9.90000057220459
10629760,bigfish,0.0
10630688,bigfish,0.0
10631104,bigfish,0.0
10639264,bigfish,0.0
10647424,bigfish,10.0
10648416,bigfish,10.0
10656576,bigfish,13.087903022766113
10664736,bigfish,10.0
10672896,bigfish,10.0
10681056,bigfish,6.247150421142578
10689216,bigfish,10.0
10697376,bigfish,14.24007797241211
10705536,bigfish,12.942390441894531
10713632,bigfish,10.590694427490234
10714432,bigfish,7.112195014953613
10722592,bigfish,10.0
10730752,bigfish,10.0
10738912,bigfish,8.832489013671875
10747072,bigfish,12.174124717712402
10755232,bigfish,0.0
10763392,bigfish,10.0
10771552,bigfish,8.456089973449707
10776992,bigfish,10.0
10785152,bigfish,9.712570190429688
10786688,bigfish,7.428808212280273
10794848,bigfish,10.0
10803008,bigfish,10.83604907989502
10811168,bigfish,10.0
10819328,bigfish,0.0
10820256,bigfish,0.0
10828416,bigfish,0.0
10829056,bigfish,0.0
10837216,bigfish,14.508363723754883
10845376,bigfish,0.0
10850176,bigfish,8.056488037109375
10850944,bigfish,8.056488037109375
10859104,bigfish,0.0
10867264,bigfish,6.382443904876709
10875424,bigfish,8.435665130615234
10883584,bigfish,0.0
10891744,bigfish,10.0
10892160,bigfish,10.0
10893056,bigfish,10.0
10901216,bigfish,5.199991226196289
10909376,bigfish,12.5491361618042
10917536,bigfish,0.0
10917984,bigfish,0.0
10918720,bigfish,0.0
10926880,bigfish,0.0
10935040,bigfish,8.924951553344727
10943200,bigfish,0.0
10944032,bigfish,0.0
10952192,bigfish,12.826719284057617
10952896,bigfish,12.826719284057617
10961056,bigfish,6.40511417388916
10961920,bigfish,6.40511417388916
10970080,bigfish,0.0
10978240,bigfish,0.0
10986400,bigfish,0.0
10994560,bigfish,10.0
11002720,bigfish,8.297534942626953
11010880,bigfish,0.0
11019040,bigfish,0.0
11027200,bigfish,0.0
11035360,bigfish,0.0
11043520,bigfish,10.0
11051680,bigfish,0.0
11059840,bigfish,13.273590087890625
11068000,bigfish,10.027987480163574
11076160,bigfish,0.0
11076896,bigfish,0.0
11085056,bigfish,7.109457015991211
11093216,bigfish,0.0
11101376,bigfish,0.0
11109536,bigfish,5.388593673706055
11117696,bigfish,13.246908187866211
11125856,bigfish,14.970440864562988
11126944,bigfish,14.970440864562988
11127520,bigfish,14.970440864562988
11127616,bigfish,14.970440864562988
11128448,bigfish,14.970440864562988
11136608,bigfish,11.532754898071289
11144576,bigfish,13.054031372070312
11152736,bigfish,0.0
11160896,bigfish,0.0
11161952,bigfish,3.752769947052002
11170112,bigfish,10.0
11178272,bigfish,15.353246688842773
11178944,bigfish,19.83158302307129
11187104,bigfish,10.0
11188320,bigfish,10.0
11196480,bigfish,0.0
11204640,bigfish,0.0
11212800,bigfish,12.858993530273438
11220960,bigfish,10.0
11229120,bigfish,10.0
11229504,bigfish,10.0
11237664,bigfish,4.131175518035889
11245824,bigfish,0.0
11246848,bigfish,0.0
11255008,bigfish,12.908269882202148
11263168,bigfish,10.0
11271328,bigfish,0.0
11272000,bigfish,0.0
11280160,bigfish,10.0
11288320,bigfish,8.544811248779297
11296480,bigfish,10.0
11304640,bigfish,10.0
11305216,bigfish,10.0
11306048,bigfish,10.0
11306944,bigfish,10.0
11315104,bigfish,10.0
11323264,bigfish,15.21934700012207
11331424,bigfish,8.160989761352539
11332320,bigfish,3.3602042198181152
11340480,bigfish,9.768731117248535
11340992,bigfish,9.768731117248535
11349152,bigfish,0.0
11352928,bigfish,0.0
11353536,bigfish,0.0
11354592,bigfish,0.0
11355296,bigfish,0.0
11356480,bigfish,0.0
11360128,bigfish,0.0
11368288,bigfish,8.056795120239258
11376448,bigfish,10.0
11384608,bigfish,7.69114875793457
11385568,bigfish,3.4411561489105225
11393728,bigfish,0.0
11394400,bigfish,0.0
11394912,bigfish,0.0
11403072,bigfish,10.0
11408224,bigfish,0.0
11416384,bigfish,0.0
11424544,bigfish,10.0
11424992,bigfish,10.0
11433152,bigfish,4.695735454559326
11441312,bigfish,0.0
11449472,bigfish,0.0
11457632,bigfish,10.0
11458464,bigfish,10.0
11459328,bigfish,10.0
11460192,bigfish,10.0
11460736,bigfish,10.0
11468896,bigfish,10.0
11477056,bigfish,10.0
11485216,bigfish,0.0
11493376,bigfish,0.0
11501536,bigfish,10.0
11509696,bigfish,0.0
11517856,bigfish,0.0
11518400,bigfish,0.0
11518880,bigfish,0.0
11527040,bigfish,8.340402603149414
11527776,bigfish,3.3360650539398193
11535936,bigfish,13.706708908081055
11544096,bigfish,9.477029800415039
11552256,bigfish,7.068884372711182
11554368,bigfish,0.0
11562528,bigfish,4.903608322143555
11563104,bigfish,4.903608322143555
11567136,bigfish,0.0
11568032,bigfish,0.0
11568672,bigfish,0.0
11576832,bigfish,10.0
11584992,bigfish,10.995325088500977
11593152,bigfish,5.2951273918151855
11601312,bigfish,6.771174907684326
11609472,bigfish,0.0
11617632,bigfish,12.777856826782227
11625792,bigfish,0.0
11633952,bigfish,8.039085388183594
11634080,bigfish,5.539089202880859
11642240,bigfish,9.592223167419434
11650400,bigfish,0.0
11651232,bigfish,0.0
11659392,bigfish,0.0
11667552,bigfish,8.361089706420898
11675712,bigfish,11.18375015258789
11683872,bigfish,0.0
11692032,bigfish,10.0
11700192,bigfish,10.0
11708352,bigfish,0.0
11716512,bigfish,5.199991226196289
11719616,bigfish,0.0
11727776,bigfish,0.0
11728896,bigfish,0.0
11737056,bigfish,12.679191589355469
11737920,bigfish,12.679191589355469
11738720,bigfish,17.879182815551758
11746880,bigfish,10.0
11747968,bigfish,10.0
11756128,bigfish,0.0
11757184,bigfish,0.0
11765344,bigfish,12.932376861572266
11765824,bigfish,12.932376861572266
11773984,bigfish,10.0
11782144,bigfish,9.592223167419434
11782912,bigfish,9.592223167419434
11791072,bigfish,9.90000057220459
11799232,bigfish,0.0
11800160,bigfish,0.0
11800576,bigfish,0.0
11808736,bigfish,0.0
11816896,bigfish,10.0
11817888,bigfish,10.0
11826048,bigfish,13.087903022766113
11834208,bigfish,10.0
11842368,bigfish,10.0
11850528,bigfish,6.247150421142578
11858688,bigfish,10.0
11866848,bigfish,14.24007797241211
11875008,bigfish,12.942390441894531
11883104,bigfish,10.590694427490234
11883904,bigfish,7.112195014953613
11892064,bigfish,10.0
11900224,bigfish,10.0
11908384,bigfish,8.832489013671875
11916544,bigfish,12.174124717712402
11924704,bigfish,0.0
11932864,bigfish,10.0
11941024,bigfish,8.456089973449707
11946464,bigfish,10.0
11954624,bigfish,9.712570190429688
11956160,bigfish,7.428808212280273
11964320,bigfish,9.951879501342773
11972480,bigfish,10.836048126220703
11980640,bigfish,10.0
11988800,bigfish,0.0
11989728,bigfish,0.0
11997888,bigfish,0.0
11998528,bigfish,0.0
12006688,bigfish,14.508363723754883
12014848,bigfish,0.0
12019648,bigfish,8.056488037109375
12020416,bigfish,8.056488037109375
12028576,bigfish,0.0
12036736,bigfish,6.382443904876709
12044896,bigfish,8.435665130615234
12053056,bigfish,0.0
12061216,bigfish,10.0
12061632,bigfish,10.0
12062528,bigfish,10.0
12070688,bigfish,5.199991226196289
12078848,bigfish,12.5491361618042
12087008,bigfish,0.0
12087456,bigfish,0.0
12088192,bigfish,0.0
12096352,bigfish,0.0
12104512,bigfish,8.924951553344727
12112672,bigfish,0.0
12113504,bigfish,0.0
12121664,bigfish,12.826719284057617
12122368,bigfish,12.826719284057617
12130528,bigfish,6.40511417388916
12131392,bigfish,6.40511417388916
12139552,bigfish,0.0
12147712,bigfish,0.0
12155872,bigfish,0.0
12164032,bigfish,10.0
12172192,bigfish,8.297534942626953
12180352,bigfish,0.0
12188512,bigfish,0.0
12196672,bigfish,0.0
12204832,bigfish,0.0
12212992,bigfish,10.0
12221152,bigfish,0.0
12229312,bigfish,13.273590087890625
12237472,bigfish,10.027987480163574
12245632,bigfish,0.0
12246368,bigfish,0.0
12254528,bigfish,7.109457015991211
12262688,bigfish,0.0
12270848,bigfish,0.0
12279008,bigfish,5.388593673706055
12287168,bigfish,13.246908187866211
12295328,bigfish,14.970440864562988
12296416,bigfish,14.970440864562988
12296992,bigfish,14.970440864562988
12297088,bigfish,14.970440864562988
12297920,bigfish,14.970440864562988
12306080,bigfish,11.532754898071289
12314048,bigfish,13.054031372070312
12322208,bigfish,0.0
12330368,bigfish,0.0
12331424,bigfish,3.752769947052002
12339584,bigfish,10.0
12347744,bigfish,15.353246688842773
12348416,bigfish,19.83158302307129
12356576,bigfish,10.0
12357792,bigfish,10.0
12365952,bigfish,0.0
12374112,bigfish,0.0
12382272,bigfish,12.858993530273438
12390432,bigfish,10.0
12398592,bigfish,10.0
12398976,bigfish,10.0
12407136,bigfish,4.131175518035889
12415296,bigfish,0.0
12416320,bigfish,0.0
12424480,bigfish,12.908269882202148
12432640,bigfish,10.0
12440800,bigfish,0.0
12441472,bigfish,0.0
12449632,bigfish,10.0
12457792,bigfish,8.544811248779297
12465952,bigfish,10.0
12474112,bigfish,10.0
12474688,bigfish,10.0
12475520,bigfish,10.0
12476416,bigfish,10.0
12484576,bigfish,10.0
12492736,bigfish,15.21934700012207
12500896,bigfish,8.160989761352539
12501792,bigfish,3.3602042198181152
12509952,bigfish,9.768731117248535
12510464,bigfish,9.768731117248535
12518624,bigfish,0.0
12522400,bigfish,0.0
12523008,bigfish,0.0
12524064,bigfish,0.0
12524768,bigfish,0.0
12525952,bigfish,0.0
12529600,bigfish,0.0
12537760,bigfish,8.056795120239258
12545920,bigfish,10.0
12554080,bigfish,7.69114875793457
12555040,bigfish,3.4411561489105225
12563200,bigfish,0.0
12563872,bigfish,0.0
12564384,bigfish,0.0
12572544,bigfish,10.0
12577696,bigfish,0.0
12585856,bigfish,0.0
12594016,bigfish,10.0
12594464,bigfish,10.0
12602624,bigfish,4.695735454559326
12610784,bigfish,0.0
12618944,bigfish,0.0
12627104,bigfish,10.0
12627936,bigfish,10.0
12628800,bigfish,10.0
12629664,bigfish,10.0
12630208,bigfish,10.0
12638368,bigfish,10.0
12646528,bigfish,10.0
12654688,bigfish,0.0
12662848,bigfish,0.0
12671008,bigfish,10.0
12679168,bigfish,0.0
12687328,bigfish,0.0
12687872,bigfish,0.0
12688352,bigfish,0.0
12696512,bigfish,8.340402603149414
12697248,bigfish,3.3360650539398193
12705408,bigfish,13.706708908081055
12713568,bigfish,9.477029800415039
12721728,bigfish,7.068884372711182
12723840,bigfish,0.0
12732000,bigfish,4.903608322143555
12732576,bigfish,4.903608322143555
12736608,bigfish,0.0
12737504,bigfish,0.0
12738144,bigfish,0.0
12746304,bigfish,10.0
12754464,bigfish,10.995325088500977
12762624,bigfish,5.2951273918151855
12770784,bigfish,6.771174907684326
12778944,bigfish,0.0
12787104,bigfish,12.777856826782227
12795264,bigfish,0.0
12803424,bigfish,8.039085388183594
12803552,bigfish,5.539089202880859
12811712,bigfish,9.592223167419434
12819872,bigfish,0.0
12820704,bigfish,0.0
12828864,bigfish,0.0
12837024,bigfish,8.361089706420898
12845184,bigfish,11.18375015258789
12853344,bigfish,0.0
12861504,bigfish,10.0
12869664,bigfish,10.0
12877824,bigfish,0.0
12885984,bigfish,5.199991226196289
12889088,bigfish,0.0
12897248,bigfish,0.0
12898368,bigfish,0.0
12906528,bigfish,12.679191589355469
12907392,bigfish,12.679191589355469
12908192,bigfish,17.879182815551758
12916352,bigfish,10.0
12917440,bigfish,10.0
12925600,bigfish,0.0
12926656,bigfish,0.0
12934816,bigfish,12.932376861572266
12935296,bigfish,12.932376861572266
12943456,bigfish,10.0
12951616,bigfish,9.592223167419434
12952384,bigfish,9.592223167419434
12960544,bigfish,9.90000057220459
12968704,bigfish,0.0
12969632,bigfish,0.0
12970048,bigfish,0.0
12978208,bigfish,0.0
12986368,bigfish,10.0
12987360,bigfish,10.0
12995520,bigfish,13.087903022766113
13003680,bigfish,10.0
13011840,bigfish,10.0
13020000,bigfish,6.247150421142578
13028160,bigfish,10.0
13036320,bigfish,14.24007797241211
13044480,bigfish,12.942390441894531
13052576,bigfish,10.590694427490234
13053376,bigfish,7.112195014953613
13061536,bigfish,10.0
13069696,bigfish,10.0
13077856,bigfish,8.832489013671875
13086016,bigfish,12.174124717712402
13094176,bigfish,0.0
13102336,bigfish,10.0
13110496,bigfish,8.456089973449707
13115936,bigfish,10.0
13124096,bigfish,9.712570190429688
13125632,bigfish,7.428808212280273
13133792,bigfish,10.0
13141952,bigfish,10.836048126220703
13150112,bigfish,10.0
13158272,bigfish,0.0
13159200,bigfish,0.0
13167360,bigfish,0.0
13168000,bigfish,0.0
13176160,bigfish,14.5083646774292
13184320,bigfish,0.0
13189120,bigfish,8.056488037109375
13189888,bigfish,8.056488037109375
13198048,bigfish,0.0
13206208,bigfish,6.382443904876709
13214368,bigfish,8.435665130615234
13222528,bigfish,0.0
13230688,bigfish,10.0
13231104,bigfish,10.0
13232000,bigfish,10.0
13240160,bigfish,5.199991226196289
13248320,bigfish,12.5491361618042
13256480,bigfish,0.0
13256928,bigfish,0.0
13257664,bigfish,0.0
13265824,bigfish,0.0
13273984,bigfish,8.924951553344727
13282144,bigfish,0.0
13282976,bigfish,0.0
13291136,bigfish,12.826719284057617
13291840,bigfish,12.826719284057617
13300000,bigfish,6.40511417388916
13300864,bigfish,6.40511417388916
13309024,bigfish,0.0
13317184,bigfish,0.0
13325344,bigfish,0.0
13333504,bigfish,10.0
13341664,bigfish,8.297534942626953
13349824,bigfish,0.0
13357984,bigfish,0.0
13366144,bigfish,0.0
13374304,bigfish,0.0
13382464,bigfish,10.0
13390624,bigfish,0.0
13398784,bigfish,13.273590087890625
13406944,bigfish,10.027987480163574
13415104,bigfish,0.0
13415840,bigfish,0.0
13424000,bigfish,7.109457015991211
13432160,bigfish,0.0
13440320,bigfish,0.0
13448480,bigfish,5.388593673706055
13456640,bigfish,13.246908187866211
13464800,bigfish,14.970440864562988
13465888,bigfish,14.970440864562988
13466464,bigfish,14.970440864562988
13466560,bigfish,14.970440864562988
13467392,bigfish,14.970440864562988
13475552,bigfish,11.532754898071289
13483520,bigfish,13.054031372070312
13491680,bigfish,0.0
13499840,bigfish,0.0
13500896,bigfish,3.752769947052002
13509056,bigfish,10.0
13517216,bigfish,15.353246688842773
13517888,bigfish,19.83158302307129
13526048,bigfish,10.0
13527264,bigfish,10.0
13535424,bigfish,0.0
13543584,bigfish,0.0
13551744,bigfish,12.858993530273438
13559904,bigfish,10.0
13568064,bigfish,10.0
13568448,bigfish,10.0
13576608,bigfish,4.131175518035889
13584768,bigfish,0.0
13585792,bigfish,0.0
13593952,bigfish,12.908269882202148
13602112,bigfish,10.0
13610272,bigfish,0.0
13610944,bigfish,0.0
13619104,bigfish,10.0
13627264,bigfish,8.544811248779297
13635424,bigfish,10.0
13643584,bigfish,10.0
13644160,bigfish,10.0
13644992,bigfish,10.0
13645888,bigfish,10.0
13654048,bigfish,10.0
13662208,bigfish,15.21934700012207
13670368,bigfish,8.160989761352539
13671264,bigfish,3.3602042198181152
13679424,bigfish,9.768731117248535
13679936,bigfish,9.768731117248535
13688096,bigfish,0.0
13691872,bigfish,0.0
13692480,bigfish,0.0
13693536,bigfish,0.0
13694240,bigfish,0.0
13695424,bigfish,0.0
13699072,bigfish,0.0
13707232,bigfish,8.056795120239258
13715392,bigfish,10.0
13723552,bigfish,7.6911492347717285
13724512,bigfish,3.4411561489105225
13732672,bigfish,0.0
13733344,bigfish,0.0
13733856,bigfish,0.0
13742016,bigfish,10.0
13747168,bigfish,0.0
13755328,bigfish,0.0
13763488,bigfish,10.0
13763936,bigfish,10.0
13772096,bigfish,4.695735454559326
13780256,bigfish,0.0
13788416,bigfish,0.0
13796576,bigfish,10.0
13797408,bigfish,10.0
13798272,bigfish,10.0
13799136,bigfish,10.0
13799680,bigfish,10.0
13807840,bigfish,10.0
13816000,bigfish,10.0
13824160,bigfish,0.0
13832320,bigfish,0.0
13840480,bigfish,10.0
13848640,bigfish,0.0
13856800,bigfish,0.0
13857344,bigfish,0.0
13857824,bigfish,0.0
13865984,bigfish,8.340402603149414
13866720,bigfish,3.3360650539398193
13874880,bigfish,13.706708908081055
13883040,bigfish,9.477029800415039
13891200,bigfish,7.068884372711182
13893312,bigfish,0.0
13901472,bigfish,4.903608322143555
13902048,bigfish,4.903608322143555
13906080,bigfish,0.0
13906976,bigfish,0.0
13907616,bigfish,0.0
13915776,bigfish,10.0
13923936,bigfish,10.995325088500977
13932096,bigfish,5.2951273918151855
13940256,bigfish,6.771174907684326
13948416,bigfish,0.0
13956576,bigfish,12.777856826782227
13964736,bigfish,0.0
13972896,bigfish,8.039085388183594
13973024,bigfish,5.539089202880859
13981184,bigfish,9.592223167419434
13989344,bigfish,0.0
13990176,bigfish,0.0
13998336,bigfish,0.0
14006496,bigfish,8.361089706420898
14014656,bigfish,11.18375015258789
14022816,bigfish,0.0
14030976,bigfish,10.0
14039136,bigfish,10.0
14047296,bigfish,0.0
14055456,bigfish,5.199991226196289
14058560,bigfish,0.0
14066720,bigfish,0.0
14067840,bigfish,0.0
14076000,bigfish,12.679191589355469
14076864,bigfish,12.679191589355469
14077664,bigfish,17.879182815551758
14085824,bigfish,10.0
14086912,bigfish,10.0
14095072,bigfish,0.0
14096128,bigfish,0.0
14104288,bigfish,12.932376861572266
14104768,bigfish,12.932376861572266
14112928,bigfish,10.0
14121088,bigfish,9.592223167419434
14121856,bigfish,9.592223167419434
14130016,bigfish,9.90000057220459
14138176,bigfish,0.0
14139104,bigfish,0.0
14139520,bigfish,0.0
14147680,bigfish,0.0
14155840,bigfish,10.0
14156832,bigfish,10.0
14164992,bigfish,13.087903022766113
14173152,bigfish,10.0
14181312,bigfish,10.0
14189472,bigfish,6.247150421142578
14197632,bigfish,10.0
14205792,bigfish,14.24007797241211
14213952,bigfish,12.942390441894531
14222048,bigfish,10.590694427490234
14222848,bigfish,7.112195014953613
14231008,bigfish,10.0
14239168,bigfish,10.0
14247328,bigfish,8.832489013671875
14255488,bigfish,12.174124717712402
14263648,bigfish,0.0
14271808,bigfish,10.0
14279968,bigfish,8.456089973449707
14285408,bigfish,10.0
14293568,bigfish,9.712570190429688
14295104,bigfish,7.428808212280273
14303264,bigfish,10.0
14311424,bigfish,10.836048126220703
14319584,bigfish,10.0
14327744,bigfish,0.0
14328672,bigfish,0.0
14336832,bigfish,0.0
14337472,bigfish,0.0
14345632,bigfish,14.508363723754883
14353792,bigfish,0.0
14358592,bigfish,8.056488037109375
14359360,bigfish,8.056488037109375
14367520,bigfish,0.0
14375680,bigfish,6.382443904876709
14383840,bigfish,8.435665130615234
14392000,bigfish,0.0
14400160,bigfish,10.0
14400576,bigfish,10.0
14401472,bigfish,10.0
14409632,bigfish,5.199991226196289
14417792,bigfish,12.5491361618042
14425952,bigfish,0.0
14426400,bigfish,0.0
14427136,bigfish,0.0
14435296,bigfish,0.0
14443456,bigfish,8.924951553344727
14451616,bigfish,0.0
14452448,bigfish,0.0
14460608,bigfish,12.826719284057617
14461312,bigfish,12.826719284057617
14469472,bigfish,6.40511417388916
14470336,bigfish,6.40511417388916
14478496,bigfish,0.0
14486656,bigfish,0.0
14494816,bigfish,0.0
14502976,bigfish,10.0
14511136,bigfish,8.297534942626953
14519296,bigfish,0.0
14527456,bigfish,0.0
14535616,bigfish,0.0
14543776,bigfish,0.0
14551936,bigfish,10.0
14560096,bigfish,0.0
14568256,bigfish,13.273590087890625
14576416,bigfish,10.027987480163574
14584576,bigfish,0.0
14585312,bigfish,0.0
14593472,bigfish,7.109457015991211
14601632,bigfish,0.0
14609792,bigfish,0.0
14617952,bigfish,5.388593673706055
14626112,bigfish,13.246908187866211
14634272,bigfish,14.970440864562988
14635360,bigfish,14.970440864562988
14635936,bigfish,14.970440864562988
14636032,bigfish,14.970440864562988
14636864,bigfish,14.970440864562988
14645024,bigfish,11.532754898071289
14652992,bigfish,13.054031372070312
14661152,bigfish,0.0
14669312,bigfish,0.0
14670368,bigfish,3.752769947052002
14678528,bigfish,10.0
14686688,bigfish,15.353246688842773
14687360,bigfish,19.83158302307129
14695520,bigfish,10.0
14696736,bigfish,10.0
14704896,bigfish,0.0
14713056,bigfish,0.0
14721216,bigfish,12.858993530273438
14729376,bigfish,10.0
14737536,bigfish,10.0
14737920,bigfish,10.0
14746080,bigfish,4.131175518035889
14754240,bigfish,0.0
14755264,bigfish,0.0
14763424,bigfish,12.908269882202148
14771584,bigfish,10.0
14779744,bigfish,0.0
14780416,bigfish,0.0
14788576,bigfish,10.0
14796736,bigfish,8.544811248779297
14804896,bigfish,10.0
14813056,bigfish,10.0
14813632,bigfish,10.0
14814464,bigfish,10.0
14815360,bigfish,10.0
14823520,bigfish,10.0
14831680,bigfish,15.21934700012207
14839840,bigfish,8.160989761352539
14840736,bigfish,3.3602042198181152
14848896,bigfish,9.768731117248535
14849408,bigfish,9.768731117248535
14857568,bigfish,0.0
14861344,bigfish,0.0
14861952,bigfish,0.0
14863008,bigfish,0.0
14863712,bigfish,0.0
14864896,bigfish,0.0
14868544,bigfish,0.0
14876704,bigfish,8.056795120239258
14884864,bigfish,10.0
14893024,bigfish,7.6911492347717285
14893984,bigfish,3.4411561489105225
14902144,bigfish,0.0
14902816,bigfish,0.0
14903328,bigfish,0.0
14911488,bigfish,10.0
14916640,bigfish,0.0
14924800,bigfish,0.0
14932960,bigfish,10.0
14933408,bigfish,10.0
14941568,bigfish,4.695735454559326
14949728,bigfish,0.0
14957888,bigfish,0.0
14966048,bigfish,10.0
14966880,bigfish,10.0
14967744,bigfish,10.0
14968608,bigfish,10.0
14969152,bigfish,10.0
14977312,bigfish,10.0
14985472,bigfish,10.0
14993632,bigfish,0.0
15001792,bigfish,0.0
15009952,bigfish,10.0
15018112,bigfish,0.0
15026272,bigfish,0.0
15026816,bigfish,0.0
15027296,bigfish,0.0
15035456,bigfish,8.340402603149414
15036192,bigfish,3.3360650539398193
15044352,bigfish,13.706708908081055
15052512,bigfish,9.477029800415039
15060672,bigfish,7.068884372711182
15062784,bigfish,0.0
15070944,bigfish,4.903608322143555
15071520,bigfish,4.903608322143555
15075552,bigfish,0.0
15076448,bigfish,0.0
15077088,bigfish,0.0
15085248,bigfish,10.0
15093408,bigfish,10.995325088500977
15101568,bigfish,5.2951273918151855
15109728,bigfish,6.771174907684326
15117888,bigfish,0.0
15126048,bigfish,12.777856826782227
15134208,bigfish,0.0
15142368,bigfish,8.039085388183594
15142496,bigfish,5.539089202880859
15150656,bigfish,9.592223167419434
15158816,bigfish,0.0
15159648,bigfish,0.0
15167808,bigfish,0.0
15175968,bigfish,8.361089706420898
15184128,bigfish,11.18375015258789
15192288,bigfish,0.0
15200448,bigfish,10.0
15208608,bigfish,10.0
15216768,bigfish,0.0
15224928,bigfish,5.199991226196289
15228032,bigfish,0.0
15236192,bigfish,0.0
15237312,bigfish,0.0
15245472,bigfish,12.679191589355469
15246336,bigfish,12.679191589355469
15247136,bigfish,17.879182815551758
15255296,bigfish,10.0
15256384,bigfish,10.0
15264544,bigfish,0.0
15265600,bigfish,0.0
15273760,bigfish,12.932376861572266
15274240,bigfish,12.932376861572266
15282400,bigfish,10.0
15290560,bigfish,9.592223167419434
15291328,bigfish,9.592223167419434
15299488,bigfish,9.90000057220459
15307648,bigfish,0.0
15308576,bigfish,0.0
15308992,bigfish,0.0
15317152,bigfish,0.0
15325312,bigfish,10.0
15326304,bigfish,10.0
15334464,bigfish,13.087903022766113
15342624,bigfish,10.0
15350784,bigfish,10.0
15358944,bigfish,6.247150421142578
15367104,bigfish,10.0
15375264,bigfish,14.24007797241211
15383424,bigfish,12.942390441894531
15391520,bigfish,10.590694427490234
15392320,bigfish,7.112195014953613
15400480,bigfish,10.0
15408640,bigfish,10.0
15416800,bigfish,8.832489013671875
15424960,bigfish,12.174124717712402
15433120,bigfish,0.0
15441280,bigfish,10.0
15449440,bigfish,8.456089973449707
15454880,bigfish,10.0
15463040,bigfish,9.712570190429688
15464576,bigfish,7.428808212280273
15472736,bigfish,10.0
15480896,bigfish,10.83604907989502
15489056,bigfish,10.0
15497216,bigfish,0.0
15498144,bigfish,0.0
15506304,bigfish,0.0
15506944,bigfish,0.0
15515104,bigfish,14.508363723754883
15523264,bigfish,0.0
15528064,bigfish,8.056488037109375
15528832,bigfish,8.056488037109375
15536992,bigfish,0.0
15545152,bigfish,6.382443904876709
15553312,bigfish,8.435665130615234
15561472,bigfish,0.0
15569632,bigfish,10.0
15570048,bigfish,10.0
15570944,bigfish,10.0
15579104,bigfish,5.199991226196289
15587264,bigfish,12.5491361618042
15595424,bigfish,0.0
15595872,bigfish,0.0
15596608,bigfish,0.0
15604768,bigfish,0.0
15612928,bigfish,8.924951553344727
15621088,bigfish,0.0
15621920,bigfish,0.0
15630080,bigfish,12.826719284057617
15630784,bigfish,12.826719284057617
15638944,bigfish,6.40511417388916
15639808,bigfish,6.40511417388916
15647968,bigfish,0.0
15656128,bigfish,0.0
15664288,bigfish,0.0
15672448,bigfish,10.0
15680608,bigfish,8.297534942626953
15688768,bigfish,0.0
15696928,bigfish,0.0
15705088,bigfish,0.0
15713248,bigfish,0.0
15721408,bigfish,10.0
15729568,bigfish,0.0
15737728,bigfish,13.273590087890625
15745888,bigfish,10.027987480163574
15754048,bigfish,0.0
15754784,bigfish,0.0
15762944,bigfish,7.109457015991211
15771104,bigfish,0.0
15779264,bigfish,0.0
15787424,bigfish,5.388593673706055
15795584,bigfish,13.246908187866211
15803744,bigfish,14.970440864562988
15804832,bigfish,14.970440864562988
15805408,bigfish,14.970440864562988
15805504,bigfish,14.970440864562988
15806336,bigfish,14.970440864562988
15814496,bigfish,11.532754898071289
15822464,bigfish,13.054031372070312
15830624,bigfish,0.0
15838784,bigfish,0.0
15839840,bigfish,3.752769947052002
15848000,bigfish,10.0
15856160,bigfish,15.353246688842773
15856832,bigfish,19.83158302307129
15864992,bigfish,10.0
15866208,bigfish,10.0
15874368,bigfish,0.0
15882528,bigfish,0.0
15890688,bigfish,12.858993530273438
15898848,bigfish,10.0
15907008,bigfish,10.0
15907392,bigfish,10.0
15915552,bigfish,4.131175518035889
15923712,bigfish,0.0
15924736,bigfish,0.0
15932896,bigfish,12.908269882202148
15941056,bigfish,10.0
15949216,bigfish,0.0
15949888,bigfish,0.0
15958048,bigfish,10.0
15966208,bigfish,8.544811248779297
15974368,bigfish,10.0
15982528,bigfish,10.0
15983104,bigfish,10.0
15983936,bigfish,10.0
15984832,bigfish,10.0
15992992,bigfish,10.0
16001152,bigfish,15.21934700012207
16009312,bigfish,8.160989761352539
16010208,bigfish,3.3602042198181152
16018368,bigfish,9.768731117248535
16018880,bigfish,9.768731117248535
16027040,bigfish,0.0
16030816,bigfish,0.0
16031424,bigfish,0.0
16032480,bigfish,0.0
16033184,bigfish,0.0
16034368,bigfish,0.0
16038016,bigfish,0.0
16046176,bigfish,8.056795120239258
16054336,bigfish,10.0
16062496,bigfish,7.69114875793457
16063456,bigfish,3.4411561489105225
16071616,bigfish,0.0
16072288,bigfish,0.0
16072800,bigfish,0.0
16080960,bigfish,10.0
16086112,bigfish,0.0
16094272,bigfish,0.0
16102432,bigfish,10.0
16102880,bigfish,10.0
16111040,bigfish,4.695735454559326
16119200,bigfish,0.0
16127360,bigfish,0.0
16135520,bigfish,10.0
16136352,bigfish,10.0
16137216,bigfish,10.0
16138080,bigfish,10.0
16138624,bigfish,10.0
16146784,bigfish,10.0
16154944,bigfish,10.0
16163104,bigfish,0.0
16171264,bigfish,0.0
16179424,bigfish,10.0
16187584,bigfish,0.0
16195744,bigfish,0.0
16196288,bigfish,0.0
16196768,bigfish,0.0
16204928,bigfish,8.340402603149414
16205664,bigfish,3.3360650539398193
16213824,bigfish,13.706708908081055
16221984,bigfish,9.477029800415039
16230144,bigfish,7.068884372711182
16232256,bigfish,0.0
16240416,bigfish,4.903608322143555
16240992,bigfish,4.903608322143555
16245024,bigfish,0.0
16245920,bigfish,0.0
16246560,bigfish,0.0
16254720,bigfish,10.0
16262880,bigfish,10.995325088500977
16271040,bigfish,5.2951273918151855
16279200,bigfish,6.771174907684326
16287360,bigfish,0.0
16295520,bigfish,12.777856826782227
16303680,bigfish,0.0
16311840,bigfish,8.039085388183594
16311968,bigfish,5.539089202880859
16320128,bigfish,9.592223167419434
16328288,bigfish,0.0
16329120,bigfish,0.0
16337280,bigfish,0.0
16345440,bigfish,8.361089706420898
16353600,bigfish,11.18375015258789
16361760,bigfish,0.0
16369920,bigfish,10.0
16378080,bigfish,10.0
16386240,bigfish,0.0
16394400,bigfish,5.199991226196289
16397504,bigfish,0.0
16405664,bigfish,0.0
16406784,bigfish,0.0
16414944,bigfish,12.679191589355469
16415808,bigfish,12.679191589355469
16416608,bigfish,17.879182815551758
16424768,bigfish,10.0
16425856,bigfish,10.0
16434016,bigfish,0.0
16435072,bigfish,0.0
16443232,bigfish,12.932376861572266
16443712,bigfish,12.932376861572266
16451872,bigfish,10.0
16460032,bigfish,9.592223167419434
16460800,bigfish,9.592223167419434
16468960,bigfish,9.90000057220459
16477120,bigfish,0.0
16478048,bigfish,0.0
16478464,bigfish,0.0
16486624,bigfish,0.0
16494784,bigfish,10.0
16495776,bigfish,10.0
16503936,bigfish,13.087903022766113
16512096,bigfish,10.0
16520256,bigfish,10.0
16528416,bigfish,6.247150421142578
16536576,bigfish,10.0
16544736,bigfish,14.24007797241211
16552896,bigfish,12.942390441894531
16560992,bigfish,10.590694427490234
16561792,bigfish,7.112195014953613
16569952,bigfish,10.0
16578112,bigfish,10.0
16586272,bigfish,8.832489013671875
16594432,bigfish,12.174124717712402
16602592,bigfish,0.0
16610752,bigfish,10.0
16618912,bigfish,8.456089973449707
16624352,bigfish,10.0
16632512,bigfish,9.712570190429688
16634048,bigfish,7.428808212280273
16642208,bigfish,10.0
16650368,bigfish,10.836048126220703
16658528,bigfish,10.0
16666688,bigfish,0.0
16667616,bigfish,0.0
16675776,bigfish,0.0
16676416,bigfish,0.0
16684576,bigfish,14.508363723754883
16692736,bigfish,0.0
16697536,bigfish,8.056488037109375
16698304,bigfish,8.056488037109375
16706464,bigfish,0.0
16714624,bigfish,6.382443904876709
16722784,bigfish,8.435665130615234
16730944,bigfish,0.0
16739104,bigfish,10.0
16739520,bigfish,10.0
16740416,bigfish,10.0
16748576,bigfish,5.199991226196289
16756736,bigfish,12.5491361618042
16764896,bigfish,0.0
16765344,bigfish,0.0
16766080,bigfish,0.0
16774240,bigfish,0.0
16782400,bigfish,8.924951553344727
16790560,bigfish,0.0
16791392,bigfish,0.0
16799552,bigfish,12.826719284057617
16800256,bigfish,12.826719284057617
16808416,bigfish,6.40511417388916
16809280,bigfish,6.40511417388916
16817440,bigfish,0.0
16825600,bigfish,0.0
16833760,bigfish,0.0
16841920,bigfish,10.0
16850080,bigfish,8.297534942626953
16858240,bigfish,0.0
16866400,bigfish,0.0
16874560,bigfish,0.0
16882720,bigfish,0.0
16890880,bigfish,10.0
16899040,bigfish,0.0
16907200,bigfish,13.273590087890625
16915360,bigfish,10.027987480163574
16923520,bigfish,0.0
16924256,bigfish,0.0
16932416,bigfish,7.109457015991211
16940576,bigfish,0.0
16948736,bigfish,0.0
16956896,bigfish,5.388593673706055
16965056,bigfish,13.246908187866211
16973216,bigfish,14.970440864562988
16974304,bigfish,14.970440864562988
16974880,bigfish,14.970440864562988
16974976,bigfish,14.970440864562988
16975808,bigfish,14.970440864562988
16983968,bigfish,11.532754898071289
16991936,bigfish,13.054031372070312
17000096,bigfish,0.0
17008256,bigfish,0.0
17009312,bigfish,3.752769947052002
17017472,bigfish,10.0
17025632,bigfish,15.353246688842773
17026304,bigfish,19.83158302307129
17034464,bigfish,10.0
17035680,bigfish,10.0
17043840,bigfish,0.0
17052000,bigfish,0.0
17060160,bigfish,12.858993530273438
17068320,bigfish,10.0
17076480,bigfish,10.0
17076864,bigfish,10.0
17085024,bigfish,4.131175518035889
17093184,bigfish,0.0
17094208,bigfish,0.0
17102368,bigfish,12.908269882202148
17110528,bigfish,10.0
17118688,bigfish,0.0
17119360,bigfish,0.0
17127520,bigfish,10.0
17135680,bigfish,8.544811248779297
17143840,bigfish,10.0
17152000,bigfish,10.0
17152576,bigfish,10.0
17153408,bigfish,10.0
17154304,bigfish,10.0
17162464,bigfish,10.0
17170624,bigfish,15.21934700012207
17178784,bigfish,8.160989761352539
17179680,bigfish,3.3602042198181152
17187840,bigfish,9.768731117248535
17188352,bigfish,9.768731117248535
17196512,bigfish,0.0
17200288,bigfish,0.0
17200896,bigfish,0.0
17201952,bigfish,0.0
17202656,bigfish,0.0
17203840,bigfish,0.0
17207488,bigfish,0.0
17215648,bigfish,8.056795120239258
17223808,bigfish,10.0
17231968,bigfish,7.69114875793457
17232928,bigfish,3.4411561489105225
17241088,bigfish,0.0
17241760,bigfish,0.0
17242272,bigfish,0.0
17250432,bigfish,10.0
17255584,bigfish,0.0
17263744,bigfish,0.0
17271904,bigfish,10.0
17272352,bigfish,10.0
17280512,bigfish,4.695735454559326
17288672,bigfish,0.0
17296832,bigfish,0.0
17304992,bigfish,10.0
17305824,bigfish,10.0
17306688,bigfish,10.0
17307552,bigfish,10.0
17308096,bigfish,10.0
17316256,bigfish,10.0
17324416,bigfish,10.0
17332576,bigfish,0.0
17340736,bigfish,0.0
17348896,bigfish,10.0
17357056,bigfish,0.0
17365216,bigfish,0.0
17365760,bigfish,0.0
17366240,bigfish,0.0
17374400,bigfish,8.340402603149414
17375136,bigfish,3.3360650539398193
17383296,bigfish,13.706708908081055
17391456,bigfish,9.477029800415039
17399616,bigfish,7.068884372711182
17401728,bigfish,0.0
17409888,bigfish,4.903608322143555
17410464,bigfish,4.903608322143555
17414496,bigfish,0.0
17415392,bigfish,0.0
17416032,bigfish,0.0
17424192,bigfish,10.0
17432352,bigfish,10.995325088500977
17440512,bigfish,5.2951273918151855
17448672,bigfish,6.771174907684326
17456832,bigfish,0.0
17464992,bigfish,12.777856826782227
17473152,bigfish,0.0
17481312,bigfish,8.039085388183594
17481440,bigfish,5.539089202880859
17489600,bigfish,9.592223167419434
17497760,bigfish,0.0
17498592,bigfish,0.0
17506752,bigfish,0.0
17514912,bigfish,8.361089706420898
17523072,bigfish,11.18375015258789
17531232,bigfish,0.0
17539392,bigfish,10.0
17547552,bigfish,10.0
17555712,bigfish,0.0
17563872,bigfish,5.199991226196289
17566976,bigfish,0.0
17575136,bigfish,0.0
17576256,bigfish,0.0
17584416,bigfish,12.679191589355469
17585280,bigfish,12.679191589355469
17586080,bigfish,17.879182815551758
17594240,bigfish,10.0
17595328,bigfish,10.0
17603488,bigfish,0.0
17604544,bigfish,0.0
17612704,bigfish,12.932376861572266
17613184,bigfish,12.932376861572266
17621344,bigfish,10.0
17629504,bigfish,9.592223167419434
17630272,bigfish,9.592223167419434
17638432,bigfish,9.90000057220459
17646592,bigfish,0.0
17647520,bigfish,0.0
17647936,bigfish,0.0
17656096,bigfish,0.0
17664256,bigfish,10.0
17665248,bigfish,10.0
17673408,bigfish,13.087903022766113
17681568,bigfish,10.0
17689728,bigfish,10.0
17697888,bigfish,6.247150421142578
17706048,bigfish,10.0
17714208,bigfish,14.24007797241211
17722368,bigfish,12.942390441894531
17730464,bigfish,10.590694427490234
17731264,bigfish,7.112195014953613
17739424,bigfish,10.0
17747584,bigfish,10.0
17755744,bigfish,8.832489013671875
17763904,bigfish,12.174124717712402
17772064,bigfish,0.0
17780224,bigfish,10.0
17788384,bigfish,8.456089973449707
17793824,bigfish,10.0
17801984,bigfish,9.712570190429688
17803520,bigfish,7.428808212280273
17811680,bigfish,10.0
17819840,bigfish,10.836048126220703
17828000,bigfish,10.0
17836160,bigfish,0.0
17837088,bigfish,0.0
17845248,bigfish,0.0
17845888,bigfish,0.0
17854048,bigfish,14.5083646774292
17862208,bigfish,0.0
17867008,bigfish,8.056488037109375
17867776,bigfish,8.056488037109375
17875936,bigfish,0.0
17884096,bigfish,6.382443904876709
17892256,bigfish,8.435665130615234
17900416,bigfish,0.0
17908576,bigfish,10.0
17908992,bigfish,10.0
17909888,bigfish,10.0
17918048,bigfish,5.199991226196289
17926208,bigfish,12.5491361618042
17934368,bigfish,0.0
17934816,bigfish,0.0
17935552,bigfish,0.0
17943712,bigfish,0.0
17951872,bigfish,8.924951553344727
17960032,bigfish,0.0
17960864,bigfish,0.0
17969024,bigfish,12.826719284057617
17969728,bigfish,12.826719284057617
17977888,bigfish,6.40511417388916
17978752,bigfish,6.40511417388916
17986912,bigfish,0.0
17995072,bigfish,0.0
18003232,bigfish,0.0
18011392,bigfish,10.0
18019552,bigfish,8.297534942626953
18027712,bigfish,0.0
18035872,bigfish,0.0
18044032,bigfish,0.0
18052192,bigfish,0.0
18060352,bigfish,10.0
18068512,bigfish,0.0
18076672,bigfish,13.273590087890625
18084832,bigfish,10.027987480163574
18092992,bigfish,0.0
18093728,bigfish,0.0
18101888,bigfish,7.109457015991211
18110048,bigfish,0.0
18118208,bigfish,0.0
18126368,bigfish,5.388593673706055
18134528,bigfish,13.246908187866211
18142688,bigfish,14.970440864562988
18143776,bigfish,14.970440864562988
18144352,bigfish,14.970440864562988
18144448,bigfish,14.970440864562988
18145280,bigfish,14.970440864562988
18153440,bigfish,11.532754898071289
18161408,bigfish,13.054031372070312
18169568,bigfish,0.0
18177728,bigfish,0.0
18178784,bigfish,3.752769947052002
18186944,bigfish,10.0
18195104,bigfish,15.353246688842773
18195776,bigfish,19.83158302307129
18203936,bigfish,10.0
18205152,bigfish,10.0
18213312,bigfish,0.0
18221472,bigfish,0.0
18229632,bigfish,12.858993530273438
18237792,bigfish,10.0
18245952,bigfish,10.0
18246336,bigfish,10.0
18254496,bigfish,4.131175518035889
18262656,bigfish,0.0
18263680,bigfish,0.0
18271840,bigfish,12.908269882202148
18280000,bigfish,10.0
18288160,bigfish,0.0
18288832,bigfish,0.0
18296992,bigfish,10.0
18305152,bigfish,8.544811248779297
18313312,bigfish,10.0
18321472,bigfish,10.0
18322048,bigfish,10.0
18322880,bigfish,10.0
18323776,bigfish,10.0
18331936,bigfish,10.0
18340096,bigfish,15.21934700012207
18348256,bigfish,8.160989761352539
18349152,bigfish,3.3602042198181152
18357312,bigfish,9.768731117248535
18357824,bigfish,9.768731117248535
18365984,bigfish,0.0
18369760,bigfish,0.0
18370368,bigfish,0.0
18371424,bigfish,0.0
18372128,bigfish,0.0
18373312,bigfish,0.0
18376960,bigfish,0.0
18385120,bigfish,8.056795120239258
18393280,bigfish,10.0
18401440,bigfish,7.6911492347717285
18402400,bigfish,3.4411561489105225
18410560,bigfish,0.0
18411232,bigfish,0.0
18411744,bigfish,0.0
18419904,bigfish,10.0
18425056,bigfish,0.0
18433216,bigfish,0.0
18441376,bigfish,10.0
18441824,bigfish,10.0
18449984,bigfish,4.695735454559326
18458144,bigfish,0.0
18466304,bigfish,0.0
18474464,bigfish,10.0
18475296,bigfish,10.0
18476160,bigfish,10.0
18477024,bigfish,10.0
18477568,bigfish,10.0
18485728,bigfish,10.0
18493888,bigfish,10.0
18502048,bigfish,0.0
18510208,bigfish,0.0
18518368,bigfish,10.0
18526528,bigfish,0.0
18534688,bigfish,0.0
18535232,bigfish,0.0
18535712,bigfish,0.0
18543872,bigfish,8.340402603149414
18544608,bigfish,3.3360650539398193
18552768,bigfish,13.706708908081055
18560928,bigfish,9.477029800415039
18569088,bigfish,7.068884372711182
18571200,bigfish,0.0
18579360,bigfish,4.903608322143555
18579936,bigfish,4.903608322143555
18583968,bigfish,0.0
18584864,bigfish,0.0
18585504,bigfish,0.0
18593664,bigfish,10.0
18601824,bigfish,10.995325088500977
18609984,bigfish,5.2951273918151855
18618144,bigfish,6.771174907684326
18626304,bigfish,0.0
18634464,bigfish,12.777856826782227
18642624,bigfish,0.0
18650784,bigfish,8.039085388183594
18650912,bigfish,5.539089202880859
18659072,bigfish,9.592223167419434
18667232,bigfish,0.0
18668064,bigfish,0.0
18676224,bigfish,0.0
18684384,bigfish,8.361089706420898
18692544,bigfish,11.18375015258789
18700704,bigfish,0.0
18708864,bigfish,10.0
18717024,bigfish,10.0
18725184,bigfish,0.0
18733344,bigfish,5.199991226196289
18736448,bigfish,0.0
18744608,bigfish,0.0
18745728,bigfish,0.0
18753888,bigfish,12.679191589355469
18754752,bigfish,12.679191589355469
18755552,bigfish,17.879182815551758
18763712,bigfish,10.0
18764800,bigfish,10.0
18772960,bigfish,0.0
18774016,bigfish,0.0
18782176,bigfish,12.932376861572266
18782656,bigfish,12.932376861572266
18790816,bigfish,10.0
18798976,bigfish,9.592223167419434
18799744,bigfish,9.592223167419434
18807904,bigfish,9.90000057220459
18816064,bigfish,0.0
18816992,bigfish,0.0
18817408,bigfish,0.0
18825568,bigfish,0.0
18833728,bigfish,10.0
18834720,bigfish,10.0
18842880,bigfish,13.087903022766113
18851040,bigfish,10.0
18859200,bigfish,10.0
18867360,bigfish,6.247150421142578
18875520,bigfish,10.0
18883680,bigfish,14.24007797241211
18891840,bigfish,12.942390441894531
18899936,bigfish,10.590694427490234
18900736,bigfish,7.112195014953613
18908896,bigfish,10.0
18917056,bigfish,10.0
18925216,bigfish,8.832489013671875
18933376,bigfish,12.174124717712402
18941536,bigfish,0.0
18949696,bigfish,10.0
18957856,bigfish,8.456089973449707
18963296,bigfish,10.0
18971456,bigfish,9.712570190429688
18972992,bigfish,7.428808212280273
18981152,bigfish,10.0
18989312,bigfish,10.836048126220703
18997472,bigfish,10.0
19005632,bigfish,0.0
19006560,bigfish,0.0
19014720,bigfish,0.0
19015360,bigfish,0.0
19023520,bigfish,14.508363723754883
19031680,bigfish,0.0
19036480,bigfish,8.056488037109375
19037248,bigfish,8.056488037109375
19045408,bigfish,0.0
19053568,bigfish,6.382443904876709
19061728,bigfish,8.435665130615234
19069888,bigfish,0.0
19078048,bigfish,10.0
19078464,bigfish,10.0
19079360,bigfish,10.0
19087520,bigfish,5.199991226196289
19095680,bigfish,12.5491361618042
19103840,bigfish,0.0
19104288,bigfish,0.0
19105024,bigfish,0.0
19113184,bigfish,0.0
19121344,bigfish,8.924951553344727
19129504,bigfish,0.0
19130336,bigfish,0.0
19138496,bigfish,12.826719284057617
19139200,bigfish,12.826719284057617
19147360,bigfish,6.40511417388916
19148224,bigfish,6.40511417388916
19156384,bigfish,0.0
19164544,bigfish,0.0
19172704,bigfish,0.0
19180864,bigfish,10.0
19189024,bigfish,8.297534942626953
19197184,bigfish,0.0
19205344,bigfish,0.0
19213504,bigfish,0.0
19221664,bigfish,0.0
19229824,bigfish,10.0
19237984,bigfish,0.0
19246144,bigfish,13.273590087890625
19254304,bigfish,10.027987480163574
19262464,bigfish,0.0
19263200,bigfish,0.0
19271360,bigfish,7.109457015991211
19279520,bigfish,0.0
19287680,bigfish,0.0
19295840,bigfish,5.388593673706055
19304000,bigfish,13.246908187866211
19312160,bigfish,14.970440864562988
19313248,bigfish,14.970440864562988
19313824,bigfish,14.970440864562988
19313920,bigfish,14.970440864562988
19314752,bigfish,14.970440864562988
19322912,bigfish,11.532754898071289
19330880,bigfish,13.054031372070312
19339040,bigfish,0.0
19347200,bigfish,0.0
19348256,bigfish,3.752769947052002
19356416,bigfish,10.0
19364576,bigfish,15.353246688842773
19365248,bigfish,19.83158302307129
19373408,bigfish,10.0
19374624,bigfish,10.0
19382784,bigfish,0.0
19390944,bigfish,0.0
19399104,bigfish,12.858993530273438
19407264,bigfish,10.0
19415424,bigfish,10.0
19415808,bigfish,10.0
19423968,bigfish,4.131175518035889
19432128,bigfish,0.0
19433152,bigfish,0.0
19441312,bigfish,12.908269882202148
19449472,bigfish,10.0
19457632,bigfish,0.0
19458304,bigfish,0.0
19466464,bigfish,10.0
19474624,bigfish,8.544811248779297
19482784,bigfish,10.0
19490944,bigfish,10.0
19491520,bigfish,10.0
19492352,bigfish,10.0
19493248,bigfish,10.0
19501408,bigfish,10.0
19509568,bigfish,15.21934700012207
19517728,bigfish,8.160989761352539
19518624,bigfish,3.3602042198181152
19526784,bigfish,9.768731117248535
19527296,bigfish,9.768731117248535
19535456,bigfish,0.0
19539232,bigfish,0.0
19539840,bigfish,0.0
19540896,bigfish,0.0
19541600,bigfish,0.0
19542784,bigfish,0.0
19546432,bigfish,0.0
19554592,bigfish,8.056795120239258
19562752,bigfish,10.0
19570912,bigfish,7.6911492347717285
19571872,bigfish,3.4411561489105225
19580032,bigfish,0.0
19580704,bigfish,0.0
19581216,bigfish,0.0
19589376,bigfish,10.0
19594528,bigfish,0.0
19602688,bigfish,0.0
19610848,bigfish,10.0
19611296,bigfish,10.0
19619456,bigfish,4.695735454559326
19627616,bigfish,0.0
19635776,bigfish,0.0
19643936,bigfish,10.0
19644768,bigfish,10.0
19645632,bigfish,10.0
19646496,bigfish,10.0
19647040,bigfish,10.0
19655200,bigfish,10.0
19663360,bigfish,10.0
19671520,bigfish,0.0
19679680,bigfish,0.0
19687840,bigfish,10.0
19696000,bigfish,0.0
19704160,bigfish,0.0
19704704,bigfish,0.0
19705184,bigfish,0.0
19713344,bigfish,8.340402603149414
19714080,bigfish,3.3360650539398193
19722240,bigfish,13.706708908081055
19730400,bigfish,9.477029800415039
19738560,bigfish,7.068884372711182
19740672,bigfish,0.0
19748832,bigfish,4.903608322143555
19749408,bigfish,4.903608322143555
19753440,bigfish,0.0
19754336,bigfish,0.0
19754976,bigfish,0.0
19763136,bigfish,10.0
19771296,bigfish,10.995325088500977
19779456,bigfish,5.2951273918151855
19787616,bigfish,6.771174907684326
19795776,bigfish,0.0
19803936,bigfish,12.777856826782227
19812096,bigfish,0.0
19820256,bigfish,8.039085388183594
19820384,bigfish,5.539089202880859
19828544,bigfish,9.592223167419434
19836704,bigfish,0.0
19837536,bigfish,0.0
19845696,bigfish,0.0
19853856,bigfish,8.361089706420898
19862016,bigfish,11.18375015258789
19870176,bigfish,0.0
19878336,bigfish,10.0
19886496,bigfish,10.0
19894656,bigfish,0.0
19902816,bigfish,5.199991226196289
19905920,bigfish,0.0
19914080,bigfish,0.0
19915200,bigfish,0.0
19923360,bigfish,12.679191589355469
19924224,bigfish,12.679191589355469
19925024,bigfish,17.879182815551758
19933184,bigfish,10.0
19934272,bigfish,10.0
19942432,bigfish,0.0
19943488,bigfish,0.0
19951648,bigfish,12.932376861572266
19952128,bigfish,12.932376861572266
19960288,bigfish,10.0
19968448,bigfish,9.592223167419434
19969216,bigfish,9.592223167419434
19977376,bigfish,9.90000057220459
19985536,bigfish,0.0
19986464,bigfish,0.0
19986880,bigfish,0.0
19995040,bigfish,0.0
20003200,bigfish,10.0
