Looking in links: https://download.pytorch.org/whl/cu113/torch_stable.html
Requirement already satisfied: torch==1.10.0+cu113 in /zhome/fa/4/127501/.local/lib/python3.7/site-packages (1.10.0+cu113)
Requirement already satisfied: torchvision==0.11.1+cu113 in /zhome/fa/4/127501/.local/lib/python3.7/site-packages (0.11.1+cu113)
Requirement already satisfied: torchaudio==0.10.0+cu113 in /zhome/fa/4/127501/.local/lib/python3.7/site-packages (0.10.0+cu113)
Requirement already satisfied: typing-extensions in /appl/python/3.7.11/lib/python3.7/site-packages (from torch==1.10.0+cu113) (3.10.0.0)
Requirement already satisfied: pillow!=8.3.0,>=5.3.0 in /zhome/fa/4/127501/.local/lib/python3.7/site-packages (from torchvision==0.11.1+cu113) (8.4.0)
Requirement already satisfied: numpy in /zhome/fa/4/127501/.local/lib/python3.7/site-packages (from torchvision==0.11.1+cu113) (1.21.4)
Requirement already satisfied: procgen in /zhome/fa/4/127501/.local/lib/python3.7/site-packages (0.10.4)
Requirement already satisfied: filelock<4.0.0,>=3.0.0 in /appl/python/3.7.11/lib/python3.7/site-packages (from procgen) (3.0.12)
Requirement already satisfied: numpy<2.0.0,>=1.17.0 in /zhome/fa/4/127501/.local/lib/python3.7/site-packages (from procgen) (1.21.4)
Requirement already satisfied: gym3<1.0.0,>=0.3.3 in /zhome/fa/4/127501/.local/lib/python3.7/site-packages (from procgen) (0.3.3)
Requirement already satisfied: gym<1.0.0,>=0.15.0 in /zhome/fa/4/127501/.local/lib/python3.7/site-packages (from procgen) (0.21.0)
Collecting importlib-metadata>=4.8.1
  Using cached importlib_metadata-4.9.0-py3-none-any.whl (17 kB)
Requirement already satisfied: cloudpickle>=1.2.0 in /zhome/fa/4/127501/.local/lib/python3.7/site-packages (from gym<1.0.0,>=0.15.0->procgen) (2.0.0)
Requirement already satisfied: imageio<3.0.0,>=2.6.0 in /zhome/fa/4/127501/.local/lib/python3.7/site-packages (from gym3<1.0.0,>=0.3.3->procgen) (2.10.3)
Requirement already satisfied: cffi<2.0.0,>=1.13.0 in /zhome/fa/4/127501/.local/lib/python3.7/site-packages (from gym3<1.0.0,>=0.3.3->procgen) (1.15.0)
Requirement already satisfied: glfw<2.0.0,>=1.8.6 in /zhome/fa/4/127501/.local/lib/python3.7/site-packages (from gym3<1.0.0,>=0.3.3->procgen) (1.12.0)
Requirement already satisfied: imageio-ffmpeg<0.4.0,>=0.3.0 in /zhome/fa/4/127501/.local/lib/python3.7/site-packages (from gym3<1.0.0,>=0.3.3->procgen) (0.3.0)
Requirement already satisfied: moderngl<6.0.0,>=5.5.4 in /zhome/fa/4/127501/.local/lib/python3.7/site-packages (from gym3<1.0.0,>=0.3.3->procgen) (5.6.4)
Requirement already satisfied: pycparser in /zhome/fa/4/127501/.local/lib/python3.7/site-packages (from cffi<2.0.0,>=1.13.0->gym3<1.0.0,>=0.3.3->procgen) (2.21)
Requirement already satisfied: pillow>=8.3.2 in /zhome/fa/4/127501/.local/lib/python3.7/site-packages (from imageio<3.0.0,>=2.6.0->gym3<1.0.0,>=0.3.3->procgen) (8.4.0)
Requirement already satisfied: typing-extensions>=3.6.4 in /appl/python/3.7.11/lib/python3.7/site-packages (from importlib-metadata>=4.8.1->gym<1.0.0,>=0.15.0->procgen) (3.10.0.0)
Requirement already satisfied: zipp>=0.5 in /appl/python/3.7.11/lib/python3.7/site-packages (from importlib-metadata>=4.8.1->gym<1.0.0,>=0.15.0->procgen) (3.5.0)
Requirement already satisfied: glcontext<3,>=2 in /zhome/fa/4/127501/.local/lib/python3.7/site-packages (from moderngl<6.0.0,>=5.5.4->gym3<1.0.0,>=0.3.3->procgen) (2.3.4)
Installing collected packages: importlib-metadata
Successfully installed importlib-metadata-4.9.0
Requirement already satisfied: imageio in /zhome/fa/4/127501/.local/lib/python3.7/site-packages (2.10.3)
Requirement already satisfied: pillow>=8.3.2 in /zhome/fa/4/127501/.local/lib/python3.7/site-packages (from imageio) (8.4.0)
Requirement already satisfied: numpy in /zhome/fa/4/127501/.local/lib/python3.7/site-packages (from imageio) (1.21.4)
Looking in links: https://download.pytorch.org/whl/cu113/torch_stable.html
Requirement already satisfied: torch==1.10.0+cu113 in /zhome/fa/4/127501/.local/lib/python3.7/site-packages (1.10.0+cu113)
Requirement already satisfied: torchvision==0.11.1+cu113 in /zhome/fa/4/127501/.local/lib/python3.7/site-packages (0.11.1+cu113)
Requirement already satisfied: torchaudio==0.10.0+cu113 in /zhome/fa/4/127501/.local/lib/python3.7/site-packages (0.10.0+cu113)
Requirement already satisfied: typing-extensions in /appl/python/3.7.11/lib/python3.7/site-packages (from torch==1.10.0+cu113) (3.10.0.0)
Requirement already satisfied: numpy in /zhome/fa/4/127501/.local/lib/python3.7/site-packages (from torchvision==0.11.1+cu113) (1.21.4)
Requirement already satisfied: pillow!=8.3.0,>=5.3.0 in /zhome/fa/4/127501/.local/lib/python3.7/site-packages (from torchvision==0.11.1+cu113) (8.4.0)
Requirement already satisfied: procgen in /zhome/fa/4/127501/.local/lib/python3.7/site-packages (0.10.4)
Requirement already satisfied: numpy<2.0.0,>=1.17.0 in /zhome/fa/4/127501/.local/lib/python3.7/site-packages (from procgen) (1.21.4)
Requirement already satisfied: gym3<1.0.0,>=0.3.3 in /zhome/fa/4/127501/.local/lib/python3.7/site-packages (from procgen) (0.3.3)
Requirement already satisfied: gym<1.0.0,>=0.15.0 in /zhome/fa/4/127501/.local/lib/python3.7/site-packages (from procgen) (0.21.0)
Requirement already satisfied: filelock<4.0.0,>=3.0.0 in /appl/python/3.7.11/lib/python3.7/site-packages (from procgen) (3.0.12)
Requirement already satisfied: cloudpickle>=1.2.0 in /zhome/fa/4/127501/.local/lib/python3.7/site-packages (from gym<1.0.0,>=0.15.0->procgen) (2.0.0)
Collecting importlib-metadata>=4.8.1
  Using cached importlib_metadata-4.9.0-py3-none-any.whl (17 kB)
Requirement already satisfied: moderngl<6.0.0,>=5.5.4 in /zhome/fa/4/127501/.local/lib/python3.7/site-packages (from gym3<1.0.0,>=0.3.3->procgen) (5.6.4)
Requirement already satisfied: imageio-ffmpeg<0.4.0,>=0.3.0 in /zhome/fa/4/127501/.local/lib/python3.7/site-packages (from gym3<1.0.0,>=0.3.3->procgen) (0.3.0)
Requirement already satisfied: imageio<3.0.0,>=2.6.0 in /zhome/fa/4/127501/.local/lib/python3.7/site-packages (from gym3<1.0.0,>=0.3.3->procgen) (2.10.3)
Requirement already satisfied: cffi<2.0.0,>=1.13.0 in /zhome/fa/4/127501/.local/lib/python3.7/site-packages (from gym3<1.0.0,>=0.3.3->procgen) (1.15.0)
Requirement already satisfied: glfw<2.0.0,>=1.8.6 in /zhome/fa/4/127501/.local/lib/python3.7/site-packages (from gym3<1.0.0,>=0.3.3->procgen) (1.12.0)
Requirement already satisfied: pycparser in /zhome/fa/4/127501/.local/lib/python3.7/site-packages (from cffi<2.0.0,>=1.13.0->gym3<1.0.0,>=0.3.3->procgen) (2.21)
Requirement already satisfied: pillow>=8.3.2 in /zhome/fa/4/127501/.local/lib/python3.7/site-packages (from imageio<3.0.0,>=2.6.0->gym3<1.0.0,>=0.3.3->procgen) (8.4.0)
Requirement already satisfied: zipp>=0.5 in /appl/python/3.7.11/lib/python3.7/site-packages (from importlib-metadata>=4.8.1->gym<1.0.0,>=0.15.0->procgen) (3.5.0)
Requirement already satisfied: typing-extensions>=3.6.4 in /appl/python/3.7.11/lib/python3.7/site-packages (from importlib-metadata>=4.8.1->gym<1.0.0,>=0.15.0->procgen) (3.10.0.0)
Requirement already satisfied: glcontext<3,>=2 in /zhome/fa/4/127501/.local/lib/python3.7/site-packages (from moderngl<6.0.0,>=5.5.4->gym3<1.0.0,>=0.3.3->procgen) (2.3.4)
Installing collected packages: importlib-metadata
Successfully installed importlib-metadata-4.9.0
Requirement already satisfied: imageio in /zhome/fa/4/127501/.local/lib/python3.7/site-packages (2.10.3)
Requirement already satisfied: numpy in /zhome/fa/4/127501/.local/lib/python3.7/site-packages (from imageio) (1.21.4)
Requirement already satisfied: pillow>=8.3.2 in /zhome/fa/4/127501/.local/lib/python3.7/site-packages (from imageio) (8.4.0)
Running PPO-jumper
8160,jumper,5.3125
16320,jumper,1.5625
24480,jumper,1.5625
32640,jumper,58.43805694580078
40800,jumper,23.991500854492188
40800,jumper,23.991500854492188
48960,jumper,0.0
57120,jumper,0.0
65280,jumper,2.1875
65280,jumper,12.1875
73440,jumper,0.0
73440,jumper,0.0
81600,jumper,0.625
89760,jumper,35.2177848815918
97920,jumper,1.5625
97920,jumper,1.5625
97920,jumper,1.5625
106080,jumper,0.0
114240,jumper,28.461708068847656
122400,jumper,0.3125
130560,jumper,0.0
138720,jumper,1.5625
146880,jumper,3.4375
155040,jumper,31.674400329589844
163200,jumper,0.0
171360,jumper,1.25
179520,jumper,11.25
179520,jumper,11.25
187680,jumper,0.625
195840,jumper,2.8125
204000,jumper,0.0
212160,jumper,0.0
220320,jumper,0.0
228064,jumper,38.387725830078125
236224,jumper,50.424827575683594
244384,jumper,0.0
246528,jumper,7.927454948425293
246528,jumper,17.927453994750977
254688,jumper,0.0
262848,jumper,0.0
271008,jumper,0.0
279168,jumper,0.0
287328,jumper,15.9375
295488,jumper,8.125
303648,jumper,0.0
311808,jumper,0.0
319968,jumper,0.0
328128,jumper,0.0
336288,jumper,10.586487770080566
344448,jumper,0.0
352608,jumper,1.5625
360768,jumper,0.0
368928,jumper,0.0
377088,jumper,32.733009338378906
385248,jumper,0.9375
393408,jumper,6.507852077484131
395360,jumper,12.38450813293457
403520,jumper,0.0
406560,jumper,9.681461334228516
414720,jumper,13.75
422880,jumper,0.0
431040,jumper,5.3125
431040,jumper,5.3125
439200,jumper,26.386356353759766
447360,jumper,0.0
455520,jumper,20.984100341796875
463680,jumper,30.022396087646484
471840,jumper,26.200498580932617
480000,jumper,0.0
488160,jumper,5.0
496320,jumper,29.296932220458984
504480,jumper,9.611104965209961
512640,jumper,0.9375
520800,jumper,11.918045043945312
528960,jumper,0.0
537120,jumper,0.0
545280,jumper,9.505257606506348
553440,jumper,0.3125
561600,jumper,0.0
569760,jumper,17.1875
577920,jumper,0.0
586080,jumper,0.0
594240,jumper,0.625
602400,jumper,0.0
610560,jumper,0.0
618720,jumper,0.3125
618720,jumper,0.3125
626880,jumper,0.0
626880,jumper,10.0
635040,jumper,0.0
643200,jumper,0.0
651360,jumper,0.0
659520,jumper,3.125
667680,jumper,2.5
675840,jumper,0.0
684000,jumper,0.0
684000,jumper,0.0
692160,jumper,0.0
700320,jumper,0.0
700320,jumper,0.0
708480,jumper,0.0
708480,jumper,10.0
716640,jumper,3.428086996078491
724800,jumper,15.3125
732960,jumper,0.0
741120,jumper,2.1875
743424,jumper,0.625
751584,jumper,35.255126953125
759744,jumper,5.6042022705078125
767904,jumper,0.0
776064,jumper,0.0
784224,jumper,34.376548767089844
792384,jumper,0.0
792384,jumper,0.0
800544,jumper,30.33267593383789
808704,jumper,0.0
808704,jumper,0.0
816864,jumper,0.0
825024,jumper,0.9375
833184,jumper,0.0
841344,jumper,0.625
849504,jumper,0.0
857664,jumper,5.625
865824,jumper,0.0
865824,jumper,0.0
873984,jumper,0.0
882144,jumper,0.0
890304,jumper,0.0
898464,jumper,0.0
906624,jumper,0.0
914784,jumper,0.0
922944,jumper,2.5
931104,jumper,12.5
939264,jumper,5.307793617248535
947424,jumper,7.5
955584,jumper,11.59438705444336
963744,jumper,0.0
971904,jumper,0.0
980064,jumper,0.0
988224,jumper,1.25
996384,jumper,0.0
1004544,jumper,0.0
1012704,jumper,2.5
1020864,jumper,0.0
1029024,jumper,0.0
1029504,jumper,2.1853244304656982
1037664,jumper,16.25
1045824,jumper,0.0
1053984,jumper,0.0
1058112,jumper,12.488700866699219
1066272,jumper,0.0
1074432,jumper,1.875
1082592,jumper,49.29281997680664
1090752,jumper,0.0
1091296,jumper,13.26673412322998
1099456,jumper,0.0
1107616,jumper,0.0
1115776,jumper,23.985422134399414
1123936,jumper,0.0
1132096,jumper,0.0
1140256,jumper,0.0
1148416,jumper,2.5
1156576,jumper,21.86993980407715
1164736,jumper,0.0
1164736,jumper,0.0
1165536,jumper,0.0
1173696,jumper,0.0
1181856,jumper,0.0
1190016,jumper,0.0
1198176,jumper,64.98236083984375
1206336,jumper,0.0
1214496,jumper,20.0
1222656,jumper,14.6875
1230816,jumper,0.0
1238976,jumper,10.316387176513672
1247136,jumper,0.625
1247136,jumper,0.625
1248704,jumper,0.625
1256864,jumper,0.0
1265024,jumper,41.503387451171875
1271488,jumper,29.369293212890625
1279648,jumper,23.4375
1279648,jumper,23.4375
1283712,jumper,14.6875
1291872,jumper,0.0
1300032,jumper,10.0
1308192,jumper,19.238845825195312
1316352,jumper,4.0625
1324512,jumper,0.0
1332672,jumper,0.0
1340832,jumper,23.913333892822266
1348992,jumper,0.0
1357152,jumper,1.875
1365312,jumper,0.0
1373472,jumper,2.8125
1381632,jumper,7.5
1389792,jumper,15.9375
1397952,jumper,14.661195755004883
1398336,jumper,15.782605171203613
1406496,jumper,4.6875
1410848,jumper,26.06350326538086
1416992,jumper,11.383052825927734
1425152,jumper,3.125
1426400,jumper,13.955099105834961
1434176,jumper,17.736068725585938
1434176,jumper,17.41927719116211
1442336,jumper,0.0
1450496,jumper,0.0
1458656,jumper,3.4375
1458656,jumper,13.4375
1466816,jumper,0.3125
1466816,jumper,0.3125
1474976,jumper,12.5
1483136,jumper,4.621144771575928
1491296,jumper,19.79088592529297
1491296,jumper,19.79088592529297
1491296,jumper,19.79088592529297
1499456,jumper,0.9375
1502560,jumper,20.776033401489258
1510720,jumper,1.875
1518880,jumper,1.25
1527040,jumper,0.0
1535200,jumper,2.5
1542976,jumper,32.17865753173828
1551136,jumper,0.0
1559296,jumper,5.3125
1567456,jumper,1.5625
1567456,jumper,1.5625
1575616,jumper,5.625
1583776,jumper,3.125
1587008,jumper,0.9375
1595168,jumper,0.0
1603328,jumper,0.0
1611488,jumper,17.8125
1615776,jumper,25.8760986328125
1623936,jumper,0.0
1627648,jumper,13.573365211486816
1627648,jumper,23.573366165161133
1635808,jumper,0.0
1643968,jumper,0.0
1652128,jumper,0.0
1660288,jumper,0.0
1665312,jumper,13.75
1673472,jumper,11.25
1681632,jumper,0.0
1689792,jumper,0.0
1697952,jumper,0.0
1706112,jumper,0.0
1714272,jumper,17.012643814086914
1722432,jumper,0.0
1730592,jumper,4.0625
1738752,jumper,0.0
1746912,jumper,0.0
1751488,jumper,29.03519058227539
1759648,jumper,8.4375
1764640,jumper,28.827455520629883
1772800,jumper,25.590274810791016
1780960,jumper,0.0
1788320,jumper,11.5625
1796480,jumper,15.0
1804640,jumper,0.0
1812800,jumper,13.079180717468262
1812800,jumper,13.079180717468262
1820960,jumper,20.23578643798828
1829120,jumper,0.0
1837280,jumper,19.50265884399414
1845440,jumper,25.83053970336914
1853600,jumper,31.79008674621582
1861760,jumper,0.0
1869920,jumper,6.25
1878080,jumper,24.134971618652344
1886240,jumper,15.653731346130371
1894400,jumper,2.1875
1902560,jumper,16.56125831604004
1910720,jumper,0.0
1918880,jumper,0.0
1927040,jumper,24.61233139038086
1935200,jumper,1.25
1943360,jumper,0.0
1951520,jumper,13.75
1959680,jumper,0.0
1967840,jumper,0.3125
1976000,jumper,2.8125
1984160,jumper,0.0
1992320,jumper,0.3125
2000480,jumper,1.25
2000480,jumper,1.25
2008128,jumper,29.297121047973633
2008128,jumper,39.297122955322266
2016288,jumper,10.0
2024448,jumper,0.0
2032608,jumper,0.0
2040768,jumper,0.0
2048928,jumper,0.0
2057088,jumper,8.4375
2060576,jumper,8.75
2060576,jumper,8.75
2068736,jumper,11.875
2076896,jumper,9.375
2076896,jumper,9.375
2085056,jumper,0.3125
2085056,jumper,10.3125
2093216,jumper,14.545964241027832
2101376,jumper,0.0
2109536,jumper,21.335622787475586
2117696,jumper,0.3125
2124448,jumper,10.3125
2132608,jumper,0.3125
2140768,jumper,0.0
2148928,jumper,1.5625
2157088,jumper,16.875
2165248,jumper,0.0
2173408,jumper,0.0
2173408,jumper,0.0
2181568,jumper,0.0
2189728,jumper,1.5625
2189728,jumper,1.5625
2194720,jumper,17.912296295166016
2202880,jumper,0.0
2211040,jumper,0.0
2219200,jumper,0.0
2222688,jumper,12.462444305419922
2230848,jumper,0.0
2239008,jumper,6.5625
2239008,jumper,6.5625
2247168,jumper,0.625
2248352,jumper,0.3125
2256512,jumper,24.929828643798828
2264672,jumper,0.0
2272832,jumper,0.0
2278848,jumper,23.137073516845703
2287008,jumper,0.0
2295168,jumper,0.0
2303328,jumper,0.0
2311488,jumper,0.0
2319648,jumper,0.0
2327808,jumper,37.74866485595703
2335968,jumper,0.0
2344128,jumper,34.33293914794922
2352288,jumper,0.3125
2359264,jumper,20.30914878845215
2363392,jumper,40.55329132080078
2371552,jumper,0.3125
2379712,jumper,2.5
2387872,jumper,0.0
2388128,jumper,2.435028076171875
2396288,jumper,0.0
2404448,jumper,0.0
2412608,jumper,0.0
2420768,jumper,0.0
2422144,jumper,10.833260536193848
2430304,jumper,0.0
2438464,jumper,40.52267837524414
2446624,jumper,16.5625
2454624,jumper,49.47222137451172
2462784,jumper,36.4670524597168
2470944,jumper,0.0
2475424,jumper,19.1190185546875
2483584,jumper,0.0
2491744,jumper,0.625
2499904,jumper,8.4375
2508064,jumper,5.3125
2516224,jumper,0.0
2524384,jumper,0.0
2524384,jumper,0.0
2527136,jumper,1.5625
2528352,jumper,11.509977340698242
2536512,jumper,14.0625
2544224,jumper,24.68191909790039
2552384,jumper,4.499758720397949
2560544,jumper,6.875
2568704,jumper,0.0
2576864,jumper,3.4375
2585024,jumper,0.0
2586432,jumper,14.289094924926758
2594592,jumper,0.0
2594592,jumper,0.0
2597760,jumper,0.0
2605920,jumper,2.5
2614080,jumper,59.67666244506836
2617536,jumper,40.19586181640625
2624928,jumper,15.3125
2624928,jumper,15.3125
2633088,jumper,0.9375
2641248,jumper,0.0
2649408,jumper,4.6875
2657568,jumper,18.4375
2665728,jumper,7.8125
2673888,jumper,0.0
2682048,jumper,0.0
2690208,jumper,30.633760452270508
2698368,jumper,1.25
2706528,jumper,7.4858808517456055
2714688,jumper,0.0
2722848,jumper,1.875
2731008,jumper,5.9375
2739168,jumper,5.3125
2739776,jumper,12.543427467346191
2740384,jumper,20.15452003479004
2748544,jumper,5.0
2756704,jumper,41.548248291015625
2764864,jumper,3.75
2773024,jumper,2.8125
2775616,jumper,24.135860443115234
2783776,jumper,15.625
2783776,jumper,15.625
2791936,jumper,0.0
2800096,jumper,0.0
2808256,jumper,2.1875
2808256,jumper,12.1875
2816416,jumper,0.0
2816416,jumper,0.0
2824576,jumper,0.625
2832736,jumper,26.812795639038086
2840896,jumper,1.5625
2840896,jumper,1.5625
2840896,jumper,1.5625
2849056,jumper,0.0
2855712,jumper,26.866666793823242
2863872,jumper,1.25
2872032,jumper,0.3125
2880192,jumper,3.4375
2888352,jumper,7.8125
2896512,jumper,39.95911407470703
2904672,jumper,0.0
2912832,jumper,5.9375
2919104,jumper,9.6875
2919104,jumper,9.6875
2927264,jumper,4.6875
2935424,jumper,3.125
2943584,jumper,0.0
2951744,jumper,0.0
2959904,jumper,0.0
2968064,jumper,38.86127853393555
2975104,jumper,37.41313171386719
2983264,jumper,0.3125
2991424,jumper,7.1875
2991424,jumper,17.1875
2999584,jumper,6.875
3007744,jumper,0.0
3015904,jumper,2.8125
3024064,jumper,0.0
3032224,jumper,6.5625
3036032,jumper,7.8125
3044192,jumper,0.0
3052352,jumper,0.0
3060512,jumper,0.0
3068672,jumper,0.9375
3076832,jumper,9.6875
3084992,jumper,0.625
3093152,jumper,14.6875
3101312,jumper,0.0
3109472,jumper,0.0
3117632,jumper,46.15110397338867
3124704,jumper,34.19701385498047
3127200,jumper,43.380836486816406
3135360,jumper,19.0625
3143520,jumper,0.0
3151680,jumper,4.6875
3159840,jumper,5.9375
3168000,jumper,0.9375
3176160,jumper,8.125
3176160,jumper,8.125
3184320,jumper,27.141380310058594
3192480,jumper,0.0
3200640,jumper,20.0
3208800,jumper,9.6875
3216960,jumper,19.0625
3225120,jumper,0.0
3233280,jumper,5.0
3236672,jumper,23.07067108154297
3237600,jumper,30.952280044555664
3245760,jumper,34.61024856567383
3253920,jumper,46.710994720458984
3262080,jumper,0.625
3270240,jumper,0.0
3275744,jumper,30.530162811279297
3283904,jumper,1.875
3292064,jumper,0.625
3300224,jumper,0.9375
3308384,jumper,0.0
3316544,jumper,1.5625
3324704,jumper,16.875
3332864,jumper,0.0
3341024,jumper,0.0
3349184,jumper,4.375
3349184,jumper,4.375
3353952,jumper,26.710769653320312
3353952,jumper,36.71077346801758
3362112,jumper,3.125
3370272,jumper,0.0
3378432,jumper,0.0
3386592,jumper,5.625
3394752,jumper,2.1875
3402912,jumper,0.3125
3411072,jumper,2.8125
3411072,jumper,2.8125
3419232,jumper,0.9375
3427392,jumper,0.0
3427392,jumper,0.0
3435552,jumper,0.0
3435552,jumper,10.0
3443232,jumper,52.78736877441406
3451392,jumper,2.1875
3459552,jumper,6.441746234893799
3467712,jumper,3.75
3470944,jumper,4.0625
3479104,jumper,22.5
3487264,jumper,16.25
3495424,jumper,0.0
3503584,jumper,0.625
3511744,jumper,22.8125
3519904,jumper,1.875
3519904,jumper,1.875
3528064,jumper,4.6875
3536224,jumper,0.0
3536224,jumper,0.0
3544384,jumper,0.3125
3552544,jumper,0.625
3560704,jumper,0.3125
3568864,jumper,0.0
3577024,jumper,3.4375
3585184,jumper,2.1875
3593344,jumper,0.3125
3593344,jumper,0.3125
3601504,jumper,0.0
3607520,jumper,0.0
3615680,jumper,2.1875
3623840,jumper,0.0
3632000,jumper,0.0
3636480,jumper,3.75
3644640,jumper,6.5625
3652800,jumper,1.25
3660960,jumper,7.8125
3669120,jumper,4.0625
3677280,jumper,22.730228424072266
3685440,jumper,19.0625
3693600,jumper,0.0
3698144,jumper,6.5625
3706304,jumper,13.75
3714464,jumper,0.625
3722624,jumper,41.651771545410156
3730784,jumper,21.49045181274414
3738944,jumper,0.0
3747104,jumper,0.0
3747744,jumper,4.60814094543457
3755904,jumper,3.125
3764064,jumper,0.0
3772224,jumper,0.0
3780384,jumper,1.5625
3788544,jumper,1.25
3796704,jumper,3.75
3797536,jumper,12.626644134521484
3805696,jumper,1.25
3807392,jumper,20.041229248046875
3815552,jumper,18.75
3823712,jumper,0.0
3827424,jumper,18.34129524230957
3835584,jumper,0.0
3843744,jumper,0.0
3851904,jumper,0.0
3860064,jumper,10.3125
3868224,jumper,6.25
3876384,jumper,0.3125
3876384,jumper,0.3125
3878144,jumper,0.3125
3886304,jumper,14.044731140136719
3894464,jumper,1.5625
3902624,jumper,17.1875
3910784,jumper,0.559769868850708
3918944,jumper,2.8125
3927104,jumper,0.625
3935264,jumper,2.1875
3943424,jumper,0.0
3944608,jumper,7.955023765563965
3952768,jumper,0.0
3952768,jumper,0.0
3955392,jumper,0.0
3963552,jumper,0.0
3971712,jumper,46.126976013183594
3976448,jumper,23.74713897705078
3984608,jumper,3.125
3984608,jumper,3.125
3992768,jumper,0.3125
4000928,jumper,0.0
4009088,jumper,5.9375
4017248,jumper,20.9375
4025408,jumper,9.6875
4032160,jumper,1.5625
4040320,jumper,0.0
4048480,jumper,35.370262145996094
4056640,jumper,1.25
4064800,jumper,26.568275451660156
4072960,jumper,0.0
4081120,jumper,3.75
4089280,jumper,7.8125
4097440,jumper,2.8125
4098112,jumper,10.955610275268555
4098400,jumper,14.774599075317383
4106560,jumper,4.375
4108160,jumper,16.835865020751953
4116320,jumper,3.125
4124480,jumper,2.1875
4126496,jumper,25.040437698364258
4131712,jumper,35.97793960571289
4131712,jumper,35.97793960571289
4139872,jumper,0.0
4148032,jumper,0.0
4156192,jumper,4.375
4156192,jumper,14.375
4164352,jumper,0.0
4164352,jumper,0.0
4172512,jumper,2.1875
4174336,jumper,19.06256675720215
4182496,jumper,3.4375
4182496,jumper,3.4375
4182496,jumper,3.4375
4190656,jumper,0.0
4196032,jumper,24.08013343811035
4204192,jumper,0.9375
4212352,jumper,0.3125
4220512,jumper,1.5625
4228672,jumper,9.0625
4236832,jumper,59.42237854003906
4244992,jumper,0.3125
4251136,jumper,5.0
4259296,jumper,8.75
4259296,jumper,8.75
4267456,jumper,5.9375
4275616,jumper,5.9375
4283776,jumper,0.0
4291936,jumper,0.0
4300096,jumper,0.0
4308256,jumper,43.40863800048828
4310336,jumper,44.60422897338867
4318496,jumper,0.3125
4326656,jumper,24.86984634399414
4326656,jumper,34.86984634399414
4334816,jumper,17.5
4342976,jumper,0.3125
4351136,jumper,0.0
4359296,jumper,0.3125
4367456,jumper,5.625
4373536,jumper,5.9375
4381696,jumper,0.0
4389856,jumper,0.0
4398016,jumper,0.0
4406176,jumper,0.3125
4414336,jumper,9.0625
4422496,jumper,0.0
4430656,jumper,18.4375
4438816,jumper,0.0
4446976,jumper,0.0
4447680,jumper,7.538248538970947
4454624,jumper,33.16259002685547
4459840,jumper,56.19553756713867
4468000,jumper,20.9375
4476160,jumper,0.0
4484320,jumper,2.1875
4492480,jumper,2.1875
4500640,jumper,0.0
4508800,jumper,6.5625
4508800,jumper,6.5625
4516960,jumper,20.9375
4525120,jumper,0.0
4533280,jumper,16.5625
4541440,jumper,5.9375
4549600,jumper,21.25
4557760,jumper,0.0
4565920,jumper,1.5625
4571840,jumper,32.80807876586914
4572672,jumper,40.47842025756836
4580832,jumper,9.530387878417969
4583328,jumper,20.234365463256836
4591488,jumper,0.625
4599648,jumper,0.0
4600544,jumper,8.162769317626953
4608704,jumper,3.125
4616864,jumper,0.3125
4625024,jumper,3.75
4633184,jumper,0.0
4641344,jumper,21.392841339111328
4649504,jumper,23.704439163208008
4657664,jumper,0.9375
4665824,jumper,0.3125
4673984,jumper,16.25
4673984,jumper,16.25
4674752,jumper,23.298025131225586
4674752,jumper,33.29802322387695
4682912,jumper,13.75
4691072,jumper,0.0
4699232,jumper,0.3125
4707392,jumper,7.1875
4715552,jumper,0.9375
4723712,jumper,0.3125
4731872,jumper,7.1875
4731872,jumper,7.1875
4740032,jumper,1.875
4748192,jumper,0.3125
4748192,jumper,0.3125
4756352,jumper,0.3125
4756352,jumper,10.3125
4764384,jumper,49.21670150756836
4772544,jumper,0.625
4780704,jumper,24.226638793945312
4788864,jumper,1.875
4793984,jumper,0.9375
4802144,jumper,15.9375
4810304,jumper,10.0
4818464,jumper,0.625
4826624,jumper,1.25
4834784,jumper,21.87221336364746
4842944,jumper,3.4375
4842944,jumper,3.4375
4851104,jumper,2.5
4859264,jumper,0.0
4859264,jumper,0.0
4867424,jumper,2.8125
4873600,jumper,0.9375
4881760,jumper,0.625
4889920,jumper,0.3125
4898080,jumper,0.625
4906240,jumper,0.0
4914400,jumper,0.3125
4914400,jumper,0.3125
4922560,jumper,0.0
4928544,jumper,0.0
4936704,jumper,4.375
4944864,jumper,0.0
4953024,jumper,0.0
4961184,jumper,12.1875
4969344,jumper,0.9375
4977504,jumper,0.0
4985664,jumper,3.75
4993824,jumper,1.875
5001984,jumper,23.26529884338379
5010144,jumper,30.72726058959961
5018304,jumper,0.0
5024768,jumper,21.31365966796875
5032928,jumper,15.0
5041088,jumper,0.625
5042272,jumper,9.0283842086792
5050432,jumper,24.220062255859375
5058592,jumper,0.0
5066752,jumper,0.0
5067072,jumper,3.524768829345703
5075232,jumper,1.25
5083392,jumper,0.3125
5091552,jumper,0.0
5099712,jumper,2.8125
5107872,jumper,24.530548095703125
5116032,jumper,4.375
5116672,jumper,11.638647079467773
5124832,jumper,3.75
5125440,jumper,10.967201232910156
5127296,jumper,19.08984375
5135456,jumper,0.0
5136704,jumper,9.533878326416016
5144864,jumper,0.0
5153024,jumper,0.625
5161184,jumper,0.625
5169344,jumper,0.0
5177504,jumper,6.875
5185664,jumper,0.625
5185664,jumper,0.625
5188480,jumper,0.625
5196640,jumper,23.540498733520508
5204800,jumper,4.0625
5212960,jumper,28.60270881652832
5214240,jumper,42.61920166015625
5222400,jumper,4.375
5230560,jumper,1.25
5238720,jumper,6.25
5246880,jumper,0.0
5247616,jumper,8.626198768615723
5255776,jumper,0.0
5255776,jumper,0.0
5262048,jumper,0.0
5270208,jumper,0.3125
5270880,jumper,7.205368518829346
5276512,jumper,17.830368041992188
5284672,jumper,7.5
5284672,jumper,7.5
5292832,jumper,0.0
5300992,jumper,6.25
5309152,jumper,2.5
5317312,jumper,11.5625
5325472,jumper,7.1875
5333280,jumper,0.625
5341440,jumper,0.0
5349600,jumper,29.53683090209961
5357760,jumper,12.805893898010254
5358208,jumper,18.322385787963867
5366368,jumper,0.0
5374528,jumper,6.5625
5382688,jumper,6.5625
5390848,jumper,4.375
5391168,jumper,8.700410842895508
5391744,jumper,15.887967109680176
5399904,jumper,5.0
5400512,jumper,13.120254516601562
5406624,jumper,9.057754516601562
5414784,jumper,0.3125
5415328,jumper,10.834634780883789
5421760,jumper,24.58463478088379
5421760,jumper,24.58463478088379
5429920,jumper,0.0
5438080,jumper,0.0
5446240,jumper,5.0
5446240,jumper,15.0
5454400,jumper,0.0
5454400,jumper,0.0
5462560,jumper,2.5
5470336,jumper,60.41340255737305
5478496,jumper,4.375
5478496,jumper,4.375
5478496,jumper,4.375
5486656,jumper,0.0
5491840,jumper,25.686843872070312
5500000,jumper,5.625
5508160,jumper,0.3125
5516320,jumper,0.625
5524480,jumper,5.625
5532640,jumper,57.48348617553711
5540800,jumper,0.3125
5548960,jumper,21.09471321105957
5557120,jumper,10.9375
5557120,jumper,10.9375
5565280,jumper,12.1875
5573440,jumper,6.875
5581600,jumper,0.0
5589760,jumper,0.0
5597920,jumper,0.0
5598816,jumper,7.612538814544678
5604192,jumper,46.448760986328125
5612352,jumper,0.625
5620512,jumper,37.788814544677734
5620512,jumper,47.788818359375
5628672,jumper,28.611391067504883
5636832,jumper,0.0
5644992,jumper,18.125
5653152,jumper,0.9375
5661312,jumper,5.625
5664352,jumper,8.125
5672512,jumper,0.0
5680672,jumper,0.0
5688832,jumper,0.0
5696992,jumper,0.625
5705152,jumper,9.0625
5713312,jumper,0.0
5721472,jumper,21.25
5729632,jumper,0.0
5737792,jumper,0.0
5738528,jumper,8.827988624572754
5743392,jumper,32.66083908081055
5744160,jumper,40.5416259765625
5748192,jumper,42.06982421875
5756352,jumper,0.0
5764512,jumper,3.125
5772672,jumper,2.8125
5780832,jumper,6.25
5788992,jumper,10.9375
5788992,jumper,10.9375
5797152,jumper,27.531709671020508
5805312,jumper,0.0
5813472,jumper,28.851093292236328
5821632,jumper,9.0625
5829792,jumper,23.75
5837952,jumper,0.0
5846112,jumper,1.875
5847456,jumper,10.216947555541992
5848192,jumper,17.819549560546875
5848864,jumper,24.987363815307617
5849856,jumper,32.35152053833008
5858016,jumper,0.3125
5864544,jumper,0.0
5864960,jumper,5.329435348510742
5873120,jumper,3.4375
5881280,jumper,0.0
5889440,jumper,6.25
5897600,jumper,0.0
5905760,jumper,9.802207946777344
5913920,jumper,22.640825271606445
5922080,jumper,0.0
5930240,jumper,0.0
5938400,jumper,32.622859954833984
5938400,jumper,32.622859954833984
5941696,jumper,39.65827178955078
5941696,jumper,49.396366119384766
5949856,jumper,7.8125
5958016,jumper,0.0
5966176,jumper,0.3125
5974336,jumper,8.4375
5982496,jumper,4.0625
5990656,jumper,0.3125
5998816,jumper,19.263702392578125
5998816,jumper,19.263702392578125
6006976,jumper,0.9375
6015136,jumper,0.3125
6015136,jumper,0.3125
6023296,jumper,0.625
6023296,jumper,10.625
6031456,jumper,41.37168502807617
6039616,jumper,1.25
6047776,jumper,28.063669204711914
6055936,jumper,4.375
6060160,jumper,3.125
6068320,jumper,19.6875
6076480,jumper,15.9375
6084640,jumper,0.0
6092800,jumper,4.0625
6100960,jumper,17.5
6109120,jumper,3.125
6109120,jumper,3.125
6117280,jumper,5.0
6125440,jumper,0.0
6125440,jumper,0.0
6133600,jumper,2.8125
6138496,jumper,1.875
6146656,jumper,0.0
6154816,jumper,0.0
6162048,jumper,11.875
6170208,jumper,1.5625
6178368,jumper,0.0
6178368,jumper,0.0
6186528,jumper,0.0
6191840,jumper,0.0
6200000,jumper,6.875
6208160,jumper,0.0
6216320,jumper,0.0
6221600,jumper,5.3125
6229760,jumper,8.125
6237920,jumper,1.5625
6246080,jumper,7.5
6254240,jumper,8.125
6262400,jumper,41.918155670166016
6268960,jumper,32.572296142578125
6277120,jumper,1.25
6278080,jumper,8.991693496704102
6286240,jumper,28.42695426940918
6294400,jumper,0.0
6296000,jumper,11.129264831542969
6304160,jumper,27.463171005249023
6312320,jumper,0.0
6320480,jumper,0.0
6320864,jumper,5.075006484985352
6329024,jumper,5.0
6337184,jumper,1.25
6345344,jumper,0.0
6353504,jumper,3.4375
6354400,jumper,10.606351852416992
6362560,jumper,5.3125
6363680,jumper,14.770116806030273
6371840,jumper,2.1875
6373632,jumper,24.571369171142578
6374560,jumper,29.66303825378418
6382720,jumper,0.0
6384000,jumper,10.469688415527344
6392160,jumper,0.0
6400320,jumper,0.0
6408480,jumper,0.0
6416640,jumper,16.875
6424800,jumper,11.25
6432960,jumper,0.625
6432960,jumper,0.625
6435168,jumper,0.625
6443328,jumper,24.830303192138672
6451488,jumper,2.5
6459648,jumper,10.625
6460928,jumper,33.59640884399414
6469088,jumper,4.6875
6477248,jumper,1.875
6485408,jumper,22.8125
6493568,jumper,0.0
6494272,jumper,10.040365219116211
6502432,jumper,0.0
6502432,jumper,0.0
6504448,jumper,0.0
6512608,jumper,0.0
6520768,jumper,0.0
6523424,jumper,6.5625
6531584,jumper,7.8125
6531584,jumper,7.8125
6539744,jumper,0.0
6547904,jumper,5.625
6556064,jumper,1.5625
6564224,jumper,14.375
6572384,jumper,8.75
6580544,jumper,0.3125
6588704,jumper,0.0
6596864,jumper,37.30595397949219
6605024,jumper,19.978343963623047
6606528,jumper,28.5341854095459
6614688,jumper,0.0
6622848,jumper,6.875
6631008,jumper,5.3125
6639168,jumper,5.3125
6639456,jumper,9.060416221618652
6639680,jumper,12.133954048156738
6647840,jumper,4.375
6648480,jumper,12.948894500732422
6653632,jumper,11.073892593383789
6661792,jumper,0.3125
6662912,jumper,18.219505310058594
6665920,jumper,28.39558982849121
6665920,jumper,28.39558982849121
6674080,jumper,0.625
6682240,jumper,0.0
6690400,jumper,1.875
6690400,jumper,11.875
6698560,jumper,0.0
6698560,jumper,0.0
6706720,jumper,3.125
6707712,jumper,13.405984878540039
6715872,jumper,8.125
6715872,jumper,8.125
6715872,jumper,8.125
6724032,jumper,0.0
6728672,jumper,31.820253372192383
6736832,jumper,5.3125
6744992,jumper,1.25
6753152,jumper,1.5625
6761312,jumper,5.9375
6769472,jumper,69.40221405029297
6777632,jumper,0.3125
6779904,jumper,11.087569236755371
6788064,jumper,11.25
6788064,jumper,11.25
6796224,jumper,16.5625
6799872,jumper,13.75
6808032,jumper,0.0
6816192,jumper,0.3125
6824352,jumper,0.0
6825248,jumper,7.584008693695068
6826432,jumper,16.33698081970215
6834592,jumper,5.3125
6842752,jumper,34.52158737182617
6842752,jumper,44.52158737182617
6845056,jumper,46.111656188964844
6853216,jumper,0.0
6860960,jumper,28.667152404785156
6869120,jumper,1.875
6877280,jumper,1.25
6881696,jumper,4.375
6889856,jumper,0.0
6898016,jumper,0.0
6906176,jumper,0.0
6914336,jumper,2.8125
6922496,jumper,16.25
6930656,jumper,0.0
6938688,jumper,30.14908218383789
6946112,jumper,3.412038564682007
6954272,jumper,0.3125
6954912,jumper,8.075145721435547
6960064,jumper,36.868125915527344
6965088,jumper,49.926727294921875
6967072,jumper,50.822715759277344
6975232,jumper,0.0
6983392,jumper,2.5
6991552,jumper,3.4375
6999712,jumper,4.6875
7007872,jumper,6.5625
7007872,jumper,6.5625
7016032,jumper,17.8125
7024192,jumper,0.0
7032352,jumper,33.08622741699219
7040512,jumper,8.4375
7048672,jumper,25.574848175048828
7056832,jumper,0.0
7064992,jumper,4.0625
7066400,jumper,13.140708923339844
7068256,jumper,31.027204513549805
7076416,jumper,48.3843879699707
7077216,jumper,48.656402587890625
7085376,jumper,0.3125
7093536,jumper,0.0
7093952,jumper,5.504969596862793
7102112,jumper,6.875
7110272,jumper,0.625
7118432,jumper,12.8125
7126592,jumper,0.0
7127360,jumper,6.849208831787109
7135520,jumper,17.40968132019043
7143680,jumper,1.5625
7151840,jumper,0.0
7160000,jumper,36.700279235839844
7160000,jumper,36.700279235839844
7160384,jumper,41.3381462097168
7160384,jumper,51.3381462097168
7168544,jumper,30.742889404296875
7176704,jumper,0.0
7184864,jumper,0.0
7193024,jumper,7.1875
7201184,jumper,4.0625
7209344,jumper,0.625
7216640,jumper,11.5625
7216640,jumper,11.5625
7224800,jumper,0.625
7232960,jumper,0.0
7232960,jumper,0.0
7241120,jumper,5.3125
7241120,jumper,15.3125
7245824,jumper,43.40962219238281
7253984,jumper,3.75
7262144,jumper,36.421932220458984
7270304,jumper,3.75
7273600,jumper,7.1875
7281760,jumper,16.25
7289920,jumper,18.75
7298080,jumper,0.0
7306240,jumper,10.9375
7314400,jumper,26.331649780273438
7322560,jumper,8.4375
7322560,jumper,8.4375
7330720,jumper,5.9375
7338880,jumper,0.0
7338880,jumper,0.0
7347040,jumper,3.4375
7354048,jumper,1.875
7362208,jumper,0.3125
7370368,jumper,0.0
7378304,jumper,15.3125
7386464,jumper,2.1875
7394624,jumper,0.625
7394624,jumper,0.625
7402784,jumper,0.625
7405536,jumper,0.625
7411840,jumper,25.39352798461914
7420000,jumper,0.0
7428160,jumper,0.0
7436320,jumper,10.3125
7444480,jumper,6.25
7452640,jumper,0.9375
7460800,jumper,2.1875
7468960,jumper,9.375
7472128,jumper,26.493181228637695
7473824,jumper,36.39601516723633
7481984,jumper,1.25
7484704,jumper,21.14215850830078
7492864,jumper,23.460798263549805
7501024,jumper,0.0
7502016,jumper,7.076889991760254
7508768,jumper,27.119075775146484
7516928,jumper,0.0
7525088,jumper,0.0
7525312,jumper,1.9645347595214844
7533472,jumper,4.375
7541632,jumper,0.3125
7549792,jumper,0.0
7557952,jumper,8.4375
7558688,jumper,16.413311004638672
7566848,jumper,5.9375
7567552,jumper,15.20894718170166
7575712,jumper,2.8125
7575808,jumper,7.3698954582214355
7576768,jumper,14.046066284179688
7584928,jumper,0.0
7585824,jumper,9.080544471740723
7593984,jumper,0.0
7602144,jumper,0.0
7610304,jumper,0.0
7618464,jumper,21.25
7626624,jumper,12.1875
7634784,jumper,1.5625
7634784,jumper,1.5625
7635968,jumper,1.5625
7644128,jumper,36.782440185546875
7652288,jumper,3.125
7660448,jumper,22.1875
7660544,jumper,26.466388702392578
7668704,jumper,9.6875
7676864,jumper,1.25
7685024,jumper,18.75
7693184,jumper,0.0
7693440,jumper,4.185220241546631
7701600,jumper,0.3125
7701600,jumper,0.3125
7704352,jumper,0.3125
7712512,jumper,0.625
7713152,jumper,7.596774578094482
7714240,jumper,15.067136764526367
7722400,jumper,17.5
7722400,jumper,17.5
7730560,jumper,0.9375
7738720,jumper,1.25
7746880,jumper,2.8125
7755040,jumper,10.625
7763200,jumper,14.0625
7768064,jumper,5.625
7776224,jumper,0.0
7784384,jumper,61.50844192504883
7792544,jumper,21.26752471923828
7792896,jumper,25.048664093017578
7801056,jumper,0.3125
7809216,jumper,4.375
7817376,jumper,8.125
7825536,jumper,5.9375
7825760,jumper,8.839823722839355
7825984,jumper,11.975791931152344
7834144,jumper,6.25
7837216,jumper,26.988298416137695
7845376,jumper,0.625
7851904,jumper,4.0625
7852000,jumper,8.201801300048828
7856128,jumper,25.009153366088867
7856128,jumper,25.009153366088867
7864288,jumper,0.625
7872448,jumper,0.0
7880608,jumper,6.875
7880608,jumper,16.875
7888768,jumper,0.0
7888768,jumper,0.0
7896928,jumper,2.1875
7897248,jumper,5.644068241119385
7905408,jumper,5.3125
7905408,jumper,5.3125
7905408,jumper,5.3125
7913568,jumper,0.0
7914560,jumper,8.008572578430176
7922720,jumper,4.6875
7930880,jumper,0.625
7939040,jumper,0.0
7947200,jumper,6.875
7947712,jumper,12.448281288146973
7955872,jumper,0.0
7957984,jumper,11.369969367980957
7966144,jumper,9.375
7966144,jumper,9.375
7974304,jumper,19.375
7982464,jumper,6.875
7990624,jumper,0.0
7998784,jumper,0.3125
8006944,jumper,0.0
8007840,jumper,8.234708786010742
8009664,jumper,19.89434242248535
8017824,jumper,1.5625
8025984,jumper,4.0625
8025984,jumper,14.0625
8034144,jumper,33.620819091796875
8042304,jumper,0.3125
8050464,jumper,8.4375
8058624,jumper,0.3125
8066784,jumper,5.3125
8074272,jumper,5.0
8082432,jumper,0.3125
8090592,jumper,0.3125
8098752,jumper,0.0
8106912,jumper,0.9375
8115072,jumper,17.8125
8123232,jumper,0.625
8131392,jumper,17.1875
8139552,jumper,0.0
8147712,jumper,0.0
8148992,jumper,12.663281440734863
8151488,jumper,27.219324111938477
8154432,jumper,47.88132095336914
8162592,jumper,31.544347763061523
8170752,jumper,0.0
8178912,jumper,2.5
8187072,jumper,5.0
8195232,jumper,5.625
8203392,jumper,5.0
8203392,jumper,5.0
8211552,jumper,24.1361083984375
8219712,jumper,0.0
8223296,jumper,18.380033493041992
8231456,jumper,8.75
8239616,jumper,18.75
8247776,jumper,2.1875
8255936,jumper,5.625
8257088,jumper,14.42234992980957
8258144,jumper,26.8194580078125
8259008,jumper,34.786624908447266
8259968,jumper,40.841835021972656
8268128,jumper,0.9375
8276288,jumper,0.0
8276512,jumper,2.950728416442871
8284672,jumper,8.75
8292832,jumper,0.0
8300992,jumper,10.0
8309152,jumper,0.0
8309760,jumper,5.872028350830078
8317920,jumper,18.08729362487793
8326080,jumper,0.0
8334240,jumper,0.0
8342400,jumper,4.375
8342400,jumper,4.375
8349120,jumper,30.643264770507812
8349120,jumper,40.64326477050781
8357280,jumper,7.5
8365440,jumper,0.0
8373600,jumper,0.3125
8381760,jumper,6.25
8389920,jumper,1.875
8398080,jumper,0.9375
8400128,jumper,5.625
8400128,jumper,5.625
8408288,jumper,4.6875
8416448,jumper,0.3125
8416448,jumper,0.3125
8424608,jumper,2.5
8424608,jumper,12.5
8432768,jumper,47.348209381103516
8440928,jumper,3.125
8445408,jumper,24.962560653686523
8453568,jumper,3.125
8460416,jumper,9.6875
8468576,jumper,7.1875
8476736,jumper,13.4375
8484896,jumper,0.9375
8493056,jumper,16.25
8501216,jumper,24.95308494567871
8509376,jumper,4.375
8509376,jumper,4.375
8517536,jumper,5.0
8525696,jumper,0.0
8525696,jumper,0.0
8533856,jumper,16.25
8540544,jumper,4.0625
8548704,jumper,0.0
8556864,jumper,0.0
8560928,jumper,16.312700271606445
8569088,jumper,1.25
8577248,jumper,0.3125
8577248,jumper,0.3125
8585408,jumper,0.3125
8588768,jumper,0.0
8592064,jumper,15.698484420776367
8600224,jumper,0.0
8608384,jumper,0.3125
8613024,jumper,5.625
8621184,jumper,5.9375
8629344,jumper,0.625
8637504,jumper,5.0
8645664,jumper,9.375
8647680,jumper,25.11540412902832
8649152,jumper,31.561214447021484
8657312,jumper,0.9375
8658112,jumper,8.382709503173828
8666272,jumper,19.375
8674432,jumper,0.625
8675104,jumper,8.724435806274414
8678048,jumper,22.17917251586914
8686208,jumper,0.0
8694368,jumper,0.0
8694560,jumper,2.253952980041504
8702720,jumper,5.625
8710880,jumper,1.5625
8719040,jumper,0.0
8727200,jumper,5.3125
8727680,jumper,10.34096908569336
8735840,jumper,4.6875
8736896,jumper,16.06822967529297
8745056,jumper,2.8125
8751392,jumper,37.040504455566406
8752256,jumper,43.45518493652344
8760416,jumper,0.3125
8761632,jumper,11.382330894470215
8769792,jumper,0.0
8777952,jumper,0.3125
8786112,jumper,0.625
8794272,jumper,3.4375
8802432,jumper,8.125
8810592,jumper,0.625
8810592,jumper,0.625
8811808,jumper,1.5625
8812512,jumper,7.9458770751953125
8820672,jumper,4.375
8828448,jumper,23.4375
8828544,jumper,26.87882423400879
8836704,jumper,4.375
8844864,jumper,1.25
8853024,jumper,11.5625
8861184,jumper,0.0
8861344,jumper,2.468266248703003
8869504,jumper,0.0
8869504,jumper,0.0
8874528,jumper,0.0
8882688,jumper,0.3125
8890848,jumper,32.23957443237305
8894272,jumper,30.49974822998047
8902432,jumper,13.125
8902432,jumper,13.125
8910592,jumper,0.0
8918752,jumper,7.1875
8926912,jumper,5.9375
8935072,jumper,29.463356018066406
8943232,jumper,18.75
8950080,jumper,3.75
8958240,jumper,0.0
8959136,jumper,7.512848377227783
8967296,jumper,24.265836715698242
8967520,jumper,27.649372100830078
8975680,jumper,0.3125
8980800,jumper,8.125
8988960,jumper,9.6875
8997120,jumper,13.75
8997696,jumper,21.44544219970703
8997824,jumper,23.945444107055664
9005984,jumper,8.125
9005984,jumper,18.125
9011168,jumper,13.125
9019328,jumper,4.0625
9019424,jumper,7.693988800048828
9022144,jumper,22.546066284179688
9022144,jumper,22.546066284179688
9030304,jumper,0.0
9038464,jumper,0.9375
9046624,jumper,3.75
9046624,jumper,13.75
9054784,jumper,0.0
9054784,jumper,0.0
9062944,jumper,8.125
9063296,jumper,11.547853469848633
9071456,jumper,24.984302520751953
9071456,jumper,24.984302520751953
9071456,jumper,24.984302520751953
9079616,jumper,0.0
9081696,jumper,15.303074836730957
9089856,jumper,9.0625
9098016,jumper,1.875
9106176,jumper,3.75
9114336,jumper,7.1875
9118976,jumper,30.596805572509766
9127136,jumper,0.3125
9128448,jumper,8.400993347167969
9134816,jumper,24.33849334716797
9134816,jumper,24.33849334716797
9142976,jumper,24.0625
9146176,jumper,18.75
9152064,jumper,3.125
9160224,jumper,0.0
9168384,jumper,0.0
9176544,jumper,34.49372100830078
9184512,jumper,35.27755355834961
9192672,jumper,7.5
9200832,jumper,21.875
9200832,jumper,31.875
9208992,jumper,22.23912811279297
9217152,jumper,0.625
9225312,jumper,17.8125
9233472,jumper,4.0625
9241632,jumper,6.25
9247744,jumper,10.625
9255904,jumper,0.0
9264064,jumper,0.0
9272224,jumper,0.0
9280384,jumper,0.3125
9288544,jumper,16.25
9296704,jumper,0.3125
9304864,jumper,14.0625
9311488,jumper,2.1875
9319648,jumper,0.9375
9320128,jumper,6.975125312805176
9322400,jumper,20.97148895263672
9327104,jumper,50.359310150146484
9330240,jumper,49.3780517578125
9338400,jumper,0.0
9346560,jumper,2.8125
9354720,jumper,4.375
9362880,jumper,15.9375
9371040,jumper,5.3125
9371040,jumper,5.3125
9379200,jumper,23.027259826660156
9387360,jumper,0.0
9395520,jumper,38.23448944091797
9403680,jumper,6.875
9411840,jumper,31.6331844329834
9420000,jumper,13.4375
9428160,jumper,6.875
9429024,jumper,15.624284744262695
9429344,jumper,19.028074264526367
9429600,jumper,21.64988899230957
9430304,jumper,27.592361450195312
9438464,jumper,5.9375
9446624,jumper,0.0
9446784,jumper,2.5349247455596924
9454944,jumper,10.9375
9463104,jumper,0.0
9471264,jumper,13.4375
9479424,jumper,0.0
9479968,jumper,6.266289710998535
9488128,jumper,28.357730865478516
9496288,jumper,2.8125
9504448,jumper,0.3125
9512608,jumper,32.22772216796875
9512608,jumper,32.22772216796875
9512832,jumper,34.99469757080078
9512832,jumper,44.99469757080078
9515136,jumper,46.960567474365234
9523296,jumper,0.0
9531456,jumper,0.625
9539616,jumper,9.0625
9547776,jumper,3.75
9555936,jumper,0.625
9562720,jumper,26.618152618408203
9562720,jumper,26.618152618408203
9570880,jumper,13.4375
9579040,jumper,0.0
9579040,jumper,0.0
9587200,jumper,8.125
9587200,jumper,18.125
9589632,jumper,34.09661102294922
9597792,jumper,4.375
9599808,jumper,17.485336303710938
9607968,jumper,5.9375
9610496,jumper,7.8125
9618656,jumper,31.513507843017578
9626816,jumper,26.443639755249023
9634976,jumper,0.625
9637600,jumper,13.68332576751709
9645760,jumper,44.857635498046875
9653920,jumper,1.5625
9653920,jumper,1.5625
9662080,jumper,13.75
9670240,jumper,0.0
9670240,jumper,0.0
9678400,jumper,12.1875
9680992,jumper,10.3125
9689152,jumper,0.0
9697312,jumper,0.625
9698784,jumper,10.96120834350586
9706944,jumper,1.5625
9715104,jumper,1.875
9715104,jumper,1.875
9723264,jumper,2.8125
9729728,jumper,0.3125
9736480,jumper,22.14229393005371
9744640,jumper,0.0
9752800,jumper,0.0
9760960,jumper,10.3125
9769120,jumper,5.3125
9777280,jumper,1.875
9785440,jumper,9.375
9793600,jumper,12.1875
9794464,jumper,22.475746154785156
9796992,jumper,33.05889129638672
9805152,jumper,3.125
9805952,jumper,10.487576484680176
9814112,jumper,26.258607864379883
9822272,jumper,0.625
9822688,jumper,5.584829330444336
9825728,jumper,15.193883895874023
9833888,jumper,0.0
9842048,jumper,0.3125
9842112,jumper,0.3125
9850272,jumper,7.5
9858432,jumper,0.625
9866592,jumper,0.0
9874752,jumper,6.875
9882912,jumper,30.429508209228516
9891072,jumper,6.875
9891488,jumper,12.295466423034668
9899648,jumper,3.125
9899744,jumper,7.765699863433838
9900480,jumper,14.302289009094238
9908640,jumper,0.3125
9909600,jumper,10.387197494506836
9917760,jumper,0.0
9925920,jumper,0.3125
9934080,jumper,0.0
9942240,jumper,8.125
9950400,jumper,12.5
9958560,jumper,0.625
9958560,jumper,0.625
9960032,jumper,0.9375
9961408,jumper,13.491166114807129
9969568,jumper,4.375
9977728,jumper,13.75
9977824,jumper,19.26770782470703
9985984,jumper,5.9375
9994144,jumper,2.1875
10002304,jumper,20.3125
10010464,jumper,0.0
10011104,jumper,11.193933486938477
10019264,jumper,0.3125
10019264,jumper,0.3125
10023072,jumper,0.3125
10031232,jumper,0.625
10031456,jumper,3.6487162113189697
10037856,jumper,34.672142028808594
10046016,jumper,17.1875
10046016,jumper,17.1875
10054176,jumper,0.9375
10062336,jumper,6.5625
10070496,jumper,5.625
10078656,jumper,31.183622360229492
10086816,jumper,25.0
10094976,jumper,0.3125
10103136,jumper,0.3125
10111296,jumper,36.982913970947266
10119456,jumper,27.55130958557129
10119744,jumper,28.55523109436035
10127904,jumper,0.0
10136064,jumper,8.4375
10144224,jumper,7.8125
10152384,jumper,6.5625
10152768,jumper,11.687734603881836
10152896,jumper,14.187735557556152
10161056,jumper,2.8125
10161056,jumper,12.8125
10169216,jumper,0.0
10176416,jumper,0.9375
10176448,jumper,6.001502990722656
10178848,jumper,19.981637954711914
10178848,jumper,19.981637954711914
10187008,jumper,0.9375
10195168,jumper,0.0
10203328,jumper,1.5625
10203328,jumper,11.5625
10211488,jumper,0.0
10211488,jumper,0.0
10219648,jumper,8.75
10220800,jumper,20.083541870117188
10228960,jumper,25.621978759765625
10228960,jumper,25.621978759765625
10228960,jumper,25.621978759765625
10237120,jumper,0.0
10238848,jumper,14.315913200378418
10240288,jumper,19.002073287963867
10248448,jumper,2.8125
10256608,jumper,4.6875
10264768,jumper,6.25
10272928,jumper,57.56599807739258
10281088,jumper,0.625
10282240,jumper,8.258857727050781
10290400,jumper,18.75
10290400,jumper,18.75
10298560,jumper,22.8125
10306720,jumper,14.6875
10314880,jumper,0.0
10323040,jumper,0.0
10331200,jumper,0.0
10332000,jumper,6.269370079040527
10334496,jumper,22.119876861572266
10342656,jumper,5.625
10347008,jumper,23.29104995727539
10347008,jumper,33.29104995727539
10349536,jumper,53.84590148925781
10357696,jumper,0.3125
10365856,jumper,25.287805557250977
10374016,jumper,2.8125
10382176,jumper,5.625
10388928,jumper,11.5625
10397088,jumper,0.3125
10405248,jumper,0.0
10413408,jumper,0.0
10421568,jumper,3.125
10429728,jumper,17.1875
10437888,jumper,0.3125
10446048,jumper,18.125
10452608,jumper,4.6875
10460768,jumper,0.0
10460928,jumper,2.5696280002593994
10466272,jumper,26.230640411376953
10474432,jumper,48.901676177978516
10476416,jumper,49.28181457519531
10484576,jumper,0.0
10492736,jumper,1.5625
10500896,jumper,1.875
10509056,jumper,5.3125
10517216,jumper,6.25
10517216,jumper,6.25
10525376,jumper,25.876323699951172
10533536,jumper,0.0
10541696,jumper,40.51846694946289
10549856,jumper,9.375
10558016,jumper,33.553955078125
10566176,jumper,0.3125
10574336,jumper,5.9375
10575488,jumper,15.225330352783203
10575712,jumper,17.992307662963867
10575936,jumper,20.522653579711914
10576608,jumper,26.287935256958008
10584768,jumper,5.3125
10592928,jumper,0.0
10593120,jumper,2.6171958446502686
10601280,jumper,11.5625
10609440,jumper,0.3125
10617600,jumper,10.9375
10625760,jumper,0.0
10626304,jumper,6.719154357910156
10634464,jumper,27.81098747253418
10642624,jumper,4.0625
10650784,jumper,0.3125
10655648,jumper,21.019847869873047
10655648,jumper,21.019847869873047
10655936,jumper,24.89755630493164
10655936,jumper,34.89755630493164
10658784,jumper,50.711544036865234
10666944,jumper,0.0
10675104,jumper,0.625
10683264,jumper,8.125
10691424,jumper,8.75
10699584,jumper,0.3125
10707744,jumper,19.67986297607422
10707744,jumper,19.67986297607422
10715904,jumper,9.375
10724064,jumper,0.0
10724064,jumper,0.0
10732224,jumper,5.9375
10732224,jumper,15.9375
10734112,jumper,27.544998168945312
10742272,jumper,7.1875
10744096,jumper,16.758018493652344
10752256,jumper,6.875
10757248,jumper,11.875
10765408,jumper,35.66474533081055
10773568,jumper,23.4375
10781728,jumper,0.3125
10784416,jumper,12.453937530517578
10792576,jumper,43.743595123291016
10800736,jumper,3.125
10800736,jumper,3.125
10808896,jumper,14.0625
10817056,jumper,0.0
10817056,jumper,0.0
10825216,jumper,22.5
10830432,jumper,12.1875
10838592,jumper,0.625
10846752,jumper,0.9375
10850368,jumper,2.8125
10858528,jumper,4.6875
10866688,jumper,0.3125
10866688,jumper,0.3125
10874848,jumper,0.0
10880864,jumper,0.0
10889024,jumper,29.148181915283203
10897184,jumper,0.0
10905344,jumper,0.0
10913504,jumper,9.6875
10921664,jumper,11.5625
10929824,jumper,0.9375
10937984,jumper,4.0625
10946144,jumper,22.04662322998047
10946720,jumper,28.830215454101562
10948224,jumper,33.67317581176758
10956384,jumper,3.4375
10957504,jumper,14.014283180236816
10965664,jumper,32.36000061035156
10973824,jumper,0.625
10974144,jumper,4.842012405395508
10975648,jumper,7.967012405395508
10983808,jumper,0.0
10991968,jumper,0.0
10992064,jumper,0.3125
11000224,jumper,8.125
11008384,jumper,0.625
11016544,jumper,0.0
11024704,jumper,12.8125
11025088,jumper,17.016639709472656
11033248,jumper,9.6875
11034048,jumper,17.682109832763672
11042208,jumper,2.8125
11042240,jumper,13.947633743286133
11042912,jumper,18.882139205932617
11051072,jumper,0.3125
11051488,jumper,5.119370460510254
11059648,jumper,0.0
11067808,jumper,0.3125
11075968,jumper,0.0
11084128,jumper,22.281951904296875
11092288,jumper,22.1875
11100448,jumper,0.625
11100448,jumper,0.625
11101664,jumper,1.5625
11103200,jumper,17.760787963867188
11111360,jumper,4.6875
11119520,jumper,18.125
11119520,jumper,28.125
11127680,jumper,5.625
11135840,jumper,4.0625
11144000,jumper,18.75
11152160,jumper,0.0
11152256,jumper,2.309401750564575
11160416,jumper,0.3125
11160416,jumper,0.3125
11163328,jumper,0.3125
11171488,jumper,0.625
11171936,jumper,4.8762526512146
11174336,jumper,14.63359260559082
11180864,jumper,27.257339477539062
11180864,jumper,26.944839477539062
11189024,jumper,0.625
11197184,jumper,13.804652214050293
11205344,jumper,7.5
11213504,jumper,12.412548065185547
11221664,jumper,29.125362396240234
11229824,jumper,0.3125
11237984,jumper,0.0
11238720,jumper,6.732645034790039
11239264,jumper,12.063916206359863
11240448,jumper,22.034534454345703
11248608,jumper,0.0
11255424,jumper,10.3125
11263584,jumper,15.0
11271744,jumper,16.5625
11271936,jumper,19.53605842590332
11272128,jumper,22.296655654907227
11280288,jumper,9.375
11280320,jumper,11.99842643737793
11288480,jumper,5.0
11295328,jumper,2.1875
11295328,jumper,12.1875
11297344,jumper,23.89161491394043
11297344,jumper,23.89161491394043
11305504,jumper,0.0
11312960,jumper,0.3125
11321120,jumper,5.0
11321120,jumper,15.0
11329280,jumper,0.0
11329280,jumper,0.0
11337440,jumper,6.5625
11337824,jumper,10.3472900390625
11345984,jumper,28.56771469116211
11345984,jumper,28.56771469116211
11345984,jumper,28.56771469116211
11354144,jumper,0.0
11355328,jumper,9.883272171020508
11363488,jumper,4.6875
11371648,jumper,0.9375
11379808,jumper,13.4375
11387968,jumper,13.4375
11388192,jumper,15.978015899658203
11396352,jumper,0.0
11397952,jumper,11.706185340881348
11401984,jumper,31.026552200317383
11401984,jumper,31.026552200317383
11410144,jumper,17.8125
11418304,jumper,7.8125
11426464,jumper,0.0
11434624,jumper,0.0
11442784,jumper,0.0
11443456,jumper,7.185959339141846
11444192,jumper,13.571686744689941
11452352,jumper,3.125
11453184,jumper,9.462618827819824
11453184,jumper,19.15011978149414
11454880,jumper,40.069419860839844
11463040,jumper,0.9375
11471200,jumper,27.165851593017578
11479360,jumper,4.375
11487520,jumper,12.8125
11492736,jumper,23.786876678466797
11500896,jumper,0.625
11509056,jumper,0.3125
11517216,jumper,0.0
11525376,jumper,0.625
11532128,jumper,37.00486373901367
11540288,jumper,0.9375
11548320,jumper,24.48181915283203
11554944,jumper,3.75
11563104,jumper,0.0
11563232,jumper,2.5000007152557373
11566240,jumper,18.55502700805664
11566816,jumper,25.401641845703125
11567776,jumper,33.12904357910156
11575936,jumper,0.0
11584096,jumper,10.0
11592256,jumper,4.375
11600416,jumper,4.6875
11608576,jumper,18.75
11608576,jumper,18.75
11609728,jumper,25.33663558959961
11617888,jumper,0.0
11621408,jumper,20.653459548950195
11629568,jumper,15.3125
11634080,jumper,31.788803100585938
11642240,jumper,25.60695457458496
11650400,jumper,9.375
11651264,jumper,16.599143981933594
11652160,jumper,25.235252380371094
11652352,jumper,25.235252380371094
11653024,jumper,30.78633689880371
11661184,jumper,4.0625
11669344,jumper,0.0
11669536,jumper,2.646923542022705
11677696,jumper,14.375
11685856,jumper,0.3125
11694016,jumper,21.5625
11702176,jumper,0.0
11702656,jumper,5.568618297576904
11710816,jumper,25.486116409301758
11718976,jumper,5.0
11727136,jumper,0.0
11732352,jumper,21.878738403320312
11732352,jumper,21.878738403320312
11732512,jumper,24.58429718017578
11732512,jumper,34.58429718017578
11734880,jumper,48.99958801269531
11743040,jumper,0.0
11751200,jumper,0.0
11759360,jumper,6.875
11767520,jumper,6.875
11775680,jumper,0.625
11783840,jumper,16.821109771728516
11783840,jumper,16.821109771728516
11788480,jumper,31.90221405029297
11796640,jumper,0.0
11796640,jumper,0.0
11804800,jumper,2.5
11804800,jumper,12.5
11812960,jumper,29.352439880371094
11821120,jumper,4.375
11824672,jumper,24.458818435668945
11832832,jumper,9.6875
11836352,jumper,8.4375
11844512,jumper,38.91681671142578
11852672,jumper,25.893951416015625
11860832,jumper,0.9375
11868992,jumper,12.5
11875072,jumper,44.423789978027344
11883232,jumper,1.875
11883232,jumper,1.875
11891392,jumper,16.5625
11899552,jumper,0.0
11899552,jumper,0.0
11907712,jumper,8.125
11914144,jumper,5.9375
11922304,jumper,0.9375
11930464,jumper,1.25
11933152,jumper,8.798590660095215
11941312,jumper,4.375
11949472,jumper,0.9375
11949472,jumper,0.9375
11957632,jumper,2.8125
11963648,jumper,1.25
11967648,jumper,18.794790267944336
11975808,jumper,0.0
11983968,jumper,0.9375
11992128,jumper,5.3125
12000288,jumper,19.94874382019043
12008448,jumper,0.9375
12016608,jumper,19.0625
12024768,jumper,15.625
12024928,jumper,18.30828285217285
12026400,jumper,29.502086639404297
12034560,jumper,0.625
12035520,jumper,9.231514930725098
12040544,jumper,36.60075378417969
12048704,jumper,0.3125
12049120,jumper,4.73507022857666
12049600,jumper,5.36007022857666
12057760,jumper,0.0
12065920,jumper,0.625
12065952,jumper,0.625
12074112,jumper,18.125
12082272,jumper,1.25
12090432,jumper,0.0
12095200,jumper,22.144912719726562
12096032,jumper,30.28010368347168
12104192,jumper,21.99485206604004
12104384,jumper,24.852590560913086
12112544,jumper,2.1875
12112544,jumper,12.1875
12112928,jumper,16.24474334716797
12121088,jumper,0.3125
12121408,jumper,3.5803356170654297
12129568,jumper,0.0
12137728,jumper,0.3125
12145888,jumper,0.0
12153888,jumper,27.762332916259766
12162048,jumper,26.507038116455078
12170208,jumper,0.3125
12170208,jumper,0.3125
12171712,jumper,0.3125
12171904,jumper,3.294722318649292
12180064,jumper,1.25
12188224,jumper,18.125
12188224,jumper,28.125
12196384,jumper,8.75
12204544,jumper,3.4375
12212704,jumper,21.875
12220864,jumper,0.0
12221344,jumper,7.496532917022705
12229504,jumper,0.9375
12229504,jumper,0.9375
12232480,jumper,0.9375
12240640,jumper,0.3125
12241088,jumper,4.39924430847168
12243520,jumper,20.161340713500977
12248448,jumper,42.78681945800781
12248448,jumper,42.78681945800781
12256608,jumper,0.9375
12264768,jumper,21.90265655517578
12272928,jumper,4.0625
12281088,jumper,6.622752666473389
12289248,jumper,33.6329231262207
12297408,jumper,0.3125
12305568,jumper,0.0
12305952,jumper,4.645695209503174
12314112,jumper,33.038429260253906
12314368,jumper,33.66147994995117
12322528,jumper,0.0
12330688,jumper,9.375
12338848,jumper,10.9375
12347008,jumper,16.5625
12347168,jumper,19.13212776184082
12347360,jumper,21.949546813964844
12355520,jumper,5.625
12355552,jumper,15.627760887145996
12363712,jumper,23.75
12369152,jumper,15.9375
12369152,jumper,25.9375
12370848,jumper,29.99578094482422
12370848,jumper,29.99578094482422
12379008,jumper,0.0
12387168,jumper,1.5625
12395328,jumper,5.9375
12395328,jumper,15.9375
12403488,jumper,0.0
12403488,jumper,0.0
12411648,jumper,5.9375
12419808,jumper,66.12937927246094
12425344,jumper,45.10801315307617
12425344,jumper,44.59434509277344
12425344,jumper,44.20958709716797
12433504,jumper,0.0
12434112,jumper,5.375664710998535
12442272,jumper,17.5
12449312,jumper,4.6875
12457472,jumper,7.1875
12465632,jumper,9.6875
12465664,jumper,9.6875
12473824,jumper,0.3125
12475008,jumper,7.88100528717041
12483168,jumper,29.19852066040039
12483168,jumper,29.19852066040039
12491328,jumper,26.128047943115234
12499488,jumper,13.4375
12507648,jumper,0.0
12515808,jumper,0.0
12523968,jumper,0.0
12524128,jumper,2.6832823753356934
12524736,jumper,8.630208969116211
12532896,jumper,17.8125
12533472,jumper,23.409881591796875
12533472,jumper,33.409881591796875
12533632,jumper,35.780662536621094
12541792,jumper,3.75
12549952,jumper,26.355987548828125
12558112,jumper,2.5
12566272,jumper,12.1875
12569824,jumper,18.53714370727539
12577984,jumper,1.5625
12586144,jumper,0.0
12594304,jumper,0.0
12602464,jumper,2.1875
12610624,jumper,24.152812957763672
12618784,jumper,2.1875
12626944,jumper,15.9375
12633600,jumper,1.875
12641760,jumper,0.3125
12641888,jumper,2.8125007152557373
12643008,jumper,12.47819709777832
12651168,jumper,22.436491012573242
12652192,jumper,24.201251983642578
12660352,jumper,0.0
12668512,jumper,1.25
12676672,jumper,3.125
12684832,jumper,25.67019271850586
12692992,jumper,14.95632553100586
12692992,jumper,14.95632553100586
12694048,jumper,17.320026397705078
12702208,jumper,0.0
12710368,jumper,40.81340026855469
12718528,jumper,5.9375
12726688,jumper,35.11967086791992
12734848,jumper,24.375
12743008,jumper,5.3125
12743328,jumper,8.791006088256836
12743488,jumper,11.474288940429688
12743680,jumper,12.877496719360352
12744192,jumper,17.12749671936035
12751584,jumper,14.71570873260498
12759744,jumper,0.0
12760000,jumper,3.162139415740967
12768160,jumper,9.6875
12776320,jumper,1.5625
12784480,jumper,5.625
12792640,jumper,0.0
12792800,jumper,2.4874093532562256
12800960,jumper,33.64421844482422
12809120,jumper,7.1875
12817280,jumper,0.3125
12820256,jumper,16.46857452392578
12820256,jumper,16.46857452392578
12820416,jumper,19.151857376098633
12820416,jumper,29.151857376098633
12823104,jumper,44.829193115234375
12831264,jumper,0.0
12839424,jumper,0.625
12847584,jumper,10.625
12855744,jumper,6.25
12863904,jumper,0.625
12870592,jumper,5.0
12870592,jumper,5.0
12878752,jumper,4.0625
12886912,jumper,0.625
12886912,jumper,0.625
12895072,jumper,2.1875
12895072,jumper,12.1875
12903232,jumper,33.1778450012207
12911392,jumper,0.3125
12914336,jumper,19.60521125793457
12922496,jumper,2.1875
12925504,jumper,6.875
12933664,jumper,18.613399505615234
12941824,jumper,15.0
12949984,jumper,2.5
12958144,jumper,24.679630279541016
12959424,jumper,30.702587127685547
12967584,jumper,4.0625
12967584,jumper,4.0625
12975744,jumper,8.75
12983904,jumper,0.0
12983904,jumper,0.0
12992064,jumper,30.069488525390625
12999872,jumper,7.164742946624756
13008032,jumper,0.9375
13016192,jumper,0.0
13019264,jumper,16.21479606628418
13027424,jumper,1.5625
13035584,jumper,2.8125
13035584,jumper,2.8125
13043744,jumper,2.5
13046208,jumper,2.1875
13049728,jumper,18.7834529876709
13057888,jumper,0.0
13066048,jumper,0.0
13070112,jumper,5.0
13078272,jumper,6.5625
13086432,jumper,0.0
13094592,jumper,15.3125
13102752,jumper,13.75
13103040,jumper,17.42937469482422
13103776,jumper,24.23434829711914
13111936,jumper,0.9375
13113472,jumper,12.548312187194824
13121632,jumper,25.74248695373535
13129792,jumper,0.9375
13130144,jumper,4.920814514160156
13133056,jumper,17.313215255737305
13141216,jumper,0.3125
13149376,jumper,0.625
13149568,jumper,2.0127460956573486
13157728,jumper,10.625
13165888,jumper,0.9375
13174048,jumper,0.3125
13182208,jumper,21.24771499633789
13182784,jumper,27.70726203918457
13190944,jumper,10.9375
13191136,jumper,13.795238494873047
13199296,jumper,4.375
13199296,jumper,14.375
13199808,jumper,18.76642417907715
13207968,jumper,1.875
13208288,jumper,5.286958694458008
13216448,jumper,0.0
13224608,jumper,0.3125
13232768,jumper,0.3125
13240928,jumper,28.658849716186523
13249088,jumper,15.3125
13257248,jumper,0.625
13257248,jumper,0.625
13259712,jumper,3.75
13260576,jumper,14.242425918579102
13268736,jumper,8.4375
13276896,jumper,26.984758377075195
13276896,jumper,36.98476028442383
13285056,jumper,5.0
13293216,jumper,1.875
13301376,jumper,15.625
13309536,jumper,0.0
13309632,jumper,2.309401750564575
13317792,jumper,0.3125
13317792,jumper,0.3125
13322176,jumper,0.3125
13330336,jumper,1.25
13330880,jumper,7.096479892730713
13333344,jumper,23.792818069458008
13341504,jumper,24.371360778808594
13341504,jumper,24.371360778808594
13349664,jumper,0.3125
13357824,jumper,32.68132019042969
13365984,jumper,2.5
13374144,jumper,1.5625
13382304,jumper,37.492942810058594
13390464,jumper,0.3125
13398624,jumper,0.0
13398944,jumper,3.478505849838257
13399200,jumper,6.722661972045898
13399456,jumper,9.059998512268066
13407616,jumper,0.0
13415776,jumper,5.9375
13423936,jumper,15.625
13432096,jumper,3.4375
13432224,jumper,5.937500953674316
13432448,jumper,8.669196128845215
13440608,jumper,3.75
13440608,jumper,13.75
13448768,jumper,2.5
13456928,jumper,4.375
13456928,jumper,14.375
13461408,jumper,34.25552749633789
13461408,jumper,34.25552749633789
13469568,jumper,0.0
13477728,jumper,1.875
13485888,jumper,4.375
13485888,jumper,14.375
13494048,jumper,0.0
13494048,jumper,0.0
13502208,jumper,18.4375
13502432,jumper,21.46121597290039
13507072,jumper,30.812089920043945
13507072,jumper,30.812089920043945
13507072,jumper,30.499589920043945
13515232,jumper,0.3125
13516352,jumper,9.506891250610352
13524512,jumper,18.4375
13532000,jumper,5.9375
13540160,jumper,11.25
13548320,jumper,6.25
13548544,jumper,8.622867584228516
13556704,jumper,0.625
13558560,jumper,12.299418449401855
13565824,jumper,35.83887481689453
13565824,jumper,35.441566467285156
13573984,jumper,17.1875
13576448,jumper,20.841575622558594
13579232,jumper,13.966575622558594
13587392,jumper,0.9375
13595552,jumper,0.0
13595712,jumper,2.6832823753356934
13596608,jumper,10.971454620361328
13604768,jumper,29.016511917114258
13605952,jumper,36.49225616455078
13605952,jumper,45.86725616455078
13606176,jumper,46.76543426513672
13614336,jumper,1.875
13622496,jumper,10.0
13629920,jumper,4.375
13638080,jumper,8.4375
13641664,jumper,21.607267379760742
13649824,jumper,4.0625
13657984,jumper,0.0
13666144,jumper,0.0
13674304,jumper,2.5
13682112,jumper,31.450742721557617
13690272,jumper,7.8125
13693024,jumper,13.730241775512695
13699392,jumper,10.605241775512695
13707200,jumper,1.25
13707328,jumper,3.7500007152557373
13709824,jumper,22.724668502807617
13710368,jumper,28.895206451416016
13711744,jumper,38.12448501586914
13719904,jumper,0.0
13728064,jumper,0.9375
13736224,jumper,1.875
13740192,jumper,20.769367218017578
13748352,jumper,5.625
13748352,jumper,5.625
13750176,jumper,17.477096557617188
13758336,jumper,0.0
13766496,jumper,33.744102478027344
13774656,jumper,2.5
13782816,jumper,33.22600555419922
13790976,jumper,20.625
13799136,jumper,3.4375
13799872,jumper,10.333913803100586
13800416,jumper,17.492399215698242
13800544,jumper,17.804901123046875
13801120,jumper,22.881376266479492
13806976,jumper,28.506376266479492
13815136,jumper,0.0
13815328,jumper,3.328305244445801
13823488,jumper,9.375
13831648,jumper,0.625
13839808,jumper,11.875
13847968,jumper,0.0
13848096,jumper,2.3394086360931396
13856256,jumper,29.653535842895508
13864416,jumper,15.0
13872576,jumper,0.0
13877856,jumper,27.634645462036133
13877856,jumper,27.634645462036133
13878080,jumper,30.401622772216797
13878080,jumper,40.40161895751953
13879392,jumper,48.187095642089844
13887552,jumper,0.0
13895712,jumper,0.625
13903872,jumper,5.9375
13912032,jumper,9.375
13920192,jumper,0.625
13928352,jumper,17.61295509338379
13928352,jumper,17.61295509338379
13936512,jumper,10.0
13944672,jumper,0.3125
13944672,jumper,0.3125
13952832,jumper,2.8125
13952832,jumper,12.8125
13957440,jumper,40.06564712524414
13965600,jumper,2.1875
13966400,jumper,8.930193901062012
13974560,jumper,3.75
13977536,jumper,6.5625
13985696,jumper,43.845428466796875
13993856,jumper,16.5625
14002016,jumper,2.8125
14008032,jumper,20.0
14008864,jumper,26.39771842956543
14017024,jumper,3.75
14017024,jumper,3.75
14025184,jumper,6.5625
14033344,jumper,0.0
14033344,jumper,0.0
14038016,jumper,22.46403694152832
14041856,jumper,24.33903694152832
14050016,jumper,9.6875
14058176,jumper,0.0
14066336,jumper,57.436641693115234
14074496,jumper,2.5
14082656,jumper,2.8125
14082656,jumper,2.8125
14090816,jumper,2.1875
14093280,jumper,1.875
14097184,jumper,18.658531188964844
14105344,jumper,0.0
14113504,jumper,0.0
14120320,jumper,10.0
14128480,jumper,10.9375
14136640,jumper,1.25
14144800,jumper,0.9375
14152960,jumper,15.0
14154016,jumper,24.65020179748535
14154688,jumper,28.14924430847168
14162848,jumper,2.5
14163808,jumper,9.715862274169922
14171968,jumper,30.639753341674805
14180128,jumper,0.3125
14180416,jumper,3.627255439758301
14185568,jumper,30.860790252685547
14193728,jumper,0.0
14201888,jumper,0.0
14201984,jumper,0.0
14210144,jumper,5.625
14218304,jumper,1.25
14226464,jumper,0.0
14234624,jumper,17.1875
14235136,jumper,21.93906021118164
14243296,jumper,9.0625
14243616,jumper,12.019685745239258
14251776,jumper,3.75
14251808,jumper,13.37013053894043
14252192,jumper,17.017147064208984
14260352,jumper,1.5625
14261408,jumper,11.988786697387695
14269568,jumper,0.0
14277728,jumper,0.0
14285888,jumper,0.625
14294048,jumper,29.305999755859375
14302208,jumper,23.855886459350586
14310368,jumper,0.9375
14310368,jumper,0.9375
14314528,jumper,6.875
14314688,jumper,9.558282852172852
14322848,jumper,19.0625
14331008,jumper,22.5
14331040,jumper,36.130348205566406
14339200,jumper,19.620424270629883
14347360,jumper,0.9375
14355520,jumper,15.0
14363680,jumper,0.0
14364288,jumper,5.600191593170166
14372448,jumper,0.0
14372448,jumper,0.0
14375616,jumper,0.0
14383776,jumper,1.25
14384096,jumper,4.890116214752197
14387904,jumper,14.890115737915039
14396064,jumper,7.1875
14396064,jumper,7.1875
14404224,jumper,0.3125
14412384,jumper,35.323974609375
14420544,jumper,8.4375
14428704,jumper,21.4080867767334
14436864,jumper,34.2366828918457
14442624,jumper,10.060009002685547
14450784,jumper,0.0
14451296,jumper,5.003830909729004
14451520,jumper,8.027546882629395
14451584,jumper,8.027546882629395
14459744,jumper,0.0
14463328,jumper,4.0625
14471488,jumper,10.625
14479648,jumper,14.0625
14480032,jumper,19.005741119384766
14480160,jumper,21.5057430267334
14488320,jumper,5.9375
14488320,jumper,15.9375
14496128,jumper,43.21333312988281
14500128,jumper,18.412439346313477
14500128,jumper,28.412439346313477
14501344,jumper,30.7939453125
14501344,jumper,30.7939453125
14509504,jumper,0.9375
14517664,jumper,0.0
14525824,jumper,10.0
14525824,jumper,20.0
14533984,jumper,0.0
14533984,jumper,0.0
14542144,jumper,10.277369499206543
14542368,jumper,13.30108642578125
14550528,jumper,31.3735408782959
14550528,jumper,31.3735408782959
14550528,jumper,31.3735408782959
14558688,jumper,0.0
14560288,jumper,12.006875991821289
14568448,jumper,36.11099624633789
14576608,jumper,1.5625
14584768,jumper,15.0
14592928,jumper,13.125
14593216,jumper,16.122831344604492
14601376,jumper,0.0
14602592,jumper,7.76864767074585
14606592,jumper,29.531309127807617
14606592,jumper,29.531309127807617
14614752,jumper,18.4375
14622912,jumper,12.1875
14629984,jumper,0.3125
14638144,jumper,0.0
14646304,jumper,0.0
14646944,jumper,7.159619331359863
14647456,jumper,12.936823844909668
14655616,jumper,5.625
14656320,jumper,11.535666465759277
14656320,jumper,21.535667419433594
14656480,jumper,23.906448364257812
14664640,jumper,0.0
14672800,jumper,21.875
14680960,jumper,2.5
14689120,jumper,20.0
14692448,jumper,25.378843307495117
14700608,jumper,0.625
14708768,jumper,0.3125
14716928,jumper,0.0
14725088,jumper,1.5625
14729632,jumper,19.194551467895508
14737792,jumper,1.875
14740672,jumper,14.682260513305664
14748832,jumper,0.0
14756992,jumper,0.3125
14757120,jumper,2.8125007152557373
14759680,jumper,21.925125122070312
14760000,jumper,25.514034271240234
14760672,jumper,31.483524322509766
14768832,jumper,0.0
14776992,jumper,5.3125
14785152,jumper,3.125
14793312,jumper,10.9375
14801472,jumper,11.5625
14801472,jumper,11.5625
14805792,jumper,30.313232421875
14813952,jumper,0.0
14818944,jumper,26.84021759033203
14827104,jumper,11.875
14835264,jumper,36.99425506591797
14843424,jumper,22.8125
14851584,jumper,1.875
14852288,jumper,8.479764938354492
14852576,jumper,11.505707740783691
14852800,jumper,14.801542282104492
14853312,jumper,19.051542282104492
14861472,jumper,6.875
14869632,jumper,0.0
14869824,jumper,2.5761566162109375
14877984,jumper,11.875
14886144,jumper,0.0
14894304,jumper,16.25
14902464,jumper,0.0
14902624,jumper,3.009202003479004
14910784,jumper,22.268184661865234
14918944,jumper,7.5
14927104,jumper,0.3125
14931552,jumper,19.54681396484375
14931552,jumper,19.54681396484375
14932000,jumper,25.59699249267578
14932000,jumper,35.59699249267578
14935424,jumper,55.4903450012207
14943584,jumper,0.0
14951744,jumper,0.0
14959904,jumper,13.4375
14968064,jumper,11.5625
14976224,jumper,0.0
14984384,jumper,7.5
14984384,jumper,7.5
14992544,jumper,0.625
15000704,jumper,0.3125
15000704,jumper,0.3125
15008864,jumper,8.125
15008864,jumper,18.125
15011680,jumper,36.92182922363281
15019840,jumper,3.125
15021920,jumper,17.16045379638672
15030080,jumper,6.875
15033184,jumper,10.3125
15041344,jumper,56.81117630004883
15049504,jumper,21.5625
15057664,jumper,0.3125
15065824,jumper,22.48128890991211
15073984,jumper,47.044673919677734
15082144,jumper,5.0
15082144,jumper,5.0
15090304,jumper,13.125
15098464,jumper,0.0
15098464,jumper,0.0
15106624,jumper,17.1875
15113920,jumper,7.8125
15122080,jumper,0.3125
15130240,jumper,0.3125
15136832,jumper,25.56557273864746
15144992,jumper,3.125
15153152,jumper,3.75
15153152,jumper,3.75
15161312,jumper,2.5
15163264,jumper,2.1875
15167552,jumper,24.365406036376953
15175712,jumper,0.0
15183872,jumper,0.0
15192032,jumper,14.375
15200192,jumper,12.5
15208352,jumper,0.0
15216512,jumper,13.125
15224672,jumper,11.25
15224992,jumper,15.195022583007812
15227168,jumper,27.864002227783203
15235328,jumper,1.875
15236704,jumper,13.25186538696289
15244864,jumper,24.822425842285156
15253024,jumper,0.9375
15253312,jumper,4.417203903198242
15255904,jumper,19.58158302307129
15264064,jumper,0.0
15272224,jumper,0.3125
15272448,jumper,2.3002219200134277
15280608,jumper,10.9375
15288768,jumper,1.875
15296928,jumper,0.0
15305088,jumper,19.0625
15305632,jumper,24.253175735473633
15313792,jumper,11.5625
15316160,jumper,24.1411190032959
15324320,jumper,3.75
15324320,jumper,13.75
15325120,jumper,21.14388656616211
15333280,jumper,0.625
15334240,jumper,11.810126304626465
15342400,jumper,0.0
15350560,jumper,0.3125
15358720,jumper,0.3125
15366880,jumper,19.375
15375040,jumper,28.079362869262695
15383200,jumper,1.25
15383200,jumper,1.25
15388320,jumper,12.1875
15388544,jumper,14.732147216796875
15396704,jumper,11.875
15404864,jumper,20.625
15404864,jumper,30.625
15413024,jumper,30.410158157348633
15421184,jumper,0.3125
15429344,jumper,15.625
15437504,jumper,0.0
15437600,jumper,2.309401750564575
15445760,jumper,0.3125
15445760,jumper,0.3125
15452800,jumper,0.0
15460960,jumper,1.25
15461504,jumper,6.948023796081543
15464384,jumper,24.299604415893555
15472544,jumper,28.348981857299805
15472544,jumper,28.348981857299805
15480704,jumper,0.0
15488864,jumper,24.285717010498047
15497024,jumper,8.75
15503264,jumper,31.4423828125
15511424,jumper,19.0625
15517184,jumper,6.5625
15525344,jumper,0.3125
15525664,jumper,3.791005849838257
15526048,jumper,7.664613723754883
15526272,jumper,9.948495864868164
15534432,jumper,0.0
15542592,jumper,12.8125
15550752,jumper,11.25
15558912,jumper,11.25
15559040,jumper,13.750000953674316
15559232,jumper,16.634845733642578
15567392,jumper,10.625
15567392,jumper,20.625
15571872,jumper,30.600553512573242
15578304,jumper,9.756036758422852
15578304,jumper,19.75603675842285
15581536,jumper,31.536489486694336
15581536,jumper,31.536489486694336
15589696,jumper,1.25
15597376,jumper,0.3125
15605536,jumper,5.9375
15605536,jumper,15.9375
15613696,jumper,0.0
15613696,jumper,0.0
15621856,jumper,35.802085876464844
15622624,jumper,39.671173095703125
15626944,jumper,37.72297668457031
15626944,jumper,37.72297668457031
15626944,jumper,37.72297668457031
15635104,jumper,0.0
15637440,jumper,16.422130584716797
15639936,jumper,20.484630584716797
15648096,jumper,1.875
15656256,jumper,16.25
15664416,jumper,18.75
15664448,jumper,18.75
15672608,jumper,0.0
15673344,jumper,5.833387851715088
15679840,jumper,40.520233154296875
15679840,jumper,40.520233154296875
15688000,jumper,24.02408218383789
15696160,jumper,3.75
15703232,jumper,0.9375
15711392,jumper,0.0
15718496,jumper,0.0
15718656,jumper,2.6832823753356934
15719168,jumper,7.315104007720947
15727328,jumper,23.77511215209961
15728000,jumper,29.082332611083984
15728000,jumper,39.08232879638672
15728224,jumper,39.62213134765625
15736384,jumper,0.625
15744544,jumper,26.039249420166016
15752704,jumper,4.0625
15760864,jumper,17.8125
15764960,jumper,28.82110595703125
15773120,jumper,1.5625
15781280,jumper,0.0
15789440,jumper,0.0
15797600,jumper,2.5
15802432,jumper,21.611190795898438
15810592,jumper,3.125
15816864,jumper,22.390132904052734
15824864,jumper,0.8718941807746887
15833024,jumper,0.0
15833152,jumper,2.5000007152557373
15837632,jumper,33.107704162597656
15845792,jumper,42.62395095825195
15846400,jumper,41.59563446044922
15854560,jumper,0.0
15862720,jumper,3.125
15870880,jumper,4.0625
15879040,jumper,7.5
15887200,jumper,34.158687591552734
15887200,jumper,34.158687591552734
15895360,jumper,47.02752685546875
15903520,jumper,0.0
15911680,jumper,31.439998626708984
15919840,jumper,10.625
15928000,jumper,39.6298713684082
15936160,jumper,11.25
15944320,jumper,5.3125
15944672,jumper,8.843952178955078
15944832,jumper,11.527234077453613
15945056,jumper,12.872529983520508
15945568,jumper,17.12253189086914
15953728,jumper,7.5
15961888,jumper,0.0
15962144,jumper,2.673762083053589
15970304,jumper,10.3125
15978464,jumper,0.625
15986624,jumper,12.8125
15994784,jumper,0.0
15994880,jumper,2.309401750564575
16003040,jumper,36.071556091308594
16011200,jumper,9.6875
16019360,jumper,0.9375
16020992,jumper,13.56170654296875
16020992,jumper,13.56170654296875
16021216,jumper,16.332677841186523
16021216,jumper,26.332677841186523
16022848,jumper,34.706974029541016
16031008,jumper,0.0
16039168,jumper,0.3125
16047328,jumper,12.8125
16055488,jumper,10.9375
16063648,jumper,0.9375
16071808,jumper,13.4375
16071808,jumper,13.4375
16079968,jumper,19.6875
16088128,jumper,0.0
16088128,jumper,0.0
16096288,jumper,1.25
16096288,jumper,11.25
16098400,jumper,26.20956802368164
16106560,jumper,4.6875
16107520,jumper,12.620391845703125
16115680,jumper,4.6875
16118144,jumper,8.125
16124160,jumper,52.366336822509766
16132320,jumper,19.6875
16140480,jumper,3.4375
16148640,jumper,26.716163635253906
16156800,jumper,55.272857666015625
16164960,jumper,3.125
16164960,jumper,3.125
16173120,jumper,11.5625
16181280,jumper,0.0
16181280,jumper,0.0
16189440,jumper,23.981307983398438
16197568,jumper,7.808390140533447
16205728,jumper,0.0
16213888,jumper,0.0
16215168,jumper,12.435199737548828
16223328,jumper,3.75
16231488,jumper,1.5625
16231488,jumper,1.5625
16239648,jumper,2.5
16241376,jumper,1.875
16244320,jumper,15.791437149047852
16252480,jumper,0.0
16260640,jumper,0.0
16268800,jumper,12.8125
16276960,jumper,7.5
16285120,jumper,0.0
16293280,jumper,13.125
16301440,jumper,15.9375
16301632,jumper,18.7362060546875
16303392,jumper,27.69797134399414
16311552,jumper,3.75
16312384,jumper,10.924786567687988
16320544,jumper,30.65190887451172
16328704,jumper,0.3125
16329056,jumper,4.100552558898926
16333056,jumper,23.862869262695312
16341216,jumper,0.625
16349376,jumper,0.0
16349600,jumper,2.585756778717041
16357760,jumper,9.375
16365920,jumper,0.3125
16374080,jumper,0.0
16382240,jumper,32.52544403076172
16382784,jumper,38.45933151245117
16390944,jumper,17.5
16391200,jumper,20.762834548950195
16399360,jumper,1.875
16399360,jumper,11.875
16400128,jumper,17.012115478515625
16408288,jumper,0.9375
16409312,jumper,9.028643608093262
16417472,jumper,0.0
16425632,jumper,0.3125
16433792,jumper,0.625
16441952,jumper,31.88705062866211
16450112,jumper,19.375
16458272,jumper,1.25
16458272,jumper,1.25
16466432,jumper,3.125
16466592,jumper,5.808282375335693
16474752,jumper,12.5
16482912,jumper,9.375
16482912,jumper,19.375
16490400,jumper,46.299129486083984
16498560,jumper,1.25
16506720,jumper,19.375
16514880,jumper,0.0
16515008,jumper,2.3394086360931396
16523168,jumper,1.5625
16523168,jumper,1.5625
16526336,jumper,1.5625
16534496,jumper,1.5625
16535712,jumper,12.274398803710938
16536896,jumper,21.040607452392578
16539424,jumper,32.09577178955078
16539424,jumper,32.09577178955078
16547584,jumper,1.5625
16555744,jumper,26.508087158203125
16563904,jumper,12.1875
16571648,jumper,36.71216583251953
16579808,jumper,40.01250076293945
16585568,jumper,10.868223190307617
16593728,jumper,0.0
16594208,jumper,5.082562446594238
16594432,jumper,8.106279373168945
16594656,jumper,10.770462036132812
16602816,jumper,0.0
16610240,jumper,11.875
16618400,jumper,18.75
16626560,jumper,16.875
16626816,jumper,19.834991455078125
16627040,jumper,23.46693992614746
16635200,jumper,4.375
16635200,jumper,14.375
16639968,jumper,33.9581184387207
16647424,jumper,4.654220104217529
16647424,jumper,14.152178764343262
16648416,jumper,18.43267822265625
16648416,jumper,18.43267822265625
16656576,jumper,1.5625
16664736,jumper,0.0
16672896,jumper,5.3125
16672896,jumper,15.3125
16681056,jumper,0.0
16681056,jumper,0.0
16689216,jumper,14.0625
16694912,jumper,39.634986877441406
16703072,jumper,32.8597526550293
16703072,jumper,32.8597526550293
16703072,jumper,32.8597526550293
16711232,jumper,0.0
16712544,jumper,10.19539737701416
16714336,jumper,21.078821182250977
16722496,jumper,1.5625
16730656,jumper,27.040706634521484
16738368,jumper,21.497041702270508
16738688,jumper,23.5825138092041
16746848,jumper,0.0
16749760,jumper,19.627500534057617
16750592,jumper,26.211811065673828
16750592,jumper,26.211811065673828
16755584,jumper,43.12600326538086
16763744,jumper,13.125
16771904,jumper,0.0
16780064,jumper,0.0
16788224,jumper,0.0
16788384,jumper,2.6832823753356934
16788576,jumper,5.54102087020874
16796736,jumper,14.6875
16797248,jumper,18.94481658935547
16797248,jumper,28.94481658935547
16797408,jumper,31.62809944152832
16805568,jumper,0.625
16808704,jumper,17.265342712402344
16816864,jumper,5.0
16825024,jumper,24.0625
16826880,jumper,33.31532669067383
16835040,jumper,1.25
16843200,jumper,0.0
16851360,jumper,0.0
16859520,jumper,2.8125
16862272,jumper,17.714550018310547
16870432,jumper,2.5
16876640,jumper,14.375
16884800,jumper,0.0
16892960,jumper,1.25
16893088,jumper,3.7500007152557373
16896000,jumper,29.205652236938477
16896448,jumper,33.52097702026367
16897056,jumper,37.879905700683594
16905216,jumper,0.0
16913376,jumper,5.625
16921536,jumper,2.5
16929696,jumper,27.08529281616211
16937856,jumper,21.875
16937856,jumper,21.875
16939296,jumper,29.608192443847656
16947456,jumper,0.0
16948672,jumper,7.344878196716309
16956832,jumper,10.625
16957792,jumper,17.340694427490234
16961696,jumper,32.30508804321289
16969856,jumper,8.125
16970208,jumper,12.339653968811035
16970368,jumper,15.022936820983887
16970592,jumper,17.807714462280273
16971200,jumper,23.43686866760254
16979360,jumper,9.6875
16987040,jumper,0.3125
16987232,jumper,2.8046770095825195
16995392,jumper,7.8125
17003552,jumper,0.9375
17011712,jumper,10.3125
17019872,jumper,0.0
17019968,jumper,2.309401750564575
17028128,jumper,39.718013763427734
17036288,jumper,11.5625
17044448,jumper,0.3125
17046240,jumper,11.392279624938965
17046240,jumper,11.392279624938965
17046528,jumper,14.75813102722168
17046528,jumper,24.758132934570312
17048256,jumper,35.19136428833008
17056416,jumper,0.0
17064576,jumper,0.625
17072736,jumper,4.375
17080896,jumper,6.25
17089056,jumper,0.0
17094208,jumper,6.5625
17094208,jumper,6.5625
17102368,jumper,4.0625
17110528,jumper,0.625
17110528,jumper,0.625
17118688,jumper,0.9375
17118688,jumper,10.9375
17124064,jumper,48.37990188598633
17132224,jumper,0.625
17133536,jumper,11.477797508239746
17141696,jumper,0.625
17146304,jumper,8.4375
17154464,jumper,17.307191848754883
17162624,jumper,9.375
17170784,jumper,2.5
17175456,jumper,24.053754806518555
17183616,jumper,38.24734115600586
17191776,jumper,8.125
17191776,jumper,8.125
17199936,jumper,6.875
17208096,jumper,0.0
17208096,jumper,0.0
17213536,jumper,20.46285057067871
17217952,jumper,14.30967903137207
17226112,jumper,3.125
17234272,jumper,0.0
17235712,jumper,10.18432903289795
17243872,jumper,1.25
17252032,jumper,6.25
17252032,jumper,6.25
17260192,jumper,8.125
17263520,jumper,5.625
17266656,jumper,19.211105346679688
17274816,jumper,0.0
17282976,jumper,0.0
17286208,jumper,5.0
17294368,jumper,7.5
17302528,jumper,0.3125
17310688,jumper,7.8125
17318848,jumper,16.875
17327008,jumper,63.63224411010742
17328128,jumper,63.8050651550293
17336288,jumper,2.8125
17337536,jumper,14.533360481262207
17345696,jumper,21.47975730895996
17353856,jumper,2.5
17354624,jumper,10.238826751708984
17357408,jumper,25.204816818237305
17365568,jumper,0.3125
17373728,jumper,0.0
17373920,jumper,0.8921509981155396
17382080,jumper,4.375
17390240,jumper,1.25
17398400,jumper,0.0
17406560,jumper,11.875
17407328,jumper,19.615707397460938
17415488,jumper,6.875
17415904,jumper,12.336040496826172
17422816,jumper,10.461040496826172
17422848,jumper,24.091388702392578
17423296,jumper,25.94045066833496
17431456,jumper,0.3125
17432576,jumper,11.197769165039062
17440736,jumper,0.0
17448896,jumper,1.25
17457056,jumper,0.625
17465216,jumper,34.662879943847656
17473376,jumper,13.125
17481536,jumper,0.625
17481536,jumper,0.625
17483200,jumper,1.25
17484224,jumper,10.220268249511719
17492384,jumper,7.1875
17500544,jumper,25.148771286010742
17500640,jumper,30.46674919128418
17508800,jumper,6.25
17516960,jumper,0.0
17525120,jumper,15.0
17533280,jumper,0.0
17533408,jumper,2.3992929458618164
17541568,jumper,0.0
17541568,jumper,0.0
17545312,jumper,0.0
17553472,jumper,0.9375
17554176,jumper,8.065205574035645
17556064,jumper,17.316654205322266
17564224,jumper,15.0
17564224,jumper,15.0
17572384,jumper,0.0
17580544,jumper,27.81076431274414
17588704,jumper,6.5625
17596864,jumper,20.603849411010742
17605024,jumper,24.37185287475586
17610784,jumper,6.875
17618944,jumper,0.0
17619680,jumper,6.699946880340576
17627840,jumper,47.21993637084961
17628224,jumper,47.666160583496094
17636384,jumper,0.0
17644544,jumper,11.25
17652704,jumper,19.0625
17660864,jumper,10.3125
17661408,jumper,17.278594970703125
17661696,jumper,21.462459564208984
17669856,jumper,4.6875
17669856,jumper,14.6875
17675136,jumper,11.5625
17683296,jumper,8.75
17683296,jumper,18.75
17685152,jumper,30.890399932861328
17685152,jumper,30.890399932861328
17693312,jumper,0.0
17701472,jumper,3.75
17709632,jumper,8.75
17709632,jumper,18.75
17717792,jumper,0.0
17717792,jumper,0.0
17725952,jumper,10.625
17726496,jumper,16.184791564941406
17732480,jumper,28.606027603149414
17732480,jumper,28.606027603149414
17732480,jumper,28.606027603149414
17740640,jumper,0.0
17744672,jumper,27.27167510986328
17752832,jumper,20.3125
17760992,jumper,1.25
17769152,jumper,19.6875
17777312,jumper,15.9375
17777632,jumper,19.343420028686523
17785792,jumper,0.0
17787264,jumper,9.975957870483398
17789088,jumper,21.97905921936035
17789088,jumper,21.97905921936035
17797248,jumper,25.593156814575195
17802432,jumper,19.343156814575195
17810592,jumper,0.3125
17818752,jumper,0.0
17826912,jumper,0.0
17827616,jumper,7.776837348937988
17828128,jumper,13.121703147888184
17836288,jumper,15.9375
17838816,jumper,27.36195182800293
17838816,jumper,37.3619499206543
17840768,jumper,52.64016342163086
17848928,jumper,0.9375
17857088,jumper,26.840259552001953
17865248,jumper,6.25
17873408,jumper,12.5
17876768,jumper,17.8125
17884928,jumper,3.4375
17893088,jumper,0.3125
17901248,jumper,0.0
17909408,jumper,3.125
17917568,jumper,31.502540588378906
17925728,jumper,5.0
17930272,jumper,20.728029251098633
17938272,jumper,0.5296651124954224
17946432,jumper,2.1875
17946592,jumper,5.02239990234375
17948672,jumper,17.080997467041016
17950496,jumper,32.50063705444336
17951616,jumper,41.43321228027344
17959776,jumper,0.0
17967936,jumper,4.0625
17976096,jumper,4.375
17984256,jumper,11.25
17992416,jumper,20.9375
17992416,jumper,20.9375
17993472,jumper,28.604137420654297
18001632,jumper,0.0
18003168,jumper,10.52682113647461
18011328,jumper,12.8125
18012640,jumper,20.747413635253906
18018752,jumper,32.855777740478516
18026912,jumper,6.875
18027712,jumper,15.281338691711426
18028096,jumper,20.051910400390625
18028256,jumper,20.051910400390625
18028928,jumper,25.926197052001953
18037088,jumper,5.0
18042304,jumper,1.5625
18042560,jumper,4.496671676635742
18050720,jumper,19.0625
18058880,jumper,0.625
18067040,jumper,10.625
18075200,jumper,0.0
18075744,jumper,7.997747421264648
18083904,jumper,29.69516372680664
18092064,jumper,4.6875
18100224,jumper,0.3125
18105280,jumper,26.983495712280273
18105280,jumper,26.983495712280273
18105504,jumper,30.44694709777832
18105504,jumper,40.44694900512695
18108032,jumper,55.74066162109375
18116192,jumper,0.0
18124352,jumper,0.0
18132512,jumper,4.0625
18140672,jumper,4.375
18148832,jumper,1.875
18152800,jumper,12.271429061889648
18152800,jumper,12.271429061889648
18160960,jumper,11.875
18169120,jumper,0.9375
18169120,jumper,0.9375
18177280,jumper,7.8125
18177280,jumper,17.8125
18179104,jumper,30.163631439208984
18187264,jumper,3.75
18189600,jumper,17.17950439453125
18197760,jumper,1.5625
18201632,jumper,9.0625
18209792,jumper,65.21730041503906
18217952,jumper,9.0625
18226112,jumper,4.0625
18228608,jumper,18.889211654663086
18236768,jumper,42.84711456298828
18244928,jumper,10.0
18244928,jumper,10.0
18253088,jumper,4.375
18261248,jumper,0.625
18261248,jumper,0.625
18262624,jumper,8.83846664428711
18268576,jumper,19.15096664428711
18276736,jumper,1.25
18284896,jumper,0.0
18289088,jumper,8.4375
18297248,jumper,1.25
18305408,jumper,2.5
18305408,jumper,2.5
18313568,jumper,1.875
18317024,jumper,0.9375
18320160,jumper,17.10149383544922
18328320,jumper,0.0
18336480,jumper,0.0
18344640,jumper,20.625
18352800,jumper,4.0625
18360960,jumper,0.0
18369120,jumper,11.25
18377280,jumper,19.375
18378560,jumper,33.338409423828125
18380256,jumper,38.2356071472168
18388416,jumper,0.625
18389824,jumper,12.433298110961914
18397984,jumper,13.4375
18406144,jumper,1.5625
18406656,jumper,6.713631629943848
18412480,jumper,25.717998504638672
18420640,jumper,0.625
18428800,jumper,0.0
18429088,jumper,3.5528180599212646
18437248,jumper,5.0
18445408,jumper,2.1875
18453568,jumper,0.0
18461728,jumper,10.3125
18462336,jumper,16.610960006713867
18470496,jumper,10.625
18470752,jumper,14.727646827697754
18478688,jumper,12.227646827697754
18478688,jumper,22.227645874023438
18479616,jumper,25.367265701293945
18487776,jumper,0.625
18489760,jumper,17.106306076049805
18497920,jumper,0.0
18506080,jumper,1.25
18514240,jumper,1.25
18522400,jumper,24.286670684814453
18530560,jumper,10.9375
18538720,jumper,1.25
18538720,jumper,1.25
18540576,jumper,3.75
18548736,jumper,45.58811569213867
18556896,jumper,6.875
18565056,jumper,20.0
18565152,jumper,25.176137924194336
18571584,jumper,34.85726547241211
18579744,jumper,0.0
18587904,jumper,13.4375
18596064,jumper,0.0
18596608,jumper,8.869001388549805
18604768,jumper,0.3125
18604768,jumper,0.3125
18609728,jumper,0.625
18617888,jumper,0.625
18618592,jumper,7.58650541305542
18626752,jumper,35.023765563964844
18634912,jumper,10.0
18634912,jumper,10.0
18643072,jumper,0.0
18644992,jumper,9.459705352783203
18653152,jumper,2.5
18657248,jumper,19.752826690673828
18665408,jumper,8.75
18668416,jumper,6.25
18676576,jumper,0.0
18677120,jumper,5.377087593078613
18677792,jumper,11.353255271911621
18678208,jumper,16.40520477294922
18686368,jumper,0.0
18694528,jumper,10.0
18702688,jumper,13.125
18710848,jumper,6.25
18711456,jumper,14.452743530273438
18711840,jumper,19.42088508605957
18720000,jumper,1.25
18721088,jumper,136.24024963378906
18729248,jumper,8.125
18737408,jumper,3.4375
18737408,jumper,13.4375
18738688,jumper,22.511791229248047
18738688,jumper,22.511791229248047
18746848,jumper,0.625
18754528,jumper,1.5625
18762688,jumper,3.4375
18762688,jumper,13.4375
18770848,jumper,0.0
18770848,jumper,0.0
18779008,jumper,17.8125
18787168,jumper,20.27277183532715
18792608,jumper,24.97466278076172
18792608,jumper,24.97466278076172
18792608,jumper,24.97466278076172
18800768,jumper,0.3125
18801696,jumper,7.986553192138672
18803616,jumper,16.793331146240234
18811776,jumper,3.4375
18819936,jumper,10.3125
18828096,jumper,9.375
18828384,jumper,12.653094291687012
18836544,jumper,0.625
18837632,jumper,7.789144515991211
18842272,jumper,35.97932052612305
18842272,jumper,35.97932052612305
18850432,jumper,26.996984481811523
18858592,jumper,15.9375
18866752,jumper,0.0
18874912,jumper,0.3125
18883072,jumper,0.0
18883776,jumper,8.172277450561523
18884288,jumper,14.196069717407227
18892448,jumper,19.0625
18893088,jumper,24.52731704711914
18893088,jumper,34.52731704711914
18893728,jumper,42.17491912841797
18901888,jumper,1.5625
18908992,jumper,30.169166564941406
18917152,jumper,9.375
18925312,jumper,15.3125
18926912,jumper,22.50623893737793
18935072,jumper,4.0625
18942400,jumper,1.25
18950560,jumper,0.0
18958720,jumper,1.5625
18961952,jumper,20.93116569519043
18970112,jumper,2.5
18974400,jumper,14.98353385925293
18979072,jumper,14.04603385925293
18987232,jumper,0.3125
18987360,jumper,2.8125007152557373
18990496,jumper,24.613618850708008
18993088,jumper,47.57659149169922
18994048,jumper,55.342960357666016
19002208,jumper,0.0
19010368,jumper,1.875
19018528,jumper,2.5
19026688,jumper,23.105850219726562
19034848,jumper,12.8125
19034848,jumper,12.8125
19037408,jumper,24.817188262939453
19045568,jumper,0.0
19047008,jumper,10.037257194519043
19055168,jumper,10.3125
19056256,jumper,17.586164474487305
19064352,jumper,30.17205047607422
19072512,jumper,7.8125
19073248,jumper,15.87157154083252
19073664,jumper,21.502843856811523
19073952,jumper,25.337480545043945
19074720,jumper,31.189369201660156
19082880,jumper,5.3125
19088480,jumper,2.1875
19088768,jumper,5.425524711608887
19096928,jumper,8.75
19105088,jumper,1.25
19113248,jumper,7.5
19121408,jumper,0.0
19121568,jumper,2.5923590660095215
19129632,jumper,36.946563720703125
19137792,jumper,4.0625
19145952,jumper,0.0
19154112,jumper,26.423093795776367
19154112,jumper,26.423093795776367
19154336,jumper,29.238861083984375
19154336,jumper,39.238861083984375
19162496,jumper,30.473596572875977
19170656,jumper,0.0
19178816,jumper,0.3125
19186976,jumper,7.5
19195136,jumper,8.125
19203296,jumper,0.9375
19209984,jumper,13.125
19209984,jumper,13.125
19218144,jumper,6.875
19226304,jumper,0.9375
19226304,jumper,0.9375
19234464,jumper,6.25
19234464,jumper,16.25
19238560,jumper,44.2414436340332
19246720,jumper,3.125
19254080,jumper,41.39176940917969
19262240,jumper,0.0
19265824,jumper,4.375
19266624,jumper,11.750028610229492
19274784,jumper,5.0
19282944,jumper,3.4375
19285952,jumper,17.81601905822754
19294112,jumper,57.288963317871094
19302272,jumper,9.6875
19302272,jumper,9.6875
19310432,jumper,3.125
19316256,jumper,0.3125
19316256,jumper,0.3125
19324416,jumper,18.75
19330592,jumper,6.5625
19338752,jumper,4.375
19346912,jumper,0.0
19348320,jumper,9.824548721313477
19356480,jumper,1.5625
19364640,jumper,3.4375
19364640,jumper,3.4375
19372800,jumper,2.8125
19375584,jumper,2.1875
19381120,jumper,27.546131134033203
19389280,jumper,0.0
19397440,jumper,0.0
19403584,jumper,12.5
19411744,jumper,4.6875
19419904,jumper,0.3125
19428064,jumper,14.0625
19436224,jumper,31.0267333984375
19437216,jumper,39.3094482421875
19439008,jumper,41.520408630371094
19447168,jumper,2.8125
19451104,jumper,21.169689178466797
19459264,jumper,30.964035034179688
19467424,jumper,1.5625
19467776,jumper,5.866225242614746
19468928,jumper,9.303725242614746
19477088,jumper,0.625
19485248,jumper,0.0
19485344,jumper,0.0
19493504,jumper,5.0
19501664,jumper,0.625
19509824,jumper,0.0
19517984,jumper,22.05459213256836
19521760,jumper,30.194072723388672
19529824,jumper,14.589305877685547
19530080,jumper,17.189373016357422
19538240,jumper,7.5
19538240,jumper,17.5
19539104,jumper,24.191097259521484
19547264,jumper,0.3125
19547872,jumper,7.446834087371826
19556032,jumper,0.0
19564192,jumper,0.9375
19572352,jumper,0.9375
19580064,jumper,30.18738555908203
19588224,jumper,19.05449676513672
19596384,jumper,1.25
19596384,jumper,1.25
19597760,jumper,1.875
19598240,jumper,8.380636215209961
19606400,jumper,13.4375
19614560,jumper,19.0625
19614656,jumper,26.810476303100586
19622816,jumper,20.9375
19630976,jumper,0.0
19639136,jumper,12.5
19647296,jumper,0.0
19647488,jumper,2.381505012512207
19655648,jumper,0.0
19655648,jumper,0.0
19661888,jumper,0.0
19670048,jumper,1.875
19672512,jumper,21.509817123413086
19673664,jumper,28.008047103881836
19678112,jumper,42.65008544921875
19678112,jumper,42.65008544921875
19686272,jumper,0.3125
19688800,jumper,12.671359062194824
19696960,jumper,5.9375
19705120,jumper,38.924556732177734
19713280,jumper,24.979202270507812
19716672,jumper,16.541706085205078
19724832,jumper,0.0
19725472,jumper,6.3657732009887695
19726816,jumper,18.982608795166016
19727200,jumper,22.869232177734375
19735360,jumper,0.0
19740192,jumper,4.0625
19748352,jumper,9.375
19756512,jumper,7.1875
19757184,jumper,14.883949279785156
19757696,jumper,21.83846664428711
19765856,jumper,0.9375
19766688,jumper,11.327326774597168
19774848,jumper,7.5
19783008,jumper,1.875
19783040,jumper,6.715776443481445
19784320,jumper,15.219825744628906
19784320,jumper,15.219825744628906
19792480,jumper,1.5625
19800640,jumper,0.9375
19808800,jumper,2.1875
19808800,jumper,12.1875
19816960,jumper,0.0
19816960,jumper,0.0
19825120,jumper,21.875
19825984,jumper,30.134151458740234
19834144,jumper,21.5625
19834144,jumper,21.5625
19834144,jumper,21.5625
19842304,jumper,0.0
19842816,jumper,4.63563871383667
19850976,jumper,30.988290786743164
19859136,jumper,4.375
19867296,jumper,2.5
19875456,jumper,5.9375
19876800,jumper,16.29052734375
19884960,jumper,0.625
19886528,jumper,13.567113876342773
19894688,jumper,17.5
19894688,jumper,17.5
19902816,jumper,22.1875
19904384,jumper,22.8125
19911008,jumper,3.125
19919168,jumper,1.5625
19927328,jumper,0.0
19928032,jumper,6.9884033203125
19929376,jumper,18.724109649658203
19937536,jumper,24.357913970947266
19938624,jumper,31.270633697509766
19938624,jumper,41.270633697509766
19940224,jumper,46.68059158325195
19948384,jumper,1.25
19956544,jumper,34.10409927368164
19964704,jumper,7.1875
19972864,jumper,5.0
19981024,jumper,24.157920837402344
19989184,jumper,5.9375
19997344,jumper,0.625
20005504,jumper,0.0
