Looking in links: https://download.pytorch.org/whl/cu113/torch_stable.html
Requirement already satisfied: torch==1.10.0+cu113 in /zhome/fa/4/127501/.local/lib/python3.7/site-packages (1.10.0+cu113)
Requirement already satisfied: torchvision==0.11.1+cu113 in /zhome/fa/4/127501/.local/lib/python3.7/site-packages (0.11.1+cu113)
Requirement already satisfied: torchaudio==0.10.0+cu113 in /zhome/fa/4/127501/.local/lib/python3.7/site-packages (0.10.0+cu113)
Requirement already satisfied: typing-extensions in /appl/python/3.7.11/lib/python3.7/site-packages (from torch==1.10.0+cu113) (3.10.0.0)
Requirement already satisfied: numpy in /zhome/fa/4/127501/.local/lib/python3.7/site-packages (from torchvision==0.11.1+cu113) (1.21.4)
Requirement already satisfied: pillow!=8.3.0,>=5.3.0 in /zhome/fa/4/127501/.local/lib/python3.7/site-packages (from torchvision==0.11.1+cu113) (8.4.0)
Requirement already satisfied: procgen in /zhome/fa/4/127501/.local/lib/python3.7/site-packages (0.10.4)
Requirement already satisfied: gym3<1.0.0,>=0.3.3 in /zhome/fa/4/127501/.local/lib/python3.7/site-packages (from procgen) (0.3.3)
Requirement already satisfied: filelock<4.0.0,>=3.0.0 in /appl/python/3.7.11/lib/python3.7/site-packages (from procgen) (3.0.12)
Requirement already satisfied: gym<1.0.0,>=0.15.0 in /zhome/fa/4/127501/.local/lib/python3.7/site-packages (from procgen) (0.21.0)
Requirement already satisfied: numpy<2.0.0,>=1.17.0 in /zhome/fa/4/127501/.local/lib/python3.7/site-packages (from procgen) (1.21.4)
Requirement already satisfied: cloudpickle>=1.2.0 in /zhome/fa/4/127501/.local/lib/python3.7/site-packages (from gym<1.0.0,>=0.15.0->procgen) (2.0.0)
Collecting importlib-metadata>=4.8.1
  Using cached importlib_metadata-4.8.2-py3-none-any.whl (17 kB)
Requirement already satisfied: imageio-ffmpeg<0.4.0,>=0.3.0 in /zhome/fa/4/127501/.local/lib/python3.7/site-packages (from gym3<1.0.0,>=0.3.3->procgen) (0.3.0)
Requirement already satisfied: moderngl<6.0.0,>=5.5.4 in /zhome/fa/4/127501/.local/lib/python3.7/site-packages (from gym3<1.0.0,>=0.3.3->procgen) (5.6.4)
Requirement already satisfied: cffi<2.0.0,>=1.13.0 in /zhome/fa/4/127501/.local/lib/python3.7/site-packages (from gym3<1.0.0,>=0.3.3->procgen) (1.15.0)
Requirement already satisfied: imageio<3.0.0,>=2.6.0 in /zhome/fa/4/127501/.local/lib/python3.7/site-packages (from gym3<1.0.0,>=0.3.3->procgen) (2.10.3)
Requirement already satisfied: glfw<2.0.0,>=1.8.6 in /zhome/fa/4/127501/.local/lib/python3.7/site-packages (from gym3<1.0.0,>=0.3.3->procgen) (1.12.0)
Requirement already satisfied: pycparser in /zhome/fa/4/127501/.local/lib/python3.7/site-packages (from cffi<2.0.0,>=1.13.0->gym3<1.0.0,>=0.3.3->procgen) (2.21)
Requirement already satisfied: pillow>=8.3.2 in /zhome/fa/4/127501/.local/lib/python3.7/site-packages (from imageio<3.0.0,>=2.6.0->gym3<1.0.0,>=0.3.3->procgen) (8.4.0)
Requirement already satisfied: zipp>=0.5 in /appl/python/3.7.11/lib/python3.7/site-packages (from importlib-metadata>=4.8.1->gym<1.0.0,>=0.15.0->procgen) (3.5.0)
Requirement already satisfied: typing-extensions>=3.6.4 in /appl/python/3.7.11/lib/python3.7/site-packages (from importlib-metadata>=4.8.1->gym<1.0.0,>=0.15.0->procgen) (3.10.0.0)
Requirement already satisfied: glcontext<3,>=2 in /zhome/fa/4/127501/.local/lib/python3.7/site-packages (from moderngl<6.0.0,>=5.5.4->gym3<1.0.0,>=0.3.3->procgen) (2.3.4)
Installing collected packages: importlib-metadata
Successfully installed importlib-metadata-4.8.2
Requirement already satisfied: imageio in /zhome/fa/4/127501/.local/lib/python3.7/site-packages (2.10.3)
Requirement already satisfied: pillow>=8.3.2 in /zhome/fa/4/127501/.local/lib/python3.7/site-packages (from imageio) (8.4.0)
Requirement already satisfied: numpy in /zhome/fa/4/127501/.local/lib/python3.7/site-packages (from imageio) (1.21.4)
Looking in links: https://download.pytorch.org/whl/cu113/torch_stable.html
Requirement already satisfied: torch==1.10.0+cu113 in /zhome/fa/4/127501/.local/lib/python3.7/site-packages (1.10.0+cu113)
Requirement already satisfied: torchvision==0.11.1+cu113 in /zhome/fa/4/127501/.local/lib/python3.7/site-packages (0.11.1+cu113)
Requirement already satisfied: torchaudio==0.10.0+cu113 in /zhome/fa/4/127501/.local/lib/python3.7/site-packages (0.10.0+cu113)
Requirement already satisfied: typing-extensions in /appl/python/3.7.11/lib/python3.7/site-packages (from torch==1.10.0+cu113) (3.10.0.0)
Requirement already satisfied: pillow!=8.3.0,>=5.3.0 in /zhome/fa/4/127501/.local/lib/python3.7/site-packages (from torchvision==0.11.1+cu113) (8.4.0)
Requirement already satisfied: numpy in /zhome/fa/4/127501/.local/lib/python3.7/site-packages (from torchvision==0.11.1+cu113) (1.21.4)
Requirement already satisfied: procgen in /zhome/fa/4/127501/.local/lib/python3.7/site-packages (0.10.4)
Requirement already satisfied: gym3<1.0.0,>=0.3.3 in /zhome/fa/4/127501/.local/lib/python3.7/site-packages (from procgen) (0.3.3)
Requirement already satisfied: numpy<2.0.0,>=1.17.0 in /zhome/fa/4/127501/.local/lib/python3.7/site-packages (from procgen) (1.21.4)
Requirement already satisfied: filelock<4.0.0,>=3.0.0 in /appl/python/3.7.11/lib/python3.7/site-packages (from procgen) (3.0.12)
Requirement already satisfied: gym<1.0.0,>=0.15.0 in /zhome/fa/4/127501/.local/lib/python3.7/site-packages (from procgen) (0.21.0)
Requirement already satisfied: cloudpickle>=1.2.0 in /zhome/fa/4/127501/.local/lib/python3.7/site-packages (from gym<1.0.0,>=0.15.0->procgen) (2.0.0)
Collecting importlib-metadata>=4.8.1
  Using cached importlib_metadata-4.8.2-py3-none-any.whl (17 kB)
Requirement already satisfied: glfw<2.0.0,>=1.8.6 in /zhome/fa/4/127501/.local/lib/python3.7/site-packages (from gym3<1.0.0,>=0.3.3->procgen) (1.12.0)
Requirement already satisfied: imageio-ffmpeg<0.4.0,>=0.3.0 in /zhome/fa/4/127501/.local/lib/python3.7/site-packages (from gym3<1.0.0,>=0.3.3->procgen) (0.3.0)
Requirement already satisfied: cffi<2.0.0,>=1.13.0 in /zhome/fa/4/127501/.local/lib/python3.7/site-packages (from gym3<1.0.0,>=0.3.3->procgen) (1.15.0)
Requirement already satisfied: imageio<3.0.0,>=2.6.0 in /zhome/fa/4/127501/.local/lib/python3.7/site-packages (from gym3<1.0.0,>=0.3.3->procgen) (2.10.3)
Requirement already satisfied: moderngl<6.0.0,>=5.5.4 in /zhome/fa/4/127501/.local/lib/python3.7/site-packages (from gym3<1.0.0,>=0.3.3->procgen) (5.6.4)
Requirement already satisfied: pycparser in /zhome/fa/4/127501/.local/lib/python3.7/site-packages (from cffi<2.0.0,>=1.13.0->gym3<1.0.0,>=0.3.3->procgen) (2.21)
Requirement already satisfied: pillow>=8.3.2 in /zhome/fa/4/127501/.local/lib/python3.7/site-packages (from imageio<3.0.0,>=2.6.0->gym3<1.0.0,>=0.3.3->procgen) (8.4.0)
Requirement already satisfied: typing-extensions>=3.6.4 in /appl/python/3.7.11/lib/python3.7/site-packages (from importlib-metadata>=4.8.1->gym<1.0.0,>=0.15.0->procgen) (3.10.0.0)
Requirement already satisfied: zipp>=0.5 in /appl/python/3.7.11/lib/python3.7/site-packages (from importlib-metadata>=4.8.1->gym<1.0.0,>=0.15.0->procgen) (3.5.0)
Requirement already satisfied: glcontext<3,>=2 in /zhome/fa/4/127501/.local/lib/python3.7/site-packages (from moderngl<6.0.0,>=5.5.4->gym3<1.0.0,>=0.3.3->procgen) (2.3.4)
Installing collected packages: importlib-metadata
Successfully installed importlib-metadata-4.8.2
Requirement already satisfied: imageio in /zhome/fa/4/127501/.local/lib/python3.7/site-packages (2.10.3)
Requirement already satisfied: numpy in /zhome/fa/4/127501/.local/lib/python3.7/site-packages (from imageio) (1.21.4)
Requirement already satisfied: pillow>=8.3.2 in /zhome/fa/4/127501/.local/lib/python3.7/site-packages (from imageio) (8.4.0)
Running plr-starpilot
32768,starpilot,5.265625,-0.5439442992210388
65536,starpilot,6.4140625,-0.289224773645401
98304,starpilot,8.609375,-0.32453063130378723
131072,starpilot,7.4921875,-0.3206717073917389
163840,starpilot,5.5625,-0.28197962045669556
196608,starpilot,3.984375,-0.28713956475257874
229376,starpilot,3.734375,-0.2990964949131012
262144,starpilot,1.7265625,-0.28354766964912415
294912,starpilot,2.4296875,-0.2678804397583008
327680,starpilot,3.0078125,-0.1735720932483673
360448,starpilot,1.578125,-0.18746958673000336
393216,starpilot,1.640625,-0.1784876585006714
425984,starpilot,1.5390625,-0.15325038135051727
458752,starpilot,1.53125,-0.19227436184883118
491520,starpilot,1.546875,-0.14922188222408295
524288,starpilot,2.46875,-0.1834990382194519
557056,starpilot,1.875,-0.15039952099323273
589824,starpilot,2.203125,-0.17961736023426056
622592,starpilot,2.3828125,-0.15225711464881897
655360,starpilot,2.8203125,-0.16670987010002136
688128,starpilot,2.5546875,-0.16143399477005005
720896,starpilot,3.46875,-0.16421036422252655
753664,starpilot,2.7109375,-0.16221393644809723
786432,starpilot,3.09375,-0.15457335114479065
819200,starpilot,3.515625,-0.16807037591934204
851968,starpilot,3.1640625,-0.1523631364107132
884736,starpilot,3.8203125,-0.17138102650642395
917504,starpilot,2.859375,-0.14612993597984314
950272,starpilot,3.3125,-0.17398563027381897
983040,starpilot,3.5078125,-0.14712511003017426
1015808,starpilot,2.9921875,-0.17269551753997803
1048576,starpilot,3.03125,-0.14904126524925232
1081344,starpilot,3.328125,-0.1685093641281128
1114112,starpilot,3.8046875,-0.14819152653217316
1146880,starpilot,3.796875,-0.1611904799938202
1179648,starpilot,3.703125,-0.1550261527299881
1212416,starpilot,3.3671875,-0.1649664044380188
1245184,starpilot,4.5546875,-0.15851326286792755
1277952,starpilot,4.734375,-0.15931348502635956
1310720,starpilot,4.734375,-0.1592620462179184
1343488,starpilot,4.421875,-0.15676850080490112
1376256,starpilot,4.6875,-0.16358104348182678
1409024,starpilot,4.1484375,-0.1559487283229828
1441792,starpilot,4.578125,-0.15713545680046082
1474560,starpilot,3.7578125,-0.16928204894065857
1507328,starpilot,4.078125,-0.15258972346782684
1540096,starpilot,4.03125,-0.1575949341058731
1572864,starpilot,4.2109375,-0.15836292505264282
1605632,starpilot,4.875,-0.15875668823719025
1638400,starpilot,5.3125,-0.1586824208498001
1671168,starpilot,4.703125,-0.15083688497543335
1703936,starpilot,5.4140625,-0.1558312028646469
1736704,starpilot,4.2265625,-0.15606169402599335
1769472,starpilot,5.46875,-0.15813030302524567
1802240,starpilot,6.1484375,-0.16264718770980835
1835008,starpilot,4.765625,-0.15182237327098846
1867776,starpilot,4.9375,-0.16230711340904236
1900544,starpilot,4.59375,-0.15104183554649353
1933312,starpilot,5.2421875,-0.16783010959625244
1966080,starpilot,4.9375,-0.14892162382602692
1998848,starpilot,4.7265625,-0.16281308233737946
2031616,starpilot,4.9765625,-0.16021423041820526
2064384,starpilot,5.5078125,-0.15573616325855255
2097152,starpilot,4.984375,-0.16590182483196259
2129920,starpilot,4.5703125,-0.16060122847557068
2162688,starpilot,4.9140625,-0.16313402354717255
2195456,starpilot,5.2578125,-0.1609857976436615
2228224,starpilot,4.84375,-0.16454201936721802
2260992,starpilot,4.3046875,-0.16376851499080658
2293760,starpilot,4.6796875,-0.1611037701368332
2326528,starpilot,4.75,-0.16849040985107422
2359296,starpilot,5.2265625,-0.15687181055545807
2392064,starpilot,5.0,-0.15926262736320496
2424832,starpilot,4.875,-0.16582411527633667
2457600,starpilot,4.640625,-0.16065016388893127
2490368,starpilot,4.8515625,-0.16507472097873688
2523136,starpilot,5.7578125,-0.1615757942199707
2555904,starpilot,4.875,-0.16094841063022614
2588672,starpilot,5.015625,-0.15752089023590088
2621440,starpilot,4.609375,-0.1627129465341568
2654208,starpilot,4.5546875,-0.16194811463356018
2686976,starpilot,5.28125,-0.16591230034828186
2719744,starpilot,5.09375,-0.1603461056947708
2752512,starpilot,5.2578125,-0.1628868132829666
2785280,starpilot,4.296875,-0.16641853749752045
2818048,starpilot,4.828125,-0.1631702482700348
2850816,starpilot,4.9296875,-0.16870686411857605
2883584,starpilot,5.3984375,-0.16784662008285522
2916352,starpilot,5.1640625,-0.1667308658361435
2949120,starpilot,5.640625,-0.17129173874855042
2981888,starpilot,4.78125,-0.16036812961101532
3014656,starpilot,5.015625,-0.17498573660850525
3047424,starpilot,5.265625,-0.1658913940191269
3080192,starpilot,5.109375,-0.16937297582626343
3112960,starpilot,5.2734375,-0.16497790813446045
3145728,starpilot,5.2109375,-0.16530118882656097
3178496,starpilot,5.4453125,-0.1650177538394928
3211264,starpilot,5.4296875,-0.16633832454681396
3244032,starpilot,5.078125,-0.15876361727714539
3276800,starpilot,5.453125,-0.17192871868610382
3309568,starpilot,4.84375,-0.16425612568855286
3342336,starpilot,5.28125,-0.1636630892753601
3375104,starpilot,5.4921875,-0.16343772411346436
3407872,starpilot,5.390625,-0.17030194401741028
3440640,starpilot,5.4375,-0.16272437572479248
3473408,starpilot,5.390625,-0.1730353832244873
3506176,starpilot,5.546875,-0.16667580604553223
3538944,starpilot,5.8984375,-0.16515310108661652
3571712,starpilot,5.6953125,-0.16870468854904175
3604480,starpilot,5.296875,-0.16707421839237213
3637248,starpilot,5.046875,-0.16710209846496582
3670016,starpilot,4.875,-0.16737782955169678
3702784,starpilot,5.078125,-0.16124099493026733
3735552,starpilot,5.3203125,-0.1683606505393982
3768320,starpilot,5.140625,-0.15748530626296997
3801088,starpilot,5.6796875,-0.16925868391990662
3833856,starpilot,5.4296875,-0.15578922629356384
3866624,starpilot,5.1640625,-0.16468456387519836
3899392,starpilot,5.578125,-0.16413211822509766
3932160,starpilot,6.0546875,-0.16769737005233765
3964928,starpilot,5.9375,-0.16553159058094025
3997696,starpilot,5.6796875,-0.1650504469871521
4030464,starpilot,4.9609375,-0.16791558265686035
4063232,starpilot,5.875,-0.16332387924194336
4096000,starpilot,6.03125,-0.16736263036727905
4128768,starpilot,5.5,-0.16806480288505554
4161536,starpilot,4.796875,-0.16565196216106415
4194304,starpilot,5.59375,-0.1712985783815384
4227072,starpilot,5.2109375,-0.17192420363426208
4259840,starpilot,5.1171875,-0.17139627039432526
4292608,starpilot,5.2890625,-0.16598676145076752
4325376,starpilot,4.9140625,-0.16638244688510895
4358144,starpilot,5.2890625,-0.16893082857131958
4390912,starpilot,4.75,-0.1614794284105301
4423680,starpilot,5.3671875,-0.16935670375823975
4456448,starpilot,5.0859375,-0.16966557502746582
4489216,starpilot,5.046875,-0.16162805259227753
4521984,starpilot,4.75,-0.16873978078365326
4554752,starpilot,5.0546875,-0.16811244189739227
4587520,starpilot,5.359375,-0.17031042277812958
4620288,starpilot,5.6640625,-0.16616694629192352
4653056,starpilot,5.6953125,-0.16916394233703613
4685824,starpilot,5.25,-0.16165469586849213
4718592,starpilot,5.6796875,-0.17328329384326935
4751360,starpilot,5.59375,-0.16095101833343506
4784128,starpilot,6.359375,-0.17409083247184753
4816896,starpilot,5.5625,-0.16617701947689056
4849664,starpilot,5.296875,-0.17523275315761566
4882432,starpilot,5.3515625,-0.16902364790439606
4915200,starpilot,5.28125,-0.1709563136100769
4947968,starpilot,5.34375,-0.1680201292037964
4980736,starpilot,5.1640625,-0.16972030699253082
5013504,starpilot,5.40625,-0.16989855468273163
5046272,starpilot,5.4375,-0.1688951551914215
5079040,starpilot,5.2265625,-0.16861483454704285
5111808,starpilot,4.9921875,-0.16832394897937775
5144576,starpilot,5.6796875,-0.1725989580154419
5177344,starpilot,5.9375,-0.16784752905368805
5210112,starpilot,5.859375,-0.16480576992034912
5242880,starpilot,5.1796875,-0.16561836004257202
5275648,starpilot,4.9765625,-0.16652996838092804
5308416,starpilot,5.3046875,-0.16461974382400513
5341184,starpilot,5.0546875,-0.17259953916072845
5373952,starpilot,5.4140625,-0.16199110448360443
5406720,starpilot,5.2109375,-0.1727481335401535
5439488,starpilot,5.515625,-0.16535526514053345
5472256,starpilot,5.46875,-0.17112118005752563
5505024,starpilot,6.046875,-0.17050322890281677
5537792,starpilot,5.2578125,-0.17377939820289612
5570560,starpilot,5.7421875,-0.1671345978975296
5603328,starpilot,5.3359375,-0.17264637351036072
5636096,starpilot,5.0625,-0.16330066323280334
5668864,starpilot,5.53125,-0.16472472250461578
5701632,starpilot,5.828125,-0.17462240159511566
5734400,starpilot,4.890625,-0.17132648825645447
5767168,starpilot,5.2265625,-0.1687147617340088
5799936,starpilot,5.6640625,-0.1725396364927292
5832704,starpilot,5.453125,-0.1672297567129135
5865472,starpilot,5.2265625,-0.17140792310237885
5898240,starpilot,6.3046875,-0.16524329781532288
5931008,starpilot,5.3515625,-0.16965220868587494
5963776,starpilot,5.359375,-0.1711675226688385
5996544,starpilot,5.5,-0.16870951652526855
6029312,starpilot,4.6953125,-0.16355790197849274
6062080,starpilot,4.96875,-0.17096149921417236
6094848,starpilot,5.296875,-0.16237810254096985
6127616,starpilot,6.1015625,-0.1698392629623413
6160384,starpilot,6.1328125,-0.161886066198349
6193152,starpilot,6.59375,-0.16714343428611755
6225920,starpilot,5.6640625,-0.16076311469078064
6258688,starpilot,5.0390625,-0.17530134320259094
6291456,starpilot,5.1171875,-0.162700355052948
6324224,starpilot,5.6640625,-0.1696695238351822
6356992,starpilot,6.25,-0.16790889203548431
6389760,starpilot,5.7109375,-0.17746928334236145
6422528,starpilot,5.46875,-0.1651604175567627
6455296,starpilot,5.5703125,-0.1762477159500122
6488064,starpilot,5.0859375,-0.1706501841545105
6520832,starpilot,5.140625,-0.17545364797115326
6553600,starpilot,5.328125,-0.1724306344985962
6586368,starpilot,4.921875,-0.17051813006401062
6619136,starpilot,5.1796875,-0.17340871691703796
6651904,starpilot,5.234375,-0.16880151629447937
6684672,starpilot,5.8125,-0.1701085865497589
6717440,starpilot,5.0625,-0.17007401585578918
6750208,starpilot,5.1953125,-0.17219053208827972
6782976,starpilot,5.3984375,-0.16904576122760773
6815744,starpilot,5.3671875,-0.17000825703144073
6848512,starpilot,4.796875,-0.16327103972434998
6881280,starpilot,4.9765625,-0.1718904823064804
6914048,starpilot,4.578125,-0.16522864997386932
6946816,starpilot,5.921875,-0.1676146537065506
6979584,starpilot,5.546875,-0.1652570366859436
7012352,starpilot,5.765625,-0.16817113757133484
7045120,starpilot,5.75,-0.16772887110710144
7077888,starpilot,5.828125,-0.16557639837265015
7110656,starpilot,5.1328125,-0.17414666712284088
7143424,starpilot,5.5546875,-0.16230197250843048
7176192,starpilot,5.4609375,-0.17024222016334534
7208960,starpilot,5.3828125,-0.16348187625408173
7241728,starpilot,5.7421875,-0.16615161299705505
7274496,starpilot,5.7421875,-0.16514287889003754
7307264,starpilot,5.6015625,-0.17209918797016144
7340032,starpilot,4.8359375,-0.16367000341415405
7372800,starpilot,5.3359375,-0.16817854344844818
7405568,starpilot,4.90625,-0.16980305314064026
7438336,starpilot,4.9375,-0.1685580313205719
7471104,starpilot,5.4765625,-0.1719921976327896
7503872,starpilot,5.3046875,-0.16613981127738953
7536640,starpilot,5.6171875,-0.1748744398355484
7569408,starpilot,4.8125,-0.16770370304584503
7602176,starpilot,4.8203125,-0.17051202058792114
7634944,starpilot,5.3671875,-0.17163601517677307
7667712,starpilot,5.8984375,-0.1703455150127411
7700480,starpilot,5.4453125,-0.16962283849716187
7733248,starpilot,5.859375,-0.17228485643863678
7766016,starpilot,5.5625,-0.16928838193416595
7798784,starpilot,5.515625,-0.16793304681777954
7831552,starpilot,5.4609375,-0.16918256878852844
7864320,starpilot,5.4765625,-0.16638508439064026
7897088,starpilot,4.734375,-0.16500379145145416
7929856,starpilot,5.59375,-0.16641882061958313
7962624,starpilot,5.40625,-0.1715243011713028
7995392,starpilot,5.3671875,-0.1623387187719345
8028160,starpilot,5.328125,-0.17117655277252197
8060928,starpilot,5.328125,-0.16748157143592834
8093696,starpilot,5.8203125,-0.17264094948768616
8126464,starpilot,5.734375,-0.16142259538173676
8159232,starpilot,5.46875,-0.1681271344423294
8192000,starpilot,4.8828125,-0.16504719853401184
8224768,starpilot,5.8515625,-0.1657085120677948
8257536,starpilot,5.3984375,-0.16627229750156403
8290304,starpilot,5.421875,-0.1674516350030899
8323072,starpilot,6.234375,-0.168760746717453
8355840,starpilot,5.53125,-0.15741528570652008
8388608,starpilot,5.921875,-0.17439642548561096
8421376,starpilot,6.7578125,-0.16500909626483917
8454144,starpilot,6.34375,-0.165660560131073
8486912,starpilot,5.65625,-0.16696062684059143
8519680,starpilot,6.125,-0.1609305888414383
8552448,starpilot,6.703125,-0.1699141263961792
8585216,starpilot,6.09375,-0.16240330040454865
8617984,starpilot,6.5078125,-0.16739463806152344
8650752,starpilot,5.5546875,-0.16166135668754578
8683520,starpilot,5.921875,-0.17104698717594147
8716288,starpilot,5.8125,-0.16838562488555908
8749056,starpilot,6.0546875,-0.16525797545909882
8781824,starpilot,6.296875,-0.1686401665210724
8814592,starpilot,5.609375,-0.16308005154132843
8847360,starpilot,6.140625,-0.16758528351783752
8880128,starpilot,5.7421875,-0.16755667328834534
8912896,starpilot,5.71875,-0.16917023062705994
8945664,starpilot,5.484375,-0.16992101073265076
8978432,starpilot,5.6484375,-0.16927853226661682
9011200,starpilot,5.6953125,-0.16758733987808228
9043968,starpilot,5.8671875,-0.17521865665912628
9076736,starpilot,5.3515625,-0.16500815749168396
9109504,starpilot,5.171875,-0.1672867238521576
9142272,starpilot,5.515625,-0.17257480323314667
9175040,starpilot,5.2421875,-0.1675044149160385
9207808,starpilot,5.5546875,-0.1693190038204193
9240576,starpilot,5.328125,-0.16429737210273743
9273344,starpilot,6.078125,-0.16750670969486237
9306112,starpilot,5.9296875,-0.16601768136024475
9338880,starpilot,5.5234375,-0.16336554288864136
9371648,starpilot,5.5703125,-0.15908075869083405
9404416,starpilot,6.25,-0.16662554442882538
9437184,starpilot,5.96875,-0.16585414111614227
9469952,starpilot,6.1953125,-0.1687134951353073
9502720,starpilot,6.0078125,-0.1650051325559616
9535488,starpilot,5.8359375,-0.16510051488876343
9568256,starpilot,5.0546875,-0.16673138737678528
9601024,starpilot,5.34375,-0.16763320565223694
9633792,starpilot,5.5390625,-0.16173410415649414
9666560,starpilot,5.390625,-0.1654932051897049
9699328,starpilot,4.9765625,-0.1686103641986847
9732096,starpilot,5.46875,-0.17085082828998566
9764864,starpilot,5.390625,-0.17195773124694824
9797632,starpilot,5.6484375,-0.1680126041173935
9830400,starpilot,5.2578125,-0.16850900650024414
9863168,starpilot,5.703125,-0.17125128209590912
9895936,starpilot,5.015625,-0.16349884867668152
9928704,starpilot,5.625,-0.1705298125743866
9961472,starpilot,5.046875,-0.1709984689950943
9994240,starpilot,5.515625,-0.169986754655838
10027008,starpilot,5.625,-0.17003807425498962
10059776,starpilot,5.28125,-0.17287872731685638
10092544,starpilot,6.09375,-0.16501812636852264
10125312,starpilot,5.6015625,-0.1687151938676834
10158080,starpilot,5.4921875,-0.16203157603740692
10190848,starpilot,5.1796875,-0.16863597929477692
10223616,starpilot,5.359375,-0.1669670045375824
10256384,starpilot,5.65625,-0.16752365231513977
10289152,starpilot,5.4140625,-0.1628602296113968
10321920,starpilot,4.90625,-0.17083901166915894
10354688,starpilot,5.375,-0.1576380729675293
10387456,starpilot,5.1328125,-0.16513420641422272
10420224,starpilot,5.5234375,-0.16666795313358307
10452992,starpilot,5.2109375,-0.16324549913406372
10485760,starpilot,5.4609375,-0.16711299121379852
10518528,starpilot,5.484375,-0.16202504932880402
10551296,starpilot,5.5078125,-0.16901369392871857
10584064,starpilot,5.46875,-0.1699528694152832
10616832,starpilot,5.9921875,-0.17445223033428192
10649600,starpilot,5.84375,-0.16367532312870026
10682368,starpilot,5.859375,-0.17246279120445251
10715136,starpilot,5.7890625,-0.16853190958499908
10747904,starpilot,5.109375,-0.17691877484321594
10780672,starpilot,5.71875,-0.1676505208015442
10813440,starpilot,6.03125,-0.17279301583766937
10846208,starpilot,6.0234375,-0.1657424420118332
10878976,starpilot,5.7421875,-0.16935288906097412
10911744,starpilot,5.015625,-0.17033648490905762
10944512,starpilot,5.4375,-0.16764894127845764
10977280,starpilot,5.78125,-0.1708255261182785
11010048,starpilot,5.9375,-0.16914522647857666
11042816,starpilot,6.15625,-0.168271005153656
11075584,starpilot,6.125,-0.17032474279403687
11108352,starpilot,6.171875,-0.16313102841377258
11141120,starpilot,5.4921875,-0.16942588984966278
11173888,starpilot,5.6328125,-0.15926769375801086
11206656,starpilot,5.359375,-0.17134349048137665
11239424,starpilot,5.1328125,-0.16364030539989471
11272192,starpilot,5.6484375,-0.16165493428707123
11304960,starpilot,5.8359375,-0.16541054844856262
11337728,starpilot,5.625,-0.16426582634449005
11370496,starpilot,5.7890625,-0.160171777009964
11403264,starpilot,5.7734375,-0.1701270490884781
11436032,starpilot,5.8515625,-0.16497108340263367
11468800,starpilot,5.3515625,-0.17320621013641357
11501568,starpilot,5.484375,-0.16599026322364807
11534336,starpilot,5.890625,-0.16656090319156647
11567104,starpilot,5.609375,-0.1628936380147934
11599872,starpilot,5.2890625,-0.16735383868217468
11632640,starpilot,4.96875,-0.16689246892929077
11665408,starpilot,5.0,-0.16427308320999146
11698176,starpilot,5.5703125,-0.16644884645938873
11730944,starpilot,6.0234375,-0.16688953340053558
11763712,starpilot,5.4921875,-0.16386622190475464
11796480,starpilot,5.890625,-0.16410909593105316
11829248,starpilot,6.328125,-0.16442984342575073
11862016,starpilot,5.6015625,-0.1718628853559494
11894784,starpilot,5.7890625,-0.16615810990333557
11927552,starpilot,5.390625,-0.1678381860256195
11960320,starpilot,5.625,-0.1666526049375534
11993088,starpilot,6.1796875,-0.16982513666152954
12025856,starpilot,5.75,-0.1657973676919937
12058624,starpilot,5.5625,-0.16818556189537048
12091392,starpilot,6.2421875,-0.16271893680095673
12124160,starpilot,6.25,-0.17115940153598785
12156928,starpilot,5.90625,-0.1644008457660675
12189696,starpilot,5.390625,-0.17223572731018066
12222464,starpilot,6.046875,-0.160098597407341
12255232,starpilot,6.0078125,-0.16882315278053284
12288000,starpilot,5.9140625,-0.16908173263072968
12320768,starpilot,5.2578125,-0.16192731261253357
12353536,starpilot,4.71875,-0.17052236199378967
12386304,starpilot,5.7734375,-0.16553351283073425
12419072,starpilot,5.375,-0.1623488962650299
12451840,starpilot,5.953125,-0.1726318597793579
12484608,starpilot,5.703125,-0.16343581676483154
12517376,starpilot,5.546875,-0.16315782070159912
12550144,starpilot,6.046875,-0.164697527885437
12582912,starpilot,6.0859375,-0.16927197575569153
12615680,starpilot,5.625,-0.16890616714954376
12648448,starpilot,6.078125,-0.17293758690357208
12681216,starpilot,5.828125,-0.17305253446102142
12713984,starpilot,5.6171875,-0.16289937496185303
12746752,starpilot,5.4140625,-0.17086605727672577
12779520,starpilot,5.5078125,-0.1622793972492218
12812288,starpilot,5.8671875,-0.16959169507026672
12845056,starpilot,6.046875,-0.16348502039909363
12877824,starpilot,5.9765625,-0.16882725059986115
12910592,starpilot,6.0078125,-0.16845010221004486
12943360,starpilot,5.84375,-0.16587576270103455
12976128,starpilot,5.5859375,-0.16973745822906494
13008896,starpilot,5.328125,-0.169375479221344
13041664,starpilot,5.6484375,-0.16812384128570557
13074432,starpilot,5.84375,-0.17052507400512695
13107200,starpilot,6.171875,-0.16392439603805542
13139968,starpilot,5.9609375,-0.16555209457874298
13172736,starpilot,5.6015625,-0.1715191900730133
13205504,starpilot,5.7890625,-0.1606912463903427
13238272,starpilot,5.4765625,-0.1749480962753296
13271040,starpilot,5.5859375,-0.16468358039855957
13303808,starpilot,5.9296875,-0.16929802298545837
13336576,starpilot,5.7421875,-0.16376043856143951
13369344,starpilot,5.90625,-0.1701970398426056
13402112,starpilot,6.1328125,-0.16464141011238098
13434880,starpilot,6.1796875,-0.1661614328622818
13467648,starpilot,6.15625,-0.16195601224899292
13500416,starpilot,5.609375,-0.16423603892326355
13533184,starpilot,6.3984375,-0.16879011690616608
13565952,starpilot,5.9453125,-0.16518346965312958
13598720,starpilot,5.6640625,-0.16275613009929657
13631488,starpilot,5.7578125,-0.16896703839302063
13664256,starpilot,5.578125,-0.17180445790290833
13697024,starpilot,5.71875,-0.16160815954208374
13729792,starpilot,5.234375,-0.17368799448013306
13762560,starpilot,5.203125,-0.16194789111614227
13795328,starpilot,5.9140625,-0.17606370151042938
13828096,starpilot,5.6015625,-0.16147096455097198
13860864,starpilot,5.3515625,-0.17165954411029816
13893632,starpilot,5.09375,-0.1643238216638565
13926400,starpilot,5.515625,-0.17073503136634827
13959168,starpilot,5.578125,-0.17356280982494354
13991936,starpilot,5.171875,-0.16511179506778717
14024704,starpilot,5.140625,-0.1772167980670929
14057472,starpilot,5.4375,-0.1621614694595337
14090240,starpilot,4.8828125,-0.17147740721702576
14123008,starpilot,5.2109375,-0.16631680727005005
14155776,starpilot,6.1015625,-0.1682392656803131
14188544,starpilot,5.8515625,-0.1710592359304428
14221312,starpilot,5.53125,-0.16624414920806885
14254080,starpilot,5.546875,-0.1699153184890747
14286848,starpilot,5.7578125,-0.17111629247665405
14319616,starpilot,5.3203125,-0.16467396914958954
14352384,starpilot,5.625,-0.17388704419136047
14385152,starpilot,5.0859375,-0.15754461288452148
14417920,starpilot,5.640625,-0.17437472939491272
14450688,starpilot,6.015625,-0.16685344278812408
14483456,starpilot,5.4453125,-0.16710318624973297
14516224,starpilot,5.5625,-0.170634925365448
14548992,starpilot,5.625,-0.16619467735290527
14581760,starpilot,4.96875,-0.16473230719566345
14614528,starpilot,5.8125,-0.1689434051513672
14647296,starpilot,5.453125,-0.16067424416542053
14680064,starpilot,5.609375,-0.16883550584316254
14712832,starpilot,5.6875,-0.16949151456356049
14745600,starpilot,5.796875,-0.16838541626930237
14778368,starpilot,6.15625,-0.17719459533691406
14811136,starpilot,5.484375,-0.162843719124794
14843904,starpilot,4.859375,-0.17332836985588074
14876672,starpilot,5.96875,-0.16698738932609558
14909440,starpilot,5.15625,-0.16619230806827545
14942208,starpilot,5.234375,-0.1719874143600464
14974976,starpilot,5.84375,-0.16744941473007202
15007744,starpilot,5.6171875,-0.16565915942192078
15040512,starpilot,4.890625,-0.17317043244838715
15073280,starpilot,5.3125,-0.1648726463317871
15106048,starpilot,5.5,-0.1713290512561798
15138816,starpilot,5.25,-0.170663520693779
15171584,starpilot,5.9453125,-0.16938042640686035
15204352,starpilot,5.1640625,-0.16393238306045532
15237120,starpilot,5.53125,-0.17076104879379272
15269888,starpilot,5.046875,-0.16741631925106049
15302656,starpilot,5.328125,-0.17174354195594788
15335424,starpilot,5.3984375,-0.15974995493888855
15368192,starpilot,5.1875,-0.1679377555847168
15400960,starpilot,5.3828125,-0.17091743648052216
15433728,starpilot,5.03125,-0.16308146715164185
15466496,starpilot,5.1484375,-0.16769863665103912
15499264,starpilot,5.59375,-0.17149417102336884
15532032,starpilot,5.15625,-0.16691578924655914
15564800,starpilot,5.140625,-0.17288018763065338
15597568,starpilot,5.40625,-0.16960109770298004
15630336,starpilot,4.9765625,-0.17351022362709045
15663104,starpilot,5.4765625,-0.17693564295768738
15695872,starpilot,5.8125,-0.17126969993114471
15728640,starpilot,4.703125,-0.1737869381904602
15761408,starpilot,5.1171875,-0.17110665142536163
15794176,starpilot,4.8828125,-0.17129546403884888
15826944,starpilot,5.8203125,-0.16994966566562653
15859712,starpilot,5.40625,-0.16699381172657013
15892480,starpilot,5.3046875,-0.17084474861621857
15925248,starpilot,5.015625,-0.16681340336799622
15958016,starpilot,5.2734375,-0.16702915728092194
15990784,starpilot,4.96875,-0.1730850636959076
16023552,starpilot,4.8515625,-0.16922014951705933
16056320,starpilot,5.3515625,-0.1708194762468338
16089088,starpilot,5.40625,-0.16596733033657074
16121856,starpilot,4.6796875,-0.17670872807502747
16154624,starpilot,4.9609375,-0.16194728016853333
16187392,starpilot,5.4921875,-0.1743035465478897
16220160,starpilot,5.390625,-0.16276520490646362
16252928,starpilot,5.7109375,-0.17551012337207794
16285696,starpilot,5.5078125,-0.16629694402217865
16318464,starpilot,5.3671875,-0.16716143488883972
16351232,starpilot,5.84375,-0.16677170991897583
16384000,starpilot,5.984375,-0.16434839367866516
16416768,starpilot,5.8671875,-0.16548240184783936
16449536,starpilot,5.4140625,-0.1715884804725647
16482304,starpilot,5.7109375,-0.16505493223667145
16515072,starpilot,6.0859375,-0.16830246150493622
16547840,starpilot,6.0546875,-0.17456835508346558
16580608,starpilot,6.1640625,-0.1704733967781067
16613376,starpilot,5.40625,-0.17631909251213074
16646144,starpilot,5.6015625,-0.16228730976581573
16678912,starpilot,5.9453125,-0.18141557276248932
16711680,starpilot,5.296875,-0.1694699227809906
16744448,starpilot,5.203125,-0.17287106812000275
16777216,starpilot,5.2890625,-0.171436607837677
16809984,starpilot,5.984375,-0.17131809890270233
16842752,starpilot,5.5703125,-0.16850826144218445
16875520,starpilot,5.6640625,-0.16966471076011658
16908288,starpilot,5.7265625,-0.17118167877197266
16941056,starpilot,5.5625,-0.16540326178073883
16973824,starpilot,5.9296875,-0.17143811285495758
17006592,starpilot,6.390625,-0.1688789576292038
17039360,starpilot,6.3125,-0.17011895775794983
17072128,starpilot,6.1796875,-0.17588555812835693
17104896,starpilot,5.7734375,-0.1688632369041443
17137664,starpilot,6.5078125,-0.1762898564338684
17170432,starpilot,5.9453125,-0.17179563641548157
17203200,starpilot,5.5546875,-0.17110711336135864
17235968,starpilot,5.296875,-0.1688857078552246
17268736,starpilot,5.3515625,-0.17055144906044006
17301504,starpilot,5.296875,-0.17001333832740784
17334272,starpilot,5.609375,-0.16842415928840637
17367040,starpilot,6.0625,-0.17118123173713684
17399808,starpilot,5.640625,-0.16144469380378723
17432576,starpilot,5.96875,-0.16987796127796173
17465344,starpilot,5.28125,-0.1647239625453949
17498112,starpilot,5.7890625,-0.16806766390800476
17530880,starpilot,5.8515625,-0.17154599726200104
17563648,starpilot,5.9921875,-0.16878437995910645
17596416,starpilot,5.2890625,-0.17159637808799744
17629184,starpilot,5.6171875,-0.1662895530462265
17661952,starpilot,4.90625,-0.17027443647384644
17694720,starpilot,5.6328125,-0.17081117630004883
17727488,starpilot,5.8828125,-0.1665007472038269
17760256,starpilot,6.1875,-0.16615799069404602
17793024,starpilot,5.453125,-0.17045904695987701
17825792,starpilot,5.625,-0.16356375813484192
17858560,starpilot,5.796875,-0.17135292291641235
17891328,starpilot,5.34375,-0.16398894786834717
17924096,starpilot,5.5859375,-0.16902056336402893
17956864,starpilot,5.6953125,-0.1692378968000412
17989632,starpilot,5.9453125,-0.16919547319412231
18022400,starpilot,5.875,-0.1734638214111328
18055168,starpilot,5.3203125,-0.17171184718608856
18087936,starpilot,5.3125,-0.16817905008792877
18120704,starpilot,5.28125,-0.17404864728450775
18153472,starpilot,5.4921875,-0.17377296090126038
18186240,starpilot,5.2734375,-0.17325042188167572
18219008,starpilot,5.4453125,-0.16796530783176422
18251776,starpilot,5.421875,-0.17415381968021393
18284544,starpilot,4.9921875,-0.16639043390750885
18317312,starpilot,5.671875,-0.1704404056072235
18350080,starpilot,5.4453125,-0.16743817925453186
18382848,starpilot,6.1171875,-0.17503245174884796
18415616,starpilot,6.2109375,-0.1715448498725891
18448384,starpilot,6.09375,-0.16571199893951416
18481152,starpilot,5.6640625,-0.1692788004875183
18513920,starpilot,5.8984375,-0.1732214391231537
18546688,starpilot,5.796875,-0.1723068803548813
18579456,starpilot,6.1875,-0.17255795001983643
18612224,starpilot,6.484375,-0.16904813051223755
18644992,starpilot,5.609375,-0.1734752655029297
18677760,starpilot,6.1875,-0.16224031150341034
18710528,starpilot,6.09375,-0.17305487394332886
18743296,starpilot,6.4765625,-0.16479210555553436
18776064,starpilot,6.0234375,-0.17226338386535645
18808832,starpilot,5.6953125,-0.16719210147857666
18841600,starpilot,5.8828125,-0.1752546727657318
18874368,starpilot,5.9765625,-0.17035983502864838
18907136,starpilot,5.7734375,-0.17078182101249695
18939904,starpilot,5.1796875,-0.17140910029411316
18972672,starpilot,5.7265625,-0.1734699159860611
19005440,starpilot,6.0546875,-0.168780118227005
19038208,starpilot,5.8359375,-0.17218151688575745
19070976,starpilot,6.828125,-0.17417508363723755
19103744,starpilot,6.1875,-0.17008543014526367
19136512,starpilot,6.578125,-0.16920235753059387
19169280,starpilot,6.40625,-0.16706886887550354
19202048,starpilot,6.03125,-0.17020566761493683
19234816,starpilot,6.078125,-0.17098399996757507
19267584,starpilot,5.6015625,-0.17082981765270233
19300352,starpilot,5.8125,-0.17088335752487183
19333120,starpilot,5.9453125,-0.17271168529987335
19365888,starpilot,5.96875,-0.16941502690315247
19398656,starpilot,5.7421875,-0.16595831513404846
19431424,starpilot,6.09375,-0.1755170226097107
19464192,starpilot,5.890625,-0.1634986698627472
19496960,starpilot,6.296875,-0.1735374480485916
19529728,starpilot,5.4140625,-0.1643957793712616
19562496,starpilot,5.5390625,-0.17440970242023468
19595264,starpilot,5.5546875,-0.1649613380432129
19628032,starpilot,5.6796875,-0.17314709722995758
19660800,starpilot,5.453125,-0.16036009788513184
19693568,starpilot,5.1796875,-0.17184863984584808
19726336,starpilot,6.046875,-0.1643369346857071
19759104,starpilot,5.578125,-0.17149022221565247
19791872,starpilot,5.7421875,-0.16699407994747162
19824640,starpilot,6.2578125,-0.16995638608932495
19857408,starpilot,6.2421875,-0.1717202216386795
19890176,starpilot,6.078125,-0.1680123656988144
19922944,starpilot,5.4921875,-0.1687493920326233
19955712,starpilot,5.296875,-0.16478314995765686
19988480,starpilot,6.2890625,-0.1717982143163681
20021248,starpilot,6.0390625,-0.16102701425552368
Validation Average return: tensor(6.8075)
