Looking in links: https://download.pytorch.org/whl/cu113/torch_stable.html
Requirement already satisfied: torch==1.10.0+cu113 in /zhome/fa/4/127501/.local/lib/python3.7/site-packages (1.10.0+cu113)
Requirement already satisfied: torchvision==0.11.1+cu113 in /zhome/fa/4/127501/.local/lib/python3.7/site-packages (0.11.1+cu113)
Requirement already satisfied: torchaudio==0.10.0+cu113 in /zhome/fa/4/127501/.local/lib/python3.7/site-packages (0.10.0+cu113)
Requirement already satisfied: typing-extensions in /appl/python/3.7.11/lib/python3.7/site-packages (from torch==1.10.0+cu113) (3.10.0.0)
Requirement already satisfied: numpy in /zhome/fa/4/127501/.local/lib/python3.7/site-packages (from torchvision==0.11.1+cu113) (1.21.4)
Requirement already satisfied: pillow!=8.3.0,>=5.3.0 in /zhome/fa/4/127501/.local/lib/python3.7/site-packages (from torchvision==0.11.1+cu113) (8.4.0)
Requirement already satisfied: procgen in /zhome/fa/4/127501/.local/lib/python3.7/site-packages (0.10.4)
Requirement already satisfied: gym3<1.0.0,>=0.3.3 in /zhome/fa/4/127501/.local/lib/python3.7/site-packages (from procgen) (0.3.3)
Requirement already satisfied: gym<1.0.0,>=0.15.0 in /zhome/fa/4/127501/.local/lib/python3.7/site-packages (from procgen) (0.21.0)
Requirement already satisfied: filelock<4.0.0,>=3.0.0 in /appl/python/3.7.11/lib/python3.7/site-packages (from procgen) (3.0.12)
Requirement already satisfied: numpy<2.0.0,>=1.17.0 in /zhome/fa/4/127501/.local/lib/python3.7/site-packages (from procgen) (1.21.4)
Collecting importlib-metadata>=4.8.1
  Using cached importlib_metadata-4.8.2-py3-none-any.whl (17 kB)
Requirement already satisfied: cloudpickle>=1.2.0 in /zhome/fa/4/127501/.local/lib/python3.7/site-packages (from gym<1.0.0,>=0.15.0->procgen) (2.0.0)
Requirement already satisfied: moderngl<6.0.0,>=5.5.4 in /zhome/fa/4/127501/.local/lib/python3.7/site-packages (from gym3<1.0.0,>=0.3.3->procgen) (5.6.4)
Requirement already satisfied: imageio-ffmpeg<0.4.0,>=0.3.0 in /zhome/fa/4/127501/.local/lib/python3.7/site-packages (from gym3<1.0.0,>=0.3.3->procgen) (0.3.0)
Requirement already satisfied: imageio<3.0.0,>=2.6.0 in /zhome/fa/4/127501/.local/lib/python3.7/site-packages (from gym3<1.0.0,>=0.3.3->procgen) (2.10.3)
Requirement already satisfied: cffi<2.0.0,>=1.13.0 in /zhome/fa/4/127501/.local/lib/python3.7/site-packages (from gym3<1.0.0,>=0.3.3->procgen) (1.15.0)
Requirement already satisfied: glfw<2.0.0,>=1.8.6 in /zhome/fa/4/127501/.local/lib/python3.7/site-packages (from gym3<1.0.0,>=0.3.3->procgen) (1.12.0)
Requirement already satisfied: pycparser in /zhome/fa/4/127501/.local/lib/python3.7/site-packages (from cffi<2.0.0,>=1.13.0->gym3<1.0.0,>=0.3.3->procgen) (2.21)
Requirement already satisfied: pillow>=8.3.2 in /zhome/fa/4/127501/.local/lib/python3.7/site-packages (from imageio<3.0.0,>=2.6.0->gym3<1.0.0,>=0.3.3->procgen) (8.4.0)
Requirement already satisfied: typing-extensions>=3.6.4 in /appl/python/3.7.11/lib/python3.7/site-packages (from importlib-metadata>=4.8.1->gym<1.0.0,>=0.15.0->procgen) (3.10.0.0)
Requirement already satisfied: zipp>=0.5 in /appl/python/3.7.11/lib/python3.7/site-packages (from importlib-metadata>=4.8.1->gym<1.0.0,>=0.15.0->procgen) (3.5.0)
Requirement already satisfied: glcontext<3,>=2 in /zhome/fa/4/127501/.local/lib/python3.7/site-packages (from moderngl<6.0.0,>=5.5.4->gym3<1.0.0,>=0.3.3->procgen) (2.3.4)
Installing collected packages: importlib-metadata
Successfully installed importlib-metadata-4.8.2
Requirement already satisfied: imageio in /zhome/fa/4/127501/.local/lib/python3.7/site-packages (2.10.3)
Requirement already satisfied: numpy in /zhome/fa/4/127501/.local/lib/python3.7/site-packages (from imageio) (1.21.4)
Requirement already satisfied: pillow>=8.3.2 in /zhome/fa/4/127501/.local/lib/python3.7/site-packages (from imageio) (8.4.0)
Looking in links: https://download.pytorch.org/whl/cu113/torch_stable.html
Requirement already satisfied: torch==1.10.0+cu113 in /zhome/fa/4/127501/.local/lib/python3.7/site-packages (1.10.0+cu113)
Requirement already satisfied: torchvision==0.11.1+cu113 in /zhome/fa/4/127501/.local/lib/python3.7/site-packages (0.11.1+cu113)
Requirement already satisfied: torchaudio==0.10.0+cu113 in /zhome/fa/4/127501/.local/lib/python3.7/site-packages (0.10.0+cu113)
Requirement already satisfied: typing-extensions in /appl/python/3.7.11/lib/python3.7/site-packages (from torch==1.10.0+cu113) (3.10.0.0)
Requirement already satisfied: pillow!=8.3.0,>=5.3.0 in /zhome/fa/4/127501/.local/lib/python3.7/site-packages (from torchvision==0.11.1+cu113) (8.4.0)
Requirement already satisfied: numpy in /zhome/fa/4/127501/.local/lib/python3.7/site-packages (from torchvision==0.11.1+cu113) (1.21.4)
Requirement already satisfied: procgen in /zhome/fa/4/127501/.local/lib/python3.7/site-packages (0.10.4)
Requirement already satisfied: gym3<1.0.0,>=0.3.3 in /zhome/fa/4/127501/.local/lib/python3.7/site-packages (from procgen) (0.3.3)
Requirement already satisfied: filelock<4.0.0,>=3.0.0 in /appl/python/3.7.11/lib/python3.7/site-packages (from procgen) (3.0.12)
Requirement already satisfied: numpy<2.0.0,>=1.17.0 in /zhome/fa/4/127501/.local/lib/python3.7/site-packages (from procgen) (1.21.4)
Requirement already satisfied: gym<1.0.0,>=0.15.0 in /zhome/fa/4/127501/.local/lib/python3.7/site-packages (from procgen) (0.21.0)
Collecting importlib-metadata>=4.8.1
  Using cached importlib_metadata-4.8.2-py3-none-any.whl (17 kB)
Requirement already satisfied: cloudpickle>=1.2.0 in /zhome/fa/4/127501/.local/lib/python3.7/site-packages (from gym<1.0.0,>=0.15.0->procgen) (2.0.0)
Requirement already satisfied: moderngl<6.0.0,>=5.5.4 in /zhome/fa/4/127501/.local/lib/python3.7/site-packages (from gym3<1.0.0,>=0.3.3->procgen) (5.6.4)
Requirement already satisfied: cffi<2.0.0,>=1.13.0 in /zhome/fa/4/127501/.local/lib/python3.7/site-packages (from gym3<1.0.0,>=0.3.3->procgen) (1.15.0)
Requirement already satisfied: glfw<2.0.0,>=1.8.6 in /zhome/fa/4/127501/.local/lib/python3.7/site-packages (from gym3<1.0.0,>=0.3.3->procgen) (1.12.0)
Requirement already satisfied: imageio<3.0.0,>=2.6.0 in /zhome/fa/4/127501/.local/lib/python3.7/site-packages (from gym3<1.0.0,>=0.3.3->procgen) (2.10.3)
Requirement already satisfied: imageio-ffmpeg<0.4.0,>=0.3.0 in /zhome/fa/4/127501/.local/lib/python3.7/site-packages (from gym3<1.0.0,>=0.3.3->procgen) (0.3.0)
Requirement already satisfied: pycparser in /zhome/fa/4/127501/.local/lib/python3.7/site-packages (from cffi<2.0.0,>=1.13.0->gym3<1.0.0,>=0.3.3->procgen) (2.21)
Requirement already satisfied: pillow>=8.3.2 in /zhome/fa/4/127501/.local/lib/python3.7/site-packages (from imageio<3.0.0,>=2.6.0->gym3<1.0.0,>=0.3.3->procgen) (8.4.0)
Requirement already satisfied: zipp>=0.5 in /appl/python/3.7.11/lib/python3.7/site-packages (from importlib-metadata>=4.8.1->gym<1.0.0,>=0.15.0->procgen) (3.5.0)
Requirement already satisfied: typing-extensions>=3.6.4 in /appl/python/3.7.11/lib/python3.7/site-packages (from importlib-metadata>=4.8.1->gym<1.0.0,>=0.15.0->procgen) (3.10.0.0)
Requirement already satisfied: glcontext<3,>=2 in /zhome/fa/4/127501/.local/lib/python3.7/site-packages (from moderngl<6.0.0,>=5.5.4->gym3<1.0.0,>=0.3.3->procgen) (2.3.4)
Installing collected packages: importlib-metadata
Successfully installed importlib-metadata-4.8.2
Requirement already satisfied: imageio in /zhome/fa/4/127501/.local/lib/python3.7/site-packages (2.10.3)
Requirement already satisfied: pillow>=8.3.2 in /zhome/fa/4/127501/.local/lib/python3.7/site-packages (from imageio) (8.4.0)
Requirement already satisfied: numpy in /zhome/fa/4/127501/.local/lib/python3.7/site-packages (from imageio) (1.21.4)
Running PPO-maze
8192,maze,3.4375
16384,maze,0.0
24576,maze,16.5625
32768,maze,0.625
40960,maze,0.3125
49152,maze,0.0
57344,maze,0.0
65536,maze,0.0
73728,maze,0.0
81920,maze,0.0
90112,maze,0.0
98304,maze,25.625
106496,maze,0.0
114688,maze,0.3125
122880,maze,15.3125
131072,maze,2.1875
139264,maze,0.9375
147456,maze,69.0625
155648,maze,0.0
163840,maze,0.0
172032,maze,9.0625
180224,maze,6.25
188416,maze,11.5625
196608,maze,2.5
204800,maze,776.5625
212992,maze,27.1875
221184,maze,0.0
229376,maze,0.0
237568,maze,0.0
245760,maze,0.0
253952,maze,23.125
262144,maze,32.1875
270336,maze,3.4375
278528,maze,0.625
286720,maze,0.0
294912,maze,0.625
303104,maze,210.0
311296,maze,0.0
319488,maze,0.0
327680,maze,427.8125
335872,maze,6.25
344064,maze,45.3125
352256,maze,718.125
360448,maze,19.0625
368640,maze,0.0
376832,maze,30.9375
385024,maze,17.5
393216,maze,0.9375
401408,maze,25.625
409600,maze,0.0
417792,maze,0.0
425984,maze,57.5
434176,maze,2.5
442368,maze,7.1875
450560,maze,0.625
458752,maze,0.0
466944,maze,72.5
475136,maze,31.5625
483328,maze,0.0
491520,maze,148.75
499712,maze,6.875
507904,maze,19.0625
516096,maze,0.3125
524288,maze,0.3125
532480,maze,0.0
540672,maze,2.5
548864,maze,0.0
557056,maze,270.625
565248,maze,755.625
573440,maze,0.0
581632,maze,61.875
589824,maze,0.9375
598016,maze,29.6875
606208,maze,0.0
614400,maze,0.0
622592,maze,6.25
630784,maze,0.0
638976,maze,2.5
647168,maze,0.0
655360,maze,0.0
663552,maze,0.9375
671744,maze,0.0
679936,maze,3.125
688128,maze,0.0
696320,maze,32.5
704512,maze,504.375
712704,maze,0.0
720896,maze,1116.25
729088,maze,0.0
737280,maze,21.25
745472,maze,19.0625
753664,maze,0.625
761856,maze,0.0
770048,maze,72.5
778240,maze,0.0
786432,maze,53.125
794624,maze,4.0625
802816,maze,57.1875
811008,maze,0.3125
819200,maze,3.125
827392,maze,2.8125
835584,maze,0.9375
843776,maze,77.5
851968,maze,33.125
860160,maze,358.4375
868352,maze,102.8125
876544,maze,77.5
884736,maze,25.9375
892928,maze,0.0
901120,maze,0.0
909312,maze,3.75
917504,maze,23.75
925696,maze,0.0
933888,maze,35.625
942080,maze,2.8125
950272,maze,10.0
958464,maze,2.5
966656,maze,108.75
974848,maze,0.3125
983040,maze,0.3125
991232,maze,0.3125
999424,maze,0.0
1007616,maze,48.75
1015808,maze,20.9375
1024000,maze,104.6875
1032192,maze,0.625
1040384,maze,44.6875
1048576,maze,17.8125
1056768,maze,0.0
1064960,maze,0.0
1073152,maze,0.0
1081344,maze,0.0
1089536,maze,25.3125
1097728,maze,582.1875
1105920,maze,48.125
1114112,maze,3.125
1122304,maze,0.0
1130496,maze,0.0
1138688,maze,3.4375
1146880,maze,29.375
1155072,maze,0.0
1163264,maze,6.25
1171456,maze,0.0
1179648,maze,0.0
1187840,maze,0.9375
1196032,maze,0.0
1204224,maze,0.625
1212416,maze,1.875
1220608,maze,15.9375
1228800,maze,0.0
1236992,maze,0.0
1245184,maze,4.0625
1253376,maze,1.25
1261568,maze,2.1875
1269760,maze,656.875
1277952,maze,1.5625
1286144,maze,5.3125
1294336,maze,47.5
1302528,maze,1.875
1310720,maze,45.3125
1318912,maze,0.0
1327104,maze,8.125
1335296,maze,83.4375
1343488,maze,0.3125
1351680,maze,9.375
1359872,maze,0.9375
1368064,maze,0.0
1376256,maze,1.25
1384448,maze,18.125
1392640,maze,22.5
1400832,maze,0.0
1409024,maze,25.3125
1417216,maze,4.375
1425408,maze,4.6875
1433600,maze,0.0
1441792,maze,70.3125
1449984,maze,0.0
1458176,maze,2.1875
1466368,maze,32.5
1474560,maze,280.9375
1482752,maze,0.9375
1490944,maze,0.0
1499136,maze,4.375
1507328,maze,93.75
1515520,maze,0.9375
1523712,maze,22.5
1531904,maze,6.5625
1540096,maze,680.0
1548288,maze,3.125
1556480,maze,33.4375
1564672,maze,47.8125
1572864,maze,0.0
1581056,maze,4.6875
1589248,maze,0.0
1597440,maze,140.9375
1605632,maze,1.5625
1613824,maze,55.0
1622016,maze,106.25
1630208,maze,69.0625
1638400,maze,23.4375
1646592,maze,18.75
1654784,maze,0.0
1662976,maze,7.1875
1671168,maze,1.875
1679360,maze,0.0
1687552,maze,0.625
1695744,maze,0.0
1703936,maze,0.0
1712128,maze,0.3125
1720320,maze,0.0
1728512,maze,0.0
1736704,maze,33.4375
1744896,maze,0.3125
1753088,maze,0.3125
1761280,maze,13.125
1769472,maze,2.1875
1777664,maze,0.3125
1785856,maze,101.5625
1794048,maze,0.0
1802240,maze,0.0
1810432,maze,11.5625
1818624,maze,6.875
1826816,maze,13.125
1835008,maze,2.1875
1843200,maze,763.125
1851392,maze,28.4375
1859584,maze,0.3125
1867776,maze,0.0
1875968,maze,0.0
1884160,maze,0.3125
1892352,maze,11.25
1900544,maze,20.625
1908736,maze,5.3125
1916928,maze,10.0
1925120,maze,0.0
1933312,maze,1.25
1941504,maze,135.625
1949696,maze,0.0
1957888,maze,0.3125
1966080,maze,422.1875
1974272,maze,16.25
1982464,maze,44.6875
1990656,maze,828.125
1998848,maze,22.5
2007040,maze,0.9375
2015232,maze,40.3125
2023424,maze,30.625
2031616,maze,0.0
2039808,maze,40.625
2048000,maze,0.0
2056192,maze,0.0
2064384,maze,78.4375
2072576,maze,3.4375
2080768,maze,7.5
2088960,maze,0.3125
2097152,maze,0.0
2105344,maze,37.8125
2113536,maze,12.1875
2121728,maze,0.0
2129920,maze,41.5625
2138112,maze,1.25
2146304,maze,9.0625
2154496,maze,7.8125
2162688,maze,7.5
2170880,maze,0.0
2179072,maze,7.8125
2187264,maze,0.3125
2195456,maze,439.375
2203648,maze,887.1875
2211840,maze,0.0
2220032,maze,76.875
2228224,maze,0.9375
2236416,maze,26.5625
2244608,maze,0.0
2252800,maze,0.0
2260992,maze,1.25
2269184,maze,0.0
2277376,maze,21.5625
2285568,maze,0.0
2293760,maze,0.0
2301952,maze,0.0
2310144,maze,2.1875
2318336,maze,0.3125
2326528,maze,0.0
2334720,maze,17.5
2342912,maze,403.125
2351104,maze,0.0
2359296,maze,1015.0
2367488,maze,0.0
2375680,maze,51.5625
2383872,maze,11.25
2392064,maze,0.3125
2400256,maze,0.0
2408448,maze,19.6875
2416640,maze,1.875
2424832,maze,125.0
2433024,maze,0.0
2441216,maze,129.0625
2449408,maze,2.8125
2457600,maze,5.0
2465792,maze,5.625
2473984,maze,2.8125
2482176,maze,134.0625
2490368,maze,36.25
2498560,maze,456.5625
2506752,maze,42.8125
2514944,maze,22.5
2523136,maze,24.0625
2531328,maze,0.0
2539520,maze,0.0
2547712,maze,3.75
2555904,maze,28.4375
2564096,maze,0.0
2572288,maze,19.375
2580480,maze,0.0
2588672,maze,17.5
2596864,maze,4.6875
2605056,maze,174.0625
2613248,maze,0.0
2621440,maze,0.625
2629632,maze,0.0
2637824,maze,0.0
2646016,maze,147.8125
2654208,maze,31.25
2662400,maze,254.0625
2670592,maze,1.25
2678784,maze,11.5625
2686976,maze,14.6875
2695168,maze,0.625
2703360,maze,0.0
2711552,maze,0.0
2719744,maze,0.0
2727936,maze,20.9375
2736128,maze,1012.1875
2744320,maze,148.125
2752512,maze,5.3125
2760704,maze,0.0
2768896,maze,0.625
2777088,maze,5.3125
2785280,maze,27.5
2793472,maze,0.3125
2801664,maze,18.125
2809856,maze,0.0
2818048,maze,0.0
2826240,maze,1.875
2834432,maze,0.0
2842624,maze,0.0
2850816,maze,0.625
2859008,maze,9.0625
2867200,maze,0.625
2875392,maze,0.0
2883584,maze,2.5
2891776,maze,0.0
2899968,maze,0.625
2908160,maze,1069.6875
2916352,maze,0.9375
2924544,maze,4.6875
2932736,maze,93.125
2940928,maze,6.875
2949120,maze,34.375
2957312,maze,0.0
2965504,maze,6.875
2973696,maze,164.0625
2981888,maze,0.3125
2990080,maze,6.25
2998272,maze,0.0
3006464,maze,0.3125
3014656,maze,0.0
3022848,maze,13.125
3031040,maze,13.125
3039232,maze,0.0
3047424,maze,25.0
3055616,maze,5.0
3063808,maze,7.1875
3072000,maze,0.0
3080192,maze,205.3125
3088384,maze,0.0
3096576,maze,1.5625
3104768,maze,23.125
3112960,maze,602.5
3121152,maze,0.625
3129344,maze,0.0
3137536,maze,6.5625
3145728,maze,233.75
3153920,maze,0.0
3162112,maze,10.0
3170304,maze,1.875
3178496,maze,1041.875
3186688,maze,2.1875
3194880,maze,35.0
3203072,maze,122.5
3211264,maze,0.0
3219456,maze,0.3125
3227648,maze,0.0
3235840,maze,313.4375
3244032,maze,0.625
3252224,maze,108.125
3260416,maze,243.75
3268608,maze,160.0
3276800,maze,11.5625
3284992,maze,12.1875
3293184,maze,0.0
3301376,maze,2.8125
3309568,maze,0.3125
3317760,maze,0.0
3325952,maze,0.0
3334144,maze,0.0
3342336,maze,0.0
3350528,maze,0.0
3358720,maze,0.0
3366912,maze,0.0
3375104,maze,33.4375
3383296,maze,1.5625
3391488,maze,0.0
3399680,maze,12.8125
3407872,maze,1.5625
3416064,maze,0.0
3424256,maze,186.875
3432448,maze,0.0
3440640,maze,0.0
3448832,maze,8.75
3457024,maze,14.375
3465216,maze,12.5
3473408,maze,1.25
3481600,maze,1026.25
3489792,maze,21.875
3497984,maze,0.0
3506176,maze,0.0
3514368,maze,0.0
3522560,maze,0.0
3530752,maze,9.0625
3538944,maze,13.4375
3547136,maze,0.9375
3555328,maze,8.4375
3563520,maze,0.0
3571712,maze,2.1875
3579904,maze,254.0625
3588096,maze,0.0
3596288,maze,1.25
3604480,maze,703.125
3612672,maze,12.1875
3620864,maze,38.125
3629056,maze,1061.875
3637248,maze,10.0
3645440,maze,0.0
3653632,maze,28.75
3661824,maze,14.0625
3670016,maze,0.3125
3678208,maze,36.25
3686400,maze,0.0
3694592,maze,0.0
3702784,maze,107.5
3710976,maze,0.625
3719168,maze,0.625
3727360,maze,0.0
3735552,maze,0.0
3743744,maze,14.0625
3751936,maze,7.1875
3760128,maze,0.0
3768320,maze,14.0625
3776512,maze,0.3125
3784704,maze,3.125
3792896,maze,6.25
3801088,maze,2.8125
3809280,maze,0.0
3817472,maze,4.0625
3825664,maze,0.0
3833856,maze,687.5
3842048,maze,1083.4375
3850240,maze,0.0
3858432,maze,106.5625
3866624,maze,0.625
3874816,maze,10.0
3883008,maze,0.0
3891200,maze,0.0
3899392,maze,0.0
3907584,maze,0.0
3915776,maze,30.0
3923968,maze,0.0
3932160,maze,0.0
3940352,maze,0.3125
3948544,maze,3.125
3956736,maze,0.0
3964928,maze,0.625
3973120,maze,6.25
3981312,maze,507.5
3989504,maze,0.0
3997696,maze,1210.3125
4005888,maze,0.0
4014080,maze,82.5
4022272,maze,5.3125
4030464,maze,0.0
4038656,maze,0.0
4046848,maze,20.3125
4055040,maze,0.625
4063232,maze,188.125
4071424,maze,0.0
4079616,maze,192.1875
4087808,maze,3.4375
4096000,maze,3.125
4104192,maze,5.0
4112384,maze,3.4375
4120576,maze,203.4375
4128768,maze,26.25
4136960,maze,555.625
4145152,maze,27.5
4153344,maze,17.8125
4161536,maze,26.5625
4169728,maze,0.0
4177920,maze,0.0
4186112,maze,2.1875
4194304,maze,21.875
4202496,maze,0.0
4210688,maze,11.875
4218880,maze,0.0
4227072,maze,21.5625
4235264,maze,4.375
4243456,maze,242.8125
4251648,maze,0.0
4259840,maze,0.0
4268032,maze,0.0
4276224,maze,0.0
4284416,maze,210.9375
4292608,maze,30.625
4300800,maze,355.9375
4308992,maze,0.9375
4317184,maze,10.3125
4325376,maze,10.9375
4333568,maze,0.0
4341760,maze,0.0
4349952,maze,0.0
4358144,maze,0.0
4366336,maze,12.5
4374528,maze,1163.4375
4382720,maze,198.75
4390912,maze,3.75
4399104,maze,0.0
4407296,maze,0.0
4415488,maze,2.8125
4423680,maze,16.5625
4431872,maze,0.0
4440064,maze,18.4375
4448256,maze,0.0
4456448,maze,0.0
4464640,maze,0.3125
4472832,maze,0.0
4481024,maze,0.0
4489216,maze,0.0
4497408,maze,7.1875
4505600,maze,0.625
4513792,maze,0.0
4521984,maze,3.125
4530176,maze,0.0
4538368,maze,0.0
4546560,maze,1217.5
4554752,maze,0.9375
4562944,maze,4.375
4571136,maze,102.5
4579328,maze,4.375
4587520,maze,26.875
4595712,maze,0.0
4603904,maze,10.3125
4612096,maze,214.375
4620288,maze,0.0
4628480,maze,3.125
4636672,maze,0.0
4644864,maze,0.0
4653056,maze,0.0
4661248,maze,14.6875
4669440,maze,9.0625
4677632,maze,0.0
4685824,maze,26.5625
4694016,maze,3.75
4702208,maze,9.6875
4710400,maze,0.0
4718592,maze,263.125
4726784,maze,0.0
4734976,maze,1.875
4743168,maze,15.625
4751360,maze,736.5625
4759552,maze,0.625
4767744,maze,0.0
4775936,maze,4.0625
4784128,maze,284.6875
4792320,maze,0.0
4800512,maze,9.375
4808704,maze,0.3125
4816896,maze,1170.625
4825088,maze,1.25
4833280,maze,26.5625
4841472,maze,153.75
4849664,maze,0.0
4857856,maze,0.0
4866048,maze,0.0
4874240,maze,374.6875
4882432,maze,0.3125
4890624,maze,107.1875
4898816,maze,292.8125
4907008,maze,196.5625
4915200,maze,10.625
4923392,maze,8.4375
4931584,maze,0.0
4939776,maze,2.1875
4947968,maze,0.3125
4956160,maze,0.0
4964352,maze,0.0
4972544,maze,0.0
4980736,maze,0.0
4988928,maze,0.0
4997120,maze,0.0
5005312,maze,0.0
5013504,maze,27.5
5021696,maze,0.3125
5029888,maze,0.0
5038080,maze,10.0
5046272,maze,0.9375
5054464,maze,0.0
5062656,maze,221.5625
5070848,maze,0.0
5079040,maze,0.0
5087232,maze,8.125
5095424,maze,6.5625
5103616,maze,11.875
5111808,maze,1.5625
5120000,maze,1154.6875
5128192,maze,16.875
5136384,maze,0.0
5144576,maze,0.0
5152768,maze,0.0
5160960,maze,0.0
5169152,maze,8.75
5177344,maze,9.6875
5185536,maze,0.9375
5193728,maze,8.4375
5201920,maze,0.0
5210112,maze,1.875
5218304,maze,298.4375
5226496,maze,0.0
5234688,maze,0.3125
5242880,maze,794.6875
5251072,maze,10.625
5259264,maze,31.5625
5267456,maze,1178.75
5275648,maze,10.0
5283840,maze,0.0
5292032,maze,25.0
5300224,maze,10.625
5308416,maze,0.0
5316608,maze,29.6875
5324800,maze,0.0
5332992,maze,0.0
5341184,maze,104.375
5349376,maze,0.0
5357568,maze,0.9375
5365760,maze,0.0
5373952,maze,0.0
5382144,maze,12.1875
5390336,maze,8.125
5398528,maze,0.0
5406720,maze,12.1875
5414912,maze,0.3125
5423104,maze,5.0
5431296,maze,4.6875
5439488,maze,2.8125
5447680,maze,0.0
5455872,maze,3.125
5464064,maze,0.0
5472256,maze,795.625
5480448,maze,1175.625
5488640,maze,0.0
5496832,maze,105.625
5505024,maze,0.9375
5513216,maze,10.0
5521408,maze,0.0
5529600,maze,0.0
5537792,maze,0.0
5545984,maze,0.0
5554176,maze,30.9375
5562368,maze,0.0
5570560,maze,0.0
5578752,maze,0.3125
5586944,maze,3.75
5595136,maze,0.0
5603328,maze,0.625
5611520,maze,5.9375
5619712,maze,554.6875
5627904,maze,0.0
5636096,maze,1295.625
5644288,maze,0.0
5652480,maze,94.375
5660672,maze,5.0
5668864,maze,0.0
5677056,maze,0.0
5685248,maze,16.875
5693440,maze,0.9375
5701632,maze,215.625
5709824,maze,0.0
5718016,maze,217.5
5726208,maze,3.125
5734400,maze,5.625
5742592,maze,4.375
5750784,maze,3.4375
5758976,maze,232.5
5767168,maze,24.6875
5775360,maze,599.0625
5783552,maze,16.25
5791744,maze,13.75
5799936,maze,14.375
5808128,maze,0.0
5816320,maze,0.0
5824512,maze,1.875
5832704,maze,25.9375
5840896,maze,0.0
5849088,maze,10.625
5857280,maze,0.3125
5865472,maze,20.9375
5873664,maze,4.375
5881856,maze,276.25
5890048,maze,0.0
5898240,maze,0.0
5906432,maze,0.0
5914624,maze,0.0
5922816,maze,248.75
5931008,maze,28.75
5939200,maze,404.375
5947392,maze,1.875
5955584,maze,9.0625
5963776,maze,12.5
5971968,maze,0.0
5980160,maze,0.0
5988352,maze,0.0
5996544,maze,0.0
6004736,maze,14.6875
6012928,maze,1218.75
6021120,maze,228.125
6029312,maze,2.5
6037504,maze,0.0
6045696,maze,0.0
6053888,maze,2.1875
6062080,maze,9.6875
6070272,maze,0.0
6078464,maze,20.0
6086656,maze,0.0
6094848,maze,0.0
6103040,maze,0.3125
6111232,maze,0.0
6119424,maze,0.0
6127616,maze,0.0
6135808,maze,6.875
6144000,maze,0.0
6152192,maze,0.0
6160384,maze,2.5
6168576,maze,0.0
6176768,maze,0.0
6184960,maze,1270.625
6193152,maze,1.5625
6201344,maze,3.125
6209536,maze,105.0
6217728,maze,2.5
6225920,maze,25.0
6234112,maze,0.0
6242304,maze,6.25
6250496,maze,246.5625
6258688,maze,0.3125
6266880,maze,5.625
6275072,maze,0.0
6283264,maze,0.0
6291456,maze,0.0
6299648,maze,13.4375
6307840,maze,8.4375
6316032,maze,0.0
6324224,maze,17.8125
6332416,maze,4.0625
6340608,maze,6.5625
6348800,maze,0.0
6356992,maze,295.0
6365184,maze,0.0
6373376,maze,1.875
6381568,maze,10.0
6389760,maze,815.9375
6397952,maze,0.0
6406144,maze,0.0
6414336,maze,4.6875
6422528,maze,319.0625
6430720,maze,0.0
6438912,maze,8.75
6447104,maze,0.9375
6455296,maze,1212.1875
6463488,maze,0.9375
6471680,maze,26.25
6479872,maze,171.875
6488064,maze,0.0
6496256,maze,0.0
6504448,maze,0.0
6512640,maze,420.0
6520832,maze,0.625
6529024,maze,107.8125
6537216,maze,316.25
6545408,maze,219.0625
6553600,maze,6.875
6561792,maze,10.3125
6569984,maze,0.0
6578176,maze,3.125
6586368,maze,0.3125
6594560,maze,0.0
6602752,maze,0.0
6610944,maze,0.0
6619136,maze,0.0
6627328,maze,0.0
6635520,maze,0.0
6643712,maze,0.0
6651904,maze,22.8125
6660096,maze,0.3125
6668288,maze,0.0
6676480,maze,12.1875
6684672,maze,0.625
6692864,maze,0.0
6701056,maze,240.9375
6709248,maze,0.0
6717440,maze,0.0
6725632,maze,9.375
6733824,maze,5.9375
6742016,maze,11.875
6750208,maze,2.8125
6758400,maze,1196.5625
6766592,maze,9.6875
6774784,maze,0.0
6782976,maze,0.0
6791168,maze,0.0
6799360,maze,0.0
6807552,maze,8.75
6815744,maze,9.375
6823936,maze,0.3125
6832128,maze,7.5
6840320,maze,0.0
6848512,maze,1.5625
6856704,maze,320.9375
6864896,maze,0.0
6873088,maze,0.3125
6881280,maze,853.4375
6889472,maze,9.0625
6897664,maze,31.5625
6905856,maze,1215.3125
6914048,maze,12.1875
6922240,maze,0.0
6930432,maze,24.6875
6938624,maze,10.0
6946816,maze,0.0
6955008,maze,34.6875
6963200,maze,0.0
6971392,maze,0.0
6979584,maze,105.625
6987776,maze,0.3125
6995968,maze,0.625
7004160,maze,0.0
7012352,maze,0.0
7020544,maze,10.9375
7028736,maze,8.75
7036928,maze,0.0
7045120,maze,10.9375
7053312,maze,0.0
7061504,maze,3.75
7069696,maze,5.3125
7077888,maze,1.5625
7086080,maze,0.0
7094272,maze,5.0
7102464,maze,0.0
7110656,maze,851.25
7118848,maze,1220.625
7127040,maze,0.0
7135232,maze,105.9375
7143424,maze,1.25
7151616,maze,11.25
7159808,maze,0.0
7168000,maze,0.0
7176192,maze,0.0
7184384,maze,0.0
7192576,maze,27.5
7200768,maze,0.0
7208960,maze,0.0
7217152,maze,0.0
7225344,maze,5.0
7233536,maze,0.0
7241728,maze,0.9375
7249920,maze,6.5625
7258112,maze,584.6875
7266304,maze,0.0
7274496,maze,1346.25
7282688,maze,0.0
7290880,maze,101.5625
7299072,maze,3.4375
7307264,maze,0.0
7315456,maze,0.0
7323648,maze,15.9375
7331840,maze,1.25
7340032,maze,230.3125
7348224,maze,0.0
7356416,maze,232.1875
7364608,maze,2.1875
7372800,maze,4.375
7380992,maze,5.3125
7389184,maze,2.5
7397376,maze,250.625
7405568,maze,22.8125
7413760,maze,625.9375
7421952,maze,15.625
7430144,maze,16.25
7438336,maze,15.9375
7446528,maze,0.0
7454720,maze,0.0
7462912,maze,2.1875
7471104,maze,18.75
7479296,maze,0.0
7487488,maze,14.6875
7495680,maze,0.0
7503872,maze,19.375
7512064,maze,2.5
7520256,maze,296.25
7528448,maze,0.0
7536640,maze,0.0
7544832,maze,0.0
7553024,maze,0.0
7561216,maze,261.25
7569408,maze,28.4375
7577600,maze,424.0625
7585792,maze,1.5625
7593984,maze,10.9375
7602176,maze,7.8125
7610368,maze,0.0
7618560,maze,0.0
7626752,maze,0.0
7634944,maze,0.0
7643136,maze,9.6875
7651328,maze,1268.75
7659520,maze,237.5
7667712,maze,3.4375
7675904,maze,0.0
7684096,maze,0.0
7692288,maze,2.1875
7700480,maze,9.375
7708672,maze,0.0
7716864,maze,19.375
7725056,maze,0.0
7733248,maze,0.0
7741440,maze,0.0
7749632,maze,0.0
7757824,maze,0.0
7766016,maze,0.0
7774208,maze,6.875
7782400,maze,0.3125
7790592,maze,0.0
7798784,maze,1.25
7806976,maze,0.0
7815168,maze,0.0
7823360,maze,1334.375
7831552,maze,0.625
7839744,maze,3.75
7847936,maze,105.625
7856128,maze,4.6875
7864320,maze,24.0625
7872512,maze,0.0
7880704,maze,5.3125
7888896,maze,256.875
7897088,maze,0.0
7905280,maze,4.6875
7913472,maze,0.0
7921664,maze,0.0
7929856,maze,0.0
7938048,maze,15.625
7946240,maze,9.6875
7954432,maze,0.0
7962624,maze,15.0
7970816,maze,4.375
7979008,maze,8.125
7987200,maze,0.0
7995392,maze,305.0
8003584,maze,0.0
8011776,maze,0.3125
8019968,maze,11.5625
8028160,maze,850.9375
8036352,maze,0.0
8044544,maze,0.0
8052736,maze,5.0
8060928,maze,334.375
8069120,maze,0.0
8077312,maze,9.6875
8085504,maze,0.0
8093696,maze,1262.1875
8101888,maze,1.25
8110080,maze,24.0625
8118272,maze,179.0625
8126464,maze,0.0
8134656,maze,0.0
8142848,maze,0.0
8151040,maze,437.8125
8159232,maze,0.0
8167424,maze,110.3125
8175616,maze,330.3125
8183808,maze,228.125
8192000,maze,7.5
8200192,maze,10.3125
8208384,maze,0.0
8216576,maze,3.75
8224768,maze,0.0
8232960,maze,0.0
8241152,maze,0.0
8249344,maze,0.0
8257536,maze,0.0
8265728,maze,0.0
8273920,maze,0.0
8282112,maze,0.0
8290304,maze,20.3125
8298496,maze,0.3125
8306688,maze,0.0
8314880,maze,8.125
8323072,maze,1.5625
8331264,maze,0.0
8339456,maze,253.125
8347648,maze,0.0
8355840,maze,0.0
8364032,maze,10.3125
8372224,maze,5.625
8380416,maze,14.0625
8388608,maze,1.5625
8396800,maze,1233.4375
8404992,maze,16.875
8413184,maze,0.0
8421376,maze,0.0
8429568,maze,0.0
8437760,maze,0.0
8445952,maze,11.5625
8454144,maze,10.3125
8462336,maze,0.0
8470528,maze,8.125
8478720,maze,0.0
8486912,maze,1.875
8495104,maze,338.125
8503296,maze,0.0
8511488,maze,0.3125
8519680,maze,898.125
8527872,maze,6.5625
8536064,maze,28.4375
8544256,maze,1251.875
8552448,maze,12.1875
8560640,maze,0.0
8568832,maze,19.0625
8577024,maze,11.5625
8585216,maze,0.0
8593408,maze,26.875
8601600,maze,0.0
8609792,maze,0.0
8617984,maze,107.1875
8626176,maze,0.3125
8634368,maze,0.3125
8642560,maze,0.0
8650752,maze,0.0
8658944,maze,12.1875
8667136,maze,10.9375
8675328,maze,0.0
8683520,maze,11.5625
8691712,maze,0.0
8699904,maze,4.0625
8708096,maze,5.3125
8716288,maze,2.1875
8724480,maze,0.0
8732672,maze,4.375
8740864,maze,0.0
8749056,maze,885.0
8757248,maze,1259.375
8765440,maze,0.0
8773632,maze,107.8125
8781824,maze,1.25
8790016,maze,10.625
8798208,maze,0.0
8806400,maze,0.0
8814592,maze,0.0
8822784,maze,0.0
8830976,maze,29.0625
8839168,maze,0.0
8847360,maze,0.0
8855552,maze,0.0
8863744,maze,3.4375
8871936,maze,0.0
8880128,maze,0.625
8888320,maze,8.125
8896512,maze,606.875
8904704,maze,0.0
8912896,maze,1385.625
8921088,maze,0.0
8929280,maze,105.9375
8937472,maze,3.125
8945664,maze,0.0
8953856,maze,0.0
8962048,maze,17.1875
8970240,maze,1.5625
8978432,maze,239.375
8986624,maze,0.0
8994816,maze,240.9375
9003008,maze,2.8125
9011200,maze,4.375
9019392,maze,3.4375
9027584,maze,3.125
9035776,maze,261.25
9043968,maze,20.0
9052160,maze,644.6875
9060352,maze,15.0
9068544,maze,16.25
9076736,maze,16.875
9084928,maze,0.0
9093120,maze,0.0
9101312,maze,3.125
9109504,maze,19.0625
9117696,maze,0.0
9125888,maze,15.625
9134080,maze,0.0
9142272,maze,17.5
9150464,maze,2.8125
9158656,maze,306.25
9166848,maze,0.0
9175040,maze,0.0
9183232,maze,0.0
9191424,maze,0.0
9199616,maze,271.25
9207808,maze,28.125
9216000,maze,440.625
9224192,maze,1.25
9232384,maze,10.625
9240576,maze,7.8125
9248768,maze,0.0
9256960,maze,0.0
9265152,maze,0.0
9273344,maze,0.0
9281536,maze,11.25
9289728,maze,1295.0
9297920,maze,243.75
9306112,maze,3.75
9314304,maze,0.0
9322496,maze,0.0
9330688,maze,1.875
9338880,maze,9.375
9347072,maze,0.0
9355264,maze,18.4375
9363456,maze,0.0
9371648,maze,0.0
9379840,maze,0.0
9388032,maze,0.0
9396224,maze,0.0
9404416,maze,0.0
9412608,maze,7.8125
9420800,maze,0.3125
9428992,maze,0.0
9437184,maze,0.625
9445376,maze,0.0
9453568,maze,0.0
9461760,maze,1372.8125
9469952,maze,0.625
9478144,maze,3.75
9486336,maze,103.125
9494528,maze,3.75
9502720,maze,21.875
9510912,maze,0.0
9519104,maze,5.3125
9527296,maze,262.8125
9535488,maze,0.0
9543680,maze,5.0
9551872,maze,0.0
9560064,maze,0.0
9568256,maze,0.0
9576448,maze,14.6875
9584640,maze,11.25
9592832,maze,0.0
9601024,maze,16.875
9609216,maze,5.9375
9617408,maze,6.875
9625600,maze,0.0
9633792,maze,316.25
9641984,maze,0.0
9650176,maze,0.625
9658368,maze,10.9375
9666560,maze,865.625
9674752,maze,0.0
9682944,maze,0.0
9691136,maze,5.9375
9699328,maze,342.1875
9707520,maze,0.0
9715712,maze,10.625
9723904,maze,0.0
9732096,maze,1294.0625
9740288,maze,0.9375
9748480,maze,19.6875
9756672,maze,185.0
9764864,maze,0.0
9773056,maze,0.0
9781248,maze,0.0
9789440,maze,448.125
9797632,maze,0.0
9805824,maze,109.0625
9814016,maze,340.9375
9822208,maze,234.375
9830400,maze,7.5
9838592,maze,10.0
9846784,maze,0.0
9854976,maze,4.0625
9863168,maze,0.0
9871360,maze,0.0
9879552,maze,0.0
9887744,maze,0.0
9895936,maze,0.0
9904128,maze,0.0
9912320,maze,0.0
9920512,maze,0.0
9928704,maze,11.5625
9936896,maze,0.0
9945088,maze,0.0
9953280,maze,8.75
9961472,maze,1.5625
9969664,maze,0.0
9977856,maze,260.9375
9986048,maze,0.0
9994240,maze,0.0
10002432,maze,9.0625
10010624,maze,7.8125
10018816,maze,14.375
10027008,maze,1.25
10035200,maze,1255.9375
10043392,maze,12.8125
10051584,maze,0.0
10059776,maze,0.0
10067968,maze,0.0
10076160,maze,0.0
10084352,maze,11.875
10092544,maze,10.3125
10100736,maze,0.0
10108928,maze,8.125
10117120,maze,0.0
10125312,maze,2.1875
10133504,maze,344.375
10141696,maze,0.0
10149888,maze,0.3125
10158080,maze,918.125
10166272,maze,4.6875
10174464,maze,27.5
10182656,maze,1265.9375
10190848,maze,10.9375
10199040,maze,0.0
10207232,maze,18.75
10215424,maze,11.875
10223616,maze,0.0
10231808,maze,25.625
10240000,maze,0.0
10248192,maze,0.0
10256384,maze,108.75
10264576,maze,0.0
10272768,maze,0.0
10280960,maze,0.0
10289152,maze,0.0
10297344,maze,12.1875
10305536,maze,12.1875
10313728,maze,0.0
10321920,maze,12.5
10330112,maze,0.0
10338304,maze,4.0625
10346496,maze,6.875
10354688,maze,1.875
10362880,maze,0.0
10371072,maze,4.375
10379264,maze,0.0
10387456,maze,908.75
10395648,maze,1274.0625
10403840,maze,0.0
10412032,maze,110.3125
10420224,maze,1.25
10428416,maze,11.5625
10436608,maze,0.0
10444800,maze,0.0
10452992,maze,0.0
10461184,maze,0.0
10469376,maze,28.125
10477568,maze,0.0
10485760,maze,0.0
10493952,maze,0.0
10502144,maze,4.0625
10510336,maze,0.0
10518528,maze,0.3125
10526720,maze,7.8125
10534912,maze,610.625
10543104,maze,0.0
10551296,maze,1395.9375
10559488,maze,0.0
10567680,maze,109.6875
10575872,maze,3.4375
10584064,maze,0.0
10592256,maze,0.0
10600448,maze,15.625
10608640,maze,1.25
10616832,maze,244.375
10625024,maze,0.0
10633216,maze,248.125
10641408,maze,2.1875
10649600,maze,5.3125
10657792,maze,2.5
10665984,maze,2.8125
10674176,maze,271.25
10682368,maze,20.0
10690560,maze,650.625
10698752,maze,13.75
10706944,maze,14.375
10715136,maze,15.9375
10723328,maze,0.0
10731520,maze,0.0
10739712,maze,3.125
10747904,maze,20.625
10756096,maze,0.0
10764288,maze,14.6875
10772480,maze,0.0
10780672,maze,19.375
10788864,maze,2.8125
10797056,maze,311.875
10805248,maze,0.0
10813440,maze,0.0
10821632,maze,0.0
10829824,maze,0.0
10838016,maze,280.0
10846208,maze,25.9375
10854400,maze,453.4375
10862592,maze,1.25
10870784,maze,10.3125
10878976,maze,9.0625
10887168,maze,0.0
10895360,maze,0.0
10903552,maze,0.0
10911744,maze,0.0
10919936,maze,11.875
10928128,maze,1305.9375
10936320,maze,249.6875
10944512,maze,3.4375
10952704,maze,0.0
10960896,maze,0.0
10969088,maze,2.8125
10977280,maze,12.1875
10985472,maze,0.0
10993664,maze,20.9375
11001856,maze,0.0
11010048,maze,0.0
11018240,maze,0.0
11026432,maze,0.0
11034624,maze,0.0
11042816,maze,0.0
11051008,maze,8.125
11059200,maze,0.9375
11067392,maze,0.0
11075584,maze,1.25
11083776,maze,0.0
11091968,maze,0.0
11100160,maze,1358.75
11108352,maze,0.9375
11116544,maze,3.125
11124736,maze,106.25
11132928,maze,2.1875
11141120,maze,22.8125
11149312,maze,0.0
11157504,maze,6.25
11165696,maze,275.3125
11173888,maze,0.0
11182080,maze,5.0
11190272,maze,0.0
11198464,maze,0.0
11206656,maze,0.0
11214848,maze,14.0625
11223040,maze,10.9375
11231232,maze,0.0
11239424,maze,14.0625
11247616,maze,4.6875
11255808,maze,6.5625
11264000,maze,0.0
11272192,maze,326.25
11280384,maze,0.0
11288576,maze,0.625
11296768,maze,12.5
11304960,maze,902.8125
11313152,maze,0.0
11321344,maze,0.0
11329536,maze,5.3125
11337728,maze,352.1875
11345920,maze,0.0
11354112,maze,10.625
11362304,maze,0.0
11370496,maze,1283.75
11378688,maze,0.9375
11386880,maze,20.9375
11395072,maze,192.5
11403264,maze,0.0
11411456,maze,0.0
11419648,maze,0.0
11427840,maze,464.6875
11436032,maze,0.0
11444224,maze,110.0
11452416,maze,344.0625
11460608,maze,242.1875
11468800,maze,6.25
11476992,maze,10.3125
11485184,maze,0.0
11493376,maze,3.75
11501568,maze,0.0
11509760,maze,0.0
11517952,maze,0.0
11526144,maze,0.0
11534336,maze,0.0
11542528,maze,0.0
11550720,maze,0.0
11558912,maze,0.0
11567104,maze,9.375
11575296,maze,0.625
11583488,maze,0.0
11591680,maze,10.3125
11599872,maze,1.5625
11608064,maze,0.0
11616256,maze,265.0
11624448,maze,0.0
11632640,maze,0.0
11640832,maze,7.1875
11649024,maze,6.25
11657216,maze,11.875
11665408,maze,0.9375
11673600,maze,1244.0625
11681792,maze,8.125
11689984,maze,0.0
11698176,maze,0.0
11706368,maze,0.0
11714560,maze,0.0
11722752,maze,11.5625
11730944,maze,10.0
11739136,maze,0.0
11747328,maze,8.125
11755520,maze,0.0
11763712,maze,2.8125
11771904,maze,346.5625
11780096,maze,0.0
11788288,maze,0.3125
11796480,maze,941.875
11804672,maze,5.0
11812864,maze,27.8125
11821056,maze,1259.6875
11829248,maze,10.3125
11837440,maze,0.0
11845632,maze,20.3125
11853824,maze,11.5625
11862016,maze,0.0
11870208,maze,27.5
11878400,maze,0.0
11886592,maze,0.0
11894784,maze,110.9375
11902976,maze,0.0
11911168,maze,0.0
11919360,maze,0.0
11927552,maze,0.0
11935744,maze,10.9375
11943936,maze,10.9375
11952128,maze,0.0
11960320,maze,11.5625
11968512,maze,0.0
11976704,maze,3.4375
11984896,maze,4.375
11993088,maze,1.5625
12001280,maze,0.0
12009472,maze,4.375
12017664,maze,0.0
12025856,maze,938.125
12034048,maze,1267.5
12042240,maze,0.0
12050432,maze,111.5625
12058624,maze,1.25
12066816,maze,9.6875
12075008,maze,0.0
12083200,maze,0.0
12091392,maze,0.0
12099584,maze,0.0
12107776,maze,27.5
12115968,maze,0.0
12124160,maze,0.0
12132352,maze,0.0
12140544,maze,5.0
12148736,maze,0.0
12156928,maze,0.625
12165120,maze,7.5
12173312,maze,609.6875
12181504,maze,0.0
12189696,maze,1394.6875
12197888,maze,0.0
12206080,maze,112.5
12214272,maze,4.375
12222464,maze,0.0
12230656,maze,0.0
12238848,maze,14.375
12247040,maze,1.25
12255232,maze,249.375
12263424,maze,0.0
12271616,maze,253.4375
12279808,maze,1.875
12288000,maze,5.625
12296192,maze,3.125
12304384,maze,3.125
12312576,maze,279.375
12320768,maze,20.3125
12328960,maze,647.5
12337152,maze,13.125
12345344,maze,13.75
12353536,maze,17.5
12361728,maze,0.0
12369920,maze,0.0
12378112,maze,2.1875
12386304,maze,17.8125
12394496,maze,0.0
12402688,maze,12.5
12410880,maze,0.0
12419072,maze,20.9375
12427264,maze,3.75
12435456,maze,320.625
12443648,maze,0.0
12451840,maze,0.0
12460032,maze,0.0
12468224,maze,0.0
12476416,maze,284.375
12484608,maze,26.25
12492800,maze,460.3125
12500992,maze,1.25
12509184,maze,10.3125
12517376,maze,8.4375
12525568,maze,0.0
12533760,maze,0.0
12541952,maze,0.0
12550144,maze,0.0
12558336,maze,12.5
12566528,maze,1311.875
12574720,maze,250.9375
12582912,maze,3.75
12591104,maze,0.0
12599296,maze,0.0
12607488,maze,2.8125
12615680,maze,11.5625
12623872,maze,0.0
12632064,maze,18.4375
12640256,maze,0.0
12648448,maze,0.0
12656640,maze,0.0
12664832,maze,0.0
12673024,maze,0.0
12681216,maze,0.0
12689408,maze,8.4375
12697600,maze,0.625
12705792,maze,0.0
12713984,maze,1.5625
12722176,maze,0.0
12730368,maze,0.0
12738560,maze,1385.3125
12746752,maze,0.3125
12754944,maze,4.0625
12763136,maze,105.3125
12771328,maze,3.125
12779520,maze,22.1875
12787712,maze,0.0
12795904,maze,5.3125
12804096,maze,273.75
12812288,maze,0.0
12820480,maze,4.0625
12828672,maze,0.0
12836864,maze,0.0
12845056,maze,0.0
12853248,maze,15.0
12861440,maze,11.25
12869632,maze,0.0
12877824,maze,18.4375
12886016,maze,5.0
12894208,maze,5.9375
12902400,maze,0.0
12910592,maze,325.3125
12918784,maze,0.0
12926976,maze,0.625
12935168,maze,12.5
12943360,maze,894.375
12951552,maze,0.0
12959744,maze,0.0
12967936,maze,5.625
12976128,maze,353.4375
12984320,maze,0.0
12992512,maze,9.375
13000704,maze,0.0
13008896,maze,1310.625
13017088,maze,1.25
13025280,maze,19.0625
13033472,maze,190.9375
13041664,maze,0.0
13049856,maze,0.0
13058048,maze,0.0
13066240,maze,465.3125
13074432,maze,0.0
13082624,maze,109.6875
13090816,maze,347.8125
13099008,maze,243.4375
13107200,maze,6.875
13115392,maze,10.3125
13123584,maze,0.0
13131776,maze,3.75
13139968,maze,0.0
13148160,maze,0.0
13156352,maze,0.0
13164544,maze,0.0
13172736,maze,0.0
13180928,maze,0.0
13189120,maze,0.0
13197312,maze,0.0
13205504,maze,6.5625
13213696,maze,0.625
13221888,maze,0.0
13230080,maze,8.125
13238272,maze,1.875
13246464,maze,0.0
13254656,maze,268.75
13262848,maze,0.0
13271040,maze,0.0
13279232,maze,10.625
13287424,maze,6.25
13295616,maze,14.375
13303808,maze,1.25
13312000,maze,1285.3125
13320192,maze,19.6875
13328384,maze,0.0
13336576,maze,0.0
13344768,maze,0.0
13352960,maze,0.0
13361152,maze,11.875
13369344,maze,11.875
13377536,maze,0.0
13385728,maze,7.5
13393920,maze,0.0
13402112,maze,2.1875
13410304,maze,353.4375
13418496,maze,0.0
13426688,maze,0.3125
13434880,maze,932.1875
13443072,maze,4.6875
13451264,maze,29.0625
13459456,maze,1291.875
13467648,maze,10.0
13475840,maze,0.0
13484032,maze,18.75
13492224,maze,11.875
13500416,maze,0.0
13508608,maze,24.6875
13516800,maze,0.0
13524992,maze,0.0
13533184,maze,108.125
13541376,maze,0.0
13549568,maze,0.0
13557760,maze,0.0
13565952,maze,0.0
13574144,maze,12.1875
13582336,maze,12.1875
13590528,maze,0.0
13598720,maze,12.5
13606912,maze,0.0
13615104,maze,4.0625
13623296,maze,5.0
13631488,maze,1.875
13639680,maze,0.0
13647872,maze,4.0625
13656064,maze,0.0
13664256,maze,927.5
13672448,maze,1290.0
13680640,maze,0.0
13688832,maze,110.0
13697024,maze,1.25
13705216,maze,11.25
13713408,maze,0.0
13721600,maze,0.0
13729792,maze,0.0
13737984,maze,0.0
13746176,maze,26.5625
13754368,maze,0.0
13762560,maze,0.0
13770752,maze,0.0
13778944,maze,4.6875
13787136,maze,0.0
13795328,maze,0.625
13803520,maze,7.8125
13811712,maze,617.5
13819904,maze,0.0
13828096,maze,1407.5
13836288,maze,0.0
13844480,maze,114.375
13852672,maze,2.8125
13860864,maze,0.0
13869056,maze,0.0
13877248,maze,15.0
13885440,maze,1.25
13893632,maze,251.5625
13901824,maze,0.0
13910016,maze,253.75
13918208,maze,2.8125
13926400,maze,5.3125
13934592,maze,2.5
13942784,maze,2.1875
13950976,maze,278.4375
13959168,maze,19.375
13967360,maze,656.875
13975552,maze,13.75
13983744,maze,14.375
13991936,maze,13.75
14000128,maze,0.0
14008320,maze,0.0
14016512,maze,2.8125
14024704,maze,18.4375
14032896,maze,0.0
14041088,maze,14.6875
14049280,maze,0.0
14057472,maze,17.8125
14065664,maze,2.5
14073856,maze,319.0625
14082048,maze,0.0
14090240,maze,0.0
14098432,maze,0.0
14106624,maze,0.0
14114816,maze,287.1875
14123008,maze,25.0
14131200,maze,464.375
14139392,maze,1.5625
14147584,maze,10.3125
14155776,maze,8.4375
14163968,maze,0.0
14172160,maze,0.0
14180352,maze,0.0
14188544,maze,0.0
14196736,maze,12.5
14204928,maze,1315.9375
14213120,maze,253.75
14221312,maze,3.75
14229504,maze,0.0
14237696,maze,0.0
14245888,maze,2.8125
14254080,maze,11.5625
14262272,maze,0.0
14270464,maze,19.6875
14278656,maze,0.0
14286848,maze,0.0
14295040,maze,0.0
14303232,maze,0.0
14311424,maze,0.0
14319616,maze,0.0
14327808,maze,7.8125
14336000,maze,0.9375
14344192,maze,0.0
14352384,maze,0.9375
14360576,maze,0.0
14368768,maze,0.0
14376960,maze,1372.1875
14385152,maze,0.3125
14393344,maze,3.75
14401536,maze,105.625
14409728,maze,2.1875
14417920,maze,22.5
14426112,maze,0.0
14434304,maze,5.9375
14442496,maze,280.625
14450688,maze,0.0
14458880,maze,4.375
14467072,maze,0.0
14475264,maze,0.0
14483456,maze,0.0
14491648,maze,15.0
14499840,maze,10.9375
14508032,maze,0.0
14516224,maze,15.3125
14524416,maze,4.375
14532608,maze,5.9375
14540800,maze,0.0
14548992,maze,330.9375
14557184,maze,0.0
14565376,maze,0.625
14573568,maze,12.5
14581760,maze,915.9375
14589952,maze,0.0
14598144,maze,0.0
14606336,maze,5.3125
14614528,maze,356.875
14622720,maze,0.0
14630912,maze,9.375
14639104,maze,0.0
14647296,maze,1299.0625
14655488,maze,1.25
14663680,maze,19.375
14671872,maze,194.375
14680064,maze,0.0
14688256,maze,0.0
14696448,maze,0.0
14704640,maze,473.4375
14712832,maze,0.0
14721024,maze,109.6875
14729216,maze,350.625
14737408,maze,247.8125
14745600,maze,6.875
14753792,maze,10.3125
14761984,maze,0.0
14770176,maze,3.75
14778368,maze,0.0
14786560,maze,0.0
14794752,maze,0.0
14802944,maze,0.0
14811136,maze,0.0
14819328,maze,0.0
14827520,maze,0.0
14835712,maze,0.0
14843904,maze,6.25
14852096,maze,0.625
14860288,maze,0.0
14868480,maze,8.125
14876672,maze,1.5625
14884864,maze,0.0
14893056,maze,269.6875
14901248,maze,0.0
14909440,maze,0.0
14917632,maze,10.0
14925824,maze,5.3125
14934016,maze,14.6875
14942208,maze,1.25
14950400,maze,1280.3125
14958592,maze,19.6875
14966784,maze,0.0
14974976,maze,0.0
14983168,maze,0.0
14991360,maze,0.0
14999552,maze,11.875
15007744,maze,11.875
15015936,maze,0.0
15024128,maze,7.5
15032320,maze,0.0
15040512,maze,2.1875
15048704,maze,355.3125
15056896,maze,0.0
15065088,maze,0.3125
15073280,maze,940.625
15081472,maze,4.6875
15089664,maze,28.75
15097856,maze,1289.0625
15106048,maze,10.0
15114240,maze,0.0
15122432,maze,18.75
15130624,maze,11.875
15138816,maze,0.0
15147008,maze,25.0
15155200,maze,0.0
15163392,maze,0.0
15171584,maze,108.75
15179776,maze,0.0
15187968,maze,0.0
15196160,maze,0.0
15204352,maze,0.0
15212544,maze,12.1875
15220736,maze,12.1875
15228928,maze,0.0
15237120,maze,12.1875
15245312,maze,0.0
15253504,maze,4.0625
15261696,maze,4.375
15269888,maze,1.5625
15278080,maze,0.0
15286272,maze,4.0625
15294464,maze,0.0
15302656,maze,937.5
15310848,maze,1286.5625
15319040,maze,0.0
15327232,maze,110.0
15335424,maze,1.25
15343616,maze,11.25
15351808,maze,0.0
15360000,maze,0.0
15368192,maze,0.0
15376384,maze,0.0
15384576,maze,26.5625
15392768,maze,0.0
15400960,maze,0.0
15409152,maze,0.0
15417344,maze,4.6875
15425536,maze,0.0
15433728,maze,0.625
