Looking in links: https://download.pytorch.org/whl/cu113/torch_stable.html
Requirement already satisfied: torch==1.10.0+cu113 in /zhome/fa/4/127501/.local/lib/python3.7/site-packages (1.10.0+cu113)
Requirement already satisfied: torchvision==0.11.1+cu113 in /zhome/fa/4/127501/.local/lib/python3.7/site-packages (0.11.1+cu113)
Requirement already satisfied: torchaudio==0.10.0+cu113 in /zhome/fa/4/127501/.local/lib/python3.7/site-packages (0.10.0+cu113)
Requirement already satisfied: typing-extensions in /appl/python/3.7.11/lib/python3.7/site-packages (from torch==1.10.0+cu113) (3.10.0.0)
Requirement already satisfied: pillow!=8.3.0,>=5.3.0 in /zhome/fa/4/127501/.local/lib/python3.7/site-packages (from torchvision==0.11.1+cu113) (8.4.0)
Requirement already satisfied: numpy in /zhome/fa/4/127501/.local/lib/python3.7/site-packages (from torchvision==0.11.1+cu113) (1.21.4)
Requirement already satisfied: procgen in /zhome/fa/4/127501/.local/lib/python3.7/site-packages (0.10.4)
Requirement already satisfied: gym3<1.0.0,>=0.3.3 in /zhome/fa/4/127501/.local/lib/python3.7/site-packages (from procgen) (0.3.3)
Requirement already satisfied: numpy<2.0.0,>=1.17.0 in /zhome/fa/4/127501/.local/lib/python3.7/site-packages (from procgen) (1.21.4)
Requirement already satisfied: gym<1.0.0,>=0.15.0 in /zhome/fa/4/127501/.local/lib/python3.7/site-packages (from procgen) (0.21.0)
Requirement already satisfied: filelock<4.0.0,>=3.0.0 in /appl/python/3.7.11/lib/python3.7/site-packages (from procgen) (3.0.12)
Collecting importlib-metadata>=4.8.1
  Using cached importlib_metadata-4.8.2-py3-none-any.whl (17 kB)
Requirement already satisfied: cloudpickle>=1.2.0 in /zhome/fa/4/127501/.local/lib/python3.7/site-packages (from gym<1.0.0,>=0.15.0->procgen) (2.0.0)
Requirement already satisfied: cffi<2.0.0,>=1.13.0 in /zhome/fa/4/127501/.local/lib/python3.7/site-packages (from gym3<1.0.0,>=0.3.3->procgen) (1.15.0)
Requirement already satisfied: moderngl<6.0.0,>=5.5.4 in /zhome/fa/4/127501/.local/lib/python3.7/site-packages (from gym3<1.0.0,>=0.3.3->procgen) (5.6.4)
Requirement already satisfied: imageio-ffmpeg<0.4.0,>=0.3.0 in /zhome/fa/4/127501/.local/lib/python3.7/site-packages (from gym3<1.0.0,>=0.3.3->procgen) (0.3.0)
Requirement already satisfied: glfw<2.0.0,>=1.8.6 in /zhome/fa/4/127501/.local/lib/python3.7/site-packages (from gym3<1.0.0,>=0.3.3->procgen) (1.12.0)
Requirement already satisfied: imageio<3.0.0,>=2.6.0 in /zhome/fa/4/127501/.local/lib/python3.7/site-packages (from gym3<1.0.0,>=0.3.3->procgen) (2.10.3)
Requirement already satisfied: pycparser in /zhome/fa/4/127501/.local/lib/python3.7/site-packages (from cffi<2.0.0,>=1.13.0->gym3<1.0.0,>=0.3.3->procgen) (2.21)
Requirement already satisfied: pillow>=8.3.2 in /zhome/fa/4/127501/.local/lib/python3.7/site-packages (from imageio<3.0.0,>=2.6.0->gym3<1.0.0,>=0.3.3->procgen) (8.4.0)
Requirement already satisfied: typing-extensions>=3.6.4 in /appl/python/3.7.11/lib/python3.7/site-packages (from importlib-metadata>=4.8.1->gym<1.0.0,>=0.15.0->procgen) (3.10.0.0)
Requirement already satisfied: zipp>=0.5 in /appl/python/3.7.11/lib/python3.7/site-packages (from importlib-metadata>=4.8.1->gym<1.0.0,>=0.15.0->procgen) (3.5.0)
Requirement already satisfied: glcontext<3,>=2 in /zhome/fa/4/127501/.local/lib/python3.7/site-packages (from moderngl<6.0.0,>=5.5.4->gym3<1.0.0,>=0.3.3->procgen) (2.3.4)
Installing collected packages: importlib-metadata
Successfully installed importlib-metadata-4.8.2
Requirement already satisfied: imageio in /zhome/fa/4/127501/.local/lib/python3.7/site-packages (2.10.3)
Requirement already satisfied: pillow>=8.3.2 in /zhome/fa/4/127501/.local/lib/python3.7/site-packages (from imageio) (8.4.0)
Requirement already satisfied: numpy in /zhome/fa/4/127501/.local/lib/python3.7/site-packages (from imageio) (1.21.4)
Looking in links: https://download.pytorch.org/whl/cu113/torch_stable.html
Requirement already satisfied: torch==1.10.0+cu113 in /zhome/fa/4/127501/.local/lib/python3.7/site-packages (1.10.0+cu113)
Requirement already satisfied: torchvision==0.11.1+cu113 in /zhome/fa/4/127501/.local/lib/python3.7/site-packages (0.11.1+cu113)
Requirement already satisfied: torchaudio==0.10.0+cu113 in /zhome/fa/4/127501/.local/lib/python3.7/site-packages (0.10.0+cu113)
Requirement already satisfied: typing-extensions in /appl/python/3.7.11/lib/python3.7/site-packages (from torch==1.10.0+cu113) (3.10.0.0)
Requirement already satisfied: pillow!=8.3.0,>=5.3.0 in /zhome/fa/4/127501/.local/lib/python3.7/site-packages (from torchvision==0.11.1+cu113) (8.4.0)
Requirement already satisfied: numpy in /zhome/fa/4/127501/.local/lib/python3.7/site-packages (from torchvision==0.11.1+cu113) (1.21.4)
Requirement already satisfied: procgen in /zhome/fa/4/127501/.local/lib/python3.7/site-packages (0.10.4)
Requirement already satisfied: filelock<4.0.0,>=3.0.0 in /appl/python/3.7.11/lib/python3.7/site-packages (from procgen) (3.0.12)
Requirement already satisfied: numpy<2.0.0,>=1.17.0 in /zhome/fa/4/127501/.local/lib/python3.7/site-packages (from procgen) (1.21.4)
Requirement already satisfied: gym3<1.0.0,>=0.3.3 in /zhome/fa/4/127501/.local/lib/python3.7/site-packages (from procgen) (0.3.3)
Requirement already satisfied: gym<1.0.0,>=0.15.0 in /zhome/fa/4/127501/.local/lib/python3.7/site-packages (from procgen) (0.21.0)
Collecting importlib-metadata>=4.8.1
  Using cached importlib_metadata-4.8.2-py3-none-any.whl (17 kB)
Requirement already satisfied: cloudpickle>=1.2.0 in /zhome/fa/4/127501/.local/lib/python3.7/site-packages (from gym<1.0.0,>=0.15.0->procgen) (2.0.0)
Requirement already satisfied: glfw<2.0.0,>=1.8.6 in /zhome/fa/4/127501/.local/lib/python3.7/site-packages (from gym3<1.0.0,>=0.3.3->procgen) (1.12.0)
Requirement already satisfied: imageio<3.0.0,>=2.6.0 in /zhome/fa/4/127501/.local/lib/python3.7/site-packages (from gym3<1.0.0,>=0.3.3->procgen) (2.10.3)
Requirement already satisfied: imageio-ffmpeg<0.4.0,>=0.3.0 in /zhome/fa/4/127501/.local/lib/python3.7/site-packages (from gym3<1.0.0,>=0.3.3->procgen) (0.3.0)
Requirement already satisfied: moderngl<6.0.0,>=5.5.4 in /zhome/fa/4/127501/.local/lib/python3.7/site-packages (from gym3<1.0.0,>=0.3.3->procgen) (5.6.4)
Requirement already satisfied: cffi<2.0.0,>=1.13.0 in /zhome/fa/4/127501/.local/lib/python3.7/site-packages (from gym3<1.0.0,>=0.3.3->procgen) (1.15.0)
Requirement already satisfied: pycparser in /zhome/fa/4/127501/.local/lib/python3.7/site-packages (from cffi<2.0.0,>=1.13.0->gym3<1.0.0,>=0.3.3->procgen) (2.21)
Requirement already satisfied: pillow>=8.3.2 in /zhome/fa/4/127501/.local/lib/python3.7/site-packages (from imageio<3.0.0,>=2.6.0->gym3<1.0.0,>=0.3.3->procgen) (8.4.0)
Requirement already satisfied: typing-extensions>=3.6.4 in /appl/python/3.7.11/lib/python3.7/site-packages (from importlib-metadata>=4.8.1->gym<1.0.0,>=0.15.0->procgen) (3.10.0.0)
Requirement already satisfied: zipp>=0.5 in /appl/python/3.7.11/lib/python3.7/site-packages (from importlib-metadata>=4.8.1->gym<1.0.0,>=0.15.0->procgen) (3.5.0)
Requirement already satisfied: glcontext<3,>=2 in /zhome/fa/4/127501/.local/lib/python3.7/site-packages (from moderngl<6.0.0,>=5.5.4->gym3<1.0.0,>=0.3.3->procgen) (2.3.4)
Installing collected packages: importlib-metadata
Successfully installed importlib-metadata-4.8.2
Requirement already satisfied: imageio in /zhome/fa/4/127501/.local/lib/python3.7/site-packages (2.10.3)
Requirement already satisfied: pillow>=8.3.2 in /zhome/fa/4/127501/.local/lib/python3.7/site-packages (from imageio) (8.4.0)
Requirement already satisfied: numpy in /zhome/fa/4/127501/.local/lib/python3.7/site-packages (from imageio) (1.21.4)
Running PPO-maze
8192,maze,3.1655540466308594
16384,maze,0.0
24576,maze,15.559918403625488
32768,maze,0.625
40960,maze,0.3125
49152,maze,0.0
57344,maze,0.0
65536,maze,0.0
73728,maze,0.0
81920,maze,0.0
90112,maze,0.0
98304,maze,25.55265235900879
106496,maze,0.0
114688,maze,0.3125
122880,maze,10.309755325317383
131072,maze,2.1875
139264,maze,0.9375
147456,maze,43.642032623291016
155648,maze,0.0
163840,maze,0.0
172032,maze,9.0625
180224,maze,6.25
188416,maze,11.5625
196608,maze,2.5
204800,maze,169.72857666015625
212992,maze,22.436878204345703
221184,maze,0.0
229376,maze,0.0
237568,maze,0.0
245760,maze,0.0
253952,maze,9.304574012756348
262144,maze,24.854351043701172
270336,maze,3.4375
278528,maze,0.5332483649253845
286720,maze,0.0
294912,maze,0.625
303104,maze,79.5501480102539
311296,maze,0.0
319488,maze,0.0
327680,maze,114.08128356933594
335872,maze,6.25
344064,maze,30.89187240600586
352256,maze,161.2434539794922
360448,maze,4.4538893699646
368640,maze,0.0
376832,maze,28.72552490234375
385024,maze,9.45958423614502
393216,maze,0.9375
401408,maze,23.125171661376953
409600,maze,0.0
417792,maze,0.0
425984,maze,39.70756149291992
434176,maze,2.5
442368,maze,7.1875
450560,maze,0.625
458752,maze,0.0
466944,maze,39.1820068359375
475136,maze,12.801776885986328
483328,maze,0.0
491520,maze,61.213836669921875
499712,maze,6.875
507904,maze,19.0625
516096,maze,0.3125
524288,maze,0.3125
532480,maze,0.0
540672,maze,2.5
548864,maze,0.0
557056,maze,86.01570129394531
565248,maze,166.9374542236328
573440,maze,0.0
581632,maze,42.54081726074219
589824,maze,0.9375
598016,maze,9.22988510131836
606208,maze,0.0
614400,maze,0.0
622592,maze,6.25
630784,maze,0.0
638976,maze,2.5
647168,maze,0.0
655360,maze,0.0
663552,maze,0.9375
671744,maze,0.0
679936,maze,3.125
688128,maze,0.0
696320,maze,21.29123878479004
704512,maze,127.9682846069336
712704,maze,0.0
720896,maze,225.38845825195312
729088,maze,0.0
737280,maze,21.25
745472,maze,19.060453414916992
753664,maze,0.625
761856,maze,0.0
770048,maze,17.70741081237793
778240,maze,0.0
786432,maze,39.390380859375
794624,maze,4.0625
802816,maze,39.95017623901367
811008,maze,0.3125
819200,maze,3.125
827392,maze,2.8125
835584,maze,0.9375
843776,maze,46.361480712890625
851968,maze,30.57577896118164
860160,maze,105.62773895263672
868352,maze,40.71505355834961
876544,maze,22.237945556640625
884736,maze,25.868247985839844
892928,maze,0.0
901120,maze,0.0
909312,maze,3.75
917504,maze,23.652021408081055
925696,maze,0.0
933888,maze,16.058879852294922
942080,maze,2.8125
950272,maze,10.0
958464,maze,2.5
966656,maze,54.71735763549805
974848,maze,0.3125
983040,maze,0.3125
991232,maze,0.3125
999424,maze,0.0
1007616,maze,35.1607666015625
1015808,maze,20.893877029418945
1024000,maze,51.92042922973633
1032192,maze,0.625
1040384,maze,13.975889205932617
1048576,maze,16.749841690063477
1056768,maze,0.0
1064960,maze,0.0
1073152,maze,0.0
1081344,maze,0.0
1089536,maze,23.276954650878906
1097728,maze,140.20086669921875
1105920,maze,34.419677734375
1114112,maze,3.125
1122304,maze,0.0
1130496,maze,0.0
1138688,maze,3.4375
1146880,maze,23.270627975463867
1155072,maze,0.0
1163264,maze,6.25
1171456,maze,0.0
1179648,maze,0.0
1187840,maze,0.9375
1196032,maze,0.0
1204224,maze,0.625
1212416,maze,1.875
1220608,maze,15.69563102722168
1228800,maze,0.0
1236992,maze,0.0
1245184,maze,4.0625
1253376,maze,1.25
1261568,maze,2.1875
1269760,maze,151.64120483398438
1277952,maze,1.5625
1286144,maze,5.3125
1294336,maze,35.48465347290039
1302528,maze,1.875
1310720,maze,37.04216384887695
1318912,maze,0.0
1327104,maze,8.125
1335296,maze,47.78569412231445
1343488,maze,0.3125
1351680,maze,9.375
1359872,maze,0.9375
1368064,maze,0.0
1376256,maze,1.25
1384448,maze,9.524836540222168
1392640,maze,11.376255989074707
1400832,maze,0.0
1409024,maze,17.146516799926758
1417216,maze,4.375
1425408,maze,4.6875
1433600,maze,0.0
1441792,maze,43.33784484863281
1449984,maze,0.0
1458176,maze,2.1875
1466368,maze,21.868114471435547
1474560,maze,88.1866455078125
1482752,maze,0.9375
1490944,maze,0.0
1499136,maze,4.375
1507328,maze,50.001251220703125
1515520,maze,0.9375
1523712,maze,7.028763771057129
1531904,maze,6.5625
1540096,maze,155.03732299804688
1548288,maze,3.125
1556480,maze,30.938568115234375
1564672,maze,35.8349609375
1572864,maze,0.0
1581056,maze,4.6875
1589248,maze,0.0
1597440,maze,61.77349090576172
1605632,maze,1.5625
1613824,maze,38.369503021240234
1622016,maze,53.470829010009766
1630208,maze,43.61904525756836
1638400,maze,22.079944610595703
1646592,maze,10.404937744140625
1654784,maze,0.0
1662976,maze,6.051571846008301
1671168,maze,1.875
1679360,maze,0.0
1687552,maze,0.625
1695744,maze,0.0
1703936,maze,0.0
1712128,maze,0.3125
1720320,maze,0.0
1728512,maze,0.0
1736704,maze,30.937992095947266
1744896,maze,0.3125
1753088,maze,0.3125
1761280,maze,9.566112518310547
1769472,maze,2.1875
1777664,maze,0.3125
1785856,maze,53.2813606262207
1794048,maze,0.0
1802240,maze,0.0
1810432,maze,11.5625
1818624,maze,6.875
1826816,maze,13.125
1835008,maze,2.1875
1843200,maze,167.99961853027344
1851392,maze,22.443187713623047
1859584,maze,0.3125
1867776,maze,0.0
1875968,maze,0.0
1884160,maze,0.3125
1892352,maze,5.208281517028809
1900544,maze,17.881624221801758
1908736,maze,5.3125
1916928,maze,6.610411167144775
1925120,maze,0.0
1933312,maze,1.25
1941504,maze,61.85718536376953
1949696,maze,0.0
1957888,maze,0.3125
1966080,maze,112.60090637207031
1974272,maze,16.25
1982464,maze,29.7872257232666
1990656,maze,178.34315490722656
1998848,maze,9.174012184143066
2007040,maze,0.9375
2015232,maze,34.027503967285156
2023424,maze,21.393695831298828
2031616,maze,0.0
2039808,maze,30.217071533203125
2048000,maze,0.0
2056192,maze,0.0
2064384,maze,47.65922164916992
2072576,maze,3.4375
2080768,maze,7.5
2088960,maze,0.3125
2097152,maze,0.0
2105344,maze,25.441789627075195
2113536,maze,6.620162010192871
2121728,maze,0.0
2129920,maze,26.52424430847168
2138112,maze,1.25
2146304,maze,9.0625
2154496,maze,7.8125
2162688,maze,7.5
2170880,maze,0.0
2179072,maze,7.8125
2187264,maze,0.3125
2195456,maze,114.91390991210938
2203648,maze,187.7138671875
2211840,maze,0.0
2220032,maze,46.49445343017578
2228224,maze,0.9375
2236416,maze,11.587686538696289
2244608,maze,0.0
2252800,maze,0.0
2260992,maze,1.25
2269184,maze,0.0
2277376,maze,21.54367446899414
2285568,maze,0.0
2293760,maze,0.0
2301952,maze,0.0
2310144,maze,2.1875
2318336,maze,0.3125
2326528,maze,0.0
2334720,maze,10.25890064239502
2342912,maze,112.80003356933594
2351104,maze,0.0
2359296,maze,208.2433624267578
2367488,maze,0.0
2375680,maze,39.05777359008789
2383872,maze,10.348608016967773
2392064,maze,0.3125
2400256,maze,0.0
2408448,maze,4.76189661026001
2416640,maze,1.875
2424832,maze,58.2896842956543
2433024,maze,0.0
2441216,maze,59.37679672241211
2449408,maze,2.8125
2457600,maze,5.0
2465792,maze,5.625
2473984,maze,2.8125
2482176,maze,61.639163970947266
2490368,maze,31.35723876953125
2498560,maze,121.35880279541016
2506752,maze,22.454837799072266
2514944,maze,7.689462184906006
2523136,maze,22.363590240478516
2531328,maze,0.0
2539520,maze,0.0
2547712,maze,3.75
2555904,maze,24.521554946899414
2564096,maze,0.0
2572288,maze,8.191615104675293
2580480,maze,0.0
2588672,maze,17.024139404296875
2596864,maze,4.6875
2605056,maze,69.63589477539062
2613248,maze,0.0
2621440,maze,0.625
2629632,maze,0.0
2637824,maze,0.0
2646016,maze,64.56813049316406
2654208,maze,24.73362159729004
2662400,maze,85.32917785644531
2670592,maze,1.25
2678784,maze,2.8250882625579834
2686976,maze,7.736462593078613
2695168,maze,0.625
2703360,maze,0.0
2711552,maze,0.0
2719744,maze,0.0
2727936,maze,15.925657272338867
2736128,maze,207.73487854003906
2744320,maze,65.7027816772461
2752512,maze,5.287168979644775
2760704,maze,0.0
2768896,maze,0.625
2777088,maze,5.3125
2785280,maze,20.31659698486328
2793472,maze,0.3125
2801664,maze,18.125
2809856,maze,0.0
2818048,maze,0.0
2826240,maze,1.875
2834432,maze,0.0
2842624,maze,0.0
2850816,maze,0.625
2859008,maze,7.899056434631348
2867200,maze,0.625
2875392,maze,0.0
2883584,maze,2.5
2891776,maze,0.0
2899968,maze,0.625
2908160,maze,217.2523193359375
2916352,maze,0.9375
2924544,maze,4.6875
2932736,maze,51.03794860839844
2940928,maze,6.875
2949120,maze,30.71646499633789
2957312,maze,0.0
2965504,maze,4.800708770751953
2973696,maze,68.68333435058594
2981888,maze,0.3125
2990080,maze,6.25
2998272,maze,0.0
3006464,maze,0.3125
3014656,maze,0.0
3022848,maze,7.252659797668457
3031040,maze,6.023012638092041
3039232,maze,0.0
3047424,maze,13.940507888793945
3055616,maze,5.0
3063808,maze,7.165806293487549
3072000,maze,0.0
3080192,maze,76.24034881591797
3088384,maze,0.0
3096576,maze,1.5625
3104768,maze,15.607755661010742
3112960,maze,140.97654724121094
3121152,maze,0.625
3129344,maze,0.0
3137536,maze,6.5625
3145728,maze,81.51790618896484
3153920,maze,0.0
3162112,maze,2.453552484512329
3170304,maze,1.875
3178496,maze,212.57630920410156
3186688,maze,2.1875
3194880,maze,30.527936935424805
3203072,maze,59.02775955200195
3211264,maze,0.0
3219456,maze,0.3125
3227648,maze,0.0
3235840,maze,96.0732650756836
3244032,maze,0.625
3252224,maze,55.30075454711914
3260416,maze,84.77556610107422
3268608,maze,67.92984008789062
3276800,maze,10.290115356445312
3284992,maze,2.8487329483032227
3293184,maze,0.0
3301376,maze,1.9434142112731934
3309568,maze,0.3125
3317760,maze,0.0
3325952,maze,0.0
3334144,maze,0.0
3342336,maze,0.0
3350528,maze,0.0
3358720,maze,0.0
3366912,maze,0.0
3375104,maze,31.682836532592773
3383296,maze,1.5625
3391488,maze,0.0
3399680,maze,4.981497764587402
3407872,maze,1.5625
3416064,maze,0.0
3424256,maze,73.7241439819336
3432448,maze,0.0
3440640,maze,0.0
3448832,maze,8.701356887817383
3457024,maze,14.375
3465216,maze,10.72322940826416
3473408,maze,1.25
3481600,maze,209.77174377441406
3489792,maze,14.80577564239502
3497984,maze,0.0
3506176,maze,0.0
3514368,maze,0.0
3522560,maze,0.0
3530752,maze,3.3910419940948486
3538944,maze,9.393613815307617
3547136,maze,0.9375
3555328,maze,3.480909824371338
3563520,maze,0.0
3571712,maze,2.1875
3579904,maze,86.12744140625
3588096,maze,0.0
3596288,maze,1.25
3604480,maze,156.4926300048828
3612672,maze,10.729588508605957
3620864,maze,24.81745147705078
3629056,maze,215.8372039794922
3637248,maze,2.442878007888794
3645440,maze,0.0
3653632,maze,27.703983306884766
3661824,maze,8.737894058227539
3670016,maze,0.3125
3678208,maze,24.799297332763672
3686400,maze,0.0
3694592,maze,0.0
3702784,maze,55.49375534057617
3710976,maze,0.625
3719168,maze,0.625
3727360,maze,0.0
3735552,maze,0.0
3743744,maze,9.454262733459473
3751936,maze,2.894188642501831
3760128,maze,0.0
3768320,maze,9.454262733459473
3776512,maze,0.3125
3784704,maze,3.125
3792896,maze,6.25
3801088,maze,2.8125
3809280,maze,0.0
3817472,maze,4.0625
3825664,maze,0.0
3833856,maze,153.81597900390625
3842048,maze,219.6641845703125
3850240,maze,0.0
3858432,maze,55.02638626098633
3866624,maze,0.625
3874816,maze,2.442878007888794
3883008,maze,0.0
3891200,maze,0.0
3899392,maze,0.0
3907584,maze,0.0
3915776,maze,25.574251174926758
3923968,maze,0.0
3932160,maze,0.0
3940352,maze,0.3125
3948544,maze,3.125
3956736,maze,0.0
3964928,maze,0.625
3973120,maze,3.699385643005371
3981312,maze,128.72515869140625
3989504,maze,0.0
3997696,maze,242.6351318359375
4005888,maze,0.0
4014080,maze,49.37739562988281
4022272,maze,5.215743541717529
4030464,maze,0.0
4038656,maze,0.0
4046848,maze,4.826845169067383
4055040,maze,0.625
4063232,maze,73.3502426147461
4071424,maze,0.0
4079616,maze,74.29769134521484
4087808,maze,3.4375
4096000,maze,3.1146011352539062
4104192,maze,5.0
4112384,maze,3.4375
4120576,maze,76.82659912109375
4128768,maze,26.017881393432617
4136960,maze,135.9138641357422
4145152,maze,12.176736831665039
4153344,maze,4.373751640319824
4161536,maze,22.446460723876953
4169728,maze,0.0
4177920,maze,0.0
4186112,maze,2.1875
4194304,maze,18.14751434326172
4202496,maze,0.0
4210688,maze,3.9597623348236084
4218880,maze,0.0
4227072,maze,18.97628402709961
4235264,maze,4.375
4243456,maze,83.55152893066406
4251648,maze,0.0
4259840,maze,0.0
4268032,maze,0.0
4276224,maze,0.0
4284416,maze,78.43934631347656
4292608,maze,22.50174903869629
4300800,maze,103.34186553955078
4308992,maze,0.9375
4317184,maze,2.49749755859375
4325376,maze,4.265891075134277
4333568,maze,0.0
4341760,maze,0.0
4349952,maze,0.0
4358144,maze,0.0
4366336,maze,9.249903678894043
4374528,maze,233.80426025390625
4382720,maze,75.38126373291016
4390912,maze,3.5889689922332764
4399104,maze,0.0
4407296,maze,0.0
4415488,maze,2.8125
4423680,maze,10.028900146484375
4431872,maze,0.0
4440064,maze,18.173114776611328
4448256,maze,0.0
4456448,maze,0.0
4464640,maze,0.3125
4472832,maze,0.0
4481024,maze,0.0
4489216,maze,0.0
4497408,maze,5.180606842041016
4505600,maze,0.625
4513792,maze,0.0
4521984,maze,3.125
4530176,maze,0.0
4538368,maze,0.0
4546560,maze,243.8564910888672
4554752,maze,0.9375
4562944,maze,4.375
4571136,maze,54.253055572509766
4579328,maze,4.375
4587520,maze,26.509702682495117
4595712,maze,0.0
4603904,maze,6.90922212600708
4612096,maze,79.0563735961914
4620288,maze,0.0
4628480,maze,2.8950321674346924
4636672,maze,0.0
4644864,maze,0.0
4653056,maze,0.0
4661248,maze,7.4429473876953125
4669440,maze,3.135077476501465
4677632,maze,0.0
4685824,maze,12.443967819213867
4694016,maze,3.75
4702208,maze,8.797310829162598
4710400,maze,0.0
4718592,maze,87.28495788574219
4726784,maze,0.0
4734976,maze,1.875
4743168,maze,9.824524879455566
4751360,maze,162.10348510742188
4759552,maze,0.625
4767744,maze,0.0
4775936,maze,4.0625
4784128,maze,91.36894226074219
4792320,maze,0.0
4800512,maze,2.121397018432617
4808704,maze,0.3125
4816896,maze,235.15875244140625
4825088,maze,1.25
4833280,maze,26.382553100585938
4841472,maze,66.58538818359375
4849664,maze,0.0
4857856,maze,0.0
4866048,maze,0.0
4874240,maze,106.71114349365234
4882432,maze,0.3125
4890624,maze,55.55632019042969
4898816,maze,93.29500579833984
4907008,maze,76.23575592041016
4915200,maze,8.49228286743164
4923392,maze,1.7556394338607788
4931584,maze,0.0
4939776,maze,1.4201711416244507
4947968,maze,0.3125
4956160,maze,0.0
4964352,maze,0.0
4972544,maze,0.0
4980736,maze,0.0
4988928,maze,0.0
4997120,maze,0.0
5005312,maze,0.0
5013504,maze,26.960702896118164
5021696,maze,0.3125
5029888,maze,0.0
5038080,maze,3.7988791465759277
5046272,maze,0.9375
5054464,maze,0.0
5062656,maze,80.5694351196289
5070848,maze,0.0
5079040,maze,0.0
5087232,maze,7.869672775268555
5095424,maze,6.5625
5103616,maze,9.580766677856445
5111808,maze,1.5625
5120000,maze,232.17242431640625
5128192,maze,11.347198486328125
5136384,maze,0.0
5144576,maze,0.0
5152768,maze,0.0
5160960,maze,0.0
5169152,maze,3.0272440910339355
5177344,maze,6.781757831573486
5185536,maze,0.9375
5193728,maze,3.6200270652770996
5201920,maze,0.0
5210112,maze,1.875
5218304,maze,93.86003112792969
5226496,maze,0.0
5234688,maze,0.3125
5242880,maze,171.20086669921875
5251072,maze,10.141895294189453
5259264,maze,22.153797149658203
5267456,maze,236.56936645507812
5275648,maze,2.2387731075286865
5283840,maze,0.0
5292032,maze,24.865745544433594
5300224,maze,4.907183647155762
5308416,maze,0.0
5316608,maze,21.920249938964844
5324800,maze,0.0
5332992,maze,0.0
5341184,maze,54.42631912231445
5349376,maze,0.0
5357568,maze,0.9375
5365760,maze,0.0
5373952,maze,0.0
5382144,maze,6.883260726928711
5390336,maze,2.9742274284362793
5398528,maze,0.0
5406720,maze,6.883260726928711
5414912,maze,0.3125
5423104,maze,4.984968662261963
5431296,maze,4.6875
5439488,maze,2.8125
5447680,maze,0.0
5455872,maze,3.125
5464064,maze,0.0
5472256,maze,171.0790252685547
5480448,maze,236.04617309570312
5488640,maze,0.0
5496832,maze,54.933189392089844
5505024,maze,0.9375
5513216,maze,2.218397378921509
5521408,maze,0.0
5529600,maze,0.0
5537792,maze,0.0
5545984,maze,0.0
5554176,maze,25.071043014526367
5562368,maze,0.0
5570560,maze,0.0
5578752,maze,0.3125
5586944,maze,3.75
5595136,maze,0.0
5603328,maze,0.625
5611520,maze,3.1076009273529053
5619712,maze,135.6632537841797
5627904,maze,0.0
5636096,maze,259.1739501953125
5644288,maze,0.0
5652480,maze,53.03013610839844
5660672,maze,4.94956111907959
5668864,maze,0.0
5677056,maze,0.0
5685248,maze,3.5428764820098877
5693440,maze,0.9375
5701632,maze,79.15921783447266
5709824,maze,0.0
5718016,maze,79.47383880615234
5726208,maze,3.125
5734400,maze,5.192610740661621
5742592,maze,4.375
5750784,maze,3.4375
5758976,maze,82.79589080810547
5767168,maze,24.6820011138916
5775360,maze,142.73814392089844
5783552,maze,5.189378261566162
5791744,maze,2.8264036178588867
5799936,maze,12.409211158752441
5808128,maze,0.0
5816320,maze,0.0
5824512,maze,1.875
5832704,maze,19.155479431152344
5840896,maze,0.0
5849088,maze,3.030540704727173
5857280,maze,0.3125
5865472,maze,17.43520164489746
5873664,maze,4.375
5881856,maze,90.27082824707031
5890048,maze,0.0
5898240,maze,0.0
5906432,maze,0.0
5914624,maze,0.0
5922816,maze,86.01383209228516
5931008,maze,21.82471466064453
5939200,maze,111.4784927368164
5947392,maze,1.875
5955584,maze,1.992700457572937
5963776,maze,4.848003387451172
5971968,maze,0.0
5980160,maze,0.0
5988352,maze,0.0
5996544,maze,0.0
6004736,maze,10.893424987792969
6012928,maze,244.10853576660156
6021120,maze,81.73236846923828
6029312,maze,2.356577157974243
6037504,maze,0.0
6045696,maze,0.0
6053888,maze,2.1875
6062080,maze,5.372107028961182
6070272,maze,0.0
6078464,maze,18.580615997314453
6086656,maze,0.0
6094848,maze,0.0
6103040,maze,0.3125
6111232,maze,0.0
6119424,maze,0.0
6127616,maze,0.0
6135808,maze,4.919261455535889
6144000,maze,0.0
6152192,maze,0.0
6160384,maze,2.5
6168576,maze,0.0
6176768,maze,0.0
6184960,maze,254.18887329101562
6193152,maze,1.5625
6201344,maze,3.125
6209536,maze,55.04242706298828
6217728,maze,2.5
6225920,maze,24.997230529785156
6234112,maze,0.0
6242304,maze,3.756544351577759
6250496,maze,85.37866973876953
6258688,maze,0.3125
6266880,maze,5.126192092895508
6275072,maze,0.0
6283264,maze,0.0
6291456,maze,0.0
6299648,maze,5.984644889831543
6307840,maze,2.6626505851745605
6316032,maze,0.0
6324224,maze,8.507402420043945
6332416,maze,4.0625
6340608,maze,6.110470771789551
6348800,maze,0.0
6356992,maze,93.60723114013672
6365184,maze,0.0
6373376,maze,1.875
6381568,maze,4.530861854553223
6389760,maze,174.60684204101562
6397952,maze,0.0
6406144,maze,0.0
6414336,maze,4.6875
6422528,maze,98.02853393554688
6430720,maze,0.0
6438912,maze,1.9151129722595215
6447104,maze,0.9375
6455296,maze,242.8450164794922
6463488,maze,0.9375
6471680,maze,25.96799659729004
6479872,maze,71.08226776123047
6488064,maze,0.0
6496256,maze,0.0
6504448,maze,0.0
6512640,maze,114.49950408935547
6520832,maze,0.625
6529024,maze,55.31007385253906
6537216,maze,96.96351623535156
6545408,maze,80.83920288085938
6553600,maze,4.510726451873779
6561792,maze,2.2434449195861816
6569984,maze,0.0
6578176,maze,1.9890971183776855
6586368,maze,0.3125
6594560,maze,0.0
6602752,maze,0.0
6610944,maze,0.0
6619136,maze,0.0
6627328,maze,0.0
6635520,maze,0.0
6643712,maze,0.0
6651904,maze,22.8125
6660096,maze,0.3125
6668288,maze,0.0
6676480,maze,4.593524932861328
6684672,maze,0.625
6692864,maze,0.0
6701056,maze,85.03267669677734
6709248,maze,0.0
6717440,maze,0.0
6725632,maze,9.119046211242676
6733824,maze,5.9375
6742016,maze,9.842534065246582
6750208,maze,2.8125
6758400,maze,239.9140625
6766592,maze,6.691714763641357
6774784,maze,0.0
6782976,maze,0.0
6791168,maze,0.0
6799360,maze,0.0
6807552,maze,2.785360813140869
6815744,maze,6.326770305633545
6823936,maze,0.3125
6832128,maze,2.9466514587402344
6840320,maze,0.0
6848512,maze,1.5625
6856704,maze,97.85340118408203
6864896,maze,0.0
6873088,maze,0.3125
6881280,maze,180.3905792236328
6889472,maze,8.165200233459473
6897664,maze,20.765525817871094
6905856,maze,243.44964599609375
6914048,maze,2.6838064193725586
6922240,maze,0.0
6930432,maze,24.67620086669922
6938624,maze,3.5537705421447754
6946816,maze,0.0
6955008,maze,23.921714782714844
6963200,maze,0.0
6971392,maze,0.0
6979584,maze,55.27511215209961
6987776,maze,0.3125
6995968,maze,0.625
7004160,maze,0.0
7012352,maze,0.0
7020544,maze,4.909242630004883
7028736,maze,2.721742868423462
7036928,maze,0.0
7045120,maze,4.909242630004883
7053312,maze,0.0
7061504,maze,3.567981004714966
7069696,maze,5.3125
7077888,maze,1.5625
7086080,maze,0.0
7094272,maze,5.0
7102464,maze,0.0
7110656,maze,180.4362030029297
7118848,maze,244.45314025878906
7127040,maze,0.0
7135232,maze,55.33955764770508
7143424,maze,1.25
7151616,maze,2.4038236141204834
7159808,maze,0.0
7168000,maze,0.0
7176192,maze,0.0
7184384,maze,0.0
7192576,maze,23.720062255859375
7200768,maze,0.0
7208960,maze,0.0
7217152,maze,0.0
7225344,maze,5.0
7233536,maze,0.0
7241728,maze,0.9375
7249920,maze,3.0617270469665527
7258112,maze,140.0021209716797
7266304,maze,0.0
7274496,maze,269.565185546875
7282688,maze,0.0
7290880,maze,55.20042037963867
7299072,maze,3.365670919418335
7307264,maze,0.0
7315456,maze,0.0
7323648,maze,3.3142573833465576
7331840,maze,1.25
7340032,maze,81.75178527832031
7348224,maze,0.0
7356416,maze,82.43079376220703
7364608,maze,2.1875
7372800,maze,3.5589888095855713
7380992,maze,5.3125
7389184,maze,2.5
7397376,maze,86.18991088867188
7405568,maze,22.8125
7413760,maze,146.87139892578125
7421952,maze,3.484830379486084
7430144,maze,3.3951244354248047
7438336,maze,11.8684720993042
7446528,maze,0.0
7454720,maze,0.0
7462912,maze,2.1875
7471104,maze,14.227431297302246
7479296,maze,0.0
7487488,maze,4.34593391418457
7495680,maze,0.0
7503872,maze,16.601360321044922
7512064,maze,2.5
7520256,maze,93.90525817871094
7528448,maze,0.0
7536640,maze,0.0
7544832,maze,0.0
7553024,maze,0.0
7561216,maze,88.07512664794922
7569408,maze,19.885093688964844
7577600,maze,114.70684051513672
7585792,maze,1.5625
7593984,maze,2.4332544803619385
7602176,maze,2.6563823223114014
7610368,maze,0.0
7618560,maze,0.0
7626752,maze,0.0
7634944,maze,0.0
7643136,maze,7.221989154815674
7651328,maze,253.78475952148438
7659520,maze,83.50364685058594
7667712,maze,2.9511687755584717
7675904,maze,0.0
7684096,maze,0.0
7692288,maze,2.1875
7700480,maze,4.354578018188477
7708672,maze,0.0
7716864,maze,18.039615631103516
7725056,maze,0.0
7733248,maze,0.0
7741440,maze,0.0
7749632,maze,0.0
7757824,maze,0.0
7766016,maze,0.0
7774208,maze,4.711698532104492
7782400,maze,0.3125
7790592,maze,0.0
7798784,maze,1.25
7806976,maze,0.0
7815168,maze,0.0
7823360,maze,267.08966064453125
7831552,maze,0.625
7839744,maze,3.75
7847936,maze,54.846534729003906
7856128,maze,4.6875
7864320,maze,24.0625
7872512,maze,0.0
7880704,maze,3.227783679962158
7888896,maze,87.53614044189453
7897088,maze,0.0
7905280,maze,3.858970880508423
7913472,maze,0.0
7921664,maze,0.0
7929856,maze,0.0
7938048,maze,6.472419738769531
7946240,maze,2.8398685455322266
7954432,maze,0.0
7962624,maze,6.810013771057129
7970816,maze,4.324782371520996
7979008,maze,6.978626251220703
7987200,maze,0.0
7995392,maze,95.34591674804688
8003584,maze,0.0
8011776,maze,0.3125
8019968,maze,4.1872639656066895
8028160,maze,180.0783233642578
8036352,maze,0.0
8044544,maze,0.0
8052736,maze,5.0
8060928,maze,101.08203125
8069120,maze,0.0
8077312,maze,2.070101022720337
8085504,maze,0.0
8093696,maze,252.47999572753906
8101888,maze,1.25
8110080,maze,24.061349868774414
8118272,maze,72.50203704833984
8126464,maze,0.0
8134656,maze,0.0
8142848,maze,0.0
8151040,maze,117.35214233398438
8159232,maze,0.0
8167424,maze,56.757484436035156
8175616,maze,99.69820404052734
8183808,maze,82.66163635253906
8192000,maze,4.566132545471191
8200192,maze,2.2434449195861816
8208384,maze,0.0
8216576,maze,1.9551401138305664
8224768,maze,0.0
8232960,maze,0.0
8241152,maze,0.0
8249344,maze,0.0
8257536,maze,0.0
8265728,maze,0.0
8273920,maze,0.0
8282112,maze,0.0
8290304,maze,20.31148910522461
8298496,maze,0.3125
8306688,maze,0.0
8314880,maze,2.7116613388061523
8323072,maze,1.5625
8331264,maze,0.0
8339456,maze,87.54936218261719
8347648,maze,0.0
8355840,maze,0.0
8364032,maze,9.883366584777832
8372224,maze,5.625
8380416,maze,11.055184364318848
8388608,maze,1.5625
8396800,maze,246.89862060546875
8404992,maze,10.565205574035645
8413184,maze,0.0
8421376,maze,0.0
8429568,maze,0.0
8437760,maze,0.0
8445952,maze,3.742112874984741
8454144,maze,6.810272693634033
8462336,maze,0.0
8470528,maze,3.010477066040039
8478720,maze,0.0
8486912,maze,1.875
8495104,maze,101.0093994140625
8503296,maze,0.0
8511488,maze,0.3125
8519680,maze,187.75033569335938
8527872,maze,6.2032623291015625
8536064,maze,18.228065490722656
8544256,maze,250.4671630859375
8552448,maze,2.667057514190674
8560640,maze,0.0
8568832,maze,19.0625
8577024,maze,3.742112874984741
8585216,maze,0.0
8593408,maze,19.347043991088867
8601600,maze,0.0
8609792,maze,0.0
8617984,maze,55.57313537597656
8626176,maze,0.3125
8634368,maze,0.3125
8642560,maze,0.0
8650752,maze,0.0
8658944,maze,4.36711311340332
8667136,maze,3.5622639656066895
8675328,maze,0.0
8683520,maze,4.1872639656066895
8691712,maze,0.0
8699904,maze,3.607764959335327
8708096,maze,5.3125
8716288,maze,2.1875
8724480,maze,0.0
8732672,maze,4.375
8740864,maze,0.0
8749056,maze,185.732421875
8757248,maze,251.94105529785156
8765440,maze,0.0
8773632,maze,55.936744689941406
8781824,maze,1.25
8790016,maze,2.2520346641540527
8798208,maze,0.0
8806400,maze,0.0
8814592,maze,0.0
8822784,maze,0.0
8830976,maze,23.742136001586914
8839168,maze,0.0
8847360,maze,0.0
8855552,maze,0.0
8863744,maze,3.4375
8871936,maze,0.0
8880128,maze,0.625
8888320,maze,3.7215616703033447
8896512,maze,143.35025024414062
8904704,maze,0.0
8912896,maze,277.9793701171875
8921088,maze,0.0
8929280,maze,56.61717224121094
8937472,maze,3.07238507270813
8945664,maze,0.0
8953856,maze,0.0
8962048,maze,3.644599437713623
8970240,maze,1.5625
8978432,maze,83.91929626464844
8986624,maze,0.0
8994816,maze,84.53457641601562
9003008,maze,2.8125
9011200,maze,3.5589888095855713
9019392,maze,3.4375
9027584,maze,3.125
9035776,maze,88.06082153320312
9043968,maze,20.0
9052160,maze,149.6610870361328
9060352,maze,3.224045753479004
9068544,maze,3.4732120037078857
9076736,maze,11.667197227478027
9084928,maze,0.0
9093120,maze,0.0
9101312,maze,3.125
9109504,maze,14.156944274902344
9117696,maze,0.0
9125888,maze,4.630316257476807
9134080,maze,0.0
9142272,maze,14.896608352661133
9150464,maze,2.8125
9158656,maze,95.43933868408203
9166848,maze,0.0
9175040,maze,0.0
9183232,maze,0.0
9191424,maze,0.0
9199616,maze,89.77088928222656
9207808,maze,20.135990142822266
9216000,maze,117.51353454589844
9224192,maze,1.25
9232384,maze,2.375699996948242
9240576,maze,2.617960214614868
9248768,maze,0.0
9256960,maze,0.0
9265152,maze,0.0
9273344,maze,0.0
9281536,maze,7.890440464019775
9289728,maze,259.03375244140625
9297920,maze,85.00230407714844
9306112,maze,3.2189345359802246
9314304,maze,0.0
9322496,maze,0.0
9330688,maze,1.875
9338880,maze,4.354578018188477
9347072,maze,0.0
9355264,maze,16.825023651123047
9363456,maze,0.0
9371648,maze,0.0
9379840,maze,0.0
9388032,maze,0.0
9396224,maze,0.0
9404416,maze,0.0
9412608,maze,5.052273273468018
9420800,maze,0.3125
9428992,maze,0.0
9437184,maze,0.625
9445376,maze,0.0
9453568,maze,0.0
9461760,maze,275.20819091796875
9469952,maze,0.625
9478144,maze,3.75
9486336,maze,54.520912170410156
9494528,maze,3.75
9502720,maze,21.875
9510912,maze,0.0
9519104,maze,3.148294687271118
9527296,maze,88.28093719482422
9535488,maze,0.0
9543680,maze,3.9671244621276855
9551872,maze,0.0
9560064,maze,0.0
9568256,maze,0.0
9576448,maze,5.886044979095459
9584640,maze,3.386777877807617
9592832,maze,0.0
9601024,maze,8.24613094329834
9609216,maze,5.48233699798584
9617408,maze,5.896359443664551
9625600,maze,0.0
9633792,maze,97.21997833251953
9641984,maze,0.0
9650176,maze,0.625
9658368,maze,3.3574934005737305
9666560,maze,182.5097198486328
9674752,maze,0.0
9682944,maze,0.0
9691136,maze,5.9375
9699328,maze,101.98404693603516
9707520,maze,0.0
9715712,maze,2.375699996948242
9723904,maze,0.0
9732096,maze,258.8426513671875
9740288,maze,0.9375
9748480,maze,19.6875
9756672,maze,73.72071838378906
9764864,maze,0.0
9773056,maze,0.0
9781248,maze,0.0
9789440,maze,118.73905944824219
9797632,maze,0.0
9805824,maze,56.11125183105469
9814016,maze,101.84500122070312
9822208,maze,83.72203826904297
9830400,maze,4.566132545471191
9838592,maze,2.12424373626709
9846784,maze,0.0
9854976,maze,2.0127060413360596
9863168,maze,0.0
9871360,maze,0.0
9879552,maze,0.0
9887744,maze,0.0
9895936,maze,0.0
9904128,maze,0.0
9912320,maze,0.0
9920512,maze,0.0
9928704,maze,11.5625
9936896,maze,0.0
9945088,maze,0.0
9953280,maze,3.00752592086792
9961472,maze,1.5625
9969664,maze,0.0
9977856,maze,88.98880004882812
9986048,maze,0.0
9994240,maze,0.0
10002432,maze,8.495484352111816
10010624,maze,7.8125
10018816,maze,11.157896041870117
10027008,maze,1.25
10035200,maze,251.29656982421875
10043392,maze,8.301124572753906
10051584,maze,0.0
10059776,maze,0.0
10067968,maze,0.0
10076160,maze,0.0
10084352,maze,3.8947291374206543
10092544,maze,7.07334041595459
10100736,maze,0.0
10108928,maze,2.973006248474121
10117120,maze,0.0
10125312,maze,2.1875
10133504,maze,102.15933990478516
10141696,maze,0.0
10149888,maze,0.3125
10158080,maze,191.0789337158203
10166272,maze,4.480170726776123
10174464,maze,18.359487533569336
10182656,maze,253.23866271972656
10190848,maze,2.4262523651123047
10199040,maze,0.0
10207232,maze,18.75
10215424,maze,3.8947291374206543
10223616,maze,0.0
10231808,maze,18.423952102661133
10240000,maze,0.0
10248192,maze,0.0
10256384,maze,55.972442626953125
10264576,maze,0.0
10272768,maze,0.0
10280960,maze,0.0
10289152,maze,0.0
10297344,maze,4.048348903656006
10305536,maze,4.033836364746094
10313728,maze,0.0
10321920,maze,4.065494537353516
10330112,maze,0.0
10338304,maze,3.474064350128174
10346496,maze,6.875
10354688,maze,1.875
10362880,maze,0.0
10371072,maze,4.375
10379264,maze,0.0
10387456,maze,189.6990966796875
10395648,maze,254.84725952148438
10403840,maze,0.0
10412032,maze,56.547332763671875
10420224,maze,1.25
10428416,maze,2.5378549098968506
10436608,maze,0.0
10444800,maze,0.0
10452992,maze,0.0
10461184,maze,0.0
10469376,maze,22.31827163696289
10477568,maze,0.0
10485760,maze,0.0
10493952,maze,0.0
10502144,maze,4.0625
10510336,maze,0.0
10518528,maze,0.3125
10526720,maze,3.6373348236083984
10534912,maze,144.21084594726562
10543104,maze,0.0
10551296,maze,280.13641357421875
10559488,maze,0.0
10567680,maze,58.02738952636719
10575872,maze,3.38199782371521
10584064,maze,0.0
10592256,maze,0.0
10600448,maze,3.2891037464141846
10608640,maze,1.25
10616832,maze,85.09058380126953
10625024,maze,0.0
10633216,maze,85.8404541015625
10641408,maze,2.1875
10649600,maze,4.108716011047363
10657792,maze,2.5
10665984,maze,2.8125
10674176,maze,89.79415893554688
10682368,maze,20.0
10690560,maze,150.78720092773438
10698752,maze,2.9079079627990723
10706944,maze,3.0207788944244385
10715136,maze,11.387475967407227
10723328,maze,0.0
10731520,maze,0.0
10739712,maze,3.125
10747904,maze,14.953944206237793
10756096,maze,0.0
10764288,maze,4.4709954261779785
10772480,maze,0.0
10780672,maze,16.39799690246582
10788864,maze,2.8125
10797056,maze,96.25143432617188
10805248,maze,0.0
10813440,maze,0.0
10821632,maze,0.0
10829824,maze,0.0
10838016,maze,91.00604248046875
10846208,maze,19.035381317138672
10854400,maze,119.65545654296875
10862592,maze,1.25
10870784,maze,2.320145845413208
10878976,maze,3.1216444969177246
10887168,maze,0.0
10895360,maze,0.0
10903552,maze,0.0
10911744,maze,0.0
10919936,maze,8.054791450500488
10928128,maze,261.24658203125
10936320,maze,86.35555267333984
10944512,maze,3.0753602981567383
10952704,maze,0.0
10960896,maze,0.0
10969088,maze,2.8125
10977280,maze,6.437559604644775
10985472,maze,0.0
10993664,maze,19.386566162109375
11001856,maze,0.0
11010048,maze,0.0
11018240,maze,0.0
11026432,maze,0.0
11034624,maze,0.0
11042816,maze,0.0
11051008,maze,5.196786880493164
11059200,maze,0.9375
11067392,maze,0.0
11075584,maze,1.25
11083776,maze,0.0
11091968,maze,0.0
11100160,maze,272.1991882324219
11108352,maze,0.9375
11116544,maze,3.125
11124736,maze,54.74427795410156
11132928,maze,2.1875
11141120,maze,22.8125
11149312,maze,0.0
11157504,maze,3.4736974239349365
11165696,maze,90.4388427734375
11173888,maze,0.0
11182080,maze,3.960186719894409
11190272,maze,0.0
11198464,maze,0.0
11206656,maze,0.0
11214848,maze,5.693564414978027
11223040,maze,3.3574934005737305
11231232,maze,0.0
11239424,maze,6.08726692199707
11247616,maze,4.440451145172119
11255808,maze,5.775338649749756
11264000,maze,0.0
11272192,maze,98.94683074951172
11280384,maze,0.0
11288576,maze,0.625
11296768,maze,4.065494537353516
11304960,maze,188.56887817382812
11313152,maze,0.0
11321344,maze,0.0
11329536,maze,5.3125
11337728,maze,103.60464477539062
11345920,maze,0.0
11354112,maze,2.375699996948242
11362304,maze,0.0
11370496,maze,256.7772521972656
11378688,maze,0.9375
11386880,maze,20.9375
11395072,maze,75.64501953125
11403264,maze,0.0
11411456,maze,0.0
11419648,maze,0.0
11427840,maze,121.33868408203125
11436032,maze,0.0
11444224,maze,56.52705383300781
11452416,maze,102.30965423583984
11460608,maze,84.9262466430664
11468800,maze,3.9558985233306885
11476992,maze,2.2398781776428223
11485184,maze,0.0
11493376,maze,1.9551401138305664
11501568,maze,0.0
11509760,maze,0.0
11517952,maze,0.0
11526144,maze,0.0
11534336,maze,0.0
11542528,maze,0.0
11550720,maze,0.0
11558912,maze,0.0
11567104,maze,9.375
11575296,maze,0.625
11583488,maze,0.0
11591680,maze,3.868846893310547
11599872,maze,1.5625
11608064,maze,0.0
11616256,maze,89.99120330810547
11624448,maze,0.0
11632640,maze,0.0
11640832,maze,6.937533378601074
11649024,maze,6.25
11657216,maze,8.802698135375977
11665408,maze,0.9375
11673600,maze,249.00350952148438
11681792,maze,5.545400619506836
11689984,maze,0.0
11698176,maze,0.0
11706368,maze,0.0
11714560,maze,0.0
11722752,maze,3.8763599395751953
11730944,maze,6.816672325134277
11739136,maze,0.0
11747328,maze,2.951802968978882
11755520,maze,0.0
11763712,maze,2.8125
11771904,maze,102.62091827392578
11780096,maze,0.0
11788288,maze,0.3125
11796480,maze,195.18153381347656
11804672,maze,4.837939262390137
11812864,maze,18.346511840820312
11821056,maze,252.01962280273438
11829248,maze,2.320145845413208
11837440,maze,0.0
11845632,maze,20.3125
11853824,maze,3.8763599395751953
11862016,maze,0.0
11870208,maze,19.64171028137207
11878400,maze,0.0
11886592,maze,0.0
11894784,maze,56.86468505859375
11902976,maze,0.0
11911168,maze,0.0
11919360,maze,0.0
11927552,maze,0.0
11935744,maze,3.777515411376953
11943936,maze,3.777515411376953
11952128,maze,0.0
11960320,maze,3.8763599395751953
11968512,maze,0.0
11976704,maze,3.1608948707580566
11984896,maze,4.375
11993088,maze,1.5625
12001280,maze,0.0
12009472,maze,4.375
12017664,maze,0.0
12025856,maze,194.41387939453125
12034048,maze,253.561279296875
12042240,maze,0.0
12050432,maze,57.0771369934082
12058624,maze,1.25
12066816,maze,2.070101022720337
12075008,maze,0.0
12083200,maze,0.0
12091392,maze,0.0
12099584,maze,0.0
12107776,maze,22.28581428527832
12115968,maze,0.0
12124160,maze,0.0
12132352,maze,0.0
12140544,maze,5.0
12148736,maze,0.0
12156928,maze,0.625
12165120,maze,3.5599846839904785
12173312,maze,144.32833862304688
12181504,maze,0.0
12189696,maze,279.855224609375
12197888,maze,0.0
12206080,maze,58.481693267822266
12214272,maze,4.024539470672607
12222464,maze,0.0
12230656,maze,0.0
12238848,maze,3.0207788944244385
12247040,maze,1.25
12255232,maze,85.94071197509766
12263424,maze,0.0
12271616,maze,86.71843719482422
12279808,maze,1.875
12288000,maze,4.222513198852539
12296192,maze,3.125
12304384,maze,3.125
12312576,maze,91.16402435302734
12320768,maze,20.3125
12328960,maze,150.27723693847656
12337152,maze,2.804140329360962
12345344,maze,2.9079079627990723
12353536,maze,11.791522026062012
12361728,maze,0.0
12369920,maze,0.0
12378112,maze,2.1875
12386304,maze,12.915026664733887
12394496,maze,0.0
12402688,maze,3.6415212154388428
12410880,maze,0.0
12419072,maze,18.173168182373047
12427264,maze,3.75
12435456,maze,97.7825927734375
12443648,maze,0.0
12451840,maze,0.0
12460032,maze,0.0
12468224,maze,0.0
12476416,maze,91.85614013671875
12484608,maze,19.076047897338867
12492800,maze,120.78591918945312
12500992,maze,1.25
12509184,maze,2.320145845413208
12517376,maze,2.7808523178100586
12525568,maze,0.0
12533760,maze,0.0
12541952,maze,0.0
12550144,maze,0.0
12558336,maze,8.116183280944824
12566528,maze,262.45556640625
12574720,maze,86.21373748779297
12582912,maze,3.3084323406219482
12591104,maze,0.0
12599296,maze,0.0
12607488,maze,2.8125
12615680,maze,5.652767181396484
12623872,maze,0.0
12632064,maze,17.596567153930664
12640256,maze,0.0
12648448,maze,0.0
12656640,maze,0.0
12664832,maze,0.0
12673024,maze,0.0
12681216,maze,0.0
12689408,maze,5.500167369842529
12697600,maze,0.625
12705792,maze,0.0
12713984,maze,1.5625
12722176,maze,0.0
12730368,maze,0.0
12738560,maze,277.8314514160156
12746752,maze,0.3125
12754944,maze,4.0625
12763136,maze,54.42354202270508
12771328,maze,3.125
12779520,maze,22.1875
12787712,maze,0.0
12795904,maze,3.148294687271118
12804096,maze,90.24655151367188
12812288,maze,0.0
12820480,maze,3.1877028942108154
12828672,maze,0.0
12836864,maze,0.0
12845056,maze,0.0
12853248,maze,5.961618423461914
12861440,maze,3.3931219577789307
12869632,maze,0.0
12877824,maze,8.31401252746582
12886016,maze,4.8257737159729
12894208,maze,5.150909423828125
12902400,maze,0.0
12910592,maze,98.70063781738281
12918784,maze,0.0
12926976,maze,0.625
12935168,maze,4.065494537353516
12943360,maze,187.05902099609375
12951552,maze,0.0
12959744,maze,0.0
12967936,maze,5.625
12976128,maze,103.9384765625
12984320,maze,0.0
12992512,maze,2.007936954498291
13000704,maze,0.0
13008896,maze,262.19439697265625
13017088,maze,1.25
13025280,maze,19.0625
13033472,maze,75.03820037841797
13041664,maze,0.0
13049856,maze,0.0
13058048,maze,0.0
13066240,maze,121.58930206298828
13074432,maze,0.0
13082624,maze,56.276885986328125
13090816,maze,102.83052825927734
13099008,maze,85.28640747070312
13107200,maze,4.368369102478027
13115392,maze,2.2398781776428223
13123584,maze,0.0
13131776,maze,1.9997317790985107
13139968,maze,0.0
13148160,maze,0.0
13156352,maze,0.0
13164544,maze,0.0
13172736,maze,0.0
13180928,maze,0.0
13189120,maze,0.0
13197312,maze,0.0
13205504,maze,6.5625
13213696,maze,0.625
13221888,maze,0.0
13230080,maze,2.6530022621154785
13238272,maze,1.875
13246464,maze,0.0
13254656,maze,90.31147003173828
13262848,maze,0.0
13271040,maze,0.0
13279232,maze,9.93218994140625
13287424,maze,6.25
13295616,maze,11.190773010253906
13303808,maze,1.25
13312000,maze,257.09759521484375
13320192,maze,11.025954246520996
13328384,maze,0.0
13336576,maze,0.0
13344768,maze,0.0
13352960,maze,0.0
13361152,maze,3.8947291374206543
13369344,maze,7.5739216804504395
13377536,maze,0.0
13385728,maze,2.6317567825317383
13393920,maze,0.0
13402112,maze,2.1875
13410304,maze,104.021240234375
13418496,maze,0.0
13426688,maze,0.3125
13434880,maze,193.3614959716797
13443072,maze,4.473759174346924
13451264,maze,19.724395751953125
13459456,maze,258.40167236328125
13467648,maze,2.1223018169403076
13475840,maze,0.0
13484032,maze,18.75
13492224,maze,3.8947291374206543
13500416,maze,0.0
13508608,maze,17.92886734008789
13516800,maze,0.0
13524992,maze,0.0
13533184,maze,55.76515197753906
13541376,maze,0.0
13549568,maze,0.0
13557760,maze,0.0
13565952,maze,0.0
13574144,maze,4.048348903656006
13582336,maze,4.033836364746094
13590528,maze,0.0
13598720,maze,4.065494537353516
13606912,maze,0.0
13615104,maze,3.474064350128174
13623296,maze,5.0
13631488,maze,1.875
13639680,maze,0.0
13647872,maze,4.0625
13656064,maze,0.0
13664256,maze,192.82424926757812
13672448,maze,258.025634765625
13680640,maze,0.0
13688832,maze,56.4515380859375
13697024,maze,1.25
13705216,maze,2.481065273284912
13713408,maze,0.0
13721600,maze,0.0
13729792,maze,0.0
13737984,maze,0.0
13746176,maze,22.00825309753418
13754368,maze,0.0
13762560,maze,0.0
13770752,maze,0.0
13778944,maze,4.6875
13787136,maze,0.0
13795328,maze,0.625
13803520,maze,3.6373348236083984
13811712,maze,145.6629180908203
13819904,maze,0.0
13828096,maze,282.6796875
13836288,maze,0.0
13844480,maze,59.35768127441406
13852672,maze,2.789336681365967
13860864,maze,0.0
13869056,maze,0.0
13877248,maze,3.167694330215454
13885440,maze,1.25
13893632,maze,86.57168579101562
13901824,maze,0.0
13910016,maze,86.84378814697266
13918208,maze,2.8125
13926400,maze,4.118027687072754
13934592,maze,2.5
13942784,maze,2.1875
13950976,maze,91.09414672851562
13959168,maze,19.375
13967360,maze,151.7560272216797
13975552,maze,2.9079079627990723
13983744,maze,3.0207788944244385
13991936,maze,9.659374237060547
14000128,maze,0.0
14008320,maze,0.0
14016512,maze,2.8125
14024704,maze,13.224061965942383
14032896,maze,0.0
14041088,maze,4.4709954261779785
14049280,maze,0.0
14057472,maze,15.437568664550781
14065664,maze,2.5
14073856,maze,97.65875244140625
14082048,maze,0.0
14090240,maze,0.0
14098432,maze,0.0
14106624,maze,0.0
14114816,maze,92.36178588867188
14123008,maze,17.9982967376709
14131200,maze,121.52555847167969
14139392,maze,1.5625
14147584,maze,2.320145845413208
14155776,maze,2.7808523178100586
14163968,maze,0.0
14172160,maze,0.0
14180352,maze,0.0
14188544,maze,0.0
14196736,maze,8.053211212158203
14204928,maze,263.27978515625
14213120,maze,86.8687973022461
14221312,maze,3.3084323406219482
14229504,maze,0.0
14237696,maze,0.0
14245888,maze,2.8125
14254080,maze,5.652767181396484
14262272,maze,0.0
14270464,maze,18.846567153930664
14278656,maze,0.0
14286848,maze,0.0
14295040,maze,0.0
14303232,maze,0.0
14311424,maze,0.0
14319616,maze,0.0
14327808,maze,5.2240142822265625
14336000,maze,0.9375
14344192,maze,0.0
14352384,maze,0.9375
14360576,maze,0.0
14368768,maze,0.0
14376960,maze,275.06414794921875
14385152,maze,0.3125
14393344,maze,3.75
14401536,maze,54.5153923034668
14409728,maze,2.1875
14417920,maze,22.5
14426112,maze,0.0
14434304,maze,3.393097162246704
14442496,maze,91.30122375488281
14450688,maze,0.0
14458880,maze,3.374302625656128
14467072,maze,0.0
14475264,maze,0.0
14483456,maze,0.0
14491648,maze,6.0969743728637695
14499840,maze,3.3574934005737305
14508032,maze,0.0
14516224,maze,6.324300765991211
14524416,maze,4.299764633178711
14532608,maze,5.150909423828125
14540800,maze,0.0
14548992,maze,99.50778198242188
14557184,maze,0.0
14565376,maze,0.625
14573568,maze,4.065494537353516
14581760,maze,190.6815185546875
14589952,maze,0.0
14598144,maze,0.0
14606336,maze,5.3125
14614528,maze,104.34172821044922
14622720,maze,0.0
14630912,maze,2.007936954498291
14639104,maze,0.0
14647296,maze,259.8442077636719
14655488,maze,1.25
14663680,maze,19.375
14671872,maze,75.56385803222656
14680064,maze,0.0
14688256,maze,0.0
14696448,maze,0.0
14704640,maze,122.7301025390625
14712832,maze,0.0
14721024,maze,56.16740036010742
14729216,maze,103.43132781982422
14737408,maze,86.03278350830078
14745600,maze,4.363661766052246
14753792,maze,2.2398781776428223
14761984,maze,0.0
14770176,maze,1.9997317790985107
14778368,maze,0.0
14786560,maze,0.0
14794752,maze,0.0
14802944,maze,0.0
14811136,maze,0.0
14819328,maze,0.0
14827520,maze,0.0
14835712,maze,0.0
14843904,maze,6.25
14852096,maze,0.625
14860288,maze,0.0
14868480,maze,2.6530022621154785
14876672,maze,1.5625
14884864,maze,0.0
14893056,maze,90.39635467529297
14901248,maze,0.0
14909440,maze,0.0
14917632,maze,9.281798362731934
14925824,maze,5.3125
14934016,maze,11.173641204833984
14942208,maze,1.25
14950400,maze,256.1014404296875
14958592,maze,10.989948272705078
14966784,maze,0.0
14974976,maze,0.0
14983168,maze,0.0
14991360,maze,0.0
14999552,maze,3.8947291374206543
15007744,maze,7.734714984893799
15015936,maze,0.0
15024128,maze,2.6317567825317383
15032320,maze,0.0
15040512,maze,2.1875
15048704,maze,104.33226776123047
15056896,maze,0.0
15065088,maze,0.3125
15073280,maze,194.7714385986328
15081472,maze,4.473759174346924
15089664,maze,19.521987915039062
15097856,maze,257.83782958984375
15106048,maze,2.1223018169403076
15114240,maze,0.0
15122432,maze,18.75
15130624,maze,3.8947291374206543
15138816,maze,0.0
15147008,maze,17.987871170043945
15155200,maze,0.0
15163392,maze,0.0
15171584,maze,55.767906188964844
15179776,maze,0.0
15187968,maze,0.0
15196160,maze,0.0
15204352,maze,0.0
15212544,maze,4.048348903656006
15220736,maze,4.048348903656006
15228928,maze,0.0
15237120,maze,4.033836364746094
15245312,maze,0.0
15253504,maze,3.474064350128174
15261696,maze,4.375
15269888,maze,1.5625
15278080,maze,0.0
15286272,maze,4.0625
15294464,maze,0.0
15302656,maze,194.37930297851562
15310848,maze,257.34735107421875
15319040,maze,0.0
15327232,maze,56.34956359863281
15335424,maze,1.25
15343616,maze,2.481065273284912
15351808,maze,0.0
15360000,maze,0.0
15368192,maze,0.0
15376384,maze,0.0
15384576,maze,21.446128845214844
15392768,maze,0.0
15400960,maze,0.0
15409152,maze,0.0
15417344,maze,4.6875
15425536,maze,0.0
15433728,maze,0.625
15441920,maze,3.5599846839904785
15450112,maze,145.33892822265625
15458304,maze,0.0
15466496,maze,281.9110107421875
15474688,maze,0.0
15482880,maze,59.50271987915039
15491072,maze,3.031925678253174
15499264,maze,0.0
15507456,maze,0.0
15515648,maze,3.0207788944244385
15523840,maze,1.25
15532032,maze,86.6899642944336
15540224,maze,0.0
15548416,maze,87.3008041381836
15556608,maze,2.8125
15564800,maze,4.118027687072754
15572992,maze,2.5
15581184,maze,2.1875
15589376,maze,91.84495544433594
15597568,maze,19.375
15605760,maze,151.345947265625
15613952,maze,2.9079079627990723
15622144,maze,2.633247137069702
15630336,maze,10.434078216552734
15638528,maze,0.0
15646720,maze,0.0
15654912,maze,1.875
15663104,maze,13.772706031799316
15671296,maze,0.0
15679488,maze,4.480236530303955
15687680,maze,0.0
15695872,maze,15.720126152038574
15704064,maze,2.8125
15712256,maze,98.52494049072266
15720448,maze,0.0
15728640,maze,0.0
15736832,maze,0.0
15745024,maze,0.0
15753216,maze,92.73600006103516
15761408,maze,17.843273162841797
15769600,maze,121.97901153564453
15777792,maze,1.25
15785984,maze,2.320145845413208
15794176,maze,2.7808523178100586
15802368,maze,0.0
15810560,maze,0.0
15818752,maze,0.0
15826944,maze,0.0
15835136,maze,7.571694374084473
15843328,maze,263.0242614746094
15851520,maze,87.02438354492188
15859712,maze,3.3084323406219482
15867904,maze,0.0
15876096,maze,0.0
15884288,maze,3.125
15892480,maze,5.652767181396484
15900672,maze,0.0
15908864,maze,20.65155029296875
15917056,maze,0.0
15925248,maze,0.0
15933440,maze,0.0
15941632,maze,0.0
15949824,maze,0.0
15958016,maze,0.0
15966208,maze,5.221497535705566
15974400,maze,1.25
15982592,maze,0.0
15990784,maze,0.9375
15998976,maze,0.0
16007168,maze,0.0
16015360,maze,274.5161437988281
16023552,maze,0.625
16031744,maze,3.4375
16039936,maze,54.5153923034668
16048128,maze,1.875
16056320,maze,22.8125
16064512,maze,0.0
16072704,maze,3.423703193664551
16080896,maze,91.83099365234375
16089088,maze,0.0
16097280,maze,3.374302625656128
16105472,maze,0.0
16113664,maze,0.0
16121856,maze,0.0
16130048,maze,5.470261573791504
16138240,maze,4.065494537353516
16146432,maze,0.0
16154624,maze,6.555417060852051
16162816,maze,4.323759078979492
16171008,maze,5.721189022064209
16179200,maze,0.0
16187392,maze,99.86669158935547
16195584,maze,0.0
16203776,maze,0.625
16211968,maze,4.065494537353516
16220160,maze,192.1956787109375
16228352,maze,0.0
16236544,maze,0.0
16244736,maze,5.3125
16252928,maze,104.92036437988281
16261120,maze,0.0
16269312,maze,1.9356740713119507
16277504,maze,0.0
16285696,maze,258.02581787109375
16293888,maze,1.5625
16302080,maze,20.0
16310272,maze,76.27836608886719
16318464,maze,0.0
16326656,maze,0.0
16334848,maze,0.0
16343040,maze,123.89521026611328
16351232,maze,0.0
16359424,maze,56.064579010009766
16367616,maze,103.57386779785156
16375808,maze,86.4480972290039
16384000,maze,4.400963306427002
16392192,maze,2.5427663326263428
16400384,maze,0.0
16408576,maze,1.9997317790985107
16416768,maze,0.0
16424960,maze,0.0
16433152,maze,0.0
16441344,maze,0.0
16449536,maze,0.0
16457728,maze,0.0
16465920,maze,0.0
16474112,maze,0.0
16482304,maze,6.25
16490496,maze,0.625
16498688,maze,0.0
16506880,maze,2.955364942550659
16515072,maze,1.5625
16523264,maze,0.0
16531456,maze,90.67118835449219
16539648,maze,0.0
16547840,maze,0.0
16556032,maze,9.415586471557617
16564224,maze,9.021627426147461
16572416,maze,12.53837776184082
16580608,maze,1.25
16588800,maze,254.05909729003906
16596992,maze,9.522600173950195
16605184,maze,0.0
16613376,maze,0.0
16621568,maze,0.0
16629760,maze,0.0
16637952,maze,3.8947291374206543
16646144,maze,7.272185802459717
16654336,maze,0.0
16662528,maze,2.6135125160217285
16670720,maze,0.0
16678912,maze,2.5
16687104,maze,104.4334716796875
16695296,maze,0.0
16703488,maze,0.3125
16711680,maze,196.7529296875
16719872,maze,4.320492744445801
16728064,maze,19.538841247558594
16736256,maze,256.53765869140625
16744448,maze,2.1223018169403076
16752640,maze,0.0
16760832,maze,19.0625
16769024,maze,3.8947291374206543
16777216,maze,0.0
16785408,maze,17.99436378479004
16793600,maze,0.0
16801792,maze,0.0
16809984,maze,55.78659439086914
16818176,maze,0.0
16826368,maze,0.0
16834560,maze,0.0
16842752,maze,0.0
16850944,maze,4.023990154266357
16859136,maze,4.048348903656006
16867328,maze,0.0
16875520,maze,4.048348903656006
16883712,maze,0.0
16891904,maze,3.557582139968872
16900096,maze,3.4375
16908288,maze,1.5625
16916480,maze,0.0
16924672,maze,4.0625
16932864,maze,0.0
16941056,maze,196.7544403076172
16949248,maze,256.1669006347656
16957440,maze,0.0
16965632,maze,56.56063461303711
16973824,maze,1.25
16982016,maze,2.375699996948242
16990208,maze,0.0
16998400,maze,0.0
17006592,maze,0.0
17014784,maze,0.0
17022976,maze,21.8743896484375
17031168,maze,0.0
17039360,maze,0.0
17047552,maze,0.0
17055744,maze,4.6875
17063936,maze,0.0
17072128,maze,0.625
17080320,maze,3.7798895835876465
17088512,maze,144.98867797851562
17096704,maze,0.0
17104896,maze,279.8318176269531
17113088,maze,0.0
17121280,maze,58.915775299072266
17129472,maze,3.2197020053863525
17137664,maze,0.0
17145856,maze,0.0
17154048,maze,2.9079079627990723
17162240,maze,1.25
17170432,maze,87.01136016845703
17178624,maze,0.0
17186816,maze,87.56721496582031
17195008,maze,2.5
17203200,maze,4.084644794464111
17211392,maze,2.8125
17219584,maze,2.1875
17227776,maze,92.36035919189453
17235968,maze,20.625
17244160,maze,150.99472045898438
17252352,maze,2.804140329360962
17260544,maze,2.9079079627990723
17268736,maze,11.628835678100586
17276928,maze,0.0
17285120,maze,0.0
17293312,maze,2.5
17301504,maze,13.915260314941406
17309696,maze,0.0
17317888,maze,3.6415212154388428
17326080,maze,0.0
17334272,maze,16.496835708618164
17342464,maze,2.8125
17350656,maze,99.00360107421875
17358848,maze,0.0
17367040,maze,0.0
17375232,maze,0.0
17383424,maze,0.0
17391616,maze,92.80677032470703
17399808,maze,17.530773162841797
17408000,maze,121.9186019897461
17416192,maze,1.25
17424384,maze,2.320145845413208
17432576,maze,2.7808523178100586
17440768,maze,0.0
17448960,maze,0.0
17457152,maze,0.0
17465344,maze,0.0
17473536,maze,7.66862678527832
17481728,maze,264.17376708984375
17489920,maze,87.08206176757812
17498112,maze,3.466447114944458
17506304,maze,0.0
17514496,maze,0.0
17522688,maze,3.125
17530880,maze,5.652767181396484
17539072,maze,0.0
17547264,maze,18.776552200317383
17555456,maze,0.0
17563648,maze,0.0
17571840,maze,0.0
17580032,maze,0.0
17588224,maze,0.0
17596416,maze,0.0
17604608,maze,5.2240142822265625
17612800,maze,0.9375
17620992,maze,0.0
17629184,maze,0.9375
17637376,maze,0.0
17645568,maze,0.0
17653760,maze,275.8565368652344
17661952,maze,0.3125
17670144,maze,3.75
17678336,maze,54.38124465942383
17686528,maze,2.1875
17694720,maze,22.1875
17702912,maze,0.0
17711104,maze,3.393097162246704
17719296,maze,91.84464263916016
17727488,maze,0.0
17735680,maze,3.374302625656128
17743872,maze,0.0
17752064,maze,0.0
17760256,maze,0.0
17768448,maze,6.0410847663879395
17776640,maze,3.1668591499328613
17784832,maze,0.0
17793024,maze,6.479311466217041
17801216,maze,4.299764633178711
17809408,maze,5.394148349761963
17817600,maze,0.0
17825792,maze,99.9647445678711
17833984,maze,0.0
17842176,maze,0.625
17850368,maze,3.8947291374206543
17858560,maze,191.5998077392578
17866752,maze,0.0
17874944,maze,0.0
17883136,maze,5.3125
17891328,maze,104.66546630859375
17899520,maze,0.0
17907712,maze,2.320145845413208
17915904,maze,0.0
17924096,maze,260.47467041015625
17932288,maze,1.25
17940480,maze,19.375
17948672,maze,75.95247650146484
17956864,maze,0.0
17965056,maze,0.0
17973248,maze,0.0
17981440,maze,123.31478881835938
17989632,maze,0.0
17997824,maze,56.060733795166016
18006016,maze,103.69566345214844
18014208,maze,86.05432891845703
18022400,maze,4.378241539001465
18030592,maze,2.2398781776428223
18038784,maze,0.0
18046976,maze,1.9997317790985107
18055168,maze,0.0
18063360,maze,0.0
18071552,maze,0.0
18079744,maze,0.0
18087936,maze,0.0
18096128,maze,0.0
18104320,maze,0.0
18112512,maze,0.0
18120704,maze,5.9375
18128896,maze,0.625
18137088,maze,0.0
18145280,maze,2.6530022621154785
18153472,maze,1.5625
18161664,maze,0.0
18169856,maze,90.45565795898438
18178048,maze,0.0
18186240,maze,0.0
18194432,maze,8.031798362731934
18202624,maze,4.375
18210816,maze,12.065126419067383
18219008,maze,1.25
18227200,maze,256.787353515625
18235392,maze,10.989948272705078
18243584,maze,0.0
18251776,maze,0.0
18259968,maze,0.0
18268160,maze,0.0
18276352,maze,3.8947291374206543
18284544,maze,7.735067367553711
18292736,maze,0.0
18300928,maze,2.6317567825317383
18309120,maze,0.0
18317312,maze,2.1875
18325504,maze,104.62012481689453
18333696,maze,0.0
18341888,maze,0.3125
18350080,maze,195.36436462402344
18358272,maze,4.473759174346924
18366464,maze,19.234193801879883
18374656,maze,258.71466064453125
18382848,maze,2.1223018169403076
18391040,maze,0.0
18399232,maze,18.75
18407424,maze,3.8947291374206543
18415616,maze,0.0
18423808,maze,17.610614776611328
18432000,maze,0.0
18440192,maze,0.0
18448384,maze,55.623374938964844
18456576,maze,0.0
18464768,maze,0.0
18472960,maze,0.0
18481152,maze,0.0
18489344,maze,3.8763599395751953
18497536,maze,3.8763599395751953
18505728,maze,0.0
18513920,maze,3.8602662086486816
18522112,maze,0.0
18530304,maze,3.3021931648254395
18538496,maze,4.6875
18546688,maze,1.875
18554880,maze,0.0
18563072,maze,4.375
18571264,maze,0.0
18579456,maze,194.5514373779297
18587648,maze,258.77716064453125
18595840,maze,0.0
18604032,maze,56.18500900268555
18612224,maze,0.9375
18620416,maze,2.481065273284912
18628608,maze,0.0
18636800,maze,0.0
18644992,maze,0.0
18653184,maze,0.0
18661376,maze,22.499561309814453
18669568,maze,0.0
18677760,maze,0.0
18685952,maze,0.0
18694144,maze,4.6875
18702336,maze,0.0
18710528,maze,0.625
18718720,maze,3.5599846839904785
18726912,maze,146.0109405517578
18735104,maze,0.0
18743296,maze,283.34417724609375
18751488,maze,0.0
18759680,maze,59.784950256347656
18767872,maze,3.031925678253174
18776064,maze,0.0
18784256,maze,0.0
18792448,maze,3.0207788944244385
18800640,maze,1.25
18808832,maze,87.04203796386719
18817024,maze,0.0
18825216,maze,87.43101501464844
18833408,maze,3.4375
18841600,maze,4.57167387008667
18849792,maze,2.5
18857984,maze,2.1875
18866176,maze,91.96723175048828
18874368,maze,18.75
18882560,maze,151.99331665039062
18890752,maze,2.633247137069702
18898944,maze,2.7217893600463867
18907136,maze,9.644947052001953
18915328,maze,0.0
18923520,maze,0.0
18931712,maze,1.875
18939904,maze,13.573445320129395
18948096,maze,0.0
18956288,maze,4.480236530303955
18964480,maze,0.0
18972672,maze,15.177207946777344
18980864,maze,2.8125
18989056,maze,98.44746398925781
18997248,maze,0.0
19005440,maze,0.0
19013632,maze,0.0
19021824,maze,0.0
19030016,maze,93.05679321289062
19038208,maze,17.843273162841797
19046400,maze,122.2476806640625
19054592,maze,1.25
19062784,maze,2.320145845413208
19070976,maze,2.7808523178100586
19079168,maze,0.0
19087360,maze,0.0
19095552,maze,0.0
19103744,maze,0.0
19111936,maze,7.568899154663086
19120128,maze,263.72161865234375
19128320,maze,87.20481872558594
19136512,maze,3.466447114944458
19144704,maze,0.0
19152896,maze,0.0
19161088,maze,3.125
19169280,maze,5.652767181396484
19177472,maze,0.0
19185664,maze,20.65155029296875
19193856,maze,0.0
19202048,maze,0.0
19210240,maze,0.0
19218432,maze,0.0
19226624,maze,0.0
19234816,maze,0.0
19243008,maze,5.221497535705566
19251200,maze,1.25
19259392,maze,0.0
19267584,maze,0.9375
19275776,maze,0.0
19283968,maze,0.0
19292160,maze,275.3797302246094
19300352,maze,0.625
19308544,maze,3.75
19316736,maze,54.38124465942383
19324928,maze,2.1875
19333120,maze,22.1875
19341312,maze,0.0
19349504,maze,4.452106475830078
19357696,maze,92.10981750488281
19365888,maze,0.0
19374080,maze,3.374302625656128
19382272,maze,0.0
19390464,maze,0.0
19398656,maze,0.0
19406848,maze,6.0410847663879395
19415040,maze,3.1668591499328613
19423232,maze,0.0
19431424,maze,6.4670257568359375
19439616,maze,3.987264633178711
19447808,maze,5.394148349761963
19456000,maze,0.0
19464192,maze,100.05708312988281
19472384,maze,0.0
19480576,maze,0.625
19488768,maze,3.8947291374206543
19496960,maze,192.0479736328125
19505152,maze,0.0
19513344,maze,0.0
19521536,maze,5.625
19529728,maze,104.86371612548828
19537920,maze,0.0
19546112,maze,2.252326250076294
19554304,maze,0.0
19562496,maze,260.0993347167969
19570688,maze,1.25
19578880,maze,19.6875
19587072,maze,75.94741821289062
19595264,maze,0.0
19603456,maze,0.0
19611648,maze,0.0
19619840,maze,123.53209686279297
19628032,maze,0.0
19636224,maze,56.05891036987305
19644416,maze,103.67781829833984
19652608,maze,86.16222381591797
19660800,maze,4.378241539001465
19668992,maze,2.2398781776428223
19677184,maze,0.0
19685376,maze,1.9997317790985107
19693568,maze,0.0
19701760,maze,0.0
19709952,maze,0.0
19718144,maze,0.0
19726336,maze,0.0
19734528,maze,0.0
19742720,maze,0.0
19750912,maze,0.0
19759104,maze,5.9375
19767296,maze,0.625
19775488,maze,0.0
19783680,maze,2.955364942550659
19791872,maze,1.5625
19800064,maze,0.0
19808256,maze,90.45538330078125
19816448,maze,0.0
19824640,maze,0.0
19832832,maze,8.969298362731934
19841024,maze,5.3125
19849216,maze,12.240560531616211
19857408,maze,1.25
19865600,maze,255.98106384277344
19873792,maze,10.240458488464355
19881984,maze,0.0
19890176,maze,0.0
19898368,maze,0.0
19906560,maze,0.0
19914752,maze,3.8947291374206543
19922944,maze,7.735067367553711
19931136,maze,0.0
19939328,maze,2.6135125160217285
19947520,maze,0.0
19955712,maze,2.1875
19963904,maze,104.73863220214844
19972096,maze,0.0
19980288,maze,0.3125
19988480,maze,196.241455078125
19996672,maze,4.320492744445801
20004864,maze,19.253170013427734
