Looking in links: https://download.pytorch.org/whl/cu113/torch_stable.html
Requirement already satisfied: torch==1.10.0+cu113 in /zhome/fa/4/127501/.local/lib/python3.7/site-packages (1.10.0+cu113)
Requirement already satisfied: torchvision==0.11.1+cu113 in /zhome/fa/4/127501/.local/lib/python3.7/site-packages (0.11.1+cu113)
Requirement already satisfied: torchaudio==0.10.0+cu113 in /zhome/fa/4/127501/.local/lib/python3.7/site-packages (0.10.0+cu113)
Requirement already satisfied: typing-extensions in /appl/python/3.7.11/lib/python3.7/site-packages (from torch==1.10.0+cu113) (3.10.0.0)
Requirement already satisfied: numpy in /zhome/fa/4/127501/.local/lib/python3.7/site-packages (from torchvision==0.11.1+cu113) (1.21.4)
Requirement already satisfied: pillow!=8.3.0,>=5.3.0 in /zhome/fa/4/127501/.local/lib/python3.7/site-packages (from torchvision==0.11.1+cu113) (8.4.0)
Requirement already satisfied: procgen in /zhome/fa/4/127501/.local/lib/python3.7/site-packages (0.10.4)
Requirement already satisfied: filelock<4.0.0,>=3.0.0 in /appl/python/3.7.11/lib/python3.7/site-packages (from procgen) (3.0.12)
Requirement already satisfied: numpy<2.0.0,>=1.17.0 in /zhome/fa/4/127501/.local/lib/python3.7/site-packages (from procgen) (1.21.4)
Requirement already satisfied: gym3<1.0.0,>=0.3.3 in /zhome/fa/4/127501/.local/lib/python3.7/site-packages (from procgen) (0.3.3)
Requirement already satisfied: gym<1.0.0,>=0.15.0 in /zhome/fa/4/127501/.local/lib/python3.7/site-packages (from procgen) (0.21.0)
Requirement already satisfied: cloudpickle>=1.2.0 in /zhome/fa/4/127501/.local/lib/python3.7/site-packages (from gym<1.0.0,>=0.15.0->procgen) (2.0.0)
Collecting importlib-metadata>=4.8.1
  Using cached importlib_metadata-4.8.2-py3-none-any.whl (17 kB)
Requirement already satisfied: cffi<2.0.0,>=1.13.0 in /zhome/fa/4/127501/.local/lib/python3.7/site-packages (from gym3<1.0.0,>=0.3.3->procgen) (1.15.0)
Requirement already satisfied: moderngl<6.0.0,>=5.5.4 in /zhome/fa/4/127501/.local/lib/python3.7/site-packages (from gym3<1.0.0,>=0.3.3->procgen) (5.6.4)
Requirement already satisfied: glfw<2.0.0,>=1.8.6 in /zhome/fa/4/127501/.local/lib/python3.7/site-packages (from gym3<1.0.0,>=0.3.3->procgen) (1.12.0)
Requirement already satisfied: imageio-ffmpeg<0.4.0,>=0.3.0 in /zhome/fa/4/127501/.local/lib/python3.7/site-packages (from gym3<1.0.0,>=0.3.3->procgen) (0.3.0)
Requirement already satisfied: imageio<3.0.0,>=2.6.0 in /zhome/fa/4/127501/.local/lib/python3.7/site-packages (from gym3<1.0.0,>=0.3.3->procgen) (2.10.3)
Requirement already satisfied: pycparser in /zhome/fa/4/127501/.local/lib/python3.7/site-packages (from cffi<2.0.0,>=1.13.0->gym3<1.0.0,>=0.3.3->procgen) (2.21)
Requirement already satisfied: pillow>=8.3.2 in /zhome/fa/4/127501/.local/lib/python3.7/site-packages (from imageio<3.0.0,>=2.6.0->gym3<1.0.0,>=0.3.3->procgen) (8.4.0)
Requirement already satisfied: typing-extensions>=3.6.4 in /appl/python/3.7.11/lib/python3.7/site-packages (from importlib-metadata>=4.8.1->gym<1.0.0,>=0.15.0->procgen) (3.10.0.0)
Requirement already satisfied: zipp>=0.5 in /appl/python/3.7.11/lib/python3.7/site-packages (from importlib-metadata>=4.8.1->gym<1.0.0,>=0.15.0->procgen) (3.5.0)
Requirement already satisfied: glcontext<3,>=2 in /zhome/fa/4/127501/.local/lib/python3.7/site-packages (from moderngl<6.0.0,>=5.5.4->gym3<1.0.0,>=0.3.3->procgen) (2.3.4)
Installing collected packages: importlib-metadata
Requirement already satisfied: imageio in /zhome/fa/4/127501/.local/lib/python3.7/site-packages (2.10.3)
Requirement already satisfied: numpy in /zhome/fa/4/127501/.local/lib/python3.7/site-packages (from imageio) (1.21.4)
Requirement already satisfied: pillow>=8.3.2 in /zhome/fa/4/127501/.local/lib/python3.7/site-packages (from imageio) (8.4.0)
Looking in links: https://download.pytorch.org/whl/cu113/torch_stable.html
Requirement already satisfied: torch==1.10.0+cu113 in /zhome/fa/4/127501/.local/lib/python3.7/site-packages (1.10.0+cu113)
Requirement already satisfied: torchvision==0.11.1+cu113 in /zhome/fa/4/127501/.local/lib/python3.7/site-packages (0.11.1+cu113)
Requirement already satisfied: torchaudio==0.10.0+cu113 in /zhome/fa/4/127501/.local/lib/python3.7/site-packages (0.10.0+cu113)
Requirement already satisfied: typing-extensions in /appl/python/3.7.11/lib/python3.7/site-packages (from torch==1.10.0+cu113) (3.10.0.0)
Requirement already satisfied: numpy in /zhome/fa/4/127501/.local/lib/python3.7/site-packages (from torchvision==0.11.1+cu113) (1.21.4)
Requirement already satisfied: pillow!=8.3.0,>=5.3.0 in /zhome/fa/4/127501/.local/lib/python3.7/site-packages (from torchvision==0.11.1+cu113) (8.4.0)
Requirement already satisfied: procgen in /zhome/fa/4/127501/.local/lib/python3.7/site-packages (0.10.4)
Requirement already satisfied: gym<1.0.0,>=0.15.0 in /zhome/fa/4/127501/.local/lib/python3.7/site-packages (from procgen) (0.21.0)
Requirement already satisfied: numpy<2.0.0,>=1.17.0 in /zhome/fa/4/127501/.local/lib/python3.7/site-packages (from procgen) (1.21.4)
Requirement already satisfied: filelock<4.0.0,>=3.0.0 in /appl/python/3.7.11/lib/python3.7/site-packages (from procgen) (3.0.12)
Requirement already satisfied: gym3<1.0.0,>=0.3.3 in /zhome/fa/4/127501/.local/lib/python3.7/site-packages (from procgen) (0.3.3)
Collecting importlib-metadata>=4.8.1
  Using cached importlib_metadata-4.8.2-py3-none-any.whl (17 kB)
Requirement already satisfied: cloudpickle>=1.2.0 in /zhome/fa/4/127501/.local/lib/python3.7/site-packages (from gym<1.0.0,>=0.15.0->procgen) (2.0.0)
Requirement already satisfied: moderngl<6.0.0,>=5.5.4 in /zhome/fa/4/127501/.local/lib/python3.7/site-packages (from gym3<1.0.0,>=0.3.3->procgen) (5.6.4)
Requirement already satisfied: imageio<3.0.0,>=2.6.0 in /zhome/fa/4/127501/.local/lib/python3.7/site-packages (from gym3<1.0.0,>=0.3.3->procgen) (2.10.3)
Requirement already satisfied: imageio-ffmpeg<0.4.0,>=0.3.0 in /zhome/fa/4/127501/.local/lib/python3.7/site-packages (from gym3<1.0.0,>=0.3.3->procgen) (0.3.0)
Requirement already satisfied: glfw<2.0.0,>=1.8.6 in /zhome/fa/4/127501/.local/lib/python3.7/site-packages (from gym3<1.0.0,>=0.3.3->procgen) (1.12.0)
Requirement already satisfied: cffi<2.0.0,>=1.13.0 in /zhome/fa/4/127501/.local/lib/python3.7/site-packages (from gym3<1.0.0,>=0.3.3->procgen) (1.15.0)
Requirement already satisfied: pycparser in /zhome/fa/4/127501/.local/lib/python3.7/site-packages (from cffi<2.0.0,>=1.13.0->gym3<1.0.0,>=0.3.3->procgen) (2.21)
Requirement already satisfied: pillow>=8.3.2 in /zhome/fa/4/127501/.local/lib/python3.7/site-packages (from imageio<3.0.0,>=2.6.0->gym3<1.0.0,>=0.3.3->procgen) (8.4.0)
Requirement already satisfied: zipp>=0.5 in /appl/python/3.7.11/lib/python3.7/site-packages (from importlib-metadata>=4.8.1->gym<1.0.0,>=0.15.0->procgen) (3.5.0)
Requirement already satisfied: typing-extensions>=3.6.4 in /appl/python/3.7.11/lib/python3.7/site-packages (from importlib-metadata>=4.8.1->gym<1.0.0,>=0.15.0->procgen) (3.10.0.0)
Requirement already satisfied: glcontext<3,>=2 in /zhome/fa/4/127501/.local/lib/python3.7/site-packages (from moderngl<6.0.0,>=5.5.4->gym3<1.0.0,>=0.3.3->procgen) (2.3.4)
Installing collected packages: importlib-metadata
Successfully installed importlib-metadata-4.8.2
Requirement already satisfied: imageio in /zhome/fa/4/127501/.local/lib/python3.7/site-packages (2.10.3)
Requirement already satisfied: numpy in /zhome/fa/4/127501/.local/lib/python3.7/site-packages (from imageio) (1.21.4)
Requirement already satisfied: pillow>=8.3.2 in /zhome/fa/4/127501/.local/lib/python3.7/site-packages (from imageio) (8.4.0)
Running script...
Observation space: (3, 64, 64)
Action space: 15
Step: 8192	Mean reward: 0.53125
Step: 16384	Mean reward: 0.0
Step: 24576	Mean reward: 2.5
Step: 32768	Mean reward: 0.8687499761581421
Step: 40960	Mean reward: 0.15625
Step: 49152	Mean reward: 0.0
Step: 57344	Mean reward: 2.5625
Step: 65536	Mean reward: 0.0
Step: 73728	Mean reward: 0.0
Step: 81920	Mean reward: 2560.0
Step: 90112	Mean reward: 22.5
Step: 98304	Mean reward: 1.875
Step: 106496	Mean reward: 0.625
Step: 114688	Mean reward: 4.375
Step: 122880	Mean reward: 1.625
Step: 131072	Mean reward: 8.40625
Step: 139264	Mean reward: 1.71875
Step: 147456	Mean reward: 0.0
Step: 155648	Mean reward: 11.25
Step: 163840	Mean reward: 0.8987500071525574
Step: 172032	Mean reward: 1.03125
Step: 180224	Mean reward: 13.75
Step: 188416	Mean reward: 2.6875
Step: 196608	Mean reward: -21.25
Step: 204800	Mean reward: 0.0
Step: 212992	Mean reward: 6.875
Step: 221184	Mean reward: 1.25
Step: 229376	Mean reward: 0.0
Step: 237568	Mean reward: 0.3125
Step: 245760	Mean reward: 0.0
Step: 253952	Mean reward: 4.4375
Step: 262144	Mean reward: 3.0
Step: 270336	Mean reward: 1.25
Step: 278528	Mean reward: 0.0
Step: 286720	Mean reward: 0.0
Step: 294912	Mean reward: 1.1212499141693115
Step: 303104	Mean reward: 0.375
Step: 311296	Mean reward: 0.0
Step: 319488	Mean reward: 0.1875
Step: 327680	Mean reward: -22.96875
Step: 335872	Mean reward: 0.0
Step: 344064	Mean reward: 0.3125
Step: 352256	Mean reward: 0.0
Step: 360448	Mean reward: 42.5
Step: 368640	Mean reward: 0.71875
Step: 376832	Mean reward: 0.9375
Step: 385024	Mean reward: 3.125
Step: 393216	Mean reward: 1.40625
Step: 401408	Mean reward: 0.0625
Step: 409600	Mean reward: 0.1875
Step: 417792	Mean reward: 1.875
Step: 425984	Mean reward: 1.9075000286102295
Step: 434176	Mean reward: 0.0
Step: 442368	Mean reward: 0.0
Step: 450560	Mean reward: 4.625
Step: 458752	Mean reward: -17.53125
Step: 466944	Mean reward: 0.0
Step: 475136	Mean reward: 0.0
Step: 483328	Mean reward: 0.0
Step: 491520	Mean reward: 73.75
Step: 499712	Mean reward: 0.65625
Step: 507904	Mean reward: 2.5
Step: 516096	Mean reward: 1.28125
Step: 524288	Mean reward: 9.875
Step: 532480	Mean reward: 2.4375
Step: 540672	Mean reward: 0.0
Step: 548864	Mean reward: 2.78125
Step: 557056	Mean reward: 1.4387500286102295
Step: 565248	Mean reward: 0.0625
Step: 573440	Mean reward: 1.875
Step: 581632	Mean reward: 1.25
Step: 589824	Mean reward: -5.1875
Step: 598016	Mean reward: 0.0
Step: 606208	Mean reward: 22.5
Step: 614400	Mean reward: 0.3125
Step: 622592	Mean reward: 0.9375
Step: 630784	Mean reward: 0.0
Step: 638976	Mean reward: 0.9375
Step: 647168	Mean reward: 5.0
Step: 655360	Mean reward: 2.625
Step: 663552	Mean reward: 0.40625
Step: 671744	Mean reward: 0.0
Step: 679936	Mean reward: 0.0
Step: 688128	Mean reward: 2.1262500286102295
Step: 696320	Mean reward: 1.53125
Step: 704512	Mean reward: 24.6875
Step: 712704	Mean reward: 0.125
Step: 720896	Mean reward: 0.125
Step: 729088	Mean reward: 0.0
Step: 737280	Mean reward: 0.0
Step: 745472	Mean reward: 0.0
Step: 753664	Mean reward: 0.0
Step: 761856	Mean reward: 0.6875
Step: 770048	Mean reward: 15.0
Step: 778240	Mean reward: 3.65625
Step: 786432	Mean reward: 5.1875
Step: 794624	Mean reward: 0.3125
Step: 802816	Mean reward: 0.0
Step: 811008	Mean reward: 0.3125
Step: 819200	Mean reward: 1.3112499713897705
Step: 827392	Mean reward: 1.65625
Step: 835584	Mean reward: 0.0
Step: 843776	Mean reward: 5.9375
Step: 851968	Mean reward: 0.5637499690055847
Step: 860160	Mean reward: 0.625
Step: 868352	Mean reward: 0.0
Step: 876544	Mean reward: 2.0
Step: 884736	Mean reward: 0.0625
Step: 892928	Mean reward: 0.0
Step: 901120	Mean reward: 2560.0
Step: 909312	Mean reward: 46.5625
Step: 917504	Mean reward: 24.6875
Step: 925696	Mean reward: 1.78125
Step: 933888	Mean reward: 6.875
Step: 942080	Mean reward: 1.46875
Step: 950272	Mean reward: 7.28125
Step: 958464	Mean reward: 2.03125
Step: 966656	Mean reward: 0.0
Step: 974848	Mean reward: 4.6875
Step: 983040	Mean reward: 1.366249918937683
Step: 991232	Mean reward: 0.34375
Step: 999424	Mean reward: 6.875
Step: 1007616	Mean reward: 3.5625
Step: 1015808	Mean reward: -26.6875
Step: 1024000	Mean reward: 0.0
Step: 1032192	Mean reward: 2.1875
Step: 1040384	Mean reward: 1.25
Step: 1048576	Mean reward: 0.0
Step: 1056768	Mean reward: 0.1875
Step: 1064960	Mean reward: 0.0
Step: 1073152	Mean reward: 5.3125
Step: 1081344	Mean reward: 1.4375
Step: 1089536	Mean reward: 1.1875
Step: 1097728	Mean reward: 0.0
Step: 1105920	Mean reward: 0.375
Step: 1114112	Mean reward: 1.9424998760223389
Step: 1122304	Mean reward: 0.03125
Step: 1130496	Mean reward: 0.0
Step: 1138688	Mean reward: 0.4375
Step: 1146880	Mean reward: -32.75
Step: 1155072	Mean reward: 0.3125
Step: 1163264	Mean reward: 3.4375
Step: 1171456	Mean reward: 0.0
Step: 1179648	Mean reward: 93.75
Step: 1187840	Mean reward: 0.0
Step: 1196032	Mean reward: 0.0
Step: 1204224	Mean reward: 4.625
Step: 1212416	Mean reward: 2.5
Step: 1220608	Mean reward: 1.9375
Step: 1228800	Mean reward: 0.03125
Step: 1236992	Mean reward: 2.5
Step: 1245184	Mean reward: 1.8112499713897705
Step: 1253376	Mean reward: 0.0
Step: 1261568	Mean reward: 0.0
Step: 1269760	Mean reward: 10.0625
Step: 1277952	Mean reward: -22.84375
Step: 1286144	Mean reward: 0.0
Step: 1294336	Mean reward: 0.0
Step: 1302528	Mean reward: 0.0
Step: 1310720	Mean reward: 59.6875
Step: 1318912	Mean reward: 0.625
Step: 1327104	Mean reward: 1.5625
Step: 1335296	Mean reward: 1.65625
Step: 1343488	Mean reward: 9.40625
Step: 1351680	Mean reward: 3.125
Step: 1359872	Mean reward: 0.0
Step: 1368064	Mean reward: 7.5
Step: 1376256	Mean reward: 1.628749966621399
Step: 1384448	Mean reward: 0.09375
Step: 1392640	Mean reward: 5.9375
Step: 1400832	Mean reward: 1.125
Step: 1409024	Mean reward: -7.0625
Step: 1417216	Mean reward: 0.0
Step: 1425408	Mean reward: 13.75
Step: 1433600	Mean reward: 0.3125
Step: 1441792	Mean reward: 6.875
Step: 1449984	Mean reward: 0.09375
Step: 1458176	Mean reward: 0.3125
Step: 1466368	Mean reward: 4.6875
Step: 1474560	Mean reward: 2.25
Step: 1482752	Mean reward: 0.28125
Step: 1490944	Mean reward: 0.0
Step: 1499136	Mean reward: 0.0
Step: 1507328	Mean reward: 1.9624998569488525
Step: 1515520	Mean reward: 1.4375
Step: 1523712	Mean reward: 20.0
Step: 1531904	Mean reward: 0.5
Step: 1540096	Mean reward: 0.34375
Step: 1548288	Mean reward: 0.625
Step: 1556480	Mean reward: 0.9375
Step: 1564672	Mean reward: 0.0
Step: 1572864	Mean reward: 0.0
Step: 1581056	Mean reward: 1.25
Step: 1589248	Mean reward: 3.75
Step: 1597440	Mean reward: 3.03125
Step: 1605632	Mean reward: 10.03125
Step: 1613824	Mean reward: 0.03125
Step: 1622016	Mean reward: 0.0
Step: 1630208	Mean reward: 0.625
Step: 1638400	Mean reward: 1.5787500143051147
Step: 1646592	Mean reward: 0.4375
Step: 1654784	Mean reward: 0.0
Step: 1662976	Mean reward: 0.625
Step: 1671168	Mean reward: 0.8174999356269836
Step: 1679360	Mean reward: 0.46875
Step: 1687552	Mean reward: 0.0
Step: 1695744	Mean reward: 3.625
Step: 1703936	Mean reward: 0.5
Step: 1712128	Mean reward: 0.0
Step: 1720320	Mean reward: 2560.0
Step: 1728512	Mean reward: 20.3125
Step: 1736704	Mean reward: 16.5625
Step: 1744896	Mean reward: 2.21875
Step: 1753088	Mean reward: 6.5625
Step: 1761280	Mean reward: 1.46875
Step: 1769472	Mean reward: 8.0625
Step: 1777664	Mean reward: 2.0625
Step: 1785856	Mean reward: 0.0
Step: 1794048	Mean reward: 3.125
Step: 1802240	Mean reward: 1.3912498950958252
Step: 1810432	Mean reward: 2.0625
Step: 1818624	Mean reward: 24.375
Step: 1826816	Mean reward: 1.4375
Step: 1835008	Mean reward: -25.0625
Step: 1843200	Mean reward: 0.0
Step: 1851392	Mean reward: 7.1875
Step: 1859584	Mean reward: 0.625
Step: 1867776	Mean reward: 0.3125
Step: 1875968	Mean reward: 0.09375
Step: 1884160	Mean reward: 0.0
Step: 1892352	Mean reward: 3.75
Step: 1900544	Mean reward: 1.625
Step: 1908736	Mean reward: 1.65625
Step: 1916928	Mean reward: 0.0
Step: 1925120	Mean reward: 0.3125
Step: 1933312	Mean reward: 1.3212499618530273
Step: 1941504	Mean reward: 1.625
Step: 1949696	Mean reward: 3.125
Step: 1957888	Mean reward: 1.4375
Step: 1966080	Mean reward: -19.25
Step: 1974272	Mean reward: 0.0
Step: 1982464	Mean reward: 0.0
Step: 1990656	Mean reward: 0.0
Step: 1998848	Mean reward: 100.9375
Step: 2007040	Mean reward: 0.3125
Step: 2015232	Mean reward: 1.875
Step: 2023424	Mean reward: 3.0625
Step: 2031616	Mean reward: 1.09375
Step: 2039808	Mean reward: 0.625
Step: 2048000	Mean reward: 0.0
Step: 2056192	Mean reward: 2.5
Step: 2064384	Mean reward: 1.7824997901916504
Step: 2072576	Mean reward: 0.0
Step: 2080768	Mean reward: 1.5625
Step: 2088960	Mean reward: 5.8125
Step: 2097152	Mean reward: -16.71875
Step: 2105344	Mean reward: 0.0
Step: 2113536	Mean reward: 0.0
Step: 2121728	Mean reward: 0.0
Step: 2129920	Mean reward: 86.25
Step: 2138112	Mean reward: 0.90625
Step: 2146304	Mean reward: 2.1875
Step: 2154496	Mean reward: 1.34375
Step: 2162688	Mean reward: 9.25
Step: 2170880	Mean reward: 2.5625
Step: 2179072	Mean reward: 0.0
Step: 2187264	Mean reward: 2.5
Step: 2195456	Mean reward: 1.4524998664855957
Step: 2203648	Mean reward: 0.09375
Step: 2211840	Mean reward: 5.625
Step: 2220032	Mean reward: 3.0
Step: 2228224	Mean reward: -8.5625
Step: 2236416	Mean reward: 0.3125
Step: 2244608	Mean reward: 11.875
Step: 2252800	Mean reward: 0.0
Step: 2260992	Mean reward: 5.9375
Step: 2269184	Mean reward: 0.46875
Step: 2277376	Mean reward: 0.9375
Step: 2285568	Mean reward: 4.28125
Step: 2293760	Mean reward: 3.21875
Step: 2301952	Mean reward: 0.78125
Step: 2310144	Mean reward: 0.0
Step: 2318336	Mean reward: 0.0
Step: 2326528	Mean reward: 1.6662499904632568
Step: 2334720	Mean reward: 2.53125
Step: 2342912	Mean reward: 6.25
Step: 2351104	Mean reward: 1.25
Step: 2359296	Mean reward: 1.28125
Step: 2367488	Mean reward: 0.625
Step: 2375680	Mean reward: 4.375
Step: 2383872	Mean reward: 0.0
Step: 2392064	Mean reward: 0.0
Step: 2400256	Mean reward: 1.25
Step: 2408448	Mean reward: 6.5625
Step: 2416640	Mean reward: 2.9375
Step: 2424832	Mean reward: 11.625
Step: 2433024	Mean reward: 0.0
Step: 2441216	Mean reward: 0.6875
Step: 2449408	Mean reward: 0.625
Step: 2457600	Mean reward: 1.557499885559082
Step: 2465792	Mean reward: 0.375
Step: 2473984	Mean reward: 0.0
Step: 2482176	Mean reward: 0.625
Step: 2490368	Mean reward: 1.057499885559082
Step: 2498560	Mean reward: 0.15625
Step: 2506752	Mean reward: 0.0
Step: 2514944	Mean reward: 4.25
Step: 2523136	Mean reward: 0.125
Step: 2531328	Mean reward: 0.0
Step: 2539520	Mean reward: 2560.0
Step: 2547712	Mean reward: 15.3125
Step: 2555904	Mean reward: 11.25
Step: 2564096	Mean reward: 2.0
Step: 2572288	Mean reward: 1.25
Step: 2580480	Mean reward: 2.28125
Step: 2588672	Mean reward: 9.78125
Step: 2596864	Mean reward: 0.875
Step: 2605056	Mean reward: 0.0
Step: 2613248	Mean reward: 0.3125
Step: 2621440	Mean reward: 1.65625
Step: 2629632	Mean reward: 1.03125
Step: 2637824	Mean reward: 2.8125
Step: 2646016	Mean reward: 3.5
Step: 2654208	Mean reward: -17.96875
Step: 2662400	Mean reward: 0.0
Step: 2670592	Mean reward: 13.4375
Step: 2678784	Mean reward: 0.625
Step: 2686976	Mean reward: 0.0
Step: 2695168	Mean reward: 0.4375
Step: 2703360	Mean reward: 0.0
Step: 2711552	Mean reward: 4.46875
Step: 2719744	Mean reward: 1.9375
Step: 2727936	Mean reward: 1.6875
Step: 2736128	Mean reward: 0.0
Step: 2744320	Mean reward: 0.0
Step: 2752512	Mean reward: 1.7424999475479126
Step: 2760704	Mean reward: 1.25
Step: 2768896	Mean reward: 1.25
Step: 2777088	Mean reward: 1.875
Step: 2785280	Mean reward: -23.09375
Step: 2793472	Mean reward: 0.625
Step: 2801664	Mean reward: 0.625
Step: 2809856	Mean reward: 0.0
Step: 2818048	Mean reward: 161.25
Step: 2826240	Mean reward: 0.3125
Step: 2834432	Mean reward: 0.625
Step: 2842624	Mean reward: 3.3125
Step: 2850816	Mean reward: 1.90625
Step: 2859008	Mean reward: 0.53125
Step: 2867200	Mean reward: 0.0
Step: 2875392	Mean reward: 0.3125
Step: 2883584	Mean reward: 1.7849997282028198
Step: 2891776	Mean reward: 0.34375
Step: 2899968	Mean reward: 2.1875
Step: 2908160	Mean reward: 4.8125
Step: 2916352	Mean reward: -15.96875
Step: 2924544	Mean reward: 0.0
Step: 2932736	Mean reward: 0.0
Step: 2940928	Mean reward: 0.0
Step: 2949120	Mean reward: 92.8125
Step: 2957312	Mean reward: 0.875
Step: 2965504	Mean reward: 1.25
Step: 2973696	Mean reward: 1.375
Step: 2981888	Mean reward: 9.375
Step: 2990080	Mean reward: 2.5
Step: 2998272	Mean reward: 0.0
Step: 3006464	Mean reward: 5.625
Step: 3014656	Mean reward: 1.4137499332427979
Step: 3022848	Mean reward: 0.21875
Step: 3031040	Mean reward: 4.6875
Step: 3039232	Mean reward: 2.875
Step: 3047424	Mean reward: -8.1875
Step: 3055616	Mean reward: 0.0
Step: 3063808	Mean reward: 10.3125
Step: 3072000	Mean reward: 0.0
Step: 3080192	Mean reward: 8.125
Step: 3088384	Mean reward: 0.75
Step: 3096576	Mean reward: 0.0
Step: 3104768	Mean reward: 4.40625
Step: 3112960	Mean reward: 2.90625
Step: 3121152	Mean reward: 0.71875
Step: 3129344	Mean reward: 0.03125
Step: 3137536	Mean reward: 0.3125
Step: 3145728	Mean reward: 1.6237499713897705
Step: 3153920	Mean reward: 3.3125
Step: 3162112	Mean reward: 3.75
Step: 3170304	Mean reward: 1.6875
Step: 3178496	Mean reward: 1.1875
Step: 3186688	Mean reward: 0.9375
Step: 3194880	Mean reward: 3.125
Step: 3203072	Mean reward: 0.0
Step: 3211264	Mean reward: 0.0
Step: 3219456	Mean reward: 1.28125
Step: 3227648	Mean reward: 7.8125
Step: 3235840	Mean reward: 3.25
Step: 3244032	Mean reward: 13.0
Step: 3252224	Mean reward: 0.0
Step: 3260416	Mean reward: 0.34375
Step: 3268608	Mean reward: 0.40625
Step: 3276800	Mean reward: 1.5312498807907104
Step: 3284992	Mean reward: 0.5
Step: 3293184	Mean reward: 0.0
Step: 3301376	Mean reward: 0.3125
Step: 3309568	Mean reward: 1.0762499570846558
Step: 3317760	Mean reward: 0.25
Step: 3325952	Mean reward: 0.0
Step: 3334144	Mean reward: 4.4375
Step: 3342336	Mean reward: 0.40625
Step: 3350528	Mean reward: 0.0
Step: 3358720	Mean reward: 2560.0
Step: 3366912	Mean reward: 14.0625
Step: 3375104	Mean reward: 14.6875
Step: 3383296	Mean reward: 2.25
Step: 3391488	Mean reward: 3.75
Step: 3399680	Mean reward: 2.09375
Step: 3407872	Mean reward: 8.65625
Step: 3416064	Mean reward: 0.78125
Step: 3424256	Mean reward: 0.0
Step: 3432448	Mean reward: 3.125
Step: 3440640	Mean reward: 1.6762499809265137
Step: 3448832	Mean reward: 1.71875
Step: 3457024	Mean reward: 4.0625
Step: 3465216	Mean reward: 3.5
Step: 3473408	Mean reward: -19.90625
Step: 3481600	Mean reward: 0.0
Step: 3489792	Mean reward: 9.0625
Step: 3497984	Mean reward: 0.3125
Step: 3506176	Mean reward: 0.0
Step: 3514368	Mean reward: 0.375
Step: 3522560	Mean reward: 0.0
Step: 3530752	Mean reward: 4.375
Step: 3538944	Mean reward: 1.96875
Step: 3547136	Mean reward: 1.5
Step: 3555328	Mean reward: 0.0
Step: 3563520	Mean reward: 0.0
Step: 3571712	Mean reward: 1.7162498235702515
Step: 3579904	Mean reward: 2.53125
Step: 3588096	Mean reward: 1.875
Step: 3596288	Mean reward: 2.5625
Step: 3604480	Mean reward: -20.28125
Step: 3612672	Mean reward: 0.0
Step: 3620864	Mean reward: 0.3125
Step: 3629056	Mean reward: 0.0
Step: 3637248	Mean reward: 173.75
Step: 3645440	Mean reward: 0.28125
Step: 3653632	Mean reward: 1.5625
Step: 3661824	Mean reward: 2.875
Step: 3670016	Mean reward: 1.15625
Step: 3678208	Mean reward: 0.71875
Step: 3686400	Mean reward: 0.0
Step: 3694592	Mean reward: 1.25
Step: 3702784	Mean reward: 1.7049998044967651
Step: 3710976	Mean reward: 2.40625
Step: 3719168	Mean reward: 3.125
Step: 3727360	Mean reward: 4.5
Step: 3735552	Mean reward: -13.96875
Step: 3743744	Mean reward: 0.0
Step: 3751936	Mean reward: 0.0
Step: 3760128	Mean reward: 0.0
Step: 3768320	Mean reward: 108.4375
Step: 3776512	Mean reward: 0.75
Step: 3784704	Mean reward: 1.875
Step: 3792896	Mean reward: 1.5
Step: 3801088	Mean reward: 9.53125
Step: 3809280	Mean reward: 2.53125
Step: 3817472	Mean reward: 0.0
Step: 3825664	Mean reward: 2.5
Step: 3833856	Mean reward: 1.463749885559082
Step: 3842048	Mean reward: 0.0625
Step: 3850240	Mean reward: 5.9375
Step: 3858432	Mean reward: 2.875
Step: 3866624	Mean reward: -6.46875
Step: 3874816	Mean reward: 0.0
Step: 3883008	Mean reward: 15.9375
Step: 3891200	Mean reward: 0.0
Step: 3899392	Mean reward: 8.4375
Step: 3907584	Mean reward: 0.75
Step: 3915776	Mean reward: 0.0
Step: 3923968	Mean reward: 4.65625
Step: 3932160	Mean reward: 1.8125
Step: 3940352	Mean reward: 0.78125
Step: 3948544	Mean reward: 0.03125
Step: 3956736	Mean reward: 0.0
Step: 3964928	Mean reward: 1.62624990940094
Step: 3973120	Mean reward: 1.75
Step: 3981312	Mean reward: 3.75
Step: 3989504	Mean reward: 1.0
Step: 3997696	Mean reward: 1.09375
Step: 4005888	Mean reward: 1.875
Step: 4014080	Mean reward: 2.1875
Step: 4022272	Mean reward: 0.0
Step: 4030464	Mean reward: 0.0
Step: 4038656	Mean reward: 1.09375
Step: 4046848	Mean reward: 10.3125
Step: 4055040	Mean reward: 3.4375
Step: 4063232	Mean reward: 13.46875
Step: 4071424	Mean reward: 0.03125
Step: 4079616	Mean reward: 0.34375
Step: 4087808	Mean reward: 0.5
Step: 4096000	Mean reward: 1.4725000858306885
Step: 4104192	Mean reward: 0.53125
Step: 4112384	Mean reward: 0.0
Step: 4120576	Mean reward: 0.625
Step: 4128768	Mean reward: 0.9587500095367432
Step: 4136960	Mean reward: 0.3125
Step: 4145152	Mean reward: 0.0
Step: 4153344	Mean reward: 4.4375
Step: 4161536	Mean reward: 0.375
Step: 4169728	Mean reward: 0.0
Step: 4177920	Mean reward: 2560.0
Step: 4186112	Mean reward: 8.125
Step: 4194304	Mean reward: 12.8125
Step: 4202496	Mean reward: 2.21875
Step: 4210688	Mean reward: 3.4375
Step: 4218880	Mean reward: 1.78125
Step: 4227072	Mean reward: 8.5625
Step: 4235264	Mean reward: 0.5
Step: 4243456	Mean reward: 0.0
Step: 4251648	Mean reward: 0.9375
Step: 4259840	Mean reward: 1.6825000047683716
Step: 4268032	Mean reward: 1.03125
Step: 4276224	Mean reward: 7.5
Step: 4284416	Mean reward: 3.1875
Step: 4292608	Mean reward: -20.875
Step: 4300800	Mean reward: 0.0
Step: 4308992	Mean reward: 7.8125
Step: 4317184	Mean reward: 0.3125
Step: 4325376	Mean reward: 0.0
Step: 4333568	Mean reward: 0.46875
Step: 4341760	Mean reward: 0.0
Step: 4349952	Mean reward: 4.5
Step: 4358144	Mean reward: 1.75
Step: 4366336	Mean reward: 2.3125
Step: 4374528	Mean reward: 0.0
Step: 4382720	Mean reward: 0.09375
Step: 4390912	Mean reward: 1.8274998664855957
Step: 4399104	Mean reward: 2.78125
Step: 4407296	Mean reward: 2.5
Step: 4415488	Mean reward: 2.6875
Step: 4423680	Mean reward: -20.21875
Step: 4431872	Mean reward: 0.0
Step: 4440064	Mean reward: 0.0
Step: 4448256	Mean reward: 0.0
Step: 4456448	Mean reward: 261.5625
Step: 4464640	Mean reward: 0.15625
Step: 4472832	Mean reward: 2.5
Step: 4481024	Mean reward: 3.25
Step: 4489216	Mean reward: 1.0
Step: 4497408	Mean reward: 0.625
Step: 4505600	Mean reward: 0.0
Step: 4513792	Mean reward: 0.625
Step: 4521984	Mean reward: 1.7437498569488525
Step: 4530176	Mean reward: 1.375
Step: 4538368	Mean reward: 4.375
Step: 4546560	Mean reward: 4.5625
Step: 4554752	Mean reward: -14.0
Step: 4562944	Mean reward: 0.0
Step: 4571136	Mean reward: 0.0
Step: 4579328	Mean reward: 0.0
Step: 4587520	Mean reward: 134.375
Step: 4595712	Mean reward: 0.875
Step: 4603904	Mean reward: 3.4375
Step: 4612096	Mean reward: 1.375
Step: 4620288	Mean reward: 7.96875
Step: 4628480	Mean reward: 2.3125
Step: 4636672	Mean reward: 0.0
Step: 4644864	Mean reward: 1.4375
Step: 4653056	Mean reward: 1.403749942779541
Step: 4661248	Mean reward: 0.03125
Step: 4669440	Mean reward: 6.875
Step: 4677632	Mean reward: 3.1875
Step: 4685824	Mean reward: -6.21875
Step: 4694016	Mean reward: 0.0
Step: 4702208	Mean reward: 19.375
Step: 4710400	Mean reward: 0.0
Step: 4718592	Mean reward: 8.75
Step: 4726784	Mean reward: 0.71875
Step: 4734976	Mean reward: 0.3125
Step: 4743168	Mean reward: 4.75
Step: 4751360	Mean reward: 1.15625
Step: 4759552	Mean reward: 0.875
Step: 4767744	Mean reward: 0.0625
Step: 4775936	Mean reward: 0.625
Step: 4784128	Mean reward: 1.6774998903274536
Step: 4792320	Mean reward: 1.3125
Step: 4800512	Mean reward: 9.0625
Step: 4808704	Mean reward: 1.125
Step: 4816896	Mean reward: 1.03125
Step: 4825088	Mean reward: 2.1875
Step: 4833280	Mean reward: 2.5
Step: 4841472	Mean reward: 0.0
Step: 4849664	Mean reward: 0.0
Step: 4857856	Mean reward: 1.0625
Step: 4866048	Mean reward: 13.75
Step: 4874240	Mean reward: 3.375
Step: 4882432	Mean reward: 13.21875
Step: 4890624	Mean reward: 0.0
Step: 4898816	Mean reward: 0.34375
Step: 4907008	Mean reward: 0.40625
Step: 4915200	Mean reward: 1.4024999141693115
Step: 4923392	Mean reward: 0.40625
Step: 4931584	Mean reward: 0.0
Step: 4939776	Mean reward: 0.625
Step: 4947968	Mean reward: 0.9912500381469727
Step: 4956160	Mean reward: 0.40625
Step: 4964352	Mean reward: 0.0
Step: 4972544	Mean reward: 4.6875
Step: 4980736	Mean reward: 0.4375
Step: 4988928	Mean reward: 0.0
Step: 4997120	Mean reward: 2560.0
Step: 5005312	Mean reward: 5.3125
Step: 5013504	Mean reward: 9.375
Step: 5021696	Mean reward: 2.65625
Step: 5029888	Mean reward: 4.375
Step: 5038080	Mean reward: 1.9375
Step: 5046272	Mean reward: 8.59375
Step: 5054464	Mean reward: 0.375
Step: 5062656	Mean reward: 0.0
Step: 5070848	Mean reward: 1.25
Step: 5079040	Mean reward: 1.7362498044967651
Step: 5087232	Mean reward: 1.03125
Step: 5095424	Mean reward: 7.1875
Step: 5103616	Mean reward: 3.0
Step: 5111808	Mean reward: -21.90625
Step: 5120000	Mean reward: 0.0
Step: 5128192	Mean reward: 5.625
Step: 5136384	Mean reward: 0.0
Step: 5144576	Mean reward: 0.0
Step: 5152768	Mean reward: 0.5
Step: 5160960	Mean reward: 0.0
Step: 5169152	Mean reward: 4.375
Step: 5177344	Mean reward: 2.96875
Step: 5185536	Mean reward: 2.59375
Step: 5193728	Mean reward: 0.0
Step: 5201920	Mean reward: 0.09375
Step: 5210112	Mean reward: 1.8774998188018799
Step: 5218304	Mean reward: 2.3125
Step: 5226496	Mean reward: 5.3125
Step: 5234688	Mean reward: 3.875
Step: 5242880	Mean reward: -19.65625
Step: 5251072	Mean reward: 0.0
Step: 5259264	Mean reward: 0.0
Step: 5267456	Mean reward: 0.0
Step: 5275648	Mean reward: 307.5
Step: 5283840	Mean reward: 0.03125
Step: 5292032	Mean reward: 2.1875
Step: 5300224	Mean reward: 3.15625
Step: 5308416	Mean reward: 0.8125
Step: 5316608	Mean reward: 0.625
Step: 5324800	Mean reward: 0.03125
Step: 5332992	Mean reward: 0.625
Step: 5341184	Mean reward: 1.7249999046325684
Step: 5349376	Mean reward: 2.75
Step: 5357568	Mean reward: 7.1875
Step: 5365760	Mean reward: 4.0
Step: 5373952	Mean reward: -13.15625
Step: 5382144	Mean reward: 0.0
Step: 5390336	Mean reward: 0.0
Step: 5398528	Mean reward: 0.0
Step: 5406720	Mean reward: 159.0625
Step: 5414912	Mean reward: 0.90625
Step: 5423104	Mean reward: 3.75
Step: 5431296	Mean reward: 1.53125
Step: 5439488	Mean reward: 7.46875
Step: 5447680	Mean reward: 2.34375
Step: 5455872	Mean reward: 0.0
Step: 5464064	Mean reward: 1.25
Step: 5472256	Mean reward: 1.3224999904632568
Step: 5480448	Mean reward: 0.0625
Step: 5488640	Mean reward: 10.9375
Step: 5496832	Mean reward: 3.5
Step: 5505024	Mean reward: -5.03125
Step: 5513216	Mean reward: 0.0
Step: 5521408	Mean reward: 24.0625
Step: 5529600	Mean reward: 0.0
Step: 5537792	Mean reward: 9.375
Step: 5545984	Mean reward: 0.875
Step: 5554176	Mean reward: 1.5625
Step: 5562368	Mean reward: 3.78125
Step: 5570560	Mean reward: 1.0625
Step: 5578752	Mean reward: 0.9375
Step: 5586944	Mean reward: 0.03125
Step: 5595136	Mean reward: 0.3125
Step: 5603328	Mean reward: 1.6375000476837158
Step: 5611520	Mean reward: 2.4375
Step: 5619712	Mean reward: 8.75
Step: 5627904	Mean reward: 1.0
Step: 5636096	Mean reward: 0.84375
Step: 5644288	Mean reward: 3.125
Step: 5652480	Mean reward: 1.25
Step: 5660672	Mean reward: 0.0
Step: 5668864	Mean reward: 0.3125
Step: 5677056	Mean reward: 1.03125
Step: 5685248	Mean reward: 18.125
Step: 5693440	Mean reward: 3.53125
Step: 5701632	Mean reward: 14.1875
Step: 5709824	Mean reward: 0.0
Step: 5718016	Mean reward: 0.0
Step: 5726208	Mean reward: 0.71875
Step: 5734400	Mean reward: 1.3174999952316284
Step: 5742592	Mean reward: 0.59375
Step: 5750784	Mean reward: 0.0
Step: 5758976	Mean reward: 0.625
Step: 5767168	Mean reward: 0.9562499523162842
Step: 5775360	Mean reward: 0.46875
Step: 5783552	Mean reward: 0.0
Step: 5791744	Mean reward: 4.0
Step: 5799936	Mean reward: 0.59375
Step: 5808128	Mean reward: 0.0
Step: 5816320	Mean reward: 2560.0
Step: 5824512	Mean reward: 5.625
Step: 5832704	Mean reward: 9.0625
Step: 5840896	Mean reward: 2.53125
Step: 5849088	Mean reward: 5.3125
Step: 5857280	Mean reward: 1.8125
Step: 5865472	Mean reward: 8.875
Step: 5873664	Mean reward: 0.1875
Step: 5881856	Mean reward: 0.0
Step: 5890048	Mean reward: 0.625
Step: 5898240	Mean reward: 1.6262497901916504
Step: 5906432	Mean reward: 0.34375
Step: 5914624	Mean reward: 7.5
Step: 5922816	Mean reward: 3.125
Step: 5931008	Mean reward: -21.21875
Step: 5939200	Mean reward: 0.0
Step: 5947392	Mean reward: 3.75
Step: 5955584	Mean reward: 0.0
Step: 5963776	Mean reward: 0.0
Step: 5971968	Mean reward: 0.40625
Step: 5980160	Mean reward: 0.0
Step: 5988352	Mean reward: 4.5625
Step: 5996544	Mean reward: 2.84375
Step: 6004736	Mean reward: 2.5
Step: 6012928	Mean reward: 0.0
Step: 6021120	Mean reward: 0.09375
Step: 6029312	Mean reward: 1.8824999332427979
Step: 6037504	Mean reward: 2.90625
Step: 6045696	Mean reward: 6.5625
Step: 6053888	Mean reward: 3.75
Step: 6062080	Mean reward: -18.15625
Step: 6070272	Mean reward: 0.3125
Step: 6078464	Mean reward: 0.0
Step: 6086656	Mean reward: 0.0
Step: 6094848	Mean reward: 333.75
Step: 6103040	Mean reward: 0.03125
Step: 6111232	Mean reward: 2.5
Step: 6119424	Mean reward: 2.78125
Step: 6127616	Mean reward: 0.53125
Step: 6135808	Mean reward: 0.5625
Step: 6144000	Mean reward: 0.0
Step: 6152192	Mean reward: 0.3125
Step: 6160384	Mean reward: 1.7324999570846558
Step: 6168576	Mean reward: 1.375
Step: 6176768	Mean reward: 7.8125
Step: 6184960	Mean reward: 3.625
Step: 6193152	Mean reward: -12.46875
Step: 6201344	Mean reward: 0.0
Step: 6209536	Mean reward: 0.0
Step: 6217728	Mean reward: 0.0
Step: 6225920	Mean reward: 172.1875
Step: 6234112	Mean reward: 0.90625
Step: 6242304	Mean reward: 4.6875
Step: 6250496	Mean reward: 1.53125
Step: 6258688	Mean reward: 7.34375
Step: 6266880	Mean reward: 2.34375
Step: 6275072	Mean reward: 0.0
Step: 6283264	Mean reward: 0.625
Step: 6291456	Mean reward: 1.3287498950958252
Step: 6299648	Mean reward: 0.0625
Step: 6307840	Mean reward: 11.25
Step: 6316032	Mean reward: 4.0
Step: 6324224	Mean reward: -5.0625
Step: 6332416	Mean reward: 0.0
Step: 6340608	Mean reward: 25.625
Step: 6348800	Mean reward: 0.0
Step: 6356992	Mean reward: 8.4375
Step: 6365184	Mean reward: 1.15625
Step: 6373376	Mean reward: 0.9375
Step: 6381568	Mean reward: 4.21875
Step: 6389760	Mean reward: 1.03125
Step: 6397952	Mean reward: 0.90625
Step: 6406144	Mean reward: 0.03125
Step: 6414336	Mean reward: 0.0
Step: 6422528	Mean reward: 1.774999976158142
Step: 6430720	Mean reward: 3.34375
Step: 6438912	Mean reward: 6.875
Step: 6447104	Mean reward: 1.1875
Step: 6455296	Mean reward: 0.9375
Step: 6463488	Mean reward: 3.4375
Step: 6471680	Mean reward: 1.5625
Step: 6479872	Mean reward: 0.0
Step: 6488064	Mean reward: 0.0
Step: 6496256	Mean reward: 0.96875
Step: 6504448	Mean reward: 17.8125
Step: 6512640	Mean reward: 3.5625
Step: 6520832	Mean reward: 13.3125
Step: 6529024	Mean reward: 0.0
Step: 6537216	Mean reward: 0.0
Step: 6545408	Mean reward: 0.0
Step: 6553600	Mean reward: 1.3049999475479126
Step: 6561792	Mean reward: 0.5625
Step: 6569984	Mean reward: 0.0
Step: 6578176	Mean reward: 0.9375
Step: 6586368	Mean reward: 0.9874999523162842
Step: 6594560	Mean reward: 0.625
Step: 6602752	Mean reward: 0.0
Step: 6610944	Mean reward: 3.875
Step: 6619136	Mean reward: 0.5
Step: 6627328	Mean reward: 0.0
Step: 6635520	Mean reward: 2560.0
Step: 6643712	Mean reward: 3.75
Step: 6651904	Mean reward: 10.625
Step: 6660096	Mean reward: 2.59375
Step: 6668288	Mean reward: 6.875
Step: 6676480	Mean reward: 1.71875
Step: 6684672	Mean reward: 8.65625
Step: 6692864	Mean reward: 0.1875
Step: 6701056	Mean reward: 0.0
Step: 6709248	Mean reward: 1.5625
Step: 6717440	Mean reward: 1.7262498140335083
Step: 6725632	Mean reward: 1.03125
Step: 6733824	Mean reward: 9.6875
Step: 6742016	Mean reward: 2.875
Step: 6750208	Mean reward: -21.90625
Step: 6758400	Mean reward: 0.0
Step: 6766592	Mean reward: 4.0625
Step: 6774784	Mean reward: 0.3125
Step: 6782976	Mean reward: 0.0
Step: 6791168	Mean reward: 0.4375
Step: 6799360	Mean reward: 0.0
Step: 6807552	Mean reward: 4.625
Step: 6815744	Mean reward: 2.6875
Step: 6823936	Mean reward: 2.34375
Step: 6832128	Mean reward: 0.0
Step: 6840320	Mean reward: 0.09375
Step: 6848512	Mean reward: 1.774999976158142
Step: 6856704	Mean reward: 3.125
Step: 6864896	Mean reward: 7.8125
Step: 6873088	Mean reward: 3.6875
Step: 6881280	Mean reward: -18.78125
Step: 6889472	Mean reward: 0.0
Step: 6897664	Mean reward: 0.625
Step: 6905856	Mean reward: 0.0
Step: 6914048	Mean reward: 344.6875
Step: 6922240	Mean reward: 0.0625
Step: 6930432	Mean reward: 3.4375
Step: 6938624	Mean reward: 2.5
Step: 6946816	Mean reward: 1.15625
Step: 6955008	Mean reward: 0.15625
Step: 6963200	Mean reward: 0.0
Step: 6971392	Mean reward: 1.25
Step: 6979584	Mean reward: 1.684999942779541
Step: 6987776	Mean reward: 2.40625
Step: 6995968	Mean reward: 8.75
Step: 7004160	Mean reward: 4.25
Step: 7012352	Mean reward: -12.125
Step: 7020544	Mean reward: 0.0
Step: 7028736	Mean reward: 0.0
Step: 7036928	Mean reward: 0.0
Step: 7045120	Mean reward: 179.0625
Step: 7053312	Mean reward: 0.84375
Step: 7061504	Mean reward: 6.5625
Step: 7069696	Mean reward: 1.5
Step: 7077888	Mean reward: 7.40625
Step: 7086080	Mean reward: 2.28125
Step: 7094272	Mean reward: 0.0
Step: 7102464	Mean reward: 1.4375
Step: 7110656	Mean reward: 1.3337500095367432
Step: 7118848	Mean reward: 0.03125
Step: 7127040	Mean reward: 12.5
Step: 7135232	Mean reward: 3.75
Step: 7143424	Mean reward: -5.21875
Step: 7151616	Mean reward: 0.0
Step: 7159808	Mean reward: 26.875
Step: 7168000	Mean reward: 0.0
Step: 7176192	Mean reward: 7.8125
Step: 7184384	Mean reward: 1.0625
Step: 7192576	Mean reward: 1.25
Step: 7200768	Mean reward: 4.8125
Step: 7208960	Mean reward: 1.34375
Step: 7217152	Mean reward: 0.96875
Step: 7225344	Mean reward: 0.03125
Step: 7233536	Mean reward: 0.3125
Step: 7241728	Mean reward: 1.623749852180481
Step: 7249920	Mean reward: 1.40625
Step: 7258112	Mean reward: 10.9375
Step: 7266304	Mean reward: 1.0
Step: 7274496	Mean reward: 0.53125
Step: 7282688	Mean reward: 2.5
Step: 7290880	Mean reward: 1.25
Step: 7299072	Mean reward: 0.0
Step: 7307264	Mean reward: 0.0
Step: 7315456	Mean reward: 0.96875
Step: 7323648	Mean reward: 19.6875
Step: 7331840	Mean reward: 3.84375
Step: 7340032	Mean reward: 13.09375
Step: 7348224	Mean reward: 0.0
Step: 7356416	Mean reward: 0.6875
Step: 7364608	Mean reward: 0.3125
Step: 7372800	Mean reward: 1.3249998092651367
Step: 7380992	Mean reward: 0.53125
Step: 7389184	Mean reward: 0.0
Step: 7397376	Mean reward: 0.9375
Step: 7405568	Mean reward: 0.9712499976158142
Step: 7413760	Mean reward: 0.5625
Step: 7421952	Mean reward: 0.0
Step: 7430144	Mean reward: 4.0625
Step: 7438336	Mean reward: 0.4375
Step: 7446528	Mean reward: 0.3125
Step: 7454720	Mean reward: 2560.0
Step: 7462912	Mean reward: 3.4375
Step: 7471104	Mean reward: 11.25
Step: 7479296	Mean reward: 2.5625
Step: 7487488	Mean reward: 8.125
Step: 7495680	Mean reward: 1.8125
Step: 7503872	Mean reward: 8.03125
Step: 7512064	Mean reward: 0.1875
Step: 7520256	Mean reward: 0.0
Step: 7528448	Mean reward: 2.1875
Step: 7536640	Mean reward: 1.6924998760223389
Step: 7544832	Mean reward: 1.71875
Step: 7553024	Mean reward: 12.1875
Step: 7561216	Mean reward: 2.625
Step: 7569408	Mean reward: -22.59375
Step: 7577600	Mean reward: 0.0
Step: 7585792	Mean reward: 3.4375
Step: 7593984	Mean reward: 0.625
Step: 7602176	Mean reward: 0.0
Step: 7610368	Mean reward: 0.3125
Step: 7618560	Mean reward: 0.0
Step: 7626752	Mean reward: 4.3125
Step: 7634944	Mean reward: 2.21875
Step: 7643136	Mean reward: 2.3125
Step: 7651328	Mean reward: 0.0
Step: 7659520	Mean reward: 0.09375
Step: 7667712	Mean reward: 1.6899999380111694
Step: 7675904	Mean reward: 2.53125
Step: 7684096	Mean reward: 7.8125
Step: 7692288	Mean reward: 3.875
Step: 7700480	Mean reward: -18.53125
Step: 7708672	Mean reward: 0.0
Step: 7716864	Mean reward: 0.0
Step: 7725056	Mean reward: 0.0
Step: 7733248	Mean reward: 318.4375
Step: 7741440	Mean reward: 0.09375
Step: 7749632	Mean reward: 4.0625
Step: 7757824	Mean reward: 2.53125
Step: 7766016	Mean reward: 0.875
Step: 7774208	Mean reward: 0.4375
Step: 7782400	Mean reward: 0.0
Step: 7790592	Mean reward: 1.5625
Step: 7798784	Mean reward: 1.7337498664855957
Step: 7806976	Mean reward: 2.0625
Step: 7815168	Mean reward: 10.625
Step: 7823360	Mean reward: 3.25
Step: 7831552	Mean reward: -11.5625
Step: 7839744	Mean reward: 0.0
Step: 7847936	Mean reward: 0.0
Step: 7856128	Mean reward: 0.0
Step: 7864320	Mean reward: 214.0625
Step: 7872512	Mean reward: 0.90625
Step: 7880704	Mean reward: 7.8125
Step: 7888896	Mean reward: 1.53125
Step: 7897088	Mean reward: 6.78125
Step: 7905280	Mean reward: 2.28125
Step: 7913472	Mean reward: 0.0
Step: 7921664	Mean reward: 1.875
Step: 7929856	Mean reward: 1.3862498998641968
Step: 7938048	Mean reward: 0.0625
Step: 7946240	Mean reward: 16.875
Step: 7954432	Mean reward: 3.1875
Step: 7962624	Mean reward: -4.625
Step: 7970816	Mean reward: 0.0
Step: 7979008	Mean reward: 29.6875
Step: 7987200	Mean reward: 0.0
Step: 7995392	Mean reward: 4.0625
Step: 8003584	Mean reward: 0.84375
Step: 8011776	Mean reward: 1.875
Step: 8019968	Mean reward: 4.75
Step: 8028160	Mean reward: 1.6875
Step: 8036352	Mean reward: 0.9375
Step: 8044544	Mean reward: 0.03125
Step: 8052736	Mean reward: 0.3125
Step: 8060928	Mean reward: 1.7087498903274536
Step: 8069120	Mean reward: 1.96875
Step: 8077312	Mean reward: 12.8125
Step: 8085504	Mean reward: 1.4375
Step: 8093696	Mean reward: 0.5625
Step: 8101888	Mean reward: 2.8125
Step: 8110080	Mean reward: 0.3125
Step: 8118272	Mean reward: 0.0
Step: 8126464	Mean reward: 0.0
Step: 8134656	Mean reward: 0.96875
Step: 8142848	Mean reward: 24.375
Step: 8151040	Mean reward: 3.625
Step: 8159232	Mean reward: 11.96875
Step: 8167424	Mean reward: 0.0
Step: 8175616	Mean reward: 0.0
Step: 8183808	Mean reward: 0.3125
Step: 8192000	Mean reward: 1.3199999332427979
Step: 8200192	Mean reward: 0.8125
Step: 8208384	Mean reward: 0.0
Step: 8216576	Mean reward: 0.625
Step: 8224768	Mean reward: 0.8487499356269836
Step: 8232960	Mean reward: 0.6875
Step: 8241152	Mean reward: 0.0
Step: 8249344	Mean reward: 4.25
Step: 8257536	Mean reward: 0.59375
Step: 8265728	Mean reward: 0.0
Step: 8273920	Mean reward: 2560.0
Step: 8282112	Mean reward: 3.4375
Step: 8290304	Mean reward: 10.0
Step: 8298496	Mean reward: 2.53125
Step: 8306688	Mean reward: 8.75
Step: 8314880	Mean reward: 1.75
Step: 8323072	Mean reward: 7.90625
Step: 8331264	Mean reward: 0.15625
Step: 8339456	Mean reward: 0.0
Step: 8347648	Mean reward: 0.9375
Step: 8355840	Mean reward: 1.7362498044967651
Step: 8364032	Mean reward: 1.71875
Step: 8372224	Mean reward: 11.25
Step: 8380416	Mean reward: 2.9375
Step: 8388608	Mean reward: -23.0
Step: 8396800	Mean reward: 0.0
Step: 8404992	Mean reward: 2.1875
Step: 8413184	Mean reward: 0.0
Step: 8421376	Mean reward: 0.0
Step: 8429568	Mean reward: 0.46875
Step: 8437760	Mean reward: 0.0
Step: 8445952	Mean reward: 4.71875
Step: 8454144	Mean reward: 2.4375
Step: 8462336	Mean reward: 2.5
Step: 8470528	Mean reward: 0.0
Step: 8478720	Mean reward: 0.1875
Step: 8486912	Mean reward: 1.8024998903274536
Step: 8495104	Mean reward: 1.0625
Step: 8503296	Mean reward: 8.75
Step: 8511488	Mean reward: 3.375
Step: 8519680	Mean reward: -18.21875
Step: 8527872	Mean reward: 0.0
Step: 8536064	Mean reward: 0.0
Step: 8544256	Mean reward: 0.0
Step: 8552448	Mean reward: 358.75
Step: 8560640	Mean reward: 0.03125
Step: 8568832	Mean reward: 3.75
Step: 8577024	Mean reward: 2.8125
Step: 8585216	Mean reward: 0.6875
Step: 8593408	Mean reward: 0.34375
Step: 8601600	Mean reward: 0.0
Step: 8609792	Mean reward: 0.9375
Step: 8617984	Mean reward: 1.6512500047683716
Step: 8626176	Mean reward: 1.375
Step: 8634368	Mean reward: 12.8125
Step: 8642560	Mean reward: 2.8125
Step: 8650752	Mean reward: -11.0625
Step: 8658944	Mean reward: 0.0
Step: 8667136	Mean reward: 0.0
Step: 8675328	Mean reward: 0.0
Step: 8683520	Mean reward: 229.6875
Step: 8691712	Mean reward: 0.84375
Step: 8699904	Mean reward: 7.1875
Step: 8708096	Mean reward: 1.5625
Step: 8716288	Mean reward: 5.8125
Step: 8724480	Mean reward: 2.3125
Step: 8732672	Mean reward: 0.0
Step: 8740864	Mean reward: 1.34375
Step: 8749056	Mean reward: 1.3874999284744263
Step: 8757248	Mean reward: 0.03125
Step: 8765440	Mean reward: 18.125
Step: 8773632	Mean reward: 3.3125
Step: 8781824	Mean reward: -4.46875
Step: 8790016	Mean reward: 0.0
Step: 8798208	Mean reward: 33.75
Step: 8806400	Mean reward: 0.0
Step: 8814592	Mean reward: 2.8125
Step: 8822784	Mean reward: 0.75
Step: 8830976	Mean reward: 1.25
Step: 8839168	Mean reward: 4.75
Step: 8847360	Mean reward: 0.84375
Step: 8855552	Mean reward: 1.03125
Step: 8863744	Mean reward: 0.03125
Step: 8871936	Mean reward: 0.0
Step: 8880128	Mean reward: 1.7249999046325684
Step: 8888320	Mean reward: 2.28125
Step: 8896512	Mean reward: 11.25
Step: 8904704	Mean reward: 1.3125
Step: 8912896	Mean reward: 0.4375
Step: 8921088	Mean reward: 3.75
Step: 8929280	Mean reward: 0.3125
Step: 8937472	Mean reward: 0.0
Step: 8945664	Mean reward: 0.0
Step: 8953856	Mean reward: 0.96875
Step: 8962048	Mean reward: 25.3125
Step: 8970240	Mean reward: 3.8125
Step: 8978432	Mean reward: 12.3125
Step: 8986624	Mean reward: 0.0
Step: 8994816	Mean reward: 0.34375
Step: 9003008	Mean reward: 0.09375
Step: 9011200	Mean reward: 1.2887498140335083
Step: 9019392	Mean reward: 0.875
Step: 9027584	Mean reward: 0.0
Step: 9035776	Mean reward: 0.3125
Step: 9043968	Mean reward: 0.84375
Step: 9052160	Mean reward: 0.75
Step: 9060352	Mean reward: 0.0
Step: 9068544	Mean reward: 3.6875
Step: 9076736	Mean reward: 0.21875
Step: 9084928	Mean reward: 0.0
Step: 9093120	Mean reward: 2560.0
Step: 9101312	Mean reward: 3.4375
Step: 9109504	Mean reward: 5.3125
Step: 9117696	Mean reward: 2.125
Step: 9125888	Mean reward: 9.6875
Step: 9134080	Mean reward: 1.625
Step: 9142272	Mean reward: 7.25
Step: 9150464	Mean reward: 0.1875
Step: 9158656	Mean reward: 0.0
Step: 9166848	Mean reward: 0.9375
Step: 9175040	Mean reward: 1.7312498092651367
Step: 9183232	Mean reward: 0.0
Step: 9191424	Mean reward: 13.75
Step: 9199616	Mean reward: 2.625
Step: 9207808	Mean reward: -23.6875
Step: 9216000	Mean reward: 0.0
Step: 9224192	Mean reward: 2.5
Step: 9232384	Mean reward: 0.0
Step: 9240576	Mean reward: 0.0
Step: 9248768	Mean reward: 0.3125
Step: 9256960	Mean reward: 0.0
Step: 9265152	Mean reward: 4.78125
Step: 9273344	Mean reward: 1.15625
Step: 9281536	Mean reward: 2.34375
Step: 9289728	Mean reward: 0.0
Step: 9297920	Mean reward: 0.1875
Step: 9306112	Mean reward: 1.6774998903274536
Step: 9314304	Mean reward: 3.28125
Step: 9322496	Mean reward: 10.0
Step: 9330688	Mean reward: 3.6875
Step: 9338880	Mean reward: -17.84375
Step: 9347072	Mean reward: 0.0
Step: 9355264	Mean reward: 0.0
Step: 9363456	Mean reward: 0.0
Step: 9371648	Mean reward: 466.5625
Step: 9379840	Mean reward: 0.03125
Step: 9388032	Mean reward: 5.3125
Step: 9396224	Mean reward: 2.875
Step: 9404416	Mean reward: 0.5625
Step: 9412608	Mean reward: 0.09375
Step: 9420800	Mean reward: 0.0
Step: 9428992	Mean reward: 1.25
Step: 9437184	Mean reward: 1.652499794960022
Step: 9445376	Mean reward: 3.4375
Step: 9453568	Mean reward: 15.3125
Step: 9461760	Mean reward: 2.5
Step: 9469952	Mean reward: -9.9375
Step: 9478144	Mean reward: 0.0
Step: 9486336	Mean reward: 0.0
Step: 9494528	Mean reward: 0.0
Step: 9502720	Mean reward: 269.375
Step: 9510912	Mean reward: 0.78125
Step: 9519104	Mean reward: 9.375
Step: 9527296	Mean reward: 1.59375
Step: 9535488	Mean reward: 5.65625
Step: 9543680	Mean reward: 2.1875
Step: 9551872	Mean reward: 0.0
Step: 9560064	Mean reward: 0.625
Step: 9568256	Mean reward: 1.4362499713897705
Step: 9576448	Mean reward: 0.03125
Step: 9584640	Mean reward: 18.125
Step: 9592832	Mean reward: 3.9375
Step: 9601024	Mean reward: -3.71875
Step: 9609216	Mean reward: 0.0
Step: 9617408	Mean reward: 31.5625
Step: 9625600	Mean reward: 0.0
Step: 9633792	Mean reward: 5.0
Step: 9641984	Mean reward: 0.65625
Step: 9650176	Mean reward: 1.25
Step: 9658368	Mean reward: 4.75
Step: 9666560	Mean reward: 0.6875
Step: 9674752	Mean reward: 1.03125
Step: 9682944	Mean reward: 0.0625
Step: 9691136	Mean reward: 0.0
Step: 9699328	Mean reward: 1.7249999046325684
Step: 9707520	Mean reward: 1.875
Step: 9715712	Mean reward: 13.75
Step: 9723904	Mean reward: 1.5625
Step: 9732096	Mean reward: 0.34375
Step: 9740288	Mean reward: 5.0
Step: 9748480	Mean reward: 0.3125
Step: 9756672	Mean reward: 0.0
Step: 9764864	Mean reward: 0.0
Step: 9773056	Mean reward: 0.84375
Step: 9781248	Mean reward: 26.875
Step: 9789440	Mean reward: 3.90625
Step: 9797632	Mean reward: 12.65625
Step: 9805824	Mean reward: 0.0
Step: 9814016	Mean reward: 0.6875
Step: 9822208	Mean reward: 0.0
Step: 9830400	Mean reward: 1.2887499332427979
Step: 9838592	Mean reward: 0.8125
Step: 9846784	Mean reward: 0.0
Step: 9854976	Mean reward: 0.0
Step: 9863168	Mean reward: 0.7850000262260437
Step: 9871360	Mean reward: 0.78125
Step: 9879552	Mean reward: 0.0
Step: 9887744	Mean reward: 4.375
Step: 9895936	Mean reward: 0.3125
Step: 9904128	Mean reward: 0.0
Step: 9912320	Mean reward: 2560.0
Step: 9920512	Mean reward: 2.8125
Step: 9928704	Mean reward: 5.0
Step: 9936896	Mean reward: 2.15625
Step: 9945088	Mean reward: 9.6875
Step: 9953280	Mean reward: 1.6875
Step: 9961472	Mean reward: 7.46875
Step: 9969664	Mean reward: 0.1875
Step: 9977856	Mean reward: 0.0
Step: 9986048	Mean reward: 1.5625
Step: 9994240	Mean reward: 1.7212499380111694
Step: 10002432	Mean reward: 0.34375
Step: 10010624	Mean reward: 13.125
Step: 10018816	Mean reward: 3.1875
Step: 10027008	Mean reward: -23.375
Step: 10035200	Mean reward: 0.0
Step: 10043392	Mean reward: 2.8125
Step: 10051584	Mean reward: 0.0
Step: 10059776	Mean reward: 0.0
Step: 10067968	Mean reward: 0.1875
Step: 10076160	Mean reward: 0.0
Step: 10084352	Mean reward: 5.0
Step: 10092544	Mean reward: 1.34375
Step: 10100736	Mean reward: 2.40625
Step: 10108928	Mean reward: 0.0
Step: 10117120	Mean reward: 0.0
Step: 10125312	Mean reward: 1.5825001001358032
Step: 10133504	Mean reward: 2.84375
Step: 10141696	Mean reward: 9.6875
Step: 10149888	Mean reward: 3.3125
Step: 10158080	Mean reward: -18.5625
Step: 10166272	Mean reward: 0.0
Step: 10174464	Mean reward: 0.0
Step: 10182656	Mean reward: 0.0
Step: 10190848	Mean reward: 360.9375
Step: 10199040	Mean reward: 0.0
Step: 10207232	Mean reward: 3.125
Step: 10215424	Mean reward: 2.875
Step: 10223616	Mean reward: 0.78125
Step: 10231808	Mean reward: 0.28125
Step: 10240000	Mean reward: 0.0
Step: 10248192	Mean reward: 0.9375
Step: 10256384	Mean reward: 1.6724998950958252
Step: 10264576	Mean reward: 2.75
Step: 10272768	Mean reward: 12.1875
Step: 10280960	Mean reward: 2.5
Step: 10289152	Mean reward: -10.53125
Step: 10297344	Mean reward: 0.0
Step: 10305536	Mean reward: 0.0
Step: 10313728	Mean reward: 0.0
Step: 10321920	Mean reward: 238.4375
Step: 10330112	Mean reward: 0.84375
Step: 10338304	Mean reward: 8.75
Step: 10346496	Mean reward: 1.625
Step: 10354688	Mean reward: 5.46875
Step: 10362880	Mean reward: 2.375
Step: 10371072	Mean reward: 0.0
Step: 10379264	Mean reward: 0.71875
Step: 10387456	Mean reward: 1.3212498426437378
Step: 10395648	Mean reward: 0.0
Step: 10403840	Mean reward: 17.8125
Step: 10412032	Mean reward: 2.875
Step: 10420224	Mean reward: -5.5
Step: 10428416	Mean reward: 0.0
Step: 10436608	Mean reward: 31.5625
Step: 10444800	Mean reward: 0.0
Step: 10452992	Mean reward: 4.6875
Step: 10461184	Mean reward: 0.6875
Step: 10469376	Mean reward: 2.1875
Step: 10477568	Mean reward: 4.28125
Step: 10485760	Mean reward: 0.3125
Step: 10493952	Mean reward: 1.03125
Step: 10502144	Mean reward: 0.03125
Step: 10510336	Mean reward: 0.0
Step: 10518528	Mean reward: 1.6324999332427979
Step: 10526720	Mean reward: 2.1875
Step: 10534912	Mean reward: 13.4375
Step: 10543104	Mean reward: 1.5625
Step: 10551296	Mean reward: 0.53125
Step: 10559488	Mean reward: 3.4375
Step: 10567680	Mean reward: 0.3125
Step: 10575872	Mean reward: 0.0
Step: 10584064	Mean reward: 0.0
Step: 10592256	Mean reward: 0.96875
Step: 10600448	Mean reward: 26.25
Step: 10608640	Mean reward: 4.09375
Step: 10616832	Mean reward: 12.1875
Step: 10625024	Mean reward: 0.0
Step: 10633216	Mean reward: 0.6875
Step: 10641408	Mean reward: 0.1875
Step: 10649600	Mean reward: 1.28249990940094
Step: 10657792	Mean reward: 0.90625
Step: 10665984	Mean reward: 0.0
Step: 10674176	Mean reward: 0.625
Step: 10682368	Mean reward: 0.8812500238418579
Step: 10690560	Mean reward: 0.6875
Step: 10698752	Mean reward: 0.0
Step: 10706944	Mean reward: 3.625
Step: 10715136	Mean reward: 0.25
Step: 10723328	Mean reward: 0.0
Step: 10731520	Mean reward: 2560.0
Step: 10739712	Mean reward: 3.4375
Step: 10747904	Mean reward: 6.875
Step: 10756096	Mean reward: 2.21875
Step: 10764288	Mean reward: 10.0
Step: 10772480	Mean reward: 1.9375
Step: 10780672	Mean reward: 7.9375
Step: 10788864	Mean reward: 0.03125
Step: 10797056	Mean reward: 0.0
Step: 10805248	Mean reward: 1.25
Step: 10813440	Mean reward: 1.6924998760223389
Step: 10821632	Mean reward: 0.0
Step: 10829824	Mean reward: 13.75
Step: 10838016	Mean reward: 2.875
Step: 10846208	Mean reward: -23.375
Step: 10854400	Mean reward: 0.0
Step: 10862592	Mean reward: 2.8125
Step: 10870784	Mean reward: 0.0
Step: 10878976	Mean reward: 0.0
Step: 10887168	Mean reward: 0.21875
Step: 10895360	Mean reward: 0.0
Step: 10903552	Mean reward: 4.78125
Step: 10911744	Mean reward: 1.84375
Step: 10919936	Mean reward: 2.625
Step: 10928128	Mean reward: 0.0
Step: 10936320	Mean reward: 0.0
Step: 10944512	Mean reward: 1.7074998617172241
Step: 10952704	Mean reward: 2.5
Step: 10960896	Mean reward: 11.5625
Step: 10969088	Mean reward: 3.875
Step: 10977280	Mean reward: -18.09375
Step: 10985472	Mean reward: 0.0
Step: 10993664	Mean reward: 0.0
Step: 11001856	Mean reward: 0.0
Step: 11010048	Mean reward: 399.375
Step: 11018240	Mean reward: 0.0
Step: 11026432	Mean reward: 5.625
Step: 11034624	Mean reward: 2.875
Step: 11042816	Mean reward: 0.71875
Step: 11051008	Mean reward: 0.21875
Step: 11059200	Mean reward: 0.0
Step: 11067392	Mean reward: 0.9375
Step: 11075584	Mean reward: 1.711249828338623
Step: 11083776	Mean reward: 2.40625
Step: 11091968	Mean reward: 15.3125
Step: 11100160	Mean reward: 2.125
Step: 11108352	Mean reward: -9.5625
Step: 11116544	Mean reward: 0.0
Step: 11124736	Mean reward: 0.0
Step: 11132928	Mean reward: 0.0
Step: 11141120	Mean reward: 244.6875
Step: 11149312	Mean reward: 0.9375
Step: 11157504	Mean reward: 7.1875
Step: 11165696	Mean reward: 1.59375
Step: 11173888	Mean reward: 5.125
Step: 11182080	Mean reward: 2.125
Step: 11190272	Mean reward: 0.0
Step: 11198464	Mean reward: 2.1875
Step: 11206656	Mean reward: 1.2687499523162842
Step: 11214848	Mean reward: 0.0
Step: 11223040	Mean reward: 17.5
Step: 11231232	Mean reward: 3.0625
Step: 11239424	Mean reward: -4.5
Step: 11247616	Mean reward: 0.0
Step: 11255808	Mean reward: 32.8125
Step: 11264000	Mean reward: 0.0
Step: 11272192	Mean reward: 2.1875
Step: 11280384	Mean reward: 0.625
Step: 11288576	Mean reward: 1.875
Step: 11296768	Mean reward: 4.625
Step: 11304960	Mean reward: 0.125
Step: 11313152	Mean reward: 1.0
Step: 11321344	Mean reward: 0.0
Step: 11329536	Mean reward: 0.0
Step: 11337728	Mean reward: 1.6387499570846558
Step: 11345920	Mean reward: 2.53125
Step: 11354112	Mean reward: 12.1875
Step: 11362304	Mean reward: 1.6875
Step: 11370496	Mean reward: 0.375
Step: 11378688	Mean reward: 3.75
Step: 11386880	Mean reward: 0.3125
Step: 11395072	Mean reward: 0.0
Step: 11403264	Mean reward: 0.0
Step: 11411456	Mean reward: 0.96875
Step: 11419648	Mean reward: 26.5625
Step: 11427840	Mean reward: 3.84375
Step: 11436032	Mean reward: 11.625
Step: 11444224	Mean reward: 0.0
Step: 11452416	Mean reward: 0.0
Step: 11460608	Mean reward: 0.09375
Step: 11468800	Mean reward: 1.2462499141693115
Step: 11476992	Mean reward: 0.96875
Step: 11485184	Mean reward: 0.0
Step: 11493376	Mean reward: 0.3125
Step: 11501568	Mean reward: 0.8400000333786011
Step: 11509760	Mean reward: 0.59375
Step: 11517952	Mean reward: 0.0
Step: 11526144	Mean reward: 4.1875
Step: 11534336	Mean reward: 0.34375
Step: 11542528	Mean reward: 0.0
Step: 11550720	Mean reward: 2560.0
Step: 11558912	Mean reward: 2.5
Step: 11567104	Mean reward: 5.625
Step: 11575296	Mean reward: 2.25
Step: 11583488	Mean reward: 8.4375
Step: 11591680	Mean reward: 1.84375
Step: 11599872	Mean reward: 6.9375
Step: 11608064	Mean reward: 0.0625
Step: 11616256	Mean reward: 0.0
Step: 11624448	Mean reward: 1.25
Step: 11632640	Mean reward: 1.7524999380111694
Step: 11640832	Mean reward: 0.34375
Step: 11649024	Mean reward: 11.5625
Step: 11657216	Mean reward: 3.5625
Step: 11665408	Mean reward: -22.875
Step: 11673600	Mean reward: 0.0
Step: 11681792	Mean reward: 2.5
Step: 11689984	Mean reward: 0.3125
Step: 11698176	Mean reward: 0.0
Step: 11706368	Mean reward: 0.25
Step: 11714560	Mean reward: 0.0
Step: 11722752	Mean reward: 4.9375
Step: 11730944	Mean reward: 2.0625
Step: 11739136	Mean reward: 2.59375
Step: 11747328	Mean reward: 0.0
Step: 11755520	Mean reward: 0.09375
Step: 11763712	Mean reward: 1.7487499713897705
Step: 11771904	Mean reward: 2.5625
Step: 11780096	Mean reward: 10.625
Step: 11788288	Mean reward: 3.625
Step: 11796480	Mean reward: -17.84375
Step: 11804672	Mean reward: 0.0
Step: 11812864	Mean reward: 0.0
Step: 11821056	Mean reward: 0.0
Step: 11829248	Mean reward: 395.0
Step: 11837440	Mean reward: 0.0
Step: 11845632	Mean reward: 4.6875
Step: 11853824	Mean reward: 2.9375
Step: 11862016	Mean reward: 0.78125
Step: 11870208	Mean reward: 0.375
Step: 11878400	Mean reward: 0.0
Step: 11886592	Mean reward: 0.3125
Step: 11894784	Mean reward: 1.6849998235702515
Step: 11902976	Mean reward: 2.40625
Step: 11911168	Mean reward: 12.8125
Step: 11919360	Mean reward: 2.875
Step: 11927552	Mean reward: -10.40625
Step: 11935744	Mean reward: 0.0
Step: 11943936	Mean reward: 0.0
Step: 11952128	Mean reward: 0.0
Step: 11960320	Mean reward: 249.0625
Step: 11968512	Mean reward: 1.03125
Step: 11976704	Mean reward: 7.1875
Step: 11984896	Mean reward: 1.65625
Step: 11993088	Mean reward: 5.28125
Step: 12001280	Mean reward: 2.5
Step: 12009472	Mean reward: 0.0
Step: 12017664	Mean reward: 1.03125
Step: 12025856	Mean reward: 1.2937499284744263
Step: 12034048	Mean reward: 0.0
Step: 12042240	Mean reward: 16.875
Step: 12050432	Mean reward: 3.0
Step: 12058624	Mean reward: -5.03125
Step: 12066816	Mean reward: 0.0
Step: 12075008	Mean reward: 35.9375
Step: 12083200	Mean reward: 0.0
Step: 12091392	Mean reward: 4.0625
Step: 12099584	Mean reward: 0.75
Step: 12107776	Mean reward: 2.1875
Step: 12115968	Mean reward: 4.6875
Step: 12124160	Mean reward: 0.21875
Step: 12132352	Mean reward: 1.0
Step: 12140544	Mean reward: 0.09375
Step: 12148736	Mean reward: 0.0
Step: 12156928	Mean reward: 1.6537498235702515
Step: 12165120	Mean reward: 1.875
Step: 12173312	Mean reward: 12.5
Step: 12181504	Mean reward: 1.5625
Step: 12189696	Mean reward: 0.4375
Step: 12197888	Mean reward: 3.125
Step: 12206080	Mean reward: 0.3125
Step: 12214272	Mean reward: 0.0
Step: 12222464	Mean reward: 0.0
Step: 12230656	Mean reward: 0.96875
Step: 12238848	Mean reward: 26.5625
Step: 12247040	Mean reward: 3.90625
Step: 12255232	Mean reward: 11.375
Step: 12263424	Mean reward: 0.0
Step: 12271616	Mean reward: 0.0
Step: 12279808	Mean reward: 0.28125
Step: 12288000	Mean reward: 1.2274999618530273
Step: 12296192	Mean reward: 0.9375
Step: 12304384	Mean reward: 0.0
Step: 12312576	Mean reward: 0.0
Step: 12320768	Mean reward: 0.8237499594688416
Step: 12328960	Mean reward: 0.59375
Step: 12337152	Mean reward: 0.0
Step: 12345344	Mean reward: 4.6875
Step: 12353536	Mean reward: 0.5625
Step: 12361728	Mean reward: 0.0
Step: 12369920	Mean reward: 2560.0
Step: 12378112	Mean reward: 2.5
Step: 12386304	Mean reward: 8.125
Step: 12394496	Mean reward: 2.28125
Step: 12402688	Mean reward: 6.5625
Step: 12410880	Mean reward: 2.03125
Step: 12419072	Mean reward: 7.78125
Step: 12427264	Mean reward: 0.03125
Step: 12435456	Mean reward: 0.0
Step: 12443648	Mean reward: 0.9375
Step: 12451840	Mean reward: 1.648749828338623
Step: 12460032	Mean reward: 2.40625
Step: 12468224	Mean reward: 13.75
Step: 12476416	Mean reward: 3.375
Step: 12484608	Mean reward: -22.71875
Step: 12492800	Mean reward: 0.0
Step: 12500992	Mean reward: 3.4375
Step: 12509184	Mean reward: 0.625
Step: 12517376	Mean reward: 0.0
Step: 12525568	Mean reward: 0.59375
Step: 12533760	Mean reward: 0.0
Step: 12541952	Mean reward: 4.90625
Step: 12550144	Mean reward: 2.40625
Step: 12558336	Mean reward: 2.6875
Step: 12566528	Mean reward: 0.0
Step: 12574720	Mean reward: 0.09375
Step: 12582912	Mean reward: 1.7874999046325684
Step: 12591104	Mean reward: 2.5
Step: 12599296	Mean reward: 8.125
Step: 12607488	Mean reward: 3.125
Step: 12615680	Mean reward: -19.21875
Step: 12623872	Mean reward: 0.625
Step: 12632064	Mean reward: 0.0
Step: 12640256	Mean reward: 0.0
Step: 12648448	Mean reward: 380.9375
Step: 12656640	Mean reward: 0.0
Step: 12664832	Mean reward: 3.75
Step: 12673024	Mean reward: 3.0625
Step: 12681216	Mean reward: 0.71875
Step: 12689408	Mean reward: 0.5
Step: 12697600	Mean reward: 0.0
Step: 12705792	Mean reward: 0.625
Step: 12713984	Mean reward: 1.7125000953674316
Step: 12722176	Mean reward: 4.46875
Step: 12730368	Mean reward: 10.625
Step: 12738560	Mean reward: 3.125
Step: 12746752	Mean reward: -11.46875
Step: 12754944	Mean reward: 0.0
Step: 12763136	Mean reward: 0.0
Step: 12771328	Mean reward: 0.0
Step: 12779520	Mean reward: 228.125
Step: 12787712	Mean reward: 0.90625
Step: 12795904	Mean reward: 9.0625
Step: 12804096	Mean reward: 1.625
Step: 12812288	Mean reward: 5.1875
Step: 12820480	Mean reward: 2.3125
Step: 12828672	Mean reward: 0.0
Step: 12836864	Mean reward: 1.34375
Step: 12845056	Mean reward: 1.3312498331069946
Step: 12853248	Mean reward: 0.0625
Step: 12861440	Mean reward: 15.9375
Step: 12869632	Mean reward: 3.125
Step: 12877824	Mean reward: -3.6875
Step: 12886016	Mean reward: 0.0
Step: 12894208	Mean reward: 33.4375
Step: 12902400	Mean reward: 0.0
Step: 12910592	Mean reward: 5.0
Step: 12918784	Mean reward: 1.0
Step: 12926976	Mean reward: 1.5625
Step: 12935168	Mean reward: 4.71875
Step: 12943360	Mean reward: 0.4375
Step: 12951552	Mean reward: 1.0
Step: 12959744	Mean reward: 0.0625
Step: 12967936	Mean reward: 0.0
Step: 12976128	Mean reward: 1.5812499523162842
Step: 12984320	Mean reward: 1.09375
Step: 12992512	Mean reward: 11.875
Step: 13000704	Mean reward: 2.0
Step: 13008896	Mean reward: 0.5625
Step: 13017088	Mean reward: 3.4375
Step: 13025280	Mean reward: 0.9375
Step: 13033472	Mean reward: 0.0
Step: 13041664	Mean reward: 0.0
Step: 13049856	Mean reward: 1.03125
Step: 13058048	Mean reward: 26.5625
Step: 13066240	Mean reward: 3.15625
Step: 13074432	Mean reward: 11.75
Step: 13082624	Mean reward: 0.0
Step: 13090816	Mean reward: 0.0
Step: 13099008	Mean reward: 0.5
Step: 13107200	Mean reward: 1.2274998426437378
Step: 13115392	Mean reward: 0.84375
Step: 13123584	Mean reward: 0.0
Step: 13131776	Mean reward: 0.0
Step: 13139968	Mean reward: 0.9249999523162842
Step: 13148160	Mean reward: 0.625
Step: 13156352	Mean reward: 0.0
Step: 13164544	Mean reward: 3.75
Step: 13172736	Mean reward: 0.59375
Step: 13180928	Mean reward: 0.0
Step: 13189120	Mean reward: 2560.0
Step: 13197312	Mean reward: 2.8125
Step: 13205504	Mean reward: 8.75
Step: 13213696	Mean reward: 2.75
Step: 13221888	Mean reward: 7.8125
Step: 13230080	Mean reward: 1.875
Step: 13238272	Mean reward: 7.3125
Step: 13246464	Mean reward: 0.15625
Step: 13254656	Mean reward: 0.0
Step: 13262848	Mean reward: 1.25
Step: 13271040	Mean reward: 1.6974999904632568
Step: 13279232	Mean reward: 0.6875
Step: 13287424	Mean reward: 11.25
Step: 13295616	Mean reward: 2.5625
Step: 13303808	Mean reward: -23.375
Step: 13312000	Mean reward: 0.0
Step: 13320192	Mean reward: 3.75
Step: 13328384	Mean reward: 0.0
Step: 13336576	Mean reward: 0.0
Step: 13344768	Mean reward: 0.40625
Step: 13352960	Mean reward: 0.0
Step: 13361152	Mean reward: 4.84375
Step: 13369344	Mean reward: 2.375
Step: 13377536	Mean reward: 2.78125
Step: 13385728	Mean reward: 0.0
Step: 13393920	Mean reward: 0.28125
Step: 13402112	Mean reward: 1.8874999284744263
Step: 13410304	Mean reward: 2.75
Step: 13418496	Mean reward: 7.8125
Step: 13426688	Mean reward: 3.0
Step: 13434880	Mean reward: -18.9375
Step: 13443072	Mean reward: 0.3125
Step: 13451264	Mean reward: 0.3125
Step: 13459456	Mean reward: 0.0
Step: 13467648	Mean reward: 427.5
Step: 13475840	Mean reward: 0.03125
Step: 13484032	Mean reward: 4.375
Step: 13492224	Mean reward: 2.90625
Step: 13500416	Mean reward: 1.28125
Step: 13508608	Mean reward: 0.53125
Step: 13516800	Mean reward: 0.0
Step: 13524992	Mean reward: 0.625
Step: 13533184	Mean reward: 1.7049999237060547
Step: 13541376	Mean reward: 3.4375
Step: 13549568	Mean reward: 8.75
Step: 13557760	Mean reward: 2.9375
Step: 13565952	Mean reward: -11.40625
Step: 13574144	Mean reward: 0.0
Step: 13582336	Mean reward: 0.0
Step: 13590528	Mean reward: 0.0
Step: 13598720	Mean reward: 218.125
Step: 13606912	Mean reward: 0.875
Step: 13615104	Mean reward: 7.1875
Step: 13623296	Mean reward: 1.625
Step: 13631488	Mean reward: 4.9375
Step: 13639680	Mean reward: 2.125
Step: 13647872	Mean reward: 0.0
Step: 13656064	Mean reward: 1.65625
Step: 13664256	Mean reward: 1.2637499570846558
Step: 13672448	Mean reward: 0.0625
Step: 13680640	Mean reward: 13.125
Step: 13688832	Mean reward: 3.1875
Step: 13697024	Mean reward: -5.0
Step: 13705216	Mean reward: 0.0
Step: 13713408	Mean reward: 33.75
Step: 13721600	Mean reward: 0.0
Step: 13729792	Mean reward: 5.625
Step: 13737984	Mean reward: 1.0625
Step: 13746176	Mean reward: 1.25
Step: 13754368	Mean reward: 4.25
Step: 13762560	Mean reward: 0.21875
Step: 13770752	Mean reward: 1.0
Step: 13778944	Mean reward: 0.125
Step: 13787136	Mean reward: 0.0
Step: 13795328	Mean reward: 1.568750023841858
Step: 13803520	Mean reward: 1.4375
Step: 13811712	Mean reward: 10.3125
Step: 13819904	Mean reward: 1.5625
Step: 13828096	Mean reward: 0.53125
Step: 13836288	Mean reward: 3.4375
Step: 13844480	Mean reward: 0.9375
Step: 13852672	Mean reward: 0.0
Step: 13860864	Mean reward: 0.0
Step: 13869056	Mean reward: 1.0625
Step: 13877248	Mean reward: 22.8125
Step: 13885440	Mean reward: 3.9375
Step: 13893632	Mean reward: 10.90625
Step: 13901824	Mean reward: 0.0
Step: 13910016	Mean reward: 0.0
Step: 13918208	Mean reward: 0.375
Step: 13926400	Mean reward: 1.1987498998641968
Step: 13934592	Mean reward: 0.9375
Step: 13942784	Mean reward: 0.0
Step: 13950976	Mean reward: 0.0
Step: 13959168	Mean reward: 0.9599998593330383
Step: 13967360	Mean reward: 0.5625
Step: 13975552	Mean reward: 0.0
Step: 13983744	Mean reward: 3.8125
Step: 13991936	Mean reward: 0.40625
Step: 14000128	Mean reward: 0.0
Step: 14008320	Mean reward: 2560.0
Step: 14016512	Mean reward: 5.0
Step: 14024704	Mean reward: 8.75
Step: 14032896	Mean reward: 3.0625
Step: 14041088	Mean reward: 5.9375
Step: 14049280	Mean reward: 1.875
Step: 14057472	Mean reward: 7.03125
Step: 14065664	Mean reward: 0.09375
Step: 14073856	Mean reward: 0.0
Step: 14082048	Mean reward: 0.625
Step: 14090240	Mean reward: 1.7849998474121094
Step: 14098432	Mean reward: 1.375
Step: 14106624	Mean reward: 9.375
Step: 14114816	Mean reward: 3.0
Step: 14123008	Mean reward: -22.21875
Step: 14131200	Mean reward: 0.0
Step: 14139392	Mean reward: 5.3125
Step: 14147584	Mean reward: 0.0
Step: 14155776	Mean reward: 0.0
Step: 14163968	Mean reward: 0.40625
Step: 14172160	Mean reward: 0.0
Step: 14180352	Mean reward: 4.8125
Step: 14188544	Mean reward: 2.90625
Step: 14196736	Mean reward: 2.75
Step: 14204928	Mean reward: 0.0
Step: 14213120	Mean reward: 0.0
Step: 14221312	Mean reward: 1.8049999475479126
Step: 14229504	Mean reward: 1.78125
Step: 14237696	Mean reward: 7.5
Step: 14245888	Mean reward: 2.8125
Step: 14254080	Mean reward: -18.625
Step: 14262272	Mean reward: 0.3125
Step: 14270464	Mean reward: 0.0
Step: 14278656	Mean reward: 0.0
Step: 14286848	Mean reward: 388.4375
Step: 14295040	Mean reward: 0.03125
Step: 14303232	Mean reward: 3.75
Step: 14311424	Mean reward: 3.09375
Step: 14319616	Mean reward: 1.125
Step: 14327808	Mean reward: 0.59375
Step: 14336000	Mean reward: 0.0
Step: 14344192	Mean reward: 0.625
Step: 14352384	Mean reward: 1.7987499237060547
Step: 14360576	Mean reward: 3.09375
Step: 14368768	Mean reward: 7.1875
Step: 14376960	Mean reward: 3.5
Step: 14385152	Mean reward: -12.71875
Step: 14393344	Mean reward: 0.0
Step: 14401536	Mean reward: 0.0
Step: 14409728	Mean reward: 0.0
Step: 14417920	Mean reward: 198.125
Step: 14426112	Mean reward: 0.78125
Step: 14434304	Mean reward: 6.5625
Step: 14442496	Mean reward: 1.5625
Step: 14450688	Mean reward: 5.34375
Step: 14458880	Mean reward: 2.25
Step: 14467072	Mean reward: 0.0
Step: 14475264	Mean reward: 1.625
Step: 14483456	Mean reward: 1.3249999284744263
Step: 14491648	Mean reward: 0.4375
Step: 14499840	Mean reward: 12.5
Step: 14508032	Mean reward: 3.3125
Step: 14516224	Mean reward: -5.875
Step: 14524416	Mean reward: 0.0
Step: 14532608	Mean reward: 24.375
Step: 14540800	Mean reward: 0.0
Step: 14548992	Mean reward: 7.5
Step: 14557184	Mean reward: 1.125
Step: 14565376	Mean reward: 1.25
Step: 14573568	Mean reward: 4.4375
Step: 14581760	Mean reward: 0.4375
Step: 14589952	Mean reward: 0.96875
Step: 14598144	Mean reward: 0.46875
Step: 14606336	Mean reward: 0.0
Step: 14614528	Mean reward: 1.5874998569488525
Step: 14622720	Mean reward: 1.65625
Step: 14630912	Mean reward: 10.0
Step: 14639104	Mean reward: 1.875
Step: 14647296	Mean reward: 0.71875
Step: 14655488	Mean reward: 3.125
Step: 14663680	Mean reward: 1.5625
Step: 14671872	Mean reward: 0.0
Step: 14680064	Mean reward: 0.0
Step: 14688256	Mean reward: 1.09375
Step: 14696448	Mean reward: 25.625
Step: 14704640	Mean reward: 3.9375
Step: 14712832	Mean reward: 12.0625
Step: 14721024	Mean reward: 0.0
Step: 14729216	Mean reward: 0.0
Step: 14737408	Mean reward: 0.09375
Step: 14745600	Mean reward: 1.3237500190734863
Step: 14753792	Mean reward: 0.78125
Step: 14761984	Mean reward: 0.0
Step: 14770176	Mean reward: 0.0
Step: 14778368	Mean reward: 0.9287499189376831
Step: 14786560	Mean reward: 0.53125
Step: 14794752	Mean reward: 0.0
Step: 14802944	Mean reward: 3.6875
Step: 14811136	Mean reward: 0.375
Step: 14819328	Mean reward: 0.0
Step: 14827520	Mean reward: 2560.0
Step: 14835712	Mean reward: 4.375
Step: 14843904	Mean reward: 10.625
Step: 14852096	Mean reward: 2.65625
Step: 14860288	Mean reward: 6.25
Step: 14868480	Mean reward: 1.9375
Step: 14876672	Mean reward: 7.875
Step: 14884864	Mean reward: 0.28125
Step: 14893056	Mean reward: 0.0
Step: 14901248	Mean reward: 1.5625
Step: 14909440	Mean reward: 1.6962498426437378
Step: 14917632	Mean reward: 2.0625
Step: 14925824	Mean reward: 9.6875
Step: 14934016	Mean reward: 3.4375
Step: 14942208	Mean reward: -21.90625
Step: 14950400	Mean reward: 0.0
Step: 14958592	Mean reward: 5.625
Step: 14966784	Mean reward: 0.3125
Step: 14974976	Mean reward: 0.0
Step: 14983168	Mean reward: 0.375
Step: 14991360	Mean reward: 0.0
Step: 14999552	Mean reward: 4.9375
Step: 15007744	Mean reward: 2.875
Step: 15015936	Mean reward: 2.625
Step: 15024128	Mean reward: 0.0
Step: 15032320	Mean reward: 0.09375
Step: 15040512	Mean reward: 1.8499999046325684
Step: 15048704	Mean reward: 3.21875
Step: 15056896	Mean reward: 5.0
Step: 15065088	Mean reward: 3.0625
Step: 15073280	Mean reward: -18.84375
Step: 15081472	Mean reward: 0.3125
Step: 15089664	Mean reward: 0.0
Step: 15097856	Mean reward: 0.0
Step: 15106048	Mean reward: 383.125
Step: 15114240	Mean reward: 0.0625
Step: 15122432	Mean reward: 3.75
Step: 15130624	Mean reward: 2.65625
Step: 15138816	Mean reward: 1.0625
Step: 15147008	Mean reward: 0.5
Step: 15155200	Mean reward: 0.03125
Step: 15163392	Mean reward: 0.3125
Step: 15171584	Mean reward: 1.7337499856948853
Step: 15179776	Mean reward: 2.75
Step: 15187968	Mean reward: 6.25
Step: 15196160	Mean reward: 4.25
Step: 15204352	Mean reward: -13.46875
Step: 15212544	Mean reward: 0.0
Step: 15220736	Mean reward: 0.0
Step: 15228928	Mean reward: 0.0
Step: 15237120	Mean reward: 200.0
Step: 15245312	Mean reward: 0.90625
Step: 15253504	Mean reward: 6.25
Step: 15261696	Mean reward: 1.75
Step: 15269888	Mean reward: 5.0625
Step: 15278080	Mean reward: 2.28125
Step: 15286272	Mean reward: 0.0
Step: 15294464	Mean reward: 2.375
Step: 15302656	Mean reward: 1.2637499570846558
Step: 15310848	Mean reward: 0.09375
Step: 15319040	Mean reward: 12.1875
Step: 15327232	Mean reward: 3.5625
Step: 15335424	Mean reward: -6.53125
Step: 15343616	Mean reward: 0.0
Step: 15351808	Mean reward: 30.9375
Step: 15360000	Mean reward: 0.0
Step: 15368192	Mean reward: 7.1875
Step: 15376384	Mean reward: 1.09375
Step: 15384576	Mean reward: 0.9375
Step: 15392768	Mean reward: 4.375
Step: 15400960	Mean reward: 0.71875
Step: 15409152	Mean reward: 1.0
Step: 15417344	Mean reward: 0.40625
Step: 15425536	Mean reward: 0.0
Step: 15433728	Mean reward: 1.5712498426437378
Step: 15441920	Mean reward: 2.03125
Step: 15450112	Mean reward: 11.5625
Step: 15458304	Mean reward: 1.8125
Step: 15466496	Mean reward: 0.8125
Step: 15474688	Mean reward: 2.8125
Step: 15482880	Mean reward: 1.5625
Step: 15491072	Mean reward: 0.0
Step: 15499264	Mean reward: 0.0
Step: 15507456	Mean reward: 1.0625
Step: 15515648	Mean reward: 23.4375
Step: 15523840	Mean reward: 3.96875
Step: 15532032	Mean reward: 11.5
Step: 15540224	Mean reward: 0.0
Step: 15548416	Mean reward: 0.34375
Step: 15556608	Mean reward: 1.0
Step: 15564800	Mean reward: 1.3475000858306885
Step: 15572992	Mean reward: 0.9375
Step: 15581184	Mean reward: 0.0
Step: 15589376	Mean reward: 0.3125
Step: 15597568	Mean reward: 0.997499942779541
Step: 15605760	Mean reward: 0.46875
Step: 15613952	Mean reward: 0.0
Step: 15622144	Mean reward: 4.0625
Step: 15630336	Mean reward: 0.34375
Step: 15638528	Mean reward: 0.0
Step: 15646720	Mean reward: 2560.0
Step: 15654912	Mean reward: 4.0625
Step: 15663104	Mean reward: 8.125
Step: 15671296	Mean reward: 2.40625
Step: 15679488	Mean reward: 5.3125
Step: 15687680	Mean reward: 2.09375
Step: 15695872	Mean reward: 7.09375
Step: 15704064	Mean reward: 0.15625
Step: 15712256	Mean reward: 0.0
Step: 15720448	Mean reward: 1.25
Step: 15728640	Mean reward: 1.718749761581421
Step: 15736832	Mean reward: 1.71875
Step: 15745024	Mean reward: 9.0625
Step: 15753216	Mean reward: 4.0
Step: 15761408	Mean reward: -20.75
Step: 15769600	Mean reward: 0.0
Step: 15777792	Mean reward: 6.5625
Step: 15785984	Mean reward: 0.0
Step: 15794176	Mean reward: 0.0
Step: 15802368	Mean reward: 0.5625
Step: 15810560	Mean reward: 0.0
Step: 15818752	Mean reward: 5.15625
Step: 15826944	Mean reward: 3.375
Step: 15835136	Mean reward: 2.59375
Step: 15843328	Mean reward: 0.0
Step: 15851520	Mean reward: 0.09375
Step: 15859712	Mean reward: 1.9124999046325684
Step: 15867904	Mean reward: 2.8125
Step: 15876096	Mean reward: 5.9375
Step: 15884288	Mean reward: 2.8125
Step: 15892480	Mean reward: -18.625
Step: 15900672	Mean reward: 0.3125
Step: 15908864	Mean reward: 0.0
Step: 15917056	Mean reward: 0.0
Step: 15925248	Mean reward: 363.75
Step: 15933440	Mean reward: 0.0
Step: 15941632	Mean reward: 4.0625
Step: 15949824	Mean reward: 2.9375
Step: 15958016	Mean reward: 1.5
Step: 15966208	Mean reward: 0.625
Step: 15974400	Mean reward: 0.0625
Step: 15982592	Mean reward: 0.9375
Step: 15990784	Mean reward: 1.773749828338623
Step: 15998976	Mean reward: 1.03125
Step: 16007168	Mean reward: 8.125
Step: 16015360	Mean reward: 5.375
Step: 16023552	Mean reward: -13.8125
Step: 16031744	Mean reward: 0.0
Step: 16039936	Mean reward: 0.0
Step: 16048128	Mean reward: 0.0
Step: 16056320	Mean reward: 191.875
Step: 16064512	Mean reward: 0.875
Step: 16072704	Mean reward: 5.3125
Step: 16080896	Mean reward: 1.625
Step: 16089088	Mean reward: 5.59375
Step: 16097280	Mean reward: 2.34375
Step: 16105472	Mean reward: 0.0
Step: 16113664	Mean reward: 3.53125
Step: 16121856	Mean reward: 1.2887499332427979
Step: 16130048	Mean reward: 0.125
Step: 16138240	Mean reward: 11.5625
Step: 16146432	Mean reward: 3.1875
Step: 16154624	Mean reward: -6.4375
Step: 16162816	Mean reward: 0.0
Step: 16171008	Mean reward: 28.125
Step: 16179200	Mean reward: 0.0
Step: 16187392	Mean reward: 7.1875
Step: 16195584	Mean reward: 1.15625
Step: 16203776	Mean reward: 1.875
Step: 16211968	Mean reward: 4.4375
Step: 16220160	Mean reward: 0.46875
Step: 16228352	Mean reward: 0.96875
Step: 16236544	Mean reward: 0.03125
Step: 16244736	Mean reward: 0.0
Step: 16252928	Mean reward: 1.5062499046325684
Step: 16261120	Mean reward: 2.15625
Step: 16269312	Mean reward: 10.3125
Step: 16277504	Mean reward: 1.5
Step: 16285696	Mean reward: 1.125
Step: 16293888	Mean reward: 2.5
Step: 16302080	Mean reward: 1.875
Step: 16310272	Mean reward: 0.0
Step: 16318464	Mean reward: 0.0
Step: 16326656	Mean reward: 1.03125
Step: 16334848	Mean reward: 24.0625
Step: 16343040	Mean reward: 4.03125
Step: 16351232	Mean reward: 12.15625
Step: 16359424	Mean reward: 0.0
Step: 16367616	Mean reward: 0.34375
Step: 16375808	Mean reward: 0.5
Step: 16384000	Mean reward: 1.3287500143051147
Step: 16392192	Mean reward: 0.75
Step: 16400384	Mean reward: 0.0
Step: 16408576	Mean reward: 0.3125
Step: 16416768	Mean reward: 0.9737499356269836
Step: 16424960	Mean reward: 0.4375
Step: 16433152	Mean reward: 0.0
Step: 16441344	Mean reward: 4.75
Step: 16449536	Mean reward: 0.1875
Step: 16457728	Mean reward: 0.0
Step: 16465920	Mean reward: 2560.0
Step: 16474112	Mean reward: 2.8125
Step: 16482304	Mean reward: 8.4375
Step: 16490496	Mean reward: 2.5
Step: 16498688	Mean reward: 6.5625
Step: 16506880	Mean reward: 2.3125
Step: 16515072	Mean reward: 7.6875
Step: 16523264	Mean reward: 0.1875
Step: 16531456	Mean reward: 0.0
Step: 16539648	Mean reward: 1.5625
Step: 16547840	Mean reward: 1.7737499475479126
Step: 16556032	Mean reward: 1.375
Step: 16564224	Mean reward: 10.9375
Step: 16572416	Mean reward: 3.5
Step: 16580608	Mean reward: -21.03125
Step: 16588800	Mean reward: 0.0
Step: 16596992	Mean reward: 6.5625
Step: 16605184	Mean reward: 0.0
Step: 16613376	Mean reward: 0.0
Step: 16621568	Mean reward: 0.5625
Step: 16629760	Mean reward: 0.0
Step: 16637952	Mean reward: 5.375
Step: 16646144	Mean reward: 3.5625
Step: 16654336	Mean reward: 3.0625
Step: 16662528	Mean reward: 0.0
Step: 16670720	Mean reward: 0.1875
Step: 16678912	Mean reward: 1.821250081062317
Step: 16687104	Mean reward: 2.03125
Step: 16695296	Mean reward: 7.1875
Step: 16703488	Mean reward: 3.125
Step: 16711680	Mean reward: -19.625
Step: 16719872	Mean reward: 0.3125
Step: 16728064	Mean reward: 0.0
Step: 16736256	Mean reward: 0.0
Step: 16744448	Mean reward: 405.9375
Step: 16752640	Mean reward: 0.03125
Step: 16760832	Mean reward: 3.125
Step: 16769024	Mean reward: 3.21875
Step: 16777216	Mean reward: 1.875
Step: 16785408	Mean reward: 0.46875
Step: 16793600	Mean reward: 0.0
Step: 16801792	Mean reward: 1.5625
Step: 16809984	Mean reward: 1.7187498807907104
Step: 16818176	Mean reward: 0.6875
Step: 16826368	Mean reward: 4.375
Step: 16834560	Mean reward: 5.25
Step: 16842752	Mean reward: -18.59375
Step: 16850944	Mean reward: 0.0
Step: 16859136	Mean reward: 0.0
Step: 16867328	Mean reward: 0.0
Step: 16875520	Mean reward: 194.375
Step: 16883712	Mean reward: 0.84375
Step: 16891904	Mean reward: 7.5
Step: 16900096	Mean reward: 1.6875
Step: 16908288	Mean reward: 5.1875
Step: 16916480	Mean reward: 2.3125
Step: 16924672	Mean reward: 0.0
Step: 16932864	Mean reward: 1.125
Step: 16941056	Mean reward: 1.212499976158142
Step: 16949248	Mean reward: 0.46875
Step: 16957440	Mean reward: 11.25
Step: 16965632	Mean reward: 2.6875
Step: 16973824	Mean reward: -7.28125
Step: 16982016	Mean reward: 0.0
Step: 16990208	Mean reward: 22.5
Step: 16998400	Mean reward: 0.0
Step: 17006592	Mean reward: 6.25
Step: 17014784	Mean reward: 1.28125
Step: 17022976	Mean reward: 0.625
Step: 17031168	Mean reward: 5.0
Step: 17039360	Mean reward: 0.71875
Step: 17047552	Mean reward: 1.0
Step: 17055744	Mean reward: 0.03125
Step: 17063936	Mean reward: 0.0
Step: 17072128	Mean reward: 1.589999794960022
Step: 17080320	Mean reward: 2.0
Step: 17088512	Mean reward: 10.0
Step: 17096704	Mean reward: 1.375
Step: 17104896	Mean reward: 1.0625
Step: 17113088	Mean reward: 2.5
Step: 17121280	Mean reward: 2.8125
Step: 17129472	Mean reward: 0.0
Step: 17137664	Mean reward: 0.0
Step: 17145856	Mean reward: 1.03125
Step: 17154048	Mean reward: 16.875
Step: 17162240	Mean reward: 4.0625
Step: 17170432	Mean reward: 11.875
Step: 17178624	Mean reward: 0.0
Step: 17186816	Mean reward: 0.6875
Step: 17195008	Mean reward: 0.0
Step: 17203200	Mean reward: 1.3462499380111694
Step: 17211392	Mean reward: 0.84375
Step: 17219584	Mean reward: 0.09375
Step: 17227776	Mean reward: 0.3125
Step: 17235968	Mean reward: 1.0437499284744263
Step: 17244160	Mean reward: 0.46875
Step: 17252352	Mean reward: 0.0
Step: 17260544	Mean reward: 4.125
Step: 17268736	Mean reward: -0.03125
Step: 17276928	Mean reward: 0.0
Step: 17285120	Mean reward: 2560.0
Step: 17293312	Mean reward: 3.75
Step: 17301504	Mean reward: 5.625
Step: 17309696	Mean reward: 2.5625
Step: 17317888	Mean reward: 3.4375
Step: 17326080	Mean reward: 2.125
Step: 17334272	Mean reward: 7.875
Step: 17342464	Mean reward: 0.125
Step: 17350656	Mean reward: 0.0
Step: 17358848	Mean reward: 0.9375
Step: 17367040	Mean reward: 1.7624999284744263
Step: 17375232	Mean reward: 0.34375
Step: 17383424	Mean reward: 6.25
Step: 17391616	Mean reward: 4.25
Step: 17399808	Mean reward: -19.375
Step: 17408000	Mean reward: 0.0
Step: 17416192	Mean reward: 12.5
Step: 17424384	Mean reward: 0.0
Step: 17432576	Mean reward: 0.0
Step: 17440768	Mean reward: 0.78125
Step: 17448960	Mean reward: 0.0
Step: 17457152	Mean reward: 5.15625
Step: 17465344	Mean reward: 4.21875
Step: 17473536	Mean reward: 2.75
Step: 17481728	Mean reward: 0.0
Step: 17489920	Mean reward: 0.0
Step: 17498112	Mean reward: 1.842499852180481
Step: 17506304	Mean reward: 2.03125
Step: 17514496	Mean reward: 4.0625
Step: 17522688	Mean reward: 2.8125
Step: 17530880	Mean reward: -20.5625
Step: 17539072	Mean reward: 0.3125
Step: 17547264	Mean reward: 0.625
Step: 17555456	Mean reward: 0.0
Step: 17563648	Mean reward: 379.6875
Step: 17571840	Mean reward: 0.03125
Step: 17580032	Mean reward: 0.9375
Step: 17588224	Mean reward: 3.0625
Step: 17596416	Mean reward: 1.8125
Step: 17604608	Mean reward: 0.59375
Step: 17612800	Mean reward: 0.0
Step: 17620992	Mean reward: 0.3125
Step: 17629184	Mean reward: 1.7562497854232788
Step: 17637376	Mean reward: 1.03125
Step: 17645568	Mean reward: 5.0
Step: 17653760	Mean reward: 6.125
Step: 17661952	Mean reward: -16.84375
Step: 17670144	Mean reward: 0.0
Step: 17678336	Mean reward: 0.0
Step: 17686528	Mean reward: 0.0
Step: 17694720	Mean reward: 178.75
Step: 17702912	Mean reward: 0.78125
Step: 17711104	Mean reward: 5.9375
Step: 17719296	Mean reward: 1.75
Step: 17727488	Mean reward: 6.65625
Step: 17735680	Mean reward: 2.34375
Step: 17743872	Mean reward: 0.0
Step: 17752064	Mean reward: 2.8125
Step: 17760256	Mean reward: 1.2662498950958252
Step: 17768448	Mean reward: 0.0625
Step: 17776640	Mean reward: 10.0
Step: 17784832	Mean reward: 3.125
Step: 17793024	Mean reward: -7.0625
Step: 17801216	Mean reward: 0.0
Step: 17809408	Mean reward: 25.625
Step: 17817600	Mean reward: 0.0
Step: 17825792	Mean reward: 6.5625
Step: 17833984	Mean reward: 1.3125
Step: 17842176	Mean reward: 1.875
Step: 17850368	Mean reward: 4.46875
Step: 17858560	Mean reward: 0.75
Step: 17866752	Mean reward: 0.9375
Step: 17874944	Mean reward: 0.0
Step: 17883136	Mean reward: 0.0
Step: 17891328	Mean reward: 1.5862500667572021
Step: 17899520	Mean reward: 1.96875
Step: 17907712	Mean reward: 8.75
Step: 17915904	Mean reward: 1.8125
Step: 17924096	Mean reward: 1.1875
Step: 17932288	Mean reward: 1.875
Step: 17940480	Mean reward: 3.125
Step: 17948672	Mean reward: 0.0
Step: 17956864	Mean reward: 0.3125
Step: 17965056	Mean reward: 1.0
Step: 17973248	Mean reward: 7.8125
Step: 17981440	Mean reward: 4.34375
Step: 17989632	Mean reward: 11.375
Step: 17997824	Mean reward: 0.0
Step: 18006016	Mean reward: 0.34375
Step: 18014208	Mean reward: 0.1875
Step: 18022400	Mean reward: 1.3737499713897705
Step: 18030592	Mean reward: 0.65625
Step: 18038784	Mean reward: 0.0
Step: 18046976	Mean reward: 0.625
Step: 18055168	Mean reward: 1.0387499332427979
Step: 18063360	Mean reward: 0.5625
Step: 18071552	Mean reward: 0.0
Step: 18079744	Mean reward: 4.5625
Step: 18087936	Mean reward: 0.1875
Step: 18096128	Mean reward: 0.0
Step: 18104320	Mean reward: 2560.0
Step: 18112512	Mean reward: 4.375
Step: 18120704	Mean reward: 6.875
Step: 18128896	Mean reward: 2.625
Step: 18137088	Mean reward: 3.4375
Step: 18145280	Mean reward: 2.21875
Step: 18153472	Mean reward: 8.46875
Step: 18161664	Mean reward: 0.34375
Step: 18169856	Mean reward: 0.0
Step: 18178048	Mean reward: 1.5625
Step: 18186240	Mean reward: 1.809999942779541
Step: 18194432	Mean reward: 1.375
Step: 18202624	Mean reward: 5.0
Step: 18210816	Mean reward: 4.3125
Step: 18219008	Mean reward: -19.15625
Step: 18227200	Mean reward: 0.0
Step: 18235392	Mean reward: 14.375
Step: 18243584	Mean reward: 0.0
Step: 18251776	Mean reward: 0.0
Step: 18259968	Mean reward: 0.5625
Step: 18268160	Mean reward: 0.0
Step: 18276352	Mean reward: 4.9375
Step: 18284544	Mean reward: 4.75
Step: 18292736	Mean reward: 2.8125
Step: 18300928	Mean reward: 0.0
Step: 18309120	Mean reward: 0.0
Step: 18317312	Mean reward: 1.7099997997283936
Step: 18325504	Mean reward: 1.3125
Step: 18333696	Mean reward: 3.125
Step: 18341888	Mean reward: 2.6875
Step: 18350080	Mean reward: -20.3125
Step: 18358272	Mean reward: 0.3125
Step: 18366464	Mean reward: 0.3125
Step: 18374656	Mean reward: 0.0
Step: 18382848	Mean reward: 360.3125
Step: 18391040	Mean reward: 0.0
Step: 18399232	Mean reward: 2.1875
Step: 18407424	Mean reward: 3.875
Step: 18415616	Mean reward: 2.125
Step: 18423808	Mean reward: 0.90625
Step: 18432000	Mean reward: 0.03125
Step: 18440192	Mean reward: 0.625
Step: 18448384	Mean reward: 1.776249885559082
Step: 18456576	Mean reward: 1.71875
Step: 18464768	Mean reward: 4.375
Step: 18472960	Mean reward: 5.25
Step: 18481152	Mean reward: -15.03125
Step: 18489344	Mean reward: 0.0
Step: 18497536	Mean reward: 0.0
Step: 18505728	Mean reward: 0.0
Step: 18513920	Mean reward: 183.75
Step: 18522112	Mean reward: 0.75
Step: 18530304	Mean reward: 5.625
Step: 18538496	Mean reward: 1.71875
Step: 18546688	Mean reward: 6.1875
Step: 18554880	Mean reward: 2.34375
Step: 18563072	Mean reward: 0.0
Step: 18571264	Mean reward: 3.75
Step: 18579456	Mean reward: 1.308750033378601
Step: 18587648	Mean reward: 0.03125
Step: 18595840	Mean reward: 9.6875
Step: 18604032	Mean reward: 3.0625
Step: 18612224	Mean reward: -5.96875
Step: 18620416	Mean reward: 0.0
Step: 18628608	Mean reward: 22.8125
Step: 18636800	Mean reward: 0.0
Step: 18644992	Mean reward: 5.625
Step: 18653184	Mean reward: 0.96875
Step: 18661376	Mean reward: 0.9375
Step: 18669568	Mean reward: 5.09375
Step: 18677760	Mean reward: 0.90625
Step: 18685952	Mean reward: 0.9375
Step: 18694144	Mean reward: 0.0
Step: 18702336	Mean reward: 0.0
Step: 18710528	Mean reward: 1.617499828338623
Step: 18718720	Mean reward: 1.96875
Step: 18726912	Mean reward: 8.4375
Step: 18735104	Mean reward: 1.625
Step: 18743296	Mean reward: 1.21875
Step: 18751488	Mean reward: 2.5
Step: 18759680	Mean reward: 3.125
Step: 18767872	Mean reward: 0.0
Step: 18776064	Mean reward: 0.3125
Step: 18784256	Mean reward: 0.9375
Step: 18792448	Mean reward: 17.1875
Step: 18800640	Mean reward: 4.0625
Step: 18808832	Mean reward: 11.9375
Step: 18817024	Mean reward: 0.0
Step: 18825216	Mean reward: 0.6875
Step: 18833408	Mean reward: 0.3125
Step: 18841600	Mean reward: 1.3837499618530273
Step: 18849792	Mean reward: 0.59375
Step: 18857984	Mean reward: 0.0
Step: 18866176	Mean reward: 0.9375
Step: 18874368	Mean reward: 0.9424999952316284
Step: 18882560	Mean reward: 0.5625
Step: 18890752	Mean reward: 0.0
Step: 18898944	Mean reward: 4.8125
Step: 18907136	Mean reward: 0.46875
Step: 18915328	Mean reward: 0.0
Step: 18923520	Mean reward: 2560.0
Step: 18931712	Mean reward: 4.0625
Step: 18939904	Mean reward: 8.75
Step: 18948096	Mean reward: 2.1875
Step: 18956288	Mean reward: 6.25
Step: 18964480	Mean reward: 2.125
Step: 18972672	Mean reward: 7.71875
Step: 18980864	Mean reward: 0.25
Step: 18989056	Mean reward: 0.0
Step: 18997248	Mean reward: 1.25
Step: 19005440	Mean reward: 1.677499771118164
Step: 19013632	Mean reward: 1.375
Step: 19021824	Mean reward: 8.125
Step: 19030016	Mean reward: 4.125
Step: 19038208	Mean reward: -20.09375
Step: 19046400	Mean reward: 0.0
Step: 19054592	Mean reward: 11.875
Step: 19062784	Mean reward: 0.0
Step: 19070976	Mean reward: 0.0
Step: 19079168	Mean reward: 0.625
Step: 19087360	Mean reward: 0.0
Step: 19095552	Mean reward: 4.75
Step: 19103744	Mean reward: 2.6875
Step: 19111936	Mean reward: 2.3125
Step: 19120128	Mean reward: 0.0
Step: 19128320	Mean reward: 0.0
Step: 19136512	Mean reward: 1.7612497806549072
Step: 19144704	Mean reward: 2.09375
Step: 19152896	Mean reward: 4.375
Step: 19161088	Mean reward: 2.375
Step: 19169280	Mean reward: -21.40625
Step: 19177472	Mean reward: 0.3125
Step: 19185664	Mean reward: 0.9375
Step: 19193856	Mean reward: 0.0
Step: 19202048	Mean reward: 330.625
Step: 19210240	Mean reward: 0.09375
Step: 19218432	Mean reward: 1.5625
Step: 19226624	Mean reward: 3.28125
Step: 19234816	Mean reward: 1.09375
Step: 19243008	Mean reward: 0.5625
Step: 19251200	Mean reward: 0.0625
Step: 19259392	Mean reward: 1.25
Step: 19267584	Mean reward: 1.8062498569488525
Step: 19275776	Mean reward: 1.03125
Step: 19283968	Mean reward: 5.625
Step: 19292160	Mean reward: 4.9375
Step: 19300352	Mean reward: -15.1875
Step: 19308544	Mean reward: 0.0
Step: 19316736	Mean reward: 0.0
Step: 19324928	Mean reward: 0.0
Step: 19333120	Mean reward: 171.5625
Step: 19341312	Mean reward: 0.71875
Step: 19349504	Mean reward: 6.875
Step: 19357696	Mean reward: 1.78125
Step: 19365888	Mean reward: 7.6875
Step: 19374080	Mean reward: 2.5
Step: 19382272	Mean reward: 0.0
Step: 19390464	Mean reward: 3.75
Step: 19398656	Mean reward: 1.3649998903274536
Step: 19406848	Mean reward: 0.125
Step: 19415040	Mean reward: 9.0625
Step: 19423232	Mean reward: 2.875
Step: 19431424	Mean reward: -6.25
Step: 19439616	Mean reward: 0.0
Step: 19447808	Mean reward: 24.375
Step: 19456000	Mean reward: 0.0
Step: 19464192	Mean reward: 6.25
Step: 19472384	Mean reward: 0.8125
Step: 19480576	Mean reward: 2.1875
Step: 19488768	Mean reward: 5.1875
Step: 19496960	Mean reward: 1.46875
Step: 19505152	Mean reward: 0.96875
Step: 19513344	Mean reward: 0.03125
Step: 19521536	Mean reward: 0.3125
Step: 19529728	Mean reward: 1.6524999141693115
Step: 19537920	Mean reward: 1.96875
Step: 19546112	Mean reward: 8.4375
Step: 19554304	Mean reward: 1.625
Step: 19562496	Mean reward: 1.1875
Step: 19570688	Mean reward: 2.1875
Step: 19578880	Mean reward: 3.125
Step: 19587072	Mean reward: 0.0
Step: 19595264	Mean reward: 0.3125
Step: 19603456	Mean reward: 1.09375
Step: 19611648	Mean reward: 13.75
Step: 19619840	Mean reward: 3.90625
Step: 19628032	Mean reward: 11.90625
Step: 19636224	Mean reward: 0.0
Step: 19644416	Mean reward: 1.03125
Step: 19652608	Mean reward: 0.09375
Step: 19660800	Mean reward: 1.403749942779541
Step: 19668992	Mean reward: 0.59375
Step: 19677184	Mean reward: 0.0
Step: 19685376	Mean reward: 0.9375
Step: 19693568	Mean reward: 0.9949999451637268
Step: 19701760	Mean reward: 0.4375
Step: 19709952	Mean reward: 0.0
Step: 19718144	Mean reward: 4.5625
Step: 19726336	Mean reward: 0.5625
Step: 19734528	Mean reward: 0.0
Step: 19742720	Mean reward: 2560.0
Step: 19750912	Mean reward: 5.9375
Step: 19759104	Mean reward: 11.5625
Step: 19767296	Mean reward: 2.40625
Step: 19775488	Mean reward: 6.875
Step: 19783680	Mean reward: 2.03125
Step: 19791872	Mean reward: 7.25
Step: 19800064	Mean reward: 0.34375
Step: 19808256	Mean reward: 0.0
Step: 19816448	Mean reward: 1.5625
Step: 19824640	Mean reward: 1.6475000381469727
Step: 19832832	Mean reward: 1.03125
Step: 19841024	Mean reward: 7.8125
Step: 19849216	Mean reward: 4.375
Step: 19857408	Mean reward: -19.21875
Step: 19865600	Mean reward: 0.0
Step: 19873792	Mean reward: 14.0625
Step: 19881984	Mean reward: 0.0
Step: 19890176	Mean reward: 0.0
Step: 19898368	Mean reward: 0.59375
Step: 19906560	Mean reward: 0.0
Step: 19914752	Mean reward: 5.15625
Step: 19922944	Mean reward: 2.09375
Step: 19931136	Mean reward: 1.59375
Step: 19939328	Mean reward: 0.0
Step: 19947520	Mean reward: 0.09375
Step: 19955712	Mean reward: 1.6737499237060547
Step: 19963904	Mean reward: 1.65625
Step: 19972096	Mean reward: 5.3125
Step: 19980288	Mean reward: 2.125
Step: 19988480	Mean reward: -21.0
Step: 19996672	Mean reward: 0.3125
Step: 20004864	Mean reward: 0.625
Completed training!
Average return: tensor(4.7293)
