Looking in links: https://download.pytorch.org/whl/cu113/torch_stable.html
Requirement already satisfied: torch==1.10.0+cu113 in /zhome/fa/4/127501/.local/lib/python3.7/site-packages (1.10.0+cu113)
Requirement already satisfied: torchvision==0.11.1+cu113 in /zhome/fa/4/127501/.local/lib/python3.7/site-packages (0.11.1+cu113)
Requirement already satisfied: torchaudio==0.10.0+cu113 in /zhome/fa/4/127501/.local/lib/python3.7/site-packages (0.10.0+cu113)
Requirement already satisfied: typing-extensions in /appl/python/3.7.11/lib/python3.7/site-packages (from torch==1.10.0+cu113) (3.10.0.0)
Requirement already satisfied: pillow!=8.3.0,>=5.3.0 in /zhome/fa/4/127501/.local/lib/python3.7/site-packages (from torchvision==0.11.1+cu113) (8.4.0)
Requirement already satisfied: numpy in /zhome/fa/4/127501/.local/lib/python3.7/site-packages (from torchvision==0.11.1+cu113) (1.21.4)
Requirement already satisfied: procgen in /zhome/fa/4/127501/.local/lib/python3.7/site-packages (0.10.4)
Requirement already satisfied: gym3<1.0.0,>=0.3.3 in /zhome/fa/4/127501/.local/lib/python3.7/site-packages (from procgen) (0.3.3)
Requirement already satisfied: filelock<4.0.0,>=3.0.0 in /appl/python/3.7.11/lib/python3.7/site-packages (from procgen) (3.0.12)
Requirement already satisfied: gym<1.0.0,>=0.15.0 in /zhome/fa/4/127501/.local/lib/python3.7/site-packages (from procgen) (0.21.0)
Requirement already satisfied: numpy<2.0.0,>=1.17.0 in /zhome/fa/4/127501/.local/lib/python3.7/site-packages (from procgen) (1.21.4)
Collecting importlib-metadata>=4.8.1
  Using cached importlib_metadata-4.8.2-py3-none-any.whl (17 kB)
Requirement already satisfied: cloudpickle>=1.2.0 in /zhome/fa/4/127501/.local/lib/python3.7/site-packages (from gym<1.0.0,>=0.15.0->procgen) (2.0.0)
Requirement already satisfied: cffi<2.0.0,>=1.13.0 in /zhome/fa/4/127501/.local/lib/python3.7/site-packages (from gym3<1.0.0,>=0.3.3->procgen) (1.15.0)
Requirement already satisfied: moderngl<6.0.0,>=5.5.4 in /zhome/fa/4/127501/.local/lib/python3.7/site-packages (from gym3<1.0.0,>=0.3.3->procgen) (5.6.4)
Requirement already satisfied: imageio-ffmpeg<0.4.0,>=0.3.0 in /zhome/fa/4/127501/.local/lib/python3.7/site-packages (from gym3<1.0.0,>=0.3.3->procgen) (0.3.0)
Requirement already satisfied: glfw<2.0.0,>=1.8.6 in /zhome/fa/4/127501/.local/lib/python3.7/site-packages (from gym3<1.0.0,>=0.3.3->procgen) (1.12.0)
Requirement already satisfied: imageio<3.0.0,>=2.6.0 in /zhome/fa/4/127501/.local/lib/python3.7/site-packages (from gym3<1.0.0,>=0.3.3->procgen) (2.10.3)
Requirement already satisfied: pycparser in /zhome/fa/4/127501/.local/lib/python3.7/site-packages (from cffi<2.0.0,>=1.13.0->gym3<1.0.0,>=0.3.3->procgen) (2.21)
Requirement already satisfied: pillow>=8.3.2 in /zhome/fa/4/127501/.local/lib/python3.7/site-packages (from imageio<3.0.0,>=2.6.0->gym3<1.0.0,>=0.3.3->procgen) (8.4.0)
Requirement already satisfied: typing-extensions>=3.6.4 in /appl/python/3.7.11/lib/python3.7/site-packages (from importlib-metadata>=4.8.1->gym<1.0.0,>=0.15.0->procgen) (3.10.0.0)
Requirement already satisfied: zipp>=0.5 in /appl/python/3.7.11/lib/python3.7/site-packages (from importlib-metadata>=4.8.1->gym<1.0.0,>=0.15.0->procgen) (3.5.0)
Requirement already satisfied: glcontext<3,>=2 in /zhome/fa/4/127501/.local/lib/python3.7/site-packages (from moderngl<6.0.0,>=5.5.4->gym3<1.0.0,>=0.3.3->procgen) (2.3.4)
Installing collected packages: importlib-metadata
Successfully installed importlib-metadata-4.8.2
Requirement already satisfied: imageio in /zhome/fa/4/127501/.local/lib/python3.7/site-packages (2.10.3)
Requirement already satisfied: numpy in /zhome/fa/4/127501/.local/lib/python3.7/site-packages (from imageio) (1.21.4)
Requirement already satisfied: pillow>=8.3.2 in /zhome/fa/4/127501/.local/lib/python3.7/site-packages (from imageio) (8.4.0)
Looking in links: https://download.pytorch.org/whl/cu113/torch_stable.html
Requirement already satisfied: torch==1.10.0+cu113 in /zhome/fa/4/127501/.local/lib/python3.7/site-packages (1.10.0+cu113)
Requirement already satisfied: torchvision==0.11.1+cu113 in /zhome/fa/4/127501/.local/lib/python3.7/site-packages (0.11.1+cu113)
Requirement already satisfied: torchaudio==0.10.0+cu113 in /zhome/fa/4/127501/.local/lib/python3.7/site-packages (0.10.0+cu113)
Requirement already satisfied: typing-extensions in /appl/python/3.7.11/lib/python3.7/site-packages (from torch==1.10.0+cu113) (3.10.0.0)
Requirement already satisfied: pillow!=8.3.0,>=5.3.0 in /zhome/fa/4/127501/.local/lib/python3.7/site-packages (from torchvision==0.11.1+cu113) (8.4.0)
Requirement already satisfied: numpy in /zhome/fa/4/127501/.local/lib/python3.7/site-packages (from torchvision==0.11.1+cu113) (1.21.4)
Requirement already satisfied: procgen in /zhome/fa/4/127501/.local/lib/python3.7/site-packages (0.10.4)
Requirement already satisfied: gym3<1.0.0,>=0.3.3 in /zhome/fa/4/127501/.local/lib/python3.7/site-packages (from procgen) (0.3.3)
Requirement already satisfied: filelock<4.0.0,>=3.0.0 in /appl/python/3.7.11/lib/python3.7/site-packages (from procgen) (3.0.12)
Requirement already satisfied: numpy<2.0.0,>=1.17.0 in /zhome/fa/4/127501/.local/lib/python3.7/site-packages (from procgen) (1.21.4)
Requirement already satisfied: gym<1.0.0,>=0.15.0 in /zhome/fa/4/127501/.local/lib/python3.7/site-packages (from procgen) (0.21.0)
Collecting importlib-metadata>=4.8.1
  Using cached importlib_metadata-4.8.2-py3-none-any.whl (17 kB)
Requirement already satisfied: cloudpickle>=1.2.0 in /zhome/fa/4/127501/.local/lib/python3.7/site-packages (from gym<1.0.0,>=0.15.0->procgen) (2.0.0)
Requirement already satisfied: imageio-ffmpeg<0.4.0,>=0.3.0 in /zhome/fa/4/127501/.local/lib/python3.7/site-packages (from gym3<1.0.0,>=0.3.3->procgen) (0.3.0)
Requirement already satisfied: imageio<3.0.0,>=2.6.0 in /zhome/fa/4/127501/.local/lib/python3.7/site-packages (from gym3<1.0.0,>=0.3.3->procgen) (2.10.3)
Requirement already satisfied: cffi<2.0.0,>=1.13.0 in /zhome/fa/4/127501/.local/lib/python3.7/site-packages (from gym3<1.0.0,>=0.3.3->procgen) (1.15.0)
Requirement already satisfied: glfw<2.0.0,>=1.8.6 in /zhome/fa/4/127501/.local/lib/python3.7/site-packages (from gym3<1.0.0,>=0.3.3->procgen) (1.12.0)
Requirement already satisfied: moderngl<6.0.0,>=5.5.4 in /zhome/fa/4/127501/.local/lib/python3.7/site-packages (from gym3<1.0.0,>=0.3.3->procgen) (5.6.4)
Requirement already satisfied: pycparser in /zhome/fa/4/127501/.local/lib/python3.7/site-packages (from cffi<2.0.0,>=1.13.0->gym3<1.0.0,>=0.3.3->procgen) (2.21)
Requirement already satisfied: pillow>=8.3.2 in /zhome/fa/4/127501/.local/lib/python3.7/site-packages (from imageio<3.0.0,>=2.6.0->gym3<1.0.0,>=0.3.3->procgen) (8.4.0)
Requirement already satisfied: typing-extensions>=3.6.4 in /appl/python/3.7.11/lib/python3.7/site-packages (from importlib-metadata>=4.8.1->gym<1.0.0,>=0.15.0->procgen) (3.10.0.0)
Requirement already satisfied: zipp>=0.5 in /appl/python/3.7.11/lib/python3.7/site-packages (from importlib-metadata>=4.8.1->gym<1.0.0,>=0.15.0->procgen) (3.5.0)
Requirement already satisfied: glcontext<3,>=2 in /zhome/fa/4/127501/.local/lib/python3.7/site-packages (from moderngl<6.0.0,>=5.5.4->gym3<1.0.0,>=0.3.3->procgen) (2.3.4)
Installing collected packages: importlib-metadata
Successfully installed importlib-metadata-4.8.2
Requirement already satisfied: imageio in /zhome/fa/4/127501/.local/lib/python3.7/site-packages (2.10.3)
Requirement already satisfied: numpy in /zhome/fa/4/127501/.local/lib/python3.7/site-packages (from imageio) (1.21.4)
Requirement already satisfied: pillow>=8.3.2 in /zhome/fa/4/127501/.local/lib/python3.7/site-packages (from imageio) (8.4.0)
Running script...
Observation space: (3, 64, 64)
Action space: 15
Step: 8192	Mean reward: 0.53125
Step: 16384	Mean reward: 0.0
Step: 24576	Mean reward: 2.5
Step: 32768	Mean reward: 0.8687499761581421
Step: 40960	Mean reward: 0.15625
Step: 49152	Mean reward: 0.0
Step: 57344	Mean reward: 2.5625
Step: 65536	Mean reward: 0.0
Step: 73728	Mean reward: 0.0
Step: 81920	Mean reward: 2560.0
Step: 90112	Mean reward: 22.5
Step: 98304	Mean reward: 1.875
Step: 106496	Mean reward: 0.625
Step: 114688	Mean reward: 4.375
Step: 122880	Mean reward: 1.625
Step: 131072	Mean reward: 8.40625
Step: 139264	Mean reward: 1.71875
Step: 147456	Mean reward: 0.0
Step: 155648	Mean reward: 11.25
Step: 163840	Mean reward: 0.8987500071525574
Step: 172032	Mean reward: 1.03125
