Looking in links: https://download.pytorch.org/whl/cu113/torch_stable.html
Requirement already satisfied: torch==1.10.0+cu113 in /zhome/fa/4/127501/.local/lib/python3.7/site-packages (1.10.0+cu113)
Requirement already satisfied: torchvision==0.11.1+cu113 in /zhome/fa/4/127501/.local/lib/python3.7/site-packages (0.11.1+cu113)
Requirement already satisfied: torchaudio==0.10.0+cu113 in /zhome/fa/4/127501/.local/lib/python3.7/site-packages (0.10.0+cu113)
Requirement already satisfied: typing-extensions in /appl/python/3.7.11/lib/python3.7/site-packages (from torch==1.10.0+cu113) (3.10.0.0)
Requirement already satisfied: numpy in /zhome/fa/4/127501/.local/lib/python3.7/site-packages (from torchvision==0.11.1+cu113) (1.21.4)
Requirement already satisfied: pillow!=8.3.0,>=5.3.0 in /zhome/fa/4/127501/.local/lib/python3.7/site-packages (from torchvision==0.11.1+cu113) (8.4.0)
Requirement already satisfied: procgen in /zhome/fa/4/127501/.local/lib/python3.7/site-packages (0.10.4)
Requirement already satisfied: numpy<2.0.0,>=1.17.0 in /zhome/fa/4/127501/.local/lib/python3.7/site-packages (from procgen) (1.21.4)
Requirement already satisfied: gym3<1.0.0,>=0.3.3 in /zhome/fa/4/127501/.local/lib/python3.7/site-packages (from procgen) (0.3.3)
Requirement already satisfied: gym<1.0.0,>=0.15.0 in /zhome/fa/4/127501/.local/lib/python3.7/site-packages (from procgen) (0.21.0)
Requirement already satisfied: filelock<4.0.0,>=3.0.0 in /appl/python/3.7.11/lib/python3.7/site-packages (from procgen) (3.0.12)
Requirement already satisfied: cloudpickle>=1.2.0 in /zhome/fa/4/127501/.local/lib/python3.7/site-packages (from gym<1.0.0,>=0.15.0->procgen) (2.0.0)
Collecting importlib-metadata>=4.8.1
  Using cached importlib_metadata-4.8.2-py3-none-any.whl (17 kB)
Requirement already satisfied: cffi<2.0.0,>=1.13.0 in /zhome/fa/4/127501/.local/lib/python3.7/site-packages (from gym3<1.0.0,>=0.3.3->procgen) (1.15.0)
Requirement already satisfied: moderngl<6.0.0,>=5.5.4 in /zhome/fa/4/127501/.local/lib/python3.7/site-packages (from gym3<1.0.0,>=0.3.3->procgen) (5.6.4)
Requirement already satisfied: imageio-ffmpeg<0.4.0,>=0.3.0 in /zhome/fa/4/127501/.local/lib/python3.7/site-packages (from gym3<1.0.0,>=0.3.3->procgen) (0.3.0)
Requirement already satisfied: glfw<2.0.0,>=1.8.6 in /zhome/fa/4/127501/.local/lib/python3.7/site-packages (from gym3<1.0.0,>=0.3.3->procgen) (1.12.0)
Requirement already satisfied: imageio<3.0.0,>=2.6.0 in /zhome/fa/4/127501/.local/lib/python3.7/site-packages (from gym3<1.0.0,>=0.3.3->procgen) (2.10.3)
Requirement already satisfied: pycparser in /zhome/fa/4/127501/.local/lib/python3.7/site-packages (from cffi<2.0.0,>=1.13.0->gym3<1.0.0,>=0.3.3->procgen) (2.21)
Requirement already satisfied: pillow>=8.3.2 in /zhome/fa/4/127501/.local/lib/python3.7/site-packages (from imageio<3.0.0,>=2.6.0->gym3<1.0.0,>=0.3.3->procgen) (8.4.0)
Requirement already satisfied: typing-extensions>=3.6.4 in /appl/python/3.7.11/lib/python3.7/site-packages (from importlib-metadata>=4.8.1->gym<1.0.0,>=0.15.0->procgen) (3.10.0.0)
Requirement already satisfied: zipp>=0.5 in /appl/python/3.7.11/lib/python3.7/site-packages (from importlib-metadata>=4.8.1->gym<1.0.0,>=0.15.0->procgen) (3.5.0)
Requirement already satisfied: glcontext<3,>=2 in /zhome/fa/4/127501/.local/lib/python3.7/site-packages (from moderngl<6.0.0,>=5.5.4->gym3<1.0.0,>=0.3.3->procgen) (2.3.4)
Installing collected packages: importlib-metadata
Successfully installed importlib-metadata-4.8.2
Requirement already satisfied: imageio in /zhome/fa/4/127501/.local/lib/python3.7/site-packages (2.10.3)
Requirement already satisfied: pillow>=8.3.2 in /zhome/fa/4/127501/.local/lib/python3.7/site-packages (from imageio) (8.4.0)
Requirement already satisfied: numpy in /zhome/fa/4/127501/.local/lib/python3.7/site-packages (from imageio) (1.21.4)
Looking in links: https://download.pytorch.org/whl/cu113/torch_stable.html
Requirement already satisfied: torch==1.10.0+cu113 in /zhome/fa/4/127501/.local/lib/python3.7/site-packages (1.10.0+cu113)
Requirement already satisfied: torchvision==0.11.1+cu113 in /zhome/fa/4/127501/.local/lib/python3.7/site-packages (0.11.1+cu113)
Requirement already satisfied: torchaudio==0.10.0+cu113 in /zhome/fa/4/127501/.local/lib/python3.7/site-packages (0.10.0+cu113)
Requirement already satisfied: typing-extensions in /appl/python/3.7.11/lib/python3.7/site-packages (from torch==1.10.0+cu113) (3.10.0.0)
Requirement already satisfied: pillow!=8.3.0,>=5.3.0 in /zhome/fa/4/127501/.local/lib/python3.7/site-packages (from torchvision==0.11.1+cu113) (8.4.0)
Requirement already satisfied: numpy in /zhome/fa/4/127501/.local/lib/python3.7/site-packages (from torchvision==0.11.1+cu113) (1.21.4)
Requirement already satisfied: procgen in /zhome/fa/4/127501/.local/lib/python3.7/site-packages (0.10.4)
Requirement already satisfied: numpy<2.0.0,>=1.17.0 in /zhome/fa/4/127501/.local/lib/python3.7/site-packages (from procgen) (1.21.4)
Requirement already satisfied: filelock<4.0.0,>=3.0.0 in /appl/python/3.7.11/lib/python3.7/site-packages (from procgen) (3.0.12)
Requirement already satisfied: gym<1.0.0,>=0.15.0 in /zhome/fa/4/127501/.local/lib/python3.7/site-packages (from procgen) (0.21.0)
Requirement already satisfied: gym3<1.0.0,>=0.3.3 in /zhome/fa/4/127501/.local/lib/python3.7/site-packages (from procgen) (0.3.3)
Requirement already satisfied: cloudpickle>=1.2.0 in /zhome/fa/4/127501/.local/lib/python3.7/site-packages (from gym<1.0.0,>=0.15.0->procgen) (2.0.0)
Collecting importlib-metadata>=4.8.1
  Using cached importlib_metadata-4.8.2-py3-none-any.whl (17 kB)
Requirement already satisfied: glfw<2.0.0,>=1.8.6 in /zhome/fa/4/127501/.local/lib/python3.7/site-packages (from gym3<1.0.0,>=0.3.3->procgen) (1.12.0)
Requirement already satisfied: moderngl<6.0.0,>=5.5.4 in /zhome/fa/4/127501/.local/lib/python3.7/site-packages (from gym3<1.0.0,>=0.3.3->procgen) (5.6.4)
Requirement already satisfied: imageio<3.0.0,>=2.6.0 in /zhome/fa/4/127501/.local/lib/python3.7/site-packages (from gym3<1.0.0,>=0.3.3->procgen) (2.10.3)
Requirement already satisfied: imageio-ffmpeg<0.4.0,>=0.3.0 in /zhome/fa/4/127501/.local/lib/python3.7/site-packages (from gym3<1.0.0,>=0.3.3->procgen) (0.3.0)
Requirement already satisfied: cffi<2.0.0,>=1.13.0 in /zhome/fa/4/127501/.local/lib/python3.7/site-packages (from gym3<1.0.0,>=0.3.3->procgen) (1.15.0)
Requirement already satisfied: pycparser in /zhome/fa/4/127501/.local/lib/python3.7/site-packages (from cffi<2.0.0,>=1.13.0->gym3<1.0.0,>=0.3.3->procgen) (2.21)
Requirement already satisfied: pillow>=8.3.2 in /zhome/fa/4/127501/.local/lib/python3.7/site-packages (from imageio<3.0.0,>=2.6.0->gym3<1.0.0,>=0.3.3->procgen) (8.4.0)
Requirement already satisfied: zipp>=0.5 in /appl/python/3.7.11/lib/python3.7/site-packages (from importlib-metadata>=4.8.1->gym<1.0.0,>=0.15.0->procgen) (3.5.0)
Requirement already satisfied: typing-extensions>=3.6.4 in /appl/python/3.7.11/lib/python3.7/site-packages (from importlib-metadata>=4.8.1->gym<1.0.0,>=0.15.0->procgen) (3.10.0.0)
Requirement already satisfied: glcontext<3,>=2 in /zhome/fa/4/127501/.local/lib/python3.7/site-packages (from moderngl<6.0.0,>=5.5.4->gym3<1.0.0,>=0.3.3->procgen) (2.3.4)
Installing collected packages: importlib-metadata
Successfully installed importlib-metadata-4.8.2
Requirement already satisfied: imageio in /zhome/fa/4/127501/.local/lib/python3.7/site-packages (2.10.3)
Requirement already satisfied: pillow>=8.3.2 in /zhome/fa/4/127501/.local/lib/python3.7/site-packages (from imageio) (8.4.0)
Requirement already satisfied: numpy in /zhome/fa/4/127501/.local/lib/python3.7/site-packages (from imageio) (1.21.4)
Running ppo-starpilot
8192,starpilot,5.34375, 
16384,starpilot,1.625, 
24576,starpilot,1.34375, 
32768,starpilot,4.84375, 
40960,starpilot,1.375, 
49152,starpilot,0.4375, 
57344,starpilot,13.09375, 
65536,starpilot,3.1875, 
73728,starpilot,3.125, 
81920,starpilot,4.84375, 
90112,starpilot,10.9375, 
98304,starpilot,4.5, 
106496,starpilot,1.9375, 
114688,starpilot,8.0, 
122880,starpilot,0.9375, 
131072,starpilot,10.15625, 
139264,starpilot,5.0625, 
147456,starpilot,7.15625, 
155648,starpilot,4.875, 
163840,starpilot,6.90625, 
172032,starpilot,2.375, 
180224,starpilot,4.90625, 
188416,starpilot,2.375, 
196608,starpilot,6.6875, 
204800,starpilot,0.40625, 
212992,starpilot,7.9375, 
221184,starpilot,2.3125, 
229376,starpilot,1.5, 
237568,starpilot,0.40625, 
245760,starpilot,6.875, 
253952,starpilot,0.5, 
262144,starpilot,7.125, 
270336,starpilot,6.0625, 
278528,starpilot,7.40625, 
286720,starpilot,4.625, 
294912,starpilot,3.875, 
303104,starpilot,15.9375, 
311296,starpilot,6.3125, 
319488,starpilot,1.6875, 
327680,starpilot,7.5625, 
335872,starpilot,2.90625, 
344064,starpilot,8.46875, 
352256,starpilot,6.65625, 
360448,starpilot,3.21875, 
368640,starpilot,0.46875, 
376832,starpilot,13.125, 
385024,starpilot,7.0, 
393216,starpilot,2.375, 
401408,starpilot,4.0, 
409600,starpilot,11.6875, 
417792,starpilot,2.5625, 
425984,starpilot,17.78125, 
434176,starpilot,5.6875, 
442368,starpilot,12.9375, 
450560,starpilot,4.75, 
458752,starpilot,4.125, 
466944,starpilot,12.0, 
475136,starpilot,10.0, 
483328,starpilot,9.4375, 
491520,starpilot,12.125, 
499712,starpilot,11.625, 
507904,starpilot,0.125, 
516096,starpilot,3.59375, 
524288,starpilot,7.1875, 
532480,starpilot,12.1875, 
540672,starpilot,9.15625, 
548864,starpilot,14.25, 
557056,starpilot,7.125, 
565248,starpilot,10.71875, 
573440,starpilot,14.3125, 
581632,starpilot,1.3125, 
589824,starpilot,0.0, 
598016,starpilot,1.8125, 
606208,starpilot,23.75, 
614400,starpilot,2.0, 
622592,starpilot,12.90625, 
630784,starpilot,4.5625, 
638976,starpilot,8.6875, 
647168,starpilot,6.59375, 
655360,starpilot,0.0, 
663552,starpilot,12.875, 
671744,starpilot,8.21875, 
679936,starpilot,9.09375, 
688128,starpilot,2.5625, 
696320,starpilot,10.78125, 
704512,starpilot,16.53125, 
712704,starpilot,9.53125, 
720896,starpilot,0.25, 
729088,starpilot,11.75, 
737280,starpilot,15.4375, 
745472,starpilot,5.96875, 
753664,starpilot,11.3125, 
761856,starpilot,5.78125, 
770048,starpilot,10.5, 
778240,starpilot,6.21875, 
786432,starpilot,15.1875, 
794624,starpilot,10.53125, 
802816,starpilot,11.25, 
811008,starpilot,3.0625, 
819200,starpilot,9.3125, 
827392,starpilot,10.96875, 
835584,starpilot,11.15625, 
843776,starpilot,13.3125, 
851968,starpilot,8.84375, 
860160,starpilot,1.15625, 
868352,starpilot,13.875, 
876544,starpilot,9.53125, 
884736,starpilot,4.53125, 
892928,starpilot,1.90625, 
901120,starpilot,5.53125, 
909312,starpilot,3.375, 
917504,starpilot,8.09375, 
925696,starpilot,9.40625, 
933888,starpilot,2.03125, 
942080,starpilot,5.53125, 
950272,starpilot,10.40625, 
958464,starpilot,6.75, 
966656,starpilot,8.625, 
974848,starpilot,2.25, 
983040,starpilot,8.28125, 
991232,starpilot,5.4375, 
999424,starpilot,2.96875, 
1007616,starpilot,7.15625, 
1015808,starpilot,7.53125, 
1024000,starpilot,0.0, 
1032192,starpilot,3.53125, 
1040384,starpilot,4.90625, 
1048576,starpilot,9.15625, 
1056768,starpilot,0.0625, 
1064960,starpilot,8.90625, 
1073152,starpilot,0.0, 
1081344,starpilot,14.96875, 
1089536,starpilot,6.6875, 
1097728,starpilot,8.125, 
1105920,starpilot,5.375, 
1114112,starpilot,3.28125, 
1122304,starpilot,12.15625, 
1130496,starpilot,3.34375, 
1138688,starpilot,2.75, 
1146880,starpilot,8.28125, 
1155072,starpilot,3.0625, 
1163264,starpilot,6.625, 
1171456,starpilot,5.8125, 
1179648,starpilot,3.71875, 
1187840,starpilot,0.625, 
1196032,starpilot,15.96875, 
1204224,starpilot,9.5, 
1212416,starpilot,4.75, 
1220608,starpilot,4.9375, 
1228800,starpilot,11.71875, 
1236992,starpilot,1.875, 
1245184,starpilot,18.0625, 
1253376,starpilot,5.3125, 
1261568,starpilot,11.4375, 
1269760,starpilot,5.5, 
1277952,starpilot,2.6875, 
1286144,starpilot,11.96875, 
1294336,starpilot,10.53125, 
1302528,starpilot,10.25, 
1310720,starpilot,11.9375, 
1318912,starpilot,11.84375, 
1327104,starpilot,0.0625, 
1335296,starpilot,3.96875, 
1343488,starpilot,8.46875, 
1351680,starpilot,10.28125, 
1359872,starpilot,8.5, 
1368064,starpilot,12.75, 
1376256,starpilot,5.1875, 
1384448,starpilot,10.625, 
1392640,starpilot,13.96875, 
1400832,starpilot,1.15625, 
1409024,starpilot,0.0, 
1417216,starpilot,2.90625, 
1425408,starpilot,20.53125, 
1433600,starpilot,0.875, 
1441792,starpilot,13.03125, 
1449984,starpilot,5.75, 
1458176,starpilot,6.28125, 
1466368,starpilot,3.03125, 
1474560,starpilot,0.46875, 
1482752,starpilot,6.59375, 
1490944,starpilot,13.25, 
1499136,starpilot,9.9375, 
1507328,starpilot,3.28125, 
1515520,starpilot,10.96875, 
1523712,starpilot,10.4375, 
1531904,starpilot,10.375, 
1540096,starpilot,1.75, 
1548288,starpilot,5.96875, 
1556480,starpilot,14.09375, 
1564672,starpilot,7.9375, 
1572864,starpilot,13.375, 
1581056,starpilot,5.3125, 
1589248,starpilot,9.0, 
1597440,starpilot,5.28125, 
1605632,starpilot,16.90625, 
1613824,starpilot,6.71875, 
1622016,starpilot,5.90625, 
1630208,starpilot,3.15625, 
1638400,starpilot,17.1875, 
1646592,starpilot,11.21875, 
1654784,starpilot,6.0, 
1662976,starpilot,7.3125, 
1671168,starpilot,9.15625, 
1679360,starpilot,3.0, 
1687552,starpilot,9.5625, 
1695744,starpilot,12.28125, 
1703936,starpilot,5.53125, 
1712128,starpilot,3.28125, 
1720320,starpilot,5.46875, 
1728512,starpilot,8.09375, 
1736704,starpilot,7.53125, 
1744896,starpilot,1.75, 
1753088,starpilot,11.21875, 
1761280,starpilot,2.375, 
1769472,starpilot,11.78125, 
1777664,starpilot,6.125, 
1785856,starpilot,10.34375, 
1794048,starpilot,7.46875, 
1802240,starpilot,8.8125, 
1810432,starpilot,4.375, 
1818624,starpilot,5.5625, 
1826816,starpilot,5.0, 
1835008,starpilot,6.625, 
1843200,starpilot,7.125, 
1851392,starpilot,8.9375, 
1859584,starpilot,3.6875, 
1867776,starpilot,1.15625, 
1875968,starpilot,7.4375, 
1884160,starpilot,7.8125, 
1892352,starpilot,2.46875, 
1900544,starpilot,4.21875, 
1908736,starpilot,11.34375, 
1916928,starpilot,5.375, 
1925120,starpilot,10.84375, 
1933312,starpilot,13.125, 
1941504,starpilot,14.125, 
1949696,starpilot,16.25, 
1957888,starpilot,2.625, 
1966080,starpilot,4.71875, 
1974272,starpilot,6.4375, 
1982464,starpilot,4.15625, 
1990656,starpilot,4.84375, 
1998848,starpilot,6.90625, 
2007040,starpilot,7.78125, 
2015232,starpilot,1.84375, 
2023424,starpilot,7.71875, 
2031616,starpilot,8.21875, 
2039808,starpilot,6.84375, 
2048000,starpilot,11.0, 
2056192,starpilot,10.65625, 
2064384,starpilot,0.34375, 
2072576,starpilot,9.6875, 
2080768,starpilot,5.71875, 
2088960,starpilot,7.875, 
2097152,starpilot,1.8125, 
2105344,starpilot,11.53125, 
2113536,starpilot,8.90625, 
2121728,starpilot,6.78125, 
2129920,starpilot,11.03125, 
2138112,starpilot,10.53125, 
2146304,starpilot,1.9375, 
2154496,starpilot,7.375, 
2162688,starpilot,10.78125, 
2170880,starpilot,9.25, 
2179072,starpilot,7.8125, 
2187264,starpilot,7.875, 
2195456,starpilot,1.84375, 
2203648,starpilot,7.3125, 
2211840,starpilot,6.5625, 
2220032,starpilot,0.84375, 
2228224,starpilot,0.53125, 
2236416,starpilot,3.625, 
2244608,starpilot,9.25, 
2252800,starpilot,0.15625, 
2260992,starpilot,11.53125, 
2269184,starpilot,6.09375, 
2277376,starpilot,5.34375, 
2285568,starpilot,1.3125, 
2293760,starpilot,5.1875, 
2301952,starpilot,1.96875, 
2310144,starpilot,9.0625, 
2318336,starpilot,6.65625, 
2326528,starpilot,4.46875, 
2334720,starpilot,8.28125, 
2342912,starpilot,4.5, 
2351104,starpilot,5.6875, 
2359296,starpilot,4.15625, 
2367488,starpilot,3.21875, 
2375680,starpilot,6.71875, 
2383872,starpilot,12.90625, 
2392064,starpilot,11.9375, 
2400256,starpilot,3.46875, 
2408448,starpilot,3.71875, 
2416640,starpilot,3.65625, 
2424832,starpilot,16.0, 
2433024,starpilot,2.90625, 
2441216,starpilot,2.125, 
2449408,starpilot,2.15625, 
2457600,starpilot,11.59375, 
2465792,starpilot,3.125, 
2473984,starpilot,2.90625, 
2482176,starpilot,0.78125, 
2490368,starpilot,8.375, 
2498560,starpilot,1.875, 
2506752,starpilot,2.1875, 
2514944,starpilot,14.65625, 
2523136,starpilot,4.21875, 
2531328,starpilot,5.03125, 
2539520,starpilot,5.09375, 
2547712,starpilot,13.3125, 
2555904,starpilot,5.625, 
2564096,starpilot,1.78125, 
2572288,starpilot,8.8125, 
2580480,starpilot,1.34375, 
2588672,starpilot,10.3125, 
2596864,starpilot,5.90625, 
2605056,starpilot,7.3125, 
2613248,starpilot,5.875, 
2621440,starpilot,7.5, 
2629632,starpilot,3.15625, 
2637824,starpilot,5.5625, 
2646016,starpilot,3.625, 
2654208,starpilot,7.3125, 
2662400,starpilot,1.03125, 
2670592,starpilot,7.875, 
2678784,starpilot,2.46875, 
2686976,starpilot,1.5, 
2695168,starpilot,4.75, 
2703360,starpilot,6.21875, 
2711552,starpilot,1.25, 
2719744,starpilot,6.65625, 
2727936,starpilot,6.28125, 
2736128,starpilot,5.9375, 
2744320,starpilot,4.90625, 
2752512,starpilot,6.78125, 
2760704,starpilot,15.4375, 
2768896,starpilot,7.65625, 
2777088,starpilot,2.90625, 
2785280,starpilot,5.75, 
2793472,starpilot,4.78125, 
2801664,starpilot,6.34375, 
2809856,starpilot,5.21875, 
2818048,starpilot,3.96875, 
2826240,starpilot,2.5, 
2834432,starpilot,9.875, 
2842624,starpilot,5.1875, 
2850816,starpilot,3.46875, 
2859008,starpilot,1.375, 
2867200,starpilot,12.375, 
2875392,starpilot,5.21875, 
2883584,starpilot,6.34375, 
2891776,starpilot,6.46875, 
2899968,starpilot,5.875, 
2908160,starpilot,6.1875, 
2916352,starpilot,0.96875, 
2924544,starpilot,12.34375, 
2932736,starpilot,8.71875, 
2940928,starpilot,7.34375, 
2949120,starpilot,10.4375, 
2957312,starpilot,11.3125, 
2965504,starpilot,1.625, 
2973696,starpilot,6.78125, 
2981888,starpilot,11.0, 
2990080,starpilot,9.375, 
2998272,starpilot,8.4375, 
3006464,starpilot,10.0625, 
3014656,starpilot,3.3125, 
3022848,starpilot,7.9375, 
3031040,starpilot,8.5625, 
3039232,starpilot,1.5, 
3047424,starpilot,0.21875, 
3055616,starpilot,4.09375, 
3063808,starpilot,14.90625, 
3072000,starpilot,0.1875, 
3080192,starpilot,11.53125, 
3088384,starpilot,6.6875, 
3096576,starpilot,6.5, 
3104768,starpilot,1.5, 
3112960,starpilot,4.53125, 
3121152,starpilot,2.28125, 
3129344,starpilot,11.09375, 
3137536,starpilot,6.59375, 
3145728,starpilot,6.40625, 
3153920,starpilot,9.4375, 
3162112,starpilot,7.125, 
3170304,starpilot,7.71875, 
3178496,starpilot,3.4375, 
3186688,starpilot,4.25, 
3194880,starpilot,9.25, 
3203072,starpilot,12.53125, 
3211264,starpilot,12.96875, 
3219456,starpilot,4.5, 
3227648,starpilot,4.875, 
3235840,starpilot,3.96875, 
3244032,starpilot,16.4375, 
3252224,starpilot,3.625, 
3260416,starpilot,2.46875, 
3268608,starpilot,2.90625, 
3276800,starpilot,13.375, 
3284992,starpilot,4.34375, 
3293184,starpilot,2.96875, 
3301376,starpilot,1.625, 
3309568,starpilot,9.5625, 
3317760,starpilot,3.09375, 
3325952,starpilot,2.875, 
3334144,starpilot,14.46875, 
3342336,starpilot,5.09375, 
3350528,starpilot,4.4375, 
3358720,starpilot,4.71875, 
3366912,starpilot,13.65625, 
3375104,starpilot,6.28125, 
3383296,starpilot,2.1875, 
3391488,starpilot,10.6875, 
3399680,starpilot,2.21875, 
3407872,starpilot,11.15625, 
3416064,starpilot,6.28125, 
3424256,starpilot,9.21875, 
3432448,starpilot,6.59375, 
3440640,starpilot,7.9375, 
3448832,starpilot,3.65625, 
3457024,starpilot,4.90625, 
3465216,starpilot,3.5, 
3473408,starpilot,8.4375, 
3481600,starpilot,1.0625, 
3489792,starpilot,7.34375, 
3497984,starpilot,2.8125, 
3506176,starpilot,2.6875, 
3514368,starpilot,3.59375, 
3522560,starpilot,6.65625, 
3530752,starpilot,0.78125, 
3538944,starpilot,8.8125, 
3547136,starpilot,6.0, 
3555328,starpilot,7.0625, 
3563520,starpilot,4.4375, 
3571712,starpilot,7.0, 
3579904,starpilot,15.75, 
3588096,starpilot,5.65625, 
3596288,starpilot,3.0625, 
3604480,starpilot,7.71875, 
3612672,starpilot,4.6875, 
3620864,starpilot,6.5, 
3629056,starpilot,6.4375, 
3637248,starpilot,3.46875, 
3645440,starpilot,2.0, 
3653632,starpilot,12.125, 
3661824,starpilot,6.15625, 
3670016,starpilot,3.125, 
3678208,starpilot,1.8125, 
3686400,starpilot,13.28125, 
3694592,starpilot,6.15625, 
3702784,starpilot,7.34375, 
3710976,starpilot,6.65625, 
3719168,starpilot,6.1875, 
3727360,starpilot,6.25, 
3735552,starpilot,0.9375, 
3743744,starpilot,12.5625, 
3751936,starpilot,9.9375, 
3760128,starpilot,6.65625, 
3768320,starpilot,11.1875, 
3776512,starpilot,11.375, 
3784704,starpilot,1.1875, 
3792896,starpilot,6.84375, 
3801088,starpilot,10.375, 
3809280,starpilot,9.28125, 
3817472,starpilot,8.8125, 
3825664,starpilot,11.8125, 
3833856,starpilot,3.96875, 
3842048,starpilot,8.28125, 
3850240,starpilot,9.6875, 
3858432,starpilot,1.5625, 
3866624,starpilot,0.25, 
3874816,starpilot,4.4375, 
3883008,starpilot,15.9375, 
3891200,starpilot,0.28125, 
3899392,starpilot,12.59375, 
3907584,starpilot,6.4375, 
3915776,starpilot,6.75, 
3923968,starpilot,1.96875, 
3932160,starpilot,4.25, 
3940352,starpilot,2.65625, 
3948544,starpilot,11.84375, 
3956736,starpilot,6.59375, 
3964928,starpilot,6.125, 
3973120,starpilot,9.5, 
3981312,starpilot,6.75, 
3989504,starpilot,8.0, 
3997696,starpilot,2.84375, 
4005888,starpilot,5.6875, 
4014080,starpilot,10.0625, 
4022272,starpilot,11.03125, 
4030464,starpilot,13.21875, 
4038656,starpilot,4.6875, 
4046848,starpilot,5.59375, 
4055040,starpilot,4.1875, 
4063232,starpilot,16.75, 
4071424,starpilot,5.0625, 
4079616,starpilot,2.875, 
4087808,starpilot,2.59375, 
4096000,starpilot,13.25, 
4104192,starpilot,6.40625, 
4112384,starpilot,3.46875, 
4120576,starpilot,2.53125, 
4128768,starpilot,10.6875, 
4136960,starpilot,2.78125, 
4145152,starpilot,2.75, 
4153344,starpilot,14.6875, 
4161536,starpilot,5.03125, 
4169728,starpilot,4.0, 
4177920,starpilot,5.4375, 
4186112,starpilot,12.5625, 
4194304,starpilot,6.375, 
4202496,starpilot,1.65625, 
4210688,starpilot,10.71875, 
4218880,starpilot,2.46875, 
4227072,starpilot,10.96875, 
4235264,starpilot,5.875, 
4243456,starpilot,9.375, 
4251648,starpilot,5.53125, 
4259840,starpilot,8.75, 
4268032,starpilot,3.71875, 
4276224,starpilot,4.59375, 
4284416,starpilot,3.9375, 
4292608,starpilot,9.15625, 
4300800,starpilot,0.71875, 
4308992,starpilot,6.8125, 
4317184,starpilot,3.84375, 
4325376,starpilot,2.71875, 
4333568,starpilot,2.25, 
4341760,starpilot,6.75, 
4349952,starpilot,0.8125, 
4358144,starpilot,10.71875, 
4366336,starpilot,6.3125, 
4374528,starpilot,7.09375, 
4382720,starpilot,4.9375, 
4390912,starpilot,6.03125, 
4399104,starpilot,14.21875, 
4407296,starpilot,5.1875, 
4415488,starpilot,4.875, 
4423680,starpilot,7.59375, 
4431872,starpilot,3.4375, 
4440064,starpilot,8.21875, 
4448256,starpilot,6.0625, 
4456448,starpilot,3.5625, 
4464640,starpilot,1.75, 
4472832,starpilot,12.1875, 
4481024,starpilot,6.53125, 
4489216,starpilot,4.6875, 
4497408,starpilot,1.84375, 
4505600,starpilot,13.625, 
4513792,starpilot,6.03125, 
4521984,starpilot,10.25, 
4530176,starpilot,6.0625, 
4538368,starpilot,6.5625, 
4546560,starpilot,5.59375, 
4554752,starpilot,1.25, 
4562944,starpilot,12.25, 
4571136,starpilot,9.59375, 
4579328,starpilot,7.46875, 
4587520,starpilot,11.75, 
4595712,starpilot,11.625, 
4603904,starpilot,1.03125, 
4612096,starpilot,7.21875, 
4620288,starpilot,8.90625, 
4628480,starpilot,9.71875, 
4636672,starpilot,9.40625, 
4644864,starpilot,12.625, 
4653056,starpilot,4.3125, 
4661248,starpilot,9.21875, 
4669440,starpilot,9.90625, 
4677632,starpilot,1.375, 
4685824,starpilot,0.15625, 
4694016,starpilot,4.5625, 
4702208,starpilot,16.84375, 
4710400,starpilot,0.34375, 
4718592,starpilot,11.375, 
4726784,starpilot,6.1875, 
4734976,starpilot,7.0625, 
4743168,starpilot,1.875, 
4751360,starpilot,3.46875, 
4759552,starpilot,3.0625, 
4767744,starpilot,12.96875, 
4775936,starpilot,7.53125, 
4784128,starpilot,6.03125, 
4792320,starpilot,10.4375, 
4800512,starpilot,8.21875, 
4808704,starpilot,8.96875, 
4816896,starpilot,2.71875, 
4825088,starpilot,5.71875, 
4833280,starpilot,10.125, 
4841472,starpilot,10.4375, 
4849664,starpilot,12.65625, 
4857856,starpilot,4.90625, 
4866048,starpilot,6.46875, 
4874240,starpilot,4.5625, 
4882432,starpilot,16.4375, 
4890624,starpilot,5.875, 
4898816,starpilot,3.4375, 
4907008,starpilot,2.8125, 
4915200,starpilot,13.875, 
4923392,starpilot,5.96875, 
4931584,starpilot,3.8125, 
4939776,starpilot,2.28125, 
4947968,starpilot,10.21875, 
4956160,starpilot,2.9375, 
4964352,starpilot,3.375, 
4972544,starpilot,14.0625, 
4980736,starpilot,5.90625, 
4988928,starpilot,3.25, 
4997120,starpilot,4.9375, 
5005312,starpilot,11.5, 
5013504,starpilot,6.5, 
5021696,starpilot,1.625, 
5029888,starpilot,10.90625, 
5038080,starpilot,3.34375, 
5046272,starpilot,12.25, 
5054464,starpilot,6.03125, 
5062656,starpilot,8.375, 
5070848,starpilot,6.65625, 
5079040,starpilot,8.625, 
5087232,starpilot,4.21875, 
5095424,starpilot,5.0, 
5103616,starpilot,4.1875, 
5111808,starpilot,8.25, 
5120000,starpilot,0.6875, 
5128192,starpilot,6.71875, 
5136384,starpilot,4.0625, 
5144576,starpilot,3.0, 
5152768,starpilot,2.625, 
5160960,starpilot,7.0, 
5169152,starpilot,0.625, 
5177344,starpilot,10.96875, 
5185536,starpilot,6.5625, 
5193728,starpilot,7.625, 
5201920,starpilot,5.15625, 
5210112,starpilot,5.8125, 
5218304,starpilot,13.3125, 
5226496,starpilot,4.28125, 
5234688,starpilot,5.34375, 
5242880,starpilot,7.75, 
5251072,starpilot,3.875, 
5259264,starpilot,8.0, 
5267456,starpilot,5.90625, 
5275648,starpilot,3.65625, 
5283840,starpilot,1.4375, 
5292032,starpilot,12.46875, 
5300224,starpilot,6.84375, 
5308416,starpilot,5.1875, 
5316608,starpilot,2.625, 
5324800,starpilot,13.8125, 
5332992,starpilot,6.34375, 
5341184,starpilot,11.25, 
5349376,starpilot,6.25, 
5357568,starpilot,7.59375, 
5365760,starpilot,5.84375, 
5373952,starpilot,1.34375, 
5382144,starpilot,11.34375, 
5390336,starpilot,9.15625, 
5398528,starpilot,8.34375, 
5406720,starpilot,12.1875, 
5414912,starpilot,10.4375, 
5423104,starpilot,0.96875, 
5431296,starpilot,6.90625, 
5439488,starpilot,10.09375, 
5447680,starpilot,10.21875, 
5455872,starpilot,8.875, 
5464064,starpilot,12.6875, 
5472256,starpilot,4.84375, 
5480448,starpilot,9.15625, 
5488640,starpilot,10.375, 
5496832,starpilot,1.71875, 
5505024,starpilot,0.1875, 
5513216,starpilot,4.46875, 
5521408,starpilot,16.03125, 
5529600,starpilot,0.5625, 
5537792,starpilot,11.96875, 
5545984,starpilot,6.8125, 
5554176,starpilot,7.28125, 
5562368,starpilot,2.46875, 
5570560,starpilot,4.4375, 
5578752,starpilot,3.53125, 
5586944,starpilot,12.03125, 
5595136,starpilot,7.8125, 
5603328,starpilot,5.84375, 
5611520,starpilot,10.78125, 
5619712,starpilot,8.40625, 
5627904,starpilot,8.1875, 
5636096,starpilot,3.15625, 
5644288,starpilot,5.65625, 
5652480,starpilot,10.0625, 
5660672,starpilot,10.96875, 
5668864,starpilot,13.125, 
5677056,starpilot,4.9375, 
5685248,starpilot,6.1875, 
5693440,starpilot,4.65625, 
5701632,starpilot,16.8125, 
5709824,starpilot,5.3125, 
5718016,starpilot,3.03125, 
5726208,starpilot,3.09375, 
5734400,starpilot,13.625, 
5742592,starpilot,6.6875, 
5750784,starpilot,4.09375, 
5758976,starpilot,3.0, 
5767168,starpilot,10.625, 
5775360,starpilot,2.84375, 
5783552,starpilot,3.75, 
5791744,starpilot,13.84375, 
5799936,starpilot,5.0, 
5808128,starpilot,3.71875, 
5816320,starpilot,4.71875, 
5824512,starpilot,11.5625, 
5832704,starpilot,6.90625, 
5840896,starpilot,1.90625, 
5849088,starpilot,10.59375, 
5857280,starpilot,2.84375, 
5865472,starpilot,11.53125, 
5873664,starpilot,5.3125, 
5881856,starpilot,9.4375, 
5890048,starpilot,5.9375, 
5898240,starpilot,8.78125, 
5906432,starpilot,4.3125, 
5914624,starpilot,4.8125, 
5922816,starpilot,4.5, 
5931008,starpilot,9.0, 
5939200,starpilot,1.0, 
5947392,starpilot,6.5625, 
5955584,starpilot,3.8125, 
5963776,starpilot,3.28125, 
5971968,starpilot,2.78125, 
5980160,starpilot,7.625, 
5988352,starpilot,0.625, 
5996544,starpilot,9.4375, 
6004736,starpilot,6.0, 
6012928,starpilot,7.625, 
6021120,starpilot,4.3125, 
6029312,starpilot,6.5, 
6037504,starpilot,14.9375, 
6045696,starpilot,5.1875, 
6053888,starpilot,4.625, 
6062080,starpilot,7.03125, 
6070272,starpilot,4.0, 
6078464,starpilot,8.625, 
6086656,starpilot,6.5, 
6094848,starpilot,3.875, 
6103040,starpilot,1.375, 
6111232,starpilot,12.65625, 
6119424,starpilot,7.125, 
6127616,starpilot,3.96875, 
6135808,starpilot,2.0625, 
6144000,starpilot,12.875, 
6152192,starpilot,5.75, 
6160384,starpilot,12.53125, 
6168576,starpilot,6.15625, 
6176768,starpilot,7.3125, 
6184960,starpilot,5.5, 
6193152,starpilot,1.75, 
6201344,starpilot,11.15625, 
6209536,starpilot,9.5, 
6217728,starpilot,8.59375, 
6225920,starpilot,12.375, 
6234112,starpilot,11.21875, 
6242304,starpilot,0.6875, 
6250496,starpilot,5.78125, 
6258688,starpilot,9.53125, 
6266880,starpilot,9.78125, 
6275072,starpilot,8.875, 
6283264,starpilot,14.03125, 
6291456,starpilot,4.59375, 
6299648,starpilot,8.65625, 
6307840,starpilot,11.0625, 
6316032,starpilot,0.625, 
6324224,starpilot,0.125, 
6332416,starpilot,4.09375, 
6340608,starpilot,17.71875, 
6348800,starpilot,0.375, 
6356992,starpilot,12.09375, 
6365184,starpilot,5.90625, 
6373376,starpilot,6.25, 
6381568,starpilot,1.84375, 
6389760,starpilot,2.46875, 
6397952,starpilot,4.25, 
6406144,starpilot,13.25, 
6414336,starpilot,7.65625, 
6422528,starpilot,5.21875, 
6430720,starpilot,10.90625, 
6438912,starpilot,7.84375, 
6447104,starpilot,8.28125, 
6455296,starpilot,2.46875, 
6463488,starpilot,6.625, 
6471680,starpilot,11.8125, 
6479872,starpilot,8.84375, 
6488064,starpilot,11.40625, 
6496256,starpilot,5.0, 
6504448,starpilot,7.03125, 
6512640,starpilot,3.90625, 
6520832,starpilot,16.8125, 
6529024,starpilot,5.1875, 
6537216,starpilot,3.78125, 
6545408,starpilot,2.21875, 
6553600,starpilot,15.03125, 
6561792,starpilot,7.21875, 
6569984,starpilot,3.71875, 
6578176,starpilot,3.6875, 
6586368,starpilot,10.75, 
6594560,starpilot,3.28125, 
6602752,starpilot,3.3125, 
6610944,starpilot,13.96875, 
6619136,starpilot,5.03125, 
6627328,starpilot,2.90625, 
6635520,starpilot,4.6875, 
6643712,starpilot,10.65625, 
6651904,starpilot,7.15625, 
6660096,starpilot,1.96875, 
6668288,starpilot,9.3125, 
6676480,starpilot,3.15625, 
6684672,starpilot,11.5625, 
6692864,starpilot,4.65625, 
6701056,starpilot,9.1875, 
6709248,starpilot,5.625, 
6717440,starpilot,8.75, 
6725632,starpilot,4.03125, 
6733824,starpilot,4.71875, 
6742016,starpilot,4.0, 
6750208,starpilot,8.71875, 
6758400,starpilot,0.34375, 
6766592,starpilot,6.375, 
6774784,starpilot,4.15625, 
6782976,starpilot,3.21875, 
6791168,starpilot,1.8125, 
6799360,starpilot,8.125, 
6807552,starpilot,0.4375, 
6815744,starpilot,10.96875, 
6823936,starpilot,5.71875, 
6832128,starpilot,7.875, 
6840320,starpilot,4.6875, 
6848512,starpilot,5.34375, 
6856704,starpilot,12.65625, 
6864896,starpilot,3.8125, 
6873088,starpilot,4.8125, 
6881280,starpilot,6.4375, 
6889472,starpilot,2.875, 
6897664,starpilot,9.8125, 
6905856,starpilot,5.8125, 
6914048,starpilot,3.0625, 
6922240,starpilot,1.125, 
6930432,starpilot,13.65625, 
6938624,starpilot,7.71875, 
6946816,starpilot,3.4375, 
6955008,starpilot,1.15625, 
6963200,starpilot,13.3125, 
6971392,starpilot,4.28125, 
6979584,starpilot,16.15625, 
6987776,starpilot,6.0625, 
6995968,starpilot,8.78125, 
7004160,starpilot,4.78125, 
7012352,starpilot,2.6875, 
7020544,starpilot,11.28125, 
7028736,starpilot,9.375, 
7036928,starpilot,8.4375, 
7045120,starpilot,12.34375, 
7053312,starpilot,10.5, 
7061504,starpilot,0.3125, 
7069696,starpilot,5.53125, 
7077888,starpilot,7.84375, 
7086080,starpilot,8.46875, 
7094272,starpilot,9.71875, 
7102464,starpilot,14.59375, 
7110656,starpilot,4.25, 
7118848,starpilot,9.15625, 
7127040,starpilot,11.78125, 
7135232,starpilot,0.8125, 
7143424,starpilot,0.09375, 
7151616,starpilot,3.28125, 
7159808,starpilot,17.25, 
7168000,starpilot,0.75, 
7176192,starpilot,12.3125, 
7184384,starpilot,4.8125, 
7192576,starpilot,6.78125, 
7200768,starpilot,2.125, 
7208960,starpilot,1.65625, 
7217152,starpilot,3.875, 
7225344,starpilot,11.75, 
7233536,starpilot,7.65625, 
7241728,starpilot,3.25, 
7249920,starpilot,10.84375, 
7258112,starpilot,10.9375, 
7266304,starpilot,9.125, 
7274496,starpilot,1.625, 
7282688,starpilot,6.9375, 
7290880,starpilot,12.4375, 
7299072,starpilot,8.40625, 
7307264,starpilot,11.65625, 
7315456,starpilot,5.28125, 
7323648,starpilot,6.8125, 
7331840,starpilot,5.125, 
7340032,starpilot,16.03125, 
7348224,starpilot,5.75, 
7356416,starpilot,3.90625, 
7364608,starpilot,1.6875, 
7372800,starpilot,14.6875, 
7380992,starpilot,7.34375, 
7389184,starpilot,3.90625, 
7397376,starpilot,5.25, 
7405568,starpilot,10.9375, 
7413760,starpilot,2.59375, 
7421952,starpilot,3.8125, 
7430144,starpilot,13.90625, 
7438336,starpilot,4.90625, 
7446528,starpilot,1.625, 
7454720,starpilot,3.6875, 
7462912,starpilot,8.34375, 
7471104,starpilot,7.125, 
7479296,starpilot,2.25, 
7487488,starpilot,8.03125, 
7495680,starpilot,3.53125, 
7503872,starpilot,10.96875, 
7512064,starpilot,4.03125, 
7520256,starpilot,9.59375, 
7528448,starpilot,4.1875, 
7536640,starpilot,8.875, 
7544832,starpilot,2.84375, 
7553024,starpilot,4.25, 
7561216,starpilot,3.96875, 
7569408,starpilot,8.0625, 
7577600,starpilot,0.09375, 
7585792,starpilot,4.25, 
7593984,starpilot,4.96875, 
7602176,starpilot,3.65625, 
7610368,starpilot,0.40625, 
7618560,starpilot,8.4375, 
7626752,starpilot,0.09375, 
7634944,starpilot,12.25, 
7643136,starpilot,5.53125, 
7651328,starpilot,7.4375, 
7659520,starpilot,3.84375, 
7667712,starpilot,4.46875, 
7675904,starpilot,9.53125, 
7684096,starpilot,2.375, 
7692288,starpilot,4.84375, 
7700480,starpilot,7.25, 
7708672,starpilot,2.125, 
7716864,starpilot,10.9375, 
7725056,starpilot,4.75, 
7733248,starpilot,2.15625, 
7741440,starpilot,0.84375, 
7749632,starpilot,14.53125, 
7757824,starpilot,9.34375, 
7766016,starpilot,4.125, 
7774208,starpilot,0.78125, 
7782400,starpilot,12.5, 
7790592,starpilot,4.65625, 
7798784,starpilot,17.0625, 
7806976,starpilot,5.75, 
7815168,starpilot,11.53125, 
7823360,starpilot,4.1875, 
7831552,starpilot,2.375, 
7839744,starpilot,10.09375, 
7847936,starpilot,9.71875, 
7856128,starpilot,8.9375, 
7864320,starpilot,11.4375, 
7872512,starpilot,10.0625, 
7880704,starpilot,0.09375, 
7888896,starpilot,3.75, 
7897088,starpilot,6.625, 
7905280,starpilot,7.65625, 
7913472,starpilot,11.53125, 
7921664,starpilot,16.40625, 
7929856,starpilot,3.8125, 
7938048,starpilot,9.125, 
7946240,starpilot,12.09375, 
7954432,starpilot,0.90625, 
7962624,starpilot,0.0, 
7970816,starpilot,2.46875, 
7979008,starpilot,17.6875, 
7987200,starpilot,0.65625, 
7995392,starpilot,12.3125, 
8003584,starpilot,4.65625, 
8011776,starpilot,6.84375, 
8019968,starpilot,3.21875, 
8028160,starpilot,0.90625, 
8036352,starpilot,4.96875, 
8044544,starpilot,13.8125, 
8052736,starpilot,8.75, 
8060928,starpilot,2.6875, 
8069120,starpilot,10.375, 
8077312,starpilot,11.75, 
8085504,starpilot,9.28125, 
8093696,starpilot,1.34375, 
8101888,starpilot,8.40625, 
8110080,starpilot,13.0, 
8118272,starpilot,7.5, 
8126464,starpilot,11.21875, 
8134656,starpilot,5.375, 
8142848,starpilot,7.40625, 
8151040,starpilot,5.625, 
8159232,starpilot,16.25, 
8167424,starpilot,5.75, 
8175616,starpilot,4.625, 
8183808,starpilot,2.0, 
8192000,starpilot,15.59375, 
8200192,starpilot,7.75, 
8208384,starpilot,4.03125, 
8216576,starpilot,5.96875, 
8224768,starpilot,10.0625, 
8232960,starpilot,2.875, 
8241152,starpilot,4.03125, 
8249344,starpilot,13.21875, 
8257536,starpilot,4.96875, 
8265728,starpilot,1.71875, 
8273920,starpilot,4.5625, 
8282112,starpilot,7.5625, 
8290304,starpilot,7.65625, 
8298496,starpilot,0.84375, 
8306688,starpilot,8.09375, 
8314880,starpilot,3.71875, 
8323072,starpilot,10.8125, 
8331264,starpilot,3.6875, 
8339456,starpilot,9.1875, 
8347648,starpilot,3.875, 
8355840,starpilot,8.96875, 
8364032,starpilot,2.78125, 
8372224,starpilot,4.46875, 
8380416,starpilot,4.59375, 
8388608,starpilot,8.4375, 
8396800,starpilot,0.21875, 
8404992,starpilot,3.875, 
8413184,starpilot,5.09375, 
8421376,starpilot,3.8125, 
8429568,starpilot,0.125, 
8437760,starpilot,8.3125, 
8445952,starpilot,0.09375, 
8454144,starpilot,11.0625, 
8462336,starpilot,5.21875, 
8470528,starpilot,6.59375, 
8478720,starpilot,3.75, 
8486912,starpilot,3.21875, 
8495104,starpilot,8.3125, 
8503296,starpilot,1.875, 
8511488,starpilot,5.4375, 
8519680,starpilot,7.34375, 
8527872,starpilot,1.84375, 
8536064,starpilot,11.375, 
8544256,starpilot,4.8125, 
8552448,starpilot,2.40625, 
8560640,starpilot,0.5625, 
8568832,starpilot,14.0, 
8577024,starpilot,9.75, 
8585216,starpilot,4.78125, 
8593408,starpilot,1.5, 
8601600,starpilot,12.125, 
8609792,starpilot,3.9375, 
8617984,starpilot,17.9375, 
8626176,starpilot,5.4375, 
8634368,starpilot,11.625, 
8642560,starpilot,4.46875, 
8650752,starpilot,3.21875, 
8658944,starpilot,11.21875, 
8667136,starpilot,9.375, 
8675328,starpilot,8.5625, 
8683520,starpilot,11.59375, 
8691712,starpilot,10.1875, 
8699904,starpilot,0.09375, 
8708096,starpilot,3.78125, 
8716288,starpilot,6.34375, 
8724480,starpilot,6.59375, 
8732672,starpilot,11.4375, 
8740864,starpilot,16.5, 
8749056,starpilot,4.09375, 
8757248,starpilot,8.96875, 
8765440,starpilot,13.28125, 
8773632,starpilot,0.59375, 
8781824,starpilot,0.0, 
8790016,starpilot,2.34375, 
8798208,starpilot,16.1875, 
8806400,starpilot,0.78125, 
8814592,starpilot,12.3125, 
8822784,starpilot,4.28125, 
8830976,starpilot,6.46875, 
8839168,starpilot,3.59375, 
8847360,starpilot,0.5, 
8855552,starpilot,6.125, 
8863744,starpilot,13.6875, 
8871936,starpilot,9.25, 
8880128,starpilot,2.78125, 
8888320,starpilot,9.75, 
8896512,starpilot,11.03125, 
8904704,starpilot,8.75, 
8912896,starpilot,1.1875, 
8921088,starpilot,8.1875, 
8929280,starpilot,13.28125, 
8937472,starpilot,6.9375, 
8945664,starpilot,11.375, 
8953856,starpilot,5.65625, 
8962048,starpilot,7.59375, 
8970240,starpilot,5.625, 
8978432,starpilot,15.96875, 
8986624,starpilot,6.625, 
8994816,starpilot,5.25, 
9003008,starpilot,1.59375, 
9011200,starpilot,15.09375, 
9019392,starpilot,7.71875, 
9027584,starpilot,4.28125, 
9035776,starpilot,6.9375, 
9043968,starpilot,11.09375, 
9052160,starpilot,2.75, 
9060352,starpilot,4.75, 
9068544,starpilot,13.1875, 
9076736,starpilot,5.21875, 
9084928,starpilot,1.28125, 
9093120,starpilot,4.15625, 
9101312,starpilot,7.625, 
9109504,starpilot,7.34375, 
9117696,starpilot,1.75, 
9125888,starpilot,7.71875, 
9134080,starpilot,3.78125, 
9142272,starpilot,11.28125, 
9150464,starpilot,4.0625, 
9158656,starpilot,9.6875, 
9166848,starpilot,3.375, 
9175040,starpilot,8.78125, 
9183232,starpilot,2.96875, 
9191424,starpilot,4.78125, 
9199616,starpilot,4.40625, 
9207808,starpilot,8.625, 
9216000,starpilot,0.09375, 
9224192,starpilot,3.6875, 
9232384,starpilot,5.5, 
9240576,starpilot,4.46875, 
9248768,starpilot,0.25, 
9256960,starpilot,8.40625, 
9265152,starpilot,0.09375, 
9273344,starpilot,10.8125, 
9281536,starpilot,5.21875, 
9289728,starpilot,5.84375, 
9297920,starpilot,3.53125, 
9306112,starpilot,2.71875, 
9314304,starpilot,8.9375, 
9322496,starpilot,1.875, 
9330688,starpilot,5.5625, 
9338880,starpilot,7.1875, 
9347072,starpilot,1.75, 
9355264,starpilot,11.46875, 
9363456,starpilot,4.65625, 
9371648,starpilot,2.46875, 
9379840,starpilot,0.40625, 
9388032,starpilot,13.90625, 
9396224,starpilot,9.96875, 
9404416,starpilot,4.09375, 
9412608,starpilot,1.15625, 
9420800,starpilot,11.59375, 
9428992,starpilot,4.1875, 
9437184,starpilot,19.5625, 
9445376,starpilot,5.40625, 
9453568,starpilot,12.90625, 
9461760,starpilot,4.375, 
9469952,starpilot,3.03125, 
9478144,starpilot,11.25, 
9486336,starpilot,8.96875, 
9494528,starpilot,8.40625, 
9502720,starpilot,11.25, 
9510912,starpilot,10.25, 
9519104,starpilot,0.15625, 
9527296,starpilot,3.3125, 
9535488,starpilot,5.65625, 
9543680,starpilot,6.15625, 
9551872,starpilot,11.25, 
9560064,starpilot,16.71875, 
9568256,starpilot,3.75, 
9576448,starpilot,9.75, 
9584640,starpilot,13.0, 
9592832,starpilot,0.53125, 
9601024,starpilot,0.03125, 
9609216,starpilot,2.46875, 
9617408,starpilot,18.53125, 
9625600,starpilot,1.09375, 
9633792,starpilot,12.90625, 
9641984,starpilot,4.28125, 
9650176,starpilot,6.71875, 
9658368,starpilot,3.34375, 
9666560,starpilot,0.65625, 
9674752,starpilot,5.78125, 
9682944,starpilot,13.21875, 
9691136,starpilot,9.21875, 
9699328,starpilot,2.96875, 
9707520,starpilot,10.59375, 
9715712,starpilot,11.03125, 
9723904,starpilot,9.53125, 
9732096,starpilot,1.1875, 
9740288,starpilot,8.8125, 
9748480,starpilot,13.65625, 
9756672,starpilot,6.78125, 
9764864,starpilot,11.59375, 
9773056,starpilot,5.71875, 
9781248,starpilot,6.9375, 
9789440,starpilot,6.1875, 
9797632,starpilot,16.53125, 
9805824,starpilot,6.25, 
9814016,starpilot,5.03125, 
9822208,starpilot,1.53125, 
9830400,starpilot,14.84375, 
9838592,starpilot,7.03125, 
9846784,starpilot,4.125, 
9854976,starpilot,6.75, 
9863168,starpilot,10.3125, 
9871360,starpilot,2.75, 
9879552,starpilot,4.8125, 
9887744,starpilot,12.53125, 
9895936,starpilot,4.6875, 
9904128,starpilot,1.59375, 
9912320,starpilot,3.375, 
9920512,starpilot,7.53125, 
9928704,starpilot,7.3125, 
9936896,starpilot,1.59375, 
9945088,starpilot,7.25, 
9953280,starpilot,3.4375, 
9961472,starpilot,11.5, 
9969664,starpilot,3.375, 
9977856,starpilot,8.96875, 
9986048,starpilot,3.5, 
9994240,starpilot,8.53125, 
10002432,starpilot,3.46875, 
10010624,starpilot,4.46875, 
10018816,starpilot,4.6875, 
10027008,starpilot,8.71875, 
10035200,starpilot,0.125, 
10043392,starpilot,3.625, 
10051584,starpilot,5.4375, 
10059776,starpilot,4.625, 
10067968,starpilot,0.21875, 
10076160,starpilot,7.75, 
10084352,starpilot,0.03125, 
10092544,starpilot,11.3125, 
10100736,starpilot,5.40625, 
10108928,starpilot,6.15625, 
10117120,starpilot,3.71875, 
10125312,starpilot,2.375, 
10133504,starpilot,8.4375, 
10141696,starpilot,1.25, 
10149888,starpilot,6.46875, 
10158080,starpilot,7.65625, 
10166272,starpilot,1.3125, 
10174464,starpilot,11.4375, 
10182656,starpilot,5.15625, 
10190848,starpilot,2.84375, 
10199040,starpilot,0.28125, 
10207232,starpilot,14.59375, 
10215424,starpilot,9.875, 
10223616,starpilot,4.0, 
10231808,starpilot,0.96875, 
10240000,starpilot,12.09375, 
10248192,starpilot,3.125, 
10256384,starpilot,17.65625, 
10264576,starpilot,5.15625, 
10272768,starpilot,11.71875, 
10280960,starpilot,4.21875, 
10289152,starpilot,3.71875, 
10297344,starpilot,11.4375, 
10305536,starpilot,9.65625, 
10313728,starpilot,8.28125, 
10321920,starpilot,10.59375, 
10330112,starpilot,9.28125, 
10338304,starpilot,0.03125, 
10346496,starpilot,2.90625, 
10354688,starpilot,5.59375, 
10362880,starpilot,6.96875, 
10371072,starpilot,11.875, 
10379264,starpilot,17.34375, 
10387456,starpilot,3.90625, 
10395648,starpilot,9.59375, 
10403840,starpilot,13.125, 
10412032,starpilot,0.375, 
10420224,starpilot,0.0, 
10428416,starpilot,2.1875, 
10436608,starpilot,19.84375, 
10444800,starpilot,0.84375, 
10452992,starpilot,12.40625, 
10461184,starpilot,4.25, 
10469376,starpilot,7.375, 
10477568,starpilot,4.09375, 
10485760,starpilot,0.5, 
10493952,starpilot,6.5, 
10502144,starpilot,12.84375, 
10510336,starpilot,9.3125, 
10518528,starpilot,2.4375, 
10526720,starpilot,9.40625, 
10534912,starpilot,12.6875, 
10543104,starpilot,9.0, 
10551296,starpilot,1.1875, 
10559488,starpilot,9.28125, 
10567680,starpilot,14.4375, 
10575872,starpilot,6.6875, 
10584064,starpilot,11.1875, 
10592256,starpilot,5.71875, 
10600448,starpilot,7.90625, 
10608640,starpilot,6.3125, 
10616832,starpilot,16.28125, 
10625024,starpilot,6.6875, 
10633216,starpilot,5.34375, 
10641408,starpilot,1.75, 
10649600,starpilot,15.71875, 
10657792,starpilot,7.78125, 
10665984,starpilot,4.75, 
10674176,starpilot,7.65625, 
10682368,starpilot,10.0, 
10690560,starpilot,3.03125, 
10698752,starpilot,6.0625, 
10706944,starpilot,13.03125, 
10715136,starpilot,4.90625, 
10723328,starpilot,1.5, 
10731520,starpilot,4.5, 
10739712,starpilot,7.53125, 
10747904,starpilot,7.4375, 
10756096,starpilot,0.9375, 
10764288,starpilot,6.78125, 
10772480,starpilot,4.21875, 
10780672,starpilot,11.1875, 
10788864,starpilot,3.875, 
10797056,starpilot,9.875, 
10805248,starpilot,3.59375, 
10813440,starpilot,8.5, 
10821632,starpilot,3.375, 
10829824,starpilot,4.375, 
10838016,starpilot,5.125, 
10846208,starpilot,8.875, 
10854400,starpilot,0.1875, 
10862592,starpilot,4.3125, 
10870784,starpilot,5.15625, 
10878976,starpilot,5.0625, 
10887168,starpilot,0.71875, 
10895360,starpilot,7.6875, 
10903552,starpilot,0.125, 
10911744,starpilot,11.25, 
10919936,starpilot,5.3125, 
10928128,starpilot,5.40625, 
10936320,starpilot,2.90625, 
10944512,starpilot,2.21875, 
10952704,starpilot,8.28125, 
10960896,starpilot,0.96875, 
10969088,starpilot,5.46875, 
10977280,starpilot,7.34375, 
10985472,starpilot,1.5, 
10993664,starpilot,11.5625, 
11001856,starpilot,4.75, 
11010048,starpilot,2.8125, 
11018240,starpilot,0.34375, 
11026432,starpilot,14.34375, 
11034624,starpilot,10.3125, 
11042816,starpilot,4.03125, 
11051008,starpilot,1.125, 
11059200,starpilot,11.84375, 
11067392,starpilot,3.375, 
11075584,starpilot,16.875, 
11083776,starpilot,5.21875, 
11091968,starpilot,12.1875, 
11100160,starpilot,4.15625, 
11108352,starpilot,3.4375, 
11116544,starpilot,11.15625, 
11124736,starpilot,10.25, 
11132928,starpilot,8.4375, 
11141120,starpilot,10.875, 
11149312,starpilot,10.0, 
11157504,starpilot,0.09375, 
11165696,starpilot,3.3125, 
11173888,starpilot,6.40625, 
11182080,starpilot,7.15625, 
11190272,starpilot,10.96875, 
11198464,starpilot,16.53125, 
11206656,starpilot,4.53125, 
11214848,starpilot,9.375, 
11223040,starpilot,13.0, 
11231232,starpilot,0.4375, 
11239424,starpilot,0.0, 
11247616,starpilot,2.15625, 
11255808,starpilot,19.09375, 
11264000,starpilot,1.25, 
11272192,starpilot,13.21875, 
11280384,starpilot,4.21875, 
11288576,starpilot,7.125, 
11296768,starpilot,3.4375, 
11304960,starpilot,0.59375, 
11313152,starpilot,5.71875, 
11321344,starpilot,13.0, 
11329536,starpilot,9.09375, 
11337728,starpilot,2.875, 
11345920,starpilot,9.8125, 
11354112,starpilot,12.71875, 
11362304,starpilot,9.5625, 
11370496,starpilot,1.1875, 
11378688,starpilot,9.21875, 
11386880,starpilot,14.65625, 
11395072,starpilot,6.875, 
11403264,starpilot,11.78125, 
11411456,starpilot,5.625, 
11419648,starpilot,7.4375, 
11427840,starpilot,6.15625, 
11436032,starpilot,16.28125, 
11444224,starpilot,5.9375, 
11452416,starpilot,4.96875, 
11460608,starpilot,1.65625, 
11468800,starpilot,15.25, 
11476992,starpilot,7.25, 
11485184,starpilot,4.375, 
11493376,starpilot,6.53125, 
11501568,starpilot,10.0625, 
11509760,starpilot,2.8125, 
11517952,starpilot,5.21875, 
11526144,starpilot,12.5, 
11534336,starpilot,4.5625, 
11542528,starpilot,1.75, 
11550720,starpilot,4.0, 
11558912,starpilot,7.5, 
11567104,starpilot,7.28125, 
11575296,starpilot,0.8125, 
11583488,starpilot,7.0625, 
11591680,starpilot,3.5625, 
11599872,starpilot,11.03125, 
11608064,starpilot,4.0625, 
11616256,starpilot,9.375, 
11624448,starpilot,3.9375, 
11632640,starpilot,8.90625, 
11640832,starpilot,3.90625, 
11649024,starpilot,4.46875, 
11657216,starpilot,4.65625, 
11665408,starpilot,8.625, 
11673600,starpilot,0.09375, 
11681792,starpilot,3.9375, 
11689984,starpilot,5.28125, 
11698176,starpilot,5.1875, 
11706368,starpilot,0.5625, 
11714560,starpilot,7.71875, 
11722752,starpilot,0.15625, 
11730944,starpilot,9.84375, 
11739136,starpilot,5.34375, 
11747328,starpilot,5.96875, 
11755520,starpilot,3.46875, 
11763712,starpilot,2.375, 
11771904,starpilot,8.65625, 
11780096,starpilot,1.1875, 
11788288,starpilot,6.5, 
11796480,starpilot,7.625, 
11804672,starpilot,1.59375, 
11812864,starpilot,11.0625, 
11821056,starpilot,5.46875, 
11829248,starpilot,2.84375, 
11837440,starpilot,0.53125, 
11845632,starpilot,14.0, 
11853824,starpilot,9.21875, 
11862016,starpilot,4.03125, 
11870208,starpilot,1.0625, 
11878400,starpilot,12.65625, 
11886592,starpilot,3.0, 
11894784,starpilot,17.78125, 
11902976,starpilot,5.28125, 
11911168,starpilot,11.78125, 
11919360,starpilot,4.375, 
11927552,starpilot,3.59375, 
11935744,starpilot,11.15625, 
11943936,starpilot,9.84375, 
11952128,starpilot,8.0625, 
11960320,starpilot,11.4375, 
11968512,starpilot,9.34375, 
11976704,starpilot,0.15625, 
11984896,starpilot,3.09375, 
11993088,starpilot,5.84375, 
12001280,starpilot,8.21875, 
12009472,starpilot,10.90625, 
12017664,starpilot,16.40625, 
12025856,starpilot,4.53125, 
12034048,starpilot,10.28125, 
12042240,starpilot,13.1875, 
12050432,starpilot,0.6875, 
12058624,starpilot,0.0, 
12066816,starpilot,2.34375, 
12075008,starpilot,19.46875, 
12083200,starpilot,1.4375, 
12091392,starpilot,12.9375, 
12099584,starpilot,4.3125, 
12107776,starpilot,7.25, 
12115968,starpilot,3.25, 
12124160,starpilot,0.875, 
12132352,starpilot,5.9375, 
12140544,starpilot,12.90625, 
12148736,starpilot,9.125, 
12156928,starpilot,2.8125, 
12165120,starpilot,10.3125, 
12173312,starpilot,11.4375, 
12181504,starpilot,10.03125, 
12189696,starpilot,1.28125, 
12197888,starpilot,8.71875, 
12206080,starpilot,14.0625, 
12214272,starpilot,6.78125, 
12222464,starpilot,11.5, 
12230656,starpilot,5.71875, 
12238848,starpilot,7.40625, 
12247040,starpilot,5.84375, 
12255232,starpilot,16.8125, 
12263424,starpilot,6.8125, 
12271616,starpilot,4.84375, 
12279808,starpilot,1.8125, 
12288000,starpilot,15.28125, 
12296192,starpilot,7.375, 
12304384,starpilot,4.65625, 
12312576,starpilot,6.5, 
12320768,starpilot,11.03125, 
12328960,starpilot,2.625, 
12337152,starpilot,5.09375, 
12345344,starpilot,13.28125, 
12353536,starpilot,4.71875, 
12361728,starpilot,1.96875, 
12369920,starpilot,4.46875, 
12378112,starpilot,7.71875, 
12386304,starpilot,7.4375, 
12394496,starpilot,1.125, 
12402688,starpilot,7.4375, 
12410880,starpilot,3.53125, 
12419072,starpilot,11.375, 
12427264,starpilot,4.1875, 
12435456,starpilot,9.96875, 
12443648,starpilot,3.53125, 
12451840,starpilot,8.84375, 
12460032,starpilot,3.6875, 
12468224,starpilot,3.65625, 
12476416,starpilot,4.78125, 
12484608,starpilot,8.75, 
12492800,starpilot,0.09375, 
12500992,starpilot,4.375, 
12509184,starpilot,4.8125, 
12517376,starpilot,4.8125, 
12525568,starpilot,0.84375, 
12533760,starpilot,7.6875, 
12541952,starpilot,0.03125, 
12550144,starpilot,11.3125, 
12558336,starpilot,5.46875, 
12566528,starpilot,6.5625, 
12574720,starpilot,4.3125, 
12582912,starpilot,3.6875, 
12591104,starpilot,8.75, 
12599296,starpilot,1.625, 
12607488,starpilot,6.34375, 
12615680,starpilot,7.125, 
12623872,starpilot,1.75, 
12632064,starpilot,11.71875, 
12640256,starpilot,5.1875, 
12648448,starpilot,2.75, 
12656640,starpilot,0.375, 
12664832,starpilot,13.71875, 
12673024,starpilot,8.28125, 
12681216,starpilot,3.75, 
12689408,starpilot,1.15625, 
12697600,starpilot,12.5625, 
12705792,starpilot,3.15625, 
12713984,starpilot,17.25, 
12722176,starpilot,5.40625, 
12730368,starpilot,10.90625, 
12738560,starpilot,4.5, 
12746752,starpilot,3.4375, 
12754944,starpilot,11.46875, 
12763136,starpilot,9.71875, 
12771328,starpilot,8.09375, 
12779520,starpilot,11.21875, 
12787712,starpilot,9.15625, 
12795904,starpilot,0.28125, 
12804096,starpilot,3.40625, 
12812288,starpilot,6.09375, 
12820480,starpilot,7.53125, 
12828672,starpilot,10.6875, 
12836864,starpilot,16.34375, 
12845056,starpilot,4.125, 
12853248,starpilot,10.03125, 
12861440,starpilot,12.9375, 
12869632,starpilot,1.125, 
12877824,starpilot,0.0, 
12886016,starpilot,2.34375, 
12894208,starpilot,19.8125, 
12902400,starpilot,1.0, 
12910592,starpilot,12.5625, 
12918784,starpilot,4.84375, 
12926976,starpilot,7.46875, 
12935168,starpilot,2.5, 
12943360,starpilot,0.75, 
12951552,starpilot,5.375, 
12959744,starpilot,12.71875, 
12967936,starpilot,9.59375, 
12976128,starpilot,3.09375, 
12984320,starpilot,10.1875, 
12992512,starpilot,11.53125, 
13000704,starpilot,10.125, 
13008896,starpilot,1.34375, 
13017088,starpilot,8.15625, 
13025280,starpilot,14.03125, 
13033472,starpilot,6.96875, 
13041664,starpilot,11.78125, 
13049856,starpilot,5.53125, 
13058048,starpilot,8.09375, 
13066240,starpilot,5.6875, 
13074432,starpilot,16.40625, 
13082624,starpilot,6.375, 
13090816,starpilot,5.125, 
13099008,starpilot,1.875, 
13107200,starpilot,15.96875, 
13115392,starpilot,7.9375, 
13123584,starpilot,4.8125, 
13131776,starpilot,6.21875, 
13139968,starpilot,10.71875, 
13148160,starpilot,2.78125, 
13156352,starpilot,6.03125, 
13164544,starpilot,13.0625, 
13172736,starpilot,5.25, 
13180928,starpilot,1.9375, 
13189120,starpilot,4.5625, 
13197312,starpilot,7.65625, 
13205504,starpilot,7.625, 
13213696,starpilot,1.0, 
13221888,starpilot,7.0625, 
13230080,starpilot,3.25, 
13238272,starpilot,11.1875, 
13246464,starpilot,3.96875, 
13254656,starpilot,9.65625, 
13262848,starpilot,3.84375, 
13271040,starpilot,9.09375, 
13279232,starpilot,3.25, 
13287424,starpilot,4.46875, 
13295616,starpilot,5.3125, 
13303808,starpilot,9.4375, 
13312000,starpilot,0.125, 
13320192,starpilot,4.3125, 
13328384,starpilot,5.25, 
13336576,starpilot,4.84375, 
13344768,starpilot,1.0, 
13352960,starpilot,7.625, 
13361152,starpilot,0.15625, 
13369344,starpilot,10.96875, 
13377536,starpilot,5.4375, 
13385728,starpilot,6.125, 
13393920,starpilot,3.875, 
13402112,starpilot,2.75, 
13410304,starpilot,9.28125, 
13418496,starpilot,1.5, 
13426688,starpilot,6.875, 
13434880,starpilot,7.40625, 
13443072,starpilot,1.84375, 
13451264,starpilot,11.5625, 
13459456,starpilot,5.46875, 
13467648,starpilot,3.03125, 
13475840,starpilot,0.625, 
13484032,starpilot,13.5, 
13492224,starpilot,8.15625, 
13500416,starpilot,4.0, 
13508608,starpilot,1.40625, 
13516800,starpilot,12.25, 
13524992,starpilot,3.84375, 
13533184,starpilot,17.6875, 
13541376,starpilot,5.5, 
13549568,starpilot,12.4375, 
13557760,starpilot,4.40625, 
13565952,starpilot,4.375, 
13574144,starpilot,10.6875, 
13582336,starpilot,9.25, 
13590528,starpilot,8.0625, 
13598720,starpilot,11.5, 
13606912,starpilot,9.5625, 
13615104,starpilot,0.28125, 
13623296,starpilot,3.65625, 
13631488,starpilot,6.78125, 
13639680,starpilot,7.28125, 
13647872,starpilot,11.1875, 
13656064,starpilot,16.46875, 
13664256,starpilot,4.4375, 
13672448,starpilot,9.46875, 
13680640,starpilot,13.53125, 
13688832,starpilot,0.8125, 
13697024,starpilot,0.0, 
13705216,starpilot,2.375, 
13713408,starpilot,18.65625, 
13721600,starpilot,1.0625, 
13729792,starpilot,12.5625, 
13737984,starpilot,4.96875, 
13746176,starpilot,7.46875, 
13754368,starpilot,3.03125, 
13762560,starpilot,0.875, 
13770752,starpilot,5.46875, 
13778944,starpilot,12.21875, 
13787136,starpilot,9.46875, 
13795328,starpilot,3.46875, 
13803520,starpilot,10.25, 
13811712,starpilot,11.5, 
13819904,starpilot,9.40625, 
13828096,starpilot,1.53125, 
13836288,starpilot,8.125, 
13844480,starpilot,13.96875, 
13852672,starpilot,7.125, 
13860864,starpilot,12.09375, 
13869056,starpilot,5.34375, 
13877248,starpilot,7.5625, 
13885440,starpilot,5.71875, 
13893632,starpilot,16.21875, 
13901824,starpilot,6.46875, 
13910016,starpilot,4.9375, 
13918208,starpilot,2.125, 
13926400,starpilot,15.8125, 
13934592,starpilot,6.9375, 
13942784,starpilot,4.5, 
13950976,starpilot,5.9375, 
13959168,starpilot,10.59375, 
13967360,starpilot,3.15625, 
13975552,starpilot,5.71875, 
13983744,starpilot,13.1875, 
13991936,starpilot,5.0625, 
14000128,starpilot,2.03125, 
14008320,starpilot,4.625, 
14016512,starpilot,7.96875, 
14024704,starpilot,7.5625, 
14032896,starpilot,1.125, 
14041088,starpilot,7.40625, 
14049280,starpilot,3.46875, 
14057472,starpilot,11.40625, 
14065664,starpilot,4.125, 
14073856,starpilot,9.5625, 
14082048,starpilot,4.03125, 
14090240,starpilot,8.875, 
14098432,starpilot,3.6875, 
14106624,starpilot,4.5625, 
14114816,starpilot,4.8125, 
14123008,starpilot,9.0625, 
14131200,starpilot,0.1875, 
14139392,starpilot,4.6875, 
14147584,starpilot,4.5625, 
14155776,starpilot,5.1875, 
14163968,starpilot,1.25, 
14172160,starpilot,7.5625, 
14180352,starpilot,0.15625, 
14188544,starpilot,10.53125, 
14196736,starpilot,5.5, 
14204928,starpilot,6.84375, 
14213120,starpilot,3.5625, 
14221312,starpilot,3.21875, 
14229504,starpilot,9.4375, 
14237696,starpilot,1.8125, 
14245888,starpilot,7.03125, 
14254080,starpilot,7.84375, 
14262272,starpilot,2.125, 
14270464,starpilot,11.09375, 
14278656,starpilot,5.28125, 
14286848,starpilot,2.9375, 
14295040,starpilot,0.625, 
14303232,starpilot,14.40625, 
14311424,starpilot,8.5625, 
14319616,starpilot,3.625, 
14327808,starpilot,1.75, 
14336000,starpilot,12.5625, 
14344192,starpilot,4.1875, 
14352384,starpilot,17.1875, 
14360576,starpilot,5.5, 
14368768,starpilot,11.1875, 
14376960,starpilot,4.46875, 
14385152,starpilot,3.96875, 
14393344,starpilot,11.34375, 
14401536,starpilot,9.8125, 
14409728,starpilot,7.625, 
14417920,starpilot,11.21875, 
14426112,starpilot,9.875, 
14434304,starpilot,0.34375, 
14442496,starpilot,3.75, 
14450688,starpilot,7.03125, 
14458880,starpilot,8.34375, 
14467072,starpilot,10.84375, 
14475264,starpilot,16.0625, 
14483456,starpilot,4.5, 
14491648,starpilot,9.65625, 
14499840,starpilot,13.71875, 
14508032,starpilot,0.78125, 
14516224,starpilot,0.0, 
14524416,starpilot,2.5, 
14532608,starpilot,18.375, 
14540800,starpilot,1.1875, 
14548992,starpilot,12.4375, 
14557184,starpilot,5.09375, 
14565376,starpilot,7.71875, 
14573568,starpilot,2.625, 
14581760,starpilot,0.96875, 
14589952,starpilot,5.46875, 
14598144,starpilot,13.15625, 
14606336,starpilot,9.4375, 
14614528,starpilot,3.4375, 
14622720,starpilot,10.3125, 
14630912,starpilot,11.15625, 
14639104,starpilot,9.125, 
14647296,starpilot,1.40625, 
14655488,starpilot,8.3125, 
14663680,starpilot,13.84375, 
14671872,starpilot,7.5625, 
14680064,starpilot,12.4375, 
14688256,starpilot,5.4375, 
14696448,starpilot,7.6875, 
14704640,starpilot,5.5625, 
14712832,starpilot,16.625, 
14721024,starpilot,6.09375, 
14729216,starpilot,5.09375, 
14737408,starpilot,2.09375, 
14745600,starpilot,15.21875, 
14753792,starpilot,7.34375, 
14761984,starpilot,4.34375, 
14770176,starpilot,5.90625, 
14778368,starpilot,10.3125, 
14786560,starpilot,3.0625, 
14794752,starpilot,5.21875, 
14802944,starpilot,13.53125, 
14811136,starpilot,5.21875, 
14819328,starpilot,2.15625, 
14827520,starpilot,4.46875, 
14835712,starpilot,8.0625, 
14843904,starpilot,7.3125, 
14852096,starpilot,0.90625, 
14860288,starpilot,7.78125, 
14868480,starpilot,3.3125, 
14876672,starpilot,11.53125, 
14884864,starpilot,4.375, 
14893056,starpilot,9.25, 
14901248,starpilot,3.9375, 
14909440,starpilot,8.96875, 
14917632,starpilot,3.96875, 
14925824,starpilot,4.1875, 
14934016,starpilot,5.3125, 
14942208,starpilot,9.53125, 
14950400,starpilot,0.09375, 
14958592,starpilot,4.46875, 
14966784,starpilot,4.90625, 
14974976,starpilot,4.53125, 
14983168,starpilot,0.90625, 
14991360,starpilot,7.84375, 
14999552,starpilot,0.125, 
15007744,starpilot,10.5, 
15015936,starpilot,5.34375, 
15024128,starpilot,6.65625, 
15032320,starpilot,3.71875, 
15040512,starpilot,3.84375, 
15048704,starpilot,9.75, 
15056896,starpilot,1.78125, 
15065088,starpilot,7.0, 
15073280,starpilot,7.875, 
15081472,starpilot,2.1875, 
15089664,starpilot,11.28125, 
15097856,starpilot,5.5625, 
15106048,starpilot,3.25, 
15114240,starpilot,0.6875, 
15122432,starpilot,14.375, 
15130624,starpilot,9.0, 
15138816,starpilot,4.21875, 
15147008,starpilot,1.46875, 
15155200,starpilot,12.34375, 
15163392,starpilot,3.15625, 
15171584,starpilot,16.4375, 
15179776,starpilot,5.875, 
15187968,starpilot,11.09375, 
15196160,starpilot,4.59375, 
15204352,starpilot,3.28125, 
15212544,starpilot,11.4375, 
15220736,starpilot,10.0625, 
15228928,starpilot,8.3125, 
15237120,starpilot,11.40625, 
15245312,starpilot,10.0625, 
15253504,starpilot,0.40625, 
15261696,starpilot,4.25, 
15269888,starpilot,7.1875, 
15278080,starpilot,8.5625, 
15286272,starpilot,10.53125, 
15294464,starpilot,15.5625, 
15302656,starpilot,4.53125, 
15310848,starpilot,10.09375, 
15319040,starpilot,13.375, 
15327232,starpilot,0.90625, 
15335424,starpilot,0.0, 
15343616,starpilot,2.4375, 
15351808,starpilot,17.96875, 
15360000,starpilot,1.0625, 
15368192,starpilot,12.65625, 
15376384,starpilot,5.15625, 
15384576,starpilot,7.1875, 
15392768,starpilot,2.59375, 
15400960,starpilot,1.3125, 
15409152,starpilot,4.8125, 
15417344,starpilot,13.3125, 
15425536,starpilot,9.71875, 
15433728,starpilot,3.28125, 
15441920,starpilot,9.90625, 
15450112,starpilot,10.3125, 
15458304,starpilot,9.40625, 
15466496,starpilot,1.59375, 
15474688,starpilot,7.34375, 
15482880,starpilot,13.125, 
15491072,starpilot,8.03125, 
15499264,starpilot,12.71875, 
15507456,starpilot,5.34375, 
15515648,starpilot,7.59375, 
15523840,starpilot,5.28125, 
15532032,starpilot,16.1875, 
15540224,starpilot,7.09375, 
15548416,starpilot,5.125, 
15556608,starpilot,2.125, 
15564800,starpilot,15.3125, 
15572992,starpilot,7.59375, 
15581184,starpilot,3.96875, 
15589376,starpilot,5.90625, 
15597568,starpilot,9.3125, 
15605760,starpilot,2.25, 
15613952,starpilot,4.15625, 
15622144,starpilot,13.34375, 
15630336,starpilot,5.09375, 
15638528,starpilot,1.84375, 
15646720,starpilot,4.65625, 
15654912,starpilot,7.6875, 
15663104,starpilot,7.0625, 
15671296,starpilot,2.25, 
15679488,starpilot,7.21875, 
15687680,starpilot,3.53125, 
15695872,starpilot,11.25, 
15704064,starpilot,4.09375, 
15712256,starpilot,9.625, 
15720448,starpilot,4.1875, 
15728640,starpilot,9.0, 
15736832,starpilot,3.53125, 
15745024,starpilot,4.21875, 
15753216,starpilot,4.9375, 
15761408,starpilot,9.25, 
15769600,starpilot,0.3125, 
15777792,starpilot,4.75, 
15785984,starpilot,4.71875, 
15794176,starpilot,4.4375, 
15802368,starpilot,0.71875, 
15810560,starpilot,7.9375, 
15818752,starpilot,0.125, 
15826944,starpilot,10.34375, 
15835136,starpilot,5.65625, 
15843328,starpilot,6.0, 
15851520,starpilot,3.28125, 
15859712,starpilot,3.65625, 
15867904,starpilot,9.8125, 
15876096,starpilot,1.90625, 
15884288,starpilot,6.5625, 
15892480,starpilot,7.625, 
15900672,starpilot,2.0625, 
15908864,starpilot,10.84375, 
15917056,starpilot,5.28125, 
15925248,starpilot,2.9375, 
15933440,starpilot,0.78125, 
15941632,starpilot,13.25, 
15949824,starpilot,9.59375, 
15958016,starpilot,3.25, 
15966208,starpilot,1.09375, 
15974400,starpilot,12.28125, 
15982592,starpilot,3.78125, 
15990784,starpilot,16.78125, 
15998976,starpilot,5.59375, 
16007168,starpilot,11.375, 
16015360,starpilot,4.4375, 
16023552,starpilot,3.6875, 
16031744,starpilot,11.625, 
16039936,starpilot,10.0, 
16048128,starpilot,7.75, 
16056320,starpilot,11.375, 
16064512,starpilot,9.9375, 
16072704,starpilot,0.375, 
16080896,starpilot,3.9375, 
16089088,starpilot,7.6875, 
16097280,starpilot,8.53125, 
16105472,starpilot,10.53125, 
16113664,starpilot,15.5, 
16121856,starpilot,4.09375, 
16130048,starpilot,9.8125, 
16138240,starpilot,12.90625, 
16146432,starpilot,0.96875, 
16154624,starpilot,0.0, 
16162816,starpilot,2.65625, 
16171008,starpilot,17.78125, 
16179200,starpilot,1.15625, 
16187392,starpilot,13.1875, 
16195584,starpilot,5.375, 
16203776,starpilot,7.03125, 
16211968,starpilot,2.46875, 
16220160,starpilot,0.78125, 
16228352,starpilot,5.15625, 
16236544,starpilot,13.78125, 
16244736,starpilot,9.375, 
16252928,starpilot,3.4375, 
16261120,starpilot,9.625, 
16269312,starpilot,11.53125, 
16277504,starpilot,10.28125, 
16285696,starpilot,1.75, 
16293888,starpilot,8.125, 
16302080,starpilot,13.1875, 
16310272,starpilot,7.59375, 
16318464,starpilot,12.84375, 
16326656,starpilot,5.09375, 
16334848,starpilot,7.59375, 
16343040,starpilot,5.125, 
16351232,starpilot,17.125, 
16359424,starpilot,6.8125, 
16367616,starpilot,5.34375, 
16375808,starpilot,2.3125, 
16384000,starpilot,15.25, 
16392192,starpilot,7.96875, 
16400384,starpilot,4.59375, 
16408576,starpilot,5.71875, 
16416768,starpilot,10.375, 
16424960,starpilot,3.0, 
16433152,starpilot,5.3125, 
16441344,starpilot,13.65625, 
16449536,starpilot,4.90625, 
16457728,starpilot,2.0, 
16465920,starpilot,4.40625, 
16474112,starpilot,7.75, 
16482304,starpilot,7.28125, 
16490496,starpilot,1.59375, 
16498688,starpilot,7.21875, 
16506880,starpilot,4.03125, 
16515072,starpilot,11.0625, 
16523264,starpilot,4.5625, 
16531456,starpilot,9.65625, 
16539648,starpilot,4.21875, 
16547840,starpilot,8.875, 
16556032,starpilot,3.46875, 
16564224,starpilot,4.625, 
16572416,starpilot,4.75, 
16580608,starpilot,9.03125, 
16588800,starpilot,0.15625, 
16596992,starpilot,4.78125, 
16605184,starpilot,4.375, 
16613376,starpilot,4.75, 
16621568,starpilot,0.65625, 
16629760,starpilot,7.96875, 
16637952,starpilot,0.15625, 
16646144,starpilot,10.90625, 
16654336,starpilot,5.71875, 
16662528,starpilot,5.84375, 
16670720,starpilot,3.53125, 
16678912,starpilot,3.375, 
16687104,starpilot,11.21875, 
16695296,starpilot,2.4375, 
16703488,starpilot,6.84375, 
16711680,starpilot,7.3125, 
16719872,starpilot,2.21875, 
16728064,starpilot,10.96875, 
16736256,starpilot,5.5625, 
16744448,starpilot,2.53125, 
16752640,starpilot,0.71875, 
16760832,starpilot,13.8125, 
16769024,starpilot,9.125, 
16777216,starpilot,3.375, 
16785408,starpilot,0.875, 
16793600,starpilot,12.3125, 
16801792,starpilot,3.3125, 
16809984,starpilot,17.03125, 
16818176,starpilot,5.78125, 
16826368,starpilot,11.0625, 
16834560,starpilot,4.40625, 
16842752,starpilot,3.78125, 
16850944,starpilot,11.46875, 
16859136,starpilot,10.5, 
16867328,starpilot,7.96875, 
16875520,starpilot,10.90625, 
16883712,starpilot,9.875, 
16891904,starpilot,0.34375, 
16900096,starpilot,4.375, 
16908288,starpilot,7.4375, 
16916480,starpilot,8.3125, 
16924672,starpilot,10.3125, 
16932864,starpilot,15.71875, 
16941056,starpilot,3.84375, 
16949248,starpilot,9.46875, 
16957440,starpilot,13.5625, 
16965632,starpilot,0.78125, 
16973824,starpilot,0.0, 
16982016,starpilot,2.65625, 
16990208,starpilot,17.0625, 
16998400,starpilot,0.9375, 
17006592,starpilot,13.125, 
17014784,starpilot,5.3125, 
17022976,starpilot,7.0625, 
17031168,starpilot,2.125, 
17039360,starpilot,0.71875, 
17047552,starpilot,5.0625, 
17055744,starpilot,13.5, 
17063936,starpilot,9.3125, 
17072128,starpilot,3.1875, 
17080320,starpilot,9.75, 
17088512,starpilot,10.875, 
17096704,starpilot,8.9375, 
17104896,starpilot,1.5, 
17113088,starpilot,7.59375, 
17121280,starpilot,12.8125, 
17129472,starpilot,7.375, 
17137664,starpilot,12.65625, 
17145856,starpilot,5.09375, 
17154048,starpilot,7.65625, 
17162240,starpilot,4.90625, 
17170432,starpilot,16.71875, 
17178624,starpilot,6.78125, 
17186816,starpilot,5.15625, 
17195008,starpilot,2.1875, 
17203200,starpilot,15.34375, 
17211392,starpilot,6.875, 
17219584,starpilot,4.1875, 
17227776,starpilot,5.96875, 
17235968,starpilot,10.15625, 
17244160,starpilot,2.75, 
17252352,starpilot,5.0, 
17260544,starpilot,13.59375, 
17268736,starpilot,5.03125, 
17276928,starpilot,1.9375, 
17285120,starpilot,4.4375, 
17293312,starpilot,7.84375, 
17301504,starpilot,7.25, 
17309696,starpilot,2.375, 
17317888,starpilot,6.71875, 
17326080,starpilot,3.96875, 
17334272,starpilot,11.09375, 
17342464,starpilot,4.34375, 
17350656,starpilot,10.0625, 
17358848,starpilot,4.125, 
17367040,starpilot,8.75, 
17375232,starpilot,3.6875, 
17383424,starpilot,4.78125, 
17391616,starpilot,4.3125, 
17399808,starpilot,9.3125, 
17408000,starpilot,0.09375, 
17416192,starpilot,4.875, 
17424384,starpilot,4.71875, 
17432576,starpilot,4.625, 
17440768,starpilot,0.5, 
17448960,starpilot,7.8125, 
17457152,starpilot,0.0625, 
17465344,starpilot,11.125, 
17473536,starpilot,5.375, 
17481728,starpilot,7.40625, 
17489920,starpilot,3.59375, 
17498112,starpilot,3.4375, 
17506304,starpilot,11.15625, 
17514496,starpilot,1.5625, 
17522688,starpilot,6.1875, 
17530880,starpilot,7.0, 
17539072,starpilot,2.5, 
17547264,starpilot,10.875, 
17555456,starpilot,5.4375, 
17563648,starpilot,2.96875, 
17571840,starpilot,0.71875, 
17580032,starpilot,13.96875, 
17588224,starpilot,9.1875, 
17596416,starpilot,3.34375, 
17604608,starpilot,0.84375, 
17612800,starpilot,12.125, 
17620992,starpilot,3.125, 
17629184,starpilot,16.53125, 
17637376,starpilot,5.71875, 
17645568,starpilot,11.46875, 
17653760,starpilot,4.5, 
17661952,starpilot,3.3125, 
17670144,starpilot,11.15625, 
17678336,starpilot,10.3125, 
17686528,starpilot,8.46875, 
17694720,starpilot,12.40625, 
17702912,starpilot,9.71875, 
17711104,starpilot,0.25, 
17719296,starpilot,3.9375, 
17727488,starpilot,7.40625, 
17735680,starpilot,8.5, 
17743872,starpilot,10.59375, 
17752064,starpilot,15.0, 
17760256,starpilot,4.46875, 
17768448,starpilot,10.09375, 
17776640,starpilot,13.53125, 
17784832,starpilot,0.9375, 
17793024,starpilot,0.0, 
17801216,starpilot,2.875, 
17809408,starpilot,17.84375, 
17817600,starpilot,1.1875, 
17825792,starpilot,13.0625, 
17833984,starpilot,5.0, 
17842176,starpilot,6.8125, 
17850368,starpilot,2.40625, 
17858560,starpilot,1.15625, 
17866752,starpilot,5.0625, 
17874944,starpilot,13.21875, 
17883136,starpilot,9.1875, 
17891328,starpilot,3.4375, 
17899520,starpilot,10.53125, 
17907712,starpilot,10.90625, 
17915904,starpilot,10.1875, 
17924096,starpilot,1.625, 
17932288,starpilot,7.9375, 
17940480,starpilot,13.09375, 
17948672,starpilot,7.90625, 
17956864,starpilot,12.90625, 
17965056,starpilot,5.375, 
17973248,starpilot,7.375, 
17981440,starpilot,4.75, 
17989632,starpilot,17.0, 
17997824,starpilot,6.75, 
18006016,starpilot,5.34375, 
18014208,starpilot,2.03125, 
18022400,starpilot,15.46875, 
18030592,starpilot,7.90625, 
18038784,starpilot,4.40625, 
18046976,starpilot,6.03125, 
18055168,starpilot,10.625, 
18063360,starpilot,3.15625, 
18071552,starpilot,5.75, 
18079744,starpilot,13.125, 
18087936,starpilot,5.15625, 
18096128,starpilot,1.75, 
18104320,starpilot,4.875, 
18112512,starpilot,7.59375, 
18120704,starpilot,7.40625, 
18128896,starpilot,1.59375, 
18137088,starpilot,6.96875, 
18145280,starpilot,4.0625, 
18153472,starpilot,10.90625, 
18161664,starpilot,4.4375, 
18169856,starpilot,9.25, 
18178048,starpilot,4.5625, 
18186240,starpilot,8.78125, 
18194432,starpilot,3.59375, 
18202624,starpilot,4.28125, 
18210816,starpilot,4.59375, 
18219008,starpilot,9.1875, 
18227200,starpilot,0.28125, 
18235392,starpilot,4.5625, 
18243584,starpilot,5.0, 
18251776,starpilot,4.34375, 
18259968,starpilot,0.375, 
18268160,starpilot,8.0625, 
18276352,starpilot,0.0625, 
18284544,starpilot,11.25, 
18292736,starpilot,5.59375, 
18300928,starpilot,6.71875, 
18309120,starpilot,3.59375, 
18317312,starpilot,4.03125, 
18325504,starpilot,11.21875, 
18333696,starpilot,2.125, 
18341888,starpilot,6.09375, 
18350080,starpilot,7.53125, 
18358272,starpilot,2.65625, 
18366464,starpilot,11.03125, 
18374656,starpilot,5.6875, 
18382848,starpilot,2.78125, 
18391040,starpilot,0.53125, 
18399232,starpilot,13.71875, 
18407424,starpilot,9.0, 
18415616,starpilot,2.96875, 
18423808,starpilot,1.03125, 
18432000,starpilot,12.625, 
18440192,starpilot,2.78125, 
18448384,starpilot,16.4375, 
18456576,starpilot,5.375, 
18464768,starpilot,10.75, 
18472960,starpilot,4.40625, 
18481152,starpilot,3.59375, 
18489344,starpilot,11.0625, 
18497536,starpilot,10.03125, 
18505728,starpilot,7.8125, 
18513920,starpilot,11.25, 
18522112,starpilot,10.1875, 
18530304,starpilot,0.28125, 
18538496,starpilot,4.3125, 
18546688,starpilot,7.125, 
18554880,starpilot,8.15625, 
18563072,starpilot,10.59375, 
18571264,starpilot,15.53125, 
18579456,starpilot,3.90625, 
18587648,starpilot,9.71875, 
18595840,starpilot,13.75, 
18604032,starpilot,0.75, 
18612224,starpilot,0.0, 
18620416,starpilot,2.71875, 
18628608,starpilot,17.0625, 
18636800,starpilot,1.3125, 
18644992,starpilot,13.28125, 
18653184,starpilot,5.28125, 
18661376,starpilot,6.8125, 
18669568,starpilot,2.1875, 
18677760,starpilot,0.6875, 
18685952,starpilot,5.125, 
18694144,starpilot,13.09375, 
18702336,starpilot,9.15625, 
18710528,starpilot,3.21875, 
18718720,starpilot,9.46875, 
18726912,starpilot,10.59375, 
18735104,starpilot,9.5625, 
18743296,starpilot,1.40625, 
18751488,starpilot,8.15625, 
18759680,starpilot,13.03125, 
18767872,starpilot,7.78125, 
18776064,starpilot,12.53125, 
18784256,starpilot,5.3125, 
18792448,starpilot,7.75, 
18800640,starpilot,5.09375, 
18808832,starpilot,16.96875, 
18817024,starpilot,6.875, 
18825216,starpilot,5.96875, 
18833408,starpilot,2.21875, 
18841600,starpilot,15.4375, 
18849792,starpilot,7.5, 
18857984,starpilot,4.40625, 
18866176,starpilot,6.09375, 
18874368,starpilot,9.65625, 
18882560,starpilot,2.5, 
18890752,starpilot,5.25, 
18898944,starpilot,12.9375, 
18907136,starpilot,4.9375, 
18915328,starpilot,1.5625, 
18923520,starpilot,4.4375, 
18931712,starpilot,7.75, 
18939904,starpilot,7.5, 
18948096,starpilot,1.59375, 
18956288,starpilot,7.125, 
18964480,starpilot,3.59375, 
18972672,starpilot,11.0625, 
18980864,starpilot,4.25, 
18989056,starpilot,9.59375, 
18997248,starpilot,4.5, 
19005440,starpilot,8.65625, 
19013632,starpilot,3.5625, 
19021824,starpilot,4.8125, 
19030016,starpilot,4.71875, 
19038208,starpilot,8.9375, 
19046400,starpilot,0.09375, 
19054592,starpilot,4.5, 
19062784,starpilot,5.03125, 
19070976,starpilot,4.46875, 
19079168,starpilot,0.34375, 
19087360,starpilot,7.84375, 
19095552,starpilot,0.03125, 
19103744,starpilot,12.03125, 
19111936,starpilot,5.78125, 
19120128,starpilot,7.15625, 
19128320,starpilot,3.1875, 
19136512,starpilot,4.5625, 
19144704,starpilot,11.3125, 
19152896,starpilot,1.96875, 
19161088,starpilot,6.1875, 
19169280,starpilot,8.03125, 
19177472,starpilot,2.53125, 
19185664,starpilot,10.96875, 
19193856,starpilot,5.875, 
19202048,starpilot,2.65625, 
19210240,starpilot,0.5625, 
19218432,starpilot,14.0625, 
19226624,starpilot,9.0, 
19234816,starpilot,2.8125, 
19243008,starpilot,0.96875, 
19251200,starpilot,12.75, 
19259392,starpilot,2.875, 
19267584,starpilot,17.40625, 
19275776,starpilot,5.71875, 
19283968,starpilot,11.8125, 
19292160,starpilot,4.625, 
19300352,starpilot,3.5625, 
19308544,starpilot,10.71875, 
19316736,starpilot,9.59375, 
19324928,starpilot,7.875, 
19333120,starpilot,12.03125, 
19341312,starpilot,9.84375, 
19349504,starpilot,0.3125, 
19357696,starpilot,4.03125, 
19365888,starpilot,7.0625, 
19374080,starpilot,8.53125, 
19382272,starpilot,10.65625, 
19390464,starpilot,15.5625, 
19398656,starpilot,4.4375, 
19406848,starpilot,9.40625, 
19415040,starpilot,13.6875, 
19423232,starpilot,0.71875, 
19431424,starpilot,0.0, 
19439616,starpilot,2.78125, 
19447808,starpilot,17.875, 
19456000,starpilot,1.375, 
19464192,starpilot,13.3125, 
19472384,starpilot,5.125, 
19480576,starpilot,6.90625, 
19488768,starpilot,2.34375, 
19496960,starpilot,1.0, 
19505152,starpilot,4.96875, 
19513344,starpilot,13.03125, 
19521536,starpilot,9.0625, 
19529728,starpilot,3.375, 
19537920,starpilot,9.15625, 
19546112,starpilot,11.8125, 
19554304,starpilot,9.125, 
19562496,starpilot,1.625, 
19570688,starpilot,7.46875, 
19578880,starpilot,12.03125, 
19587072,starpilot,8.28125, 
19595264,starpilot,12.625, 
19603456,starpilot,5.28125, 
19611648,starpilot,7.375, 
19619840,starpilot,5.0625, 
19628032,starpilot,16.28125, 
19636224,starpilot,6.375, 
19644416,starpilot,4.9375, 
19652608,starpilot,2.125, 
19660800,starpilot,15.59375, 
19668992,starpilot,7.71875, 
19677184,starpilot,4.125, 
19685376,starpilot,5.84375, 
19693568,starpilot,9.53125, 
19701760,starpilot,3.125, 
19709952,starpilot,4.78125, 
19718144,starpilot,13.125, 
19726336,starpilot,4.9375, 
19734528,starpilot,1.84375, 
19742720,starpilot,4.71875, 
19750912,starpilot,7.625, 
19759104,starpilot,7.65625, 
19767296,starpilot,2.15625, 
19775488,starpilot,6.78125, 
19783680,starpilot,3.625, 
19791872,starpilot,11.21875, 
19800064,starpilot,4.21875, 
19808256,starpilot,9.53125, 
19816448,starpilot,4.8125, 
19824640,starpilot,8.46875, 
19832832,starpilot,3.21875, 
19841024,starpilot,4.5, 
19849216,starpilot,4.65625, 
19857408,starpilot,8.5625, 
19865600,starpilot,0.28125, 
19873792,starpilot,4.5625, 
19881984,starpilot,4.875, 
19890176,starpilot,4.4375, 
19898368,starpilot,0.4375, 
19906560,starpilot,8.3125, 
19914752,starpilot,0.09375, 
19922944,starpilot,11.34375, 
19931136,starpilot,5.96875, 
19939328,starpilot,6.53125, 
19947520,starpilot,3.59375, 
19955712,starpilot,4.5, 
19963904,starpilot,11.1875, 
19972096,starpilot,2.0625, 
19980288,starpilot,6.6875, 
19988480,starpilot,7.1875, 
19996672,starpilot,2.46875, 
20004864,starpilot,11.3125, 
Validation Average return: tensor(12.6709)
