Looking in links: https://download.pytorch.org/whl/cu113/torch_stable.html
Requirement already satisfied: torch==1.10.0+cu113 in /zhome/fa/4/127501/.local/lib/python3.7/site-packages (1.10.0+cu113)
Requirement already satisfied: torchvision==0.11.1+cu113 in /zhome/fa/4/127501/.local/lib/python3.7/site-packages (0.11.1+cu113)
Requirement already satisfied: torchaudio==0.10.0+cu113 in /zhome/fa/4/127501/.local/lib/python3.7/site-packages (0.10.0+cu113)
Requirement already satisfied: typing-extensions in /appl/python/3.7.11/lib/python3.7/site-packages (from torch==1.10.0+cu113) (3.10.0.0)
Requirement already satisfied: pillow!=8.3.0,>=5.3.0 in /zhome/fa/4/127501/.local/lib/python3.7/site-packages (from torchvision==0.11.1+cu113) (8.4.0)
Requirement already satisfied: numpy in /zhome/fa/4/127501/.local/lib/python3.7/site-packages (from torchvision==0.11.1+cu113) (1.21.4)
Requirement already satisfied: procgen in /zhome/fa/4/127501/.local/lib/python3.7/site-packages (0.10.4)
Requirement already satisfied: filelock<4.0.0,>=3.0.0 in /appl/python/3.7.11/lib/python3.7/site-packages (from procgen) (3.0.12)
Requirement already satisfied: gym<1.0.0,>=0.15.0 in /zhome/fa/4/127501/.local/lib/python3.7/site-packages (from procgen) (0.21.0)
Requirement already satisfied: gym3<1.0.0,>=0.3.3 in /zhome/fa/4/127501/.local/lib/python3.7/site-packages (from procgen) (0.3.3)
Requirement already satisfied: numpy<2.0.0,>=1.17.0 in /zhome/fa/4/127501/.local/lib/python3.7/site-packages (from procgen) (1.21.4)
Collecting importlib-metadata>=4.8.1
  Using cached importlib_metadata-4.8.2-py3-none-any.whl (17 kB)
Requirement already satisfied: cloudpickle>=1.2.0 in /zhome/fa/4/127501/.local/lib/python3.7/site-packages (from gym<1.0.0,>=0.15.0->procgen) (2.0.0)
Requirement already satisfied: glfw<2.0.0,>=1.8.6 in /zhome/fa/4/127501/.local/lib/python3.7/site-packages (from gym3<1.0.0,>=0.3.3->procgen) (1.12.0)
Requirement already satisfied: imageio<3.0.0,>=2.6.0 in /zhome/fa/4/127501/.local/lib/python3.7/site-packages (from gym3<1.0.0,>=0.3.3->procgen) (2.10.3)
Requirement already satisfied: moderngl<6.0.0,>=5.5.4 in /zhome/fa/4/127501/.local/lib/python3.7/site-packages (from gym3<1.0.0,>=0.3.3->procgen) (5.6.4)
Requirement already satisfied: cffi<2.0.0,>=1.13.0 in /zhome/fa/4/127501/.local/lib/python3.7/site-packages (from gym3<1.0.0,>=0.3.3->procgen) (1.15.0)
Requirement already satisfied: imageio-ffmpeg<0.4.0,>=0.3.0 in /zhome/fa/4/127501/.local/lib/python3.7/site-packages (from gym3<1.0.0,>=0.3.3->procgen) (0.3.0)
Requirement already satisfied: pycparser in /zhome/fa/4/127501/.local/lib/python3.7/site-packages (from cffi<2.0.0,>=1.13.0->gym3<1.0.0,>=0.3.3->procgen) (2.21)
Requirement already satisfied: pillow>=8.3.2 in /zhome/fa/4/127501/.local/lib/python3.7/site-packages (from imageio<3.0.0,>=2.6.0->gym3<1.0.0,>=0.3.3->procgen) (8.4.0)
Requirement already satisfied: typing-extensions>=3.6.4 in /appl/python/3.7.11/lib/python3.7/site-packages (from importlib-metadata>=4.8.1->gym<1.0.0,>=0.15.0->procgen) (3.10.0.0)
Requirement already satisfied: zipp>=0.5 in /appl/python/3.7.11/lib/python3.7/site-packages (from importlib-metadata>=4.8.1->gym<1.0.0,>=0.15.0->procgen) (3.5.0)
Requirement already satisfied: glcontext<3,>=2 in /zhome/fa/4/127501/.local/lib/python3.7/site-packages (from moderngl<6.0.0,>=5.5.4->gym3<1.0.0,>=0.3.3->procgen) (2.3.4)
Installing collected packages: importlib-metadata
Successfully installed importlib-metadata-4.8.2
Requirement already satisfied: imageio in /zhome/fa/4/127501/.local/lib/python3.7/site-packages (2.10.3)
Requirement already satisfied: pillow>=8.3.2 in /zhome/fa/4/127501/.local/lib/python3.7/site-packages (from imageio) (8.4.0)
Requirement already satisfied: numpy in /zhome/fa/4/127501/.local/lib/python3.7/site-packages (from imageio) (1.21.4)
Looking in links: https://download.pytorch.org/whl/cu113/torch_stable.html
Requirement already satisfied: torch==1.10.0+cu113 in /zhome/fa/4/127501/.local/lib/python3.7/site-packages (1.10.0+cu113)
Requirement already satisfied: torchvision==0.11.1+cu113 in /zhome/fa/4/127501/.local/lib/python3.7/site-packages (0.11.1+cu113)
Requirement already satisfied: torchaudio==0.10.0+cu113 in /zhome/fa/4/127501/.local/lib/python3.7/site-packages (0.10.0+cu113)
Requirement already satisfied: typing-extensions in /appl/python/3.7.11/lib/python3.7/site-packages (from torch==1.10.0+cu113) (3.10.0.0)
Requirement already satisfied: numpy in /zhome/fa/4/127501/.local/lib/python3.7/site-packages (from torchvision==0.11.1+cu113) (1.21.4)
Requirement already satisfied: pillow!=8.3.0,>=5.3.0 in /zhome/fa/4/127501/.local/lib/python3.7/site-packages (from torchvision==0.11.1+cu113) (8.4.0)
Requirement already satisfied: procgen in /zhome/fa/4/127501/.local/lib/python3.7/site-packages (0.10.4)
Requirement already satisfied: filelock<4.0.0,>=3.0.0 in /appl/python/3.7.11/lib/python3.7/site-packages (from procgen) (3.0.12)
Requirement already satisfied: gym<1.0.0,>=0.15.0 in /zhome/fa/4/127501/.local/lib/python3.7/site-packages (from procgen) (0.21.0)
Requirement already satisfied: numpy<2.0.0,>=1.17.0 in /zhome/fa/4/127501/.local/lib/python3.7/site-packages (from procgen) (1.21.4)
Requirement already satisfied: gym3<1.0.0,>=0.3.3 in /zhome/fa/4/127501/.local/lib/python3.7/site-packages (from procgen) (0.3.3)
Requirement already satisfied: cloudpickle>=1.2.0 in /zhome/fa/4/127501/.local/lib/python3.7/site-packages (from gym<1.0.0,>=0.15.0->procgen) (2.0.0)
Collecting importlib-metadata>=4.8.1
  Using cached importlib_metadata-4.8.2-py3-none-any.whl (17 kB)
Requirement already satisfied: imageio<3.0.0,>=2.6.0 in /zhome/fa/4/127501/.local/lib/python3.7/site-packages (from gym3<1.0.0,>=0.3.3->procgen) (2.10.3)
Requirement already satisfied: imageio-ffmpeg<0.4.0,>=0.3.0 in /zhome/fa/4/127501/.local/lib/python3.7/site-packages (from gym3<1.0.0,>=0.3.3->procgen) (0.3.0)
Requirement already satisfied: moderngl<6.0.0,>=5.5.4 in /zhome/fa/4/127501/.local/lib/python3.7/site-packages (from gym3<1.0.0,>=0.3.3->procgen) (5.6.4)
Requirement already satisfied: cffi<2.0.0,>=1.13.0 in /zhome/fa/4/127501/.local/lib/python3.7/site-packages (from gym3<1.0.0,>=0.3.3->procgen) (1.15.0)
Requirement already satisfied: glfw<2.0.0,>=1.8.6 in /zhome/fa/4/127501/.local/lib/python3.7/site-packages (from gym3<1.0.0,>=0.3.3->procgen) (1.12.0)
Requirement already satisfied: pycparser in /zhome/fa/4/127501/.local/lib/python3.7/site-packages (from cffi<2.0.0,>=1.13.0->gym3<1.0.0,>=0.3.3->procgen) (2.21)
Requirement already satisfied: pillow>=8.3.2 in /zhome/fa/4/127501/.local/lib/python3.7/site-packages (from imageio<3.0.0,>=2.6.0->gym3<1.0.0,>=0.3.3->procgen) (8.4.0)
Requirement already satisfied: zipp>=0.5 in /appl/python/3.7.11/lib/python3.7/site-packages (from importlib-metadata>=4.8.1->gym<1.0.0,>=0.15.0->procgen) (3.5.0)
Requirement already satisfied: typing-extensions>=3.6.4 in /appl/python/3.7.11/lib/python3.7/site-packages (from importlib-metadata>=4.8.1->gym<1.0.0,>=0.15.0->procgen) (3.10.0.0)
Requirement already satisfied: glcontext<3,>=2 in /zhome/fa/4/127501/.local/lib/python3.7/site-packages (from moderngl<6.0.0,>=5.5.4->gym3<1.0.0,>=0.3.3->procgen) (2.3.4)
Installing collected packages: importlib-metadata
Successfully installed importlib-metadata-4.8.2
Requirement already satisfied: imageio in /zhome/fa/4/127501/.local/lib/python3.7/site-packages (2.10.3)
Requirement already satisfied: numpy in /zhome/fa/4/127501/.local/lib/python3.7/site-packages (from imageio) (1.21.4)
Requirement already satisfied: pillow>=8.3.2 in /zhome/fa/4/127501/.local/lib/python3.7/site-packages (from imageio) (8.4.0)
Running PPO-heist
8192,heist,3.125
16384,heist,0.0
24576,heist,0.0
32768,heist,0.3125
40960,heist,0.9375
49152,heist,0.0
57344,heist,0.0
65536,heist,0.0
73728,heist,0.0
81920,heist,0.0
90112,heist,7.669274806976318
98304,heist,0.0
106496,heist,0.0
114688,heist,0.625
122880,heist,0.0
131072,heist,0.0
139264,heist,0.0
147456,heist,0.0
155648,heist,0.0
163840,heist,0.0
172032,heist,2.1875
180224,heist,24.65730094909668
188416,heist,0.0
196608,heist,0.0
204800,heist,0.0
212992,heist,0.0
221184,heist,15.622867584228516
229376,heist,0.9375
237568,heist,0.0
245760,heist,0.0
253952,heist,0.0
262144,heist,0.0
270336,heist,2.1875
278528,heist,0.3125
286720,heist,0.0
294912,heist,1.5625
303104,heist,0.0
311296,heist,1.5625
319488,heist,4.0625
327680,heist,25.052942276000977
335872,heist,0.0
344064,heist,0.0
352256,heist,2.5
360448,heist,10.625
368640,heist,8.4375
376832,heist,1.25
385024,heist,0.0
393216,heist,0.0
401408,heist,7.8125
409600,heist,10.0
417792,heist,0.0
425984,heist,3.125
434176,heist,6.25
442368,heist,1.875
450560,heist,4.6875
458752,heist,0.0
466944,heist,0.0
475136,heist,1.5625
483328,heist,0.0
491520,heist,0.9375
499712,heist,5.3125
507904,heist,4.6875
516096,heist,0.9375
524288,heist,0.0
532480,heist,0.0
540672,heist,0.0
548864,heist,0.0
557056,heist,0.0
565248,heist,0.0
573440,heist,1.875
581632,heist,5.0
589824,heist,15.0
598016,heist,0.3125
606208,heist,0.3125
614400,heist,0.0
622592,heist,8.125
630784,heist,26.32793617248535
638976,heist,0.0
647168,heist,6.25
655360,heist,86.30843353271484
663552,heist,4.0625
671744,heist,0.0
679936,heist,0.0
688128,heist,0.0
696320,heist,0.0
704512,heist,0.3125
712704,heist,6.25
720896,heist,0.0
729088,heist,0.3125
737280,heist,0.0
745472,heist,1.5625
753664,heist,0.3125
761856,heist,3.4375
770048,heist,0.9375
778240,heist,2.8125
786432,heist,0.0
794624,heist,1.5625
802816,heist,0.3125
811008,heist,0.0
819200,heist,0.3125
827392,heist,0.0
835584,heist,0.3125
843776,heist,0.0
851968,heist,0.0
860160,heist,0.9375
868352,heist,3.4375
876544,heist,0.0
884736,heist,0.0
892928,heist,17.862749099731445
901120,heist,4.6875
909312,heist,0.0
917504,heist,0.625
925696,heist,0.0
933888,heist,0.625
942080,heist,0.0
950272,heist,0.3125
958464,heist,0.9375
966656,heist,0.0
974848,heist,0.625
983040,heist,6.25
991232,heist,22.485605239868164
999424,heist,0.0
1007616,heist,0.0
1015808,heist,0.0
1024000,heist,0.0
1032192,heist,0.0
1040384,heist,10.9375
1048576,heist,0.0
1056768,heist,1.875
1064960,heist,0.0
1073152,heist,0.0
1081344,heist,0.0
1089536,heist,4.0625
1097728,heist,0.0
1105920,heist,6.5625
1114112,heist,1.25
1122304,heist,0.0
1130496,heist,7.5
1138688,heist,0.0
1146880,heist,0.0
1155072,heist,0.0
1163264,heist,0.0
1171456,heist,0.625
1179648,heist,0.0
1187840,heist,0.0
1196032,heist,0.0
1204224,heist,0.0
1212416,heist,0.0
1220608,heist,0.0
1228800,heist,0.0
1236992,heist,2.5
1245184,heist,0.0
1253376,heist,0.0
1261568,heist,0.0
1269760,heist,2.8125
1277952,heist,4.0625
1286144,heist,0.0
1294336,heist,0.0
1302528,heist,19.76076889038086
1310720,heist,0.0
1318912,heist,0.0
1327104,heist,1.875
1335296,heist,0.0
1343488,heist,0.0
1351680,heist,3.4375
1359872,heist,1.5625
1368064,heist,127.76871490478516
1376256,heist,0.0
1384448,heist,0.0
1392640,heist,23.76913070678711
1400832,heist,1.875
1409024,heist,0.0
1417216,heist,0.0
1425408,heist,0.0
1433600,heist,0.0
1441792,heist,0.0
1449984,heist,10.0
1458176,heist,2.1875
1466368,heist,0.0
1474560,heist,2.8125
1482752,heist,0.0
1490944,heist,5.3125
1499136,heist,17.5
1507328,heist,0.0
1515520,heist,0.0
1523712,heist,2.1875
1531904,heist,0.0
1540096,heist,5.9375
1548288,heist,2.8125
1556480,heist,20.38640022277832
1564672,heist,0.625
1572864,heist,0.0
1581056,heist,1.25
1589248,heist,0.0
1597440,heist,0.0
1605632,heist,0.625
1613824,heist,0.0
1622016,heist,0.0
1630208,heist,0.0
1638400,heist,0.0
1646592,heist,0.0
1654784,heist,0.0
1662976,heist,0.0
1671168,heist,2.5
1679360,heist,1.25
1687552,heist,0.0
1695744,heist,0.0
1703936,heist,0.0
1712128,heist,0.0
1720320,heist,0.0
1728512,heist,22.337902069091797
1736704,heist,0.0
1744896,heist,0.0
1753088,heist,1.25
1761280,heist,0.0
1769472,heist,0.0
1777664,heist,0.0
1785856,heist,0.0
1794048,heist,0.0
1802240,heist,0.3125
1810432,heist,3.125
1818624,heist,23.904232025146484
1826816,heist,0.0
1835008,heist,0.0
1843200,heist,0.0
1851392,heist,0.0
1859584,heist,22.141706466674805
1867776,heist,0.0
1875968,heist,0.0
1884160,heist,0.0
1892352,heist,0.0
1900544,heist,0.0
1908736,heist,1.5625
1916928,heist,0.3125
1925120,heist,0.0
1933312,heist,1.5625
1941504,heist,0.0
1949696,heist,1.875
1957888,heist,4.6875
1966080,heist,24.033111572265625
1974272,heist,0.0
1982464,heist,0.0
1990656,heist,2.1875
1998848,heist,5.3125
2007040,heist,4.0625
2015232,heist,0.0
2023424,heist,0.0
2031616,heist,0.0
2039808,heist,7.8125
2048000,heist,9.6875
2056192,heist,0.0
2064384,heist,3.75
2072576,heist,7.8125
2080768,heist,3.4375
2088960,heist,1.25
2097152,heist,0.0
2105344,heist,0.0
2113536,heist,0.625
2121728,heist,0.0
2129920,heist,0.9375
2138112,heist,5.625
2146304,heist,3.4375
2154496,heist,0.0
2162688,heist,0.0
2170880,heist,0.0
2179072,heist,0.0
2187264,heist,0.0
2195456,heist,0.0
2203648,heist,0.0
2211840,heist,0.625
2220032,heist,5.625
2228224,heist,17.764976501464844
2236416,heist,0.625
2244608,heist,1.25
2252800,heist,0.0
2260992,heist,8.125
2269184,heist,31.747705459594727
2277376,heist,0.0
2285568,heist,5.625
2293760,heist,80.51988983154297
2301952,heist,5.0
2310144,heist,0.0
2318336,heist,0.0
2326528,heist,0.0
2334720,heist,0.0
2342912,heist,0.3125
2351104,heist,6.25
2359296,heist,0.0
2367488,heist,0.0
2375680,heist,0.0
2383872,heist,0.9375
2392064,heist,0.0
2400256,heist,2.1875
2408448,heist,0.625
2416640,heist,5.3125
2424832,heist,0.0
2433024,heist,0.3125
2441216,heist,0.3125
2449408,heist,0.0
2457600,heist,0.0
2465792,heist,0.3125
2473984,heist,0.0
2482176,heist,0.0
2490368,heist,0.0
2498560,heist,2.8125
2506752,heist,4.6875
2514944,heist,0.0
2523136,heist,0.0
2531328,heist,21.430370330810547
2539520,heist,6.875
2547712,heist,0.0
2555904,heist,0.9375
2564096,heist,0.0
2572288,heist,0.3125
2580480,heist,0.0
2588672,heist,0.0
2596864,heist,0.9375
2605056,heist,0.0
2613248,heist,1.25
2621440,heist,11.875
2629632,heist,18.204496383666992
2637824,heist,0.0
2646016,heist,0.0
2654208,heist,0.0
2662400,heist,0.0
2670592,heist,0.0
2678784,heist,6.875
2686976,heist,0.3125
2695168,heist,3.125
2703360,heist,0.0
2711552,heist,0.0
2719744,heist,0.0
2727936,heist,4.0625
2736128,heist,0.0
2744320,heist,9.6875
2752512,heist,2.8125
2760704,heist,0.0
2768896,heist,8.4375
2777088,heist,0.0
2785280,heist,0.0
2793472,heist,0.0
2801664,heist,0.0
2809856,heist,0.625
2818048,heist,0.3125
2826240,heist,0.0
2834432,heist,0.0
2842624,heist,0.0
2850816,heist,0.0
2859008,heist,0.0
2867200,heist,0.625
2875392,heist,3.75
2883584,heist,0.0
2891776,heist,0.0
2899968,heist,0.0
2908160,heist,1.5625
2916352,heist,6.5625
2924544,heist,0.0
2932736,heist,0.0
2940928,heist,25.345888137817383
2949120,heist,0.0
2957312,heist,0.3125
2965504,heist,0.9375
2973696,heist,0.0
2981888,heist,0.0
2990080,heist,5.9375
2998272,heist,2.1875
3006464,heist,134.46974182128906
3014656,heist,0.0
3022848,heist,0.0
3031040,heist,26.067041397094727
3039232,heist,1.875
3047424,heist,0.0
3055616,heist,0.0
3063808,heist,0.0
3072000,heist,0.0
3080192,heist,0.0
3088384,heist,8.75
3096576,heist,3.75
3104768,heist,0.0
3112960,heist,1.5625
3121152,heist,0.0
3129344,heist,4.375
3137536,heist,13.125
3145728,heist,0.0
3153920,heist,0.0
3162112,heist,5.0
3170304,heist,0.0
3178496,heist,6.5625
3186688,heist,4.0625
3194880,heist,25.93709945678711
3203072,heist,3.4375
3211264,heist,0.0
3219456,heist,0.9375
3227648,heist,0.0
3235840,heist,0.0
3244032,heist,0.3125
3252224,heist,0.0
3260416,heist,0.0
3268608,heist,0.0
3276800,heist,0.0
3284992,heist,0.0
3293184,heist,0.625
3301376,heist,0.0
3309568,heist,2.5
3317760,heist,1.5625
3325952,heist,0.0
3334144,heist,0.0
3342336,heist,0.0
3350528,heist,0.0
3358720,heist,0.0
3366912,heist,21.073579788208008
3375104,heist,0.0
3383296,heist,0.0
3391488,heist,1.25
3399680,heist,0.0
3407872,heist,0.0
3416064,heist,0.0
3424256,heist,0.0
3432448,heist,0.0
3440640,heist,0.0
3448832,heist,2.8125
3457024,heist,24.558950424194336
3465216,heist,0.0
3473408,heist,0.0
3481600,heist,0.0
3489792,heist,0.0
3497984,heist,26.867969512939453
3506176,heist,0.0
3514368,heist,0.0
3522560,heist,0.0
3530752,heist,0.0
3538944,heist,0.0
3547136,heist,2.1875
3555328,heist,0.0
3563520,heist,0.0
3571712,heist,0.9375
3579904,heist,0.0
3588096,heist,3.125
3596288,heist,2.8125
3604480,heist,30.333301544189453
3612672,heist,0.0
3620864,heist,0.0
3629056,heist,2.1875
3637248,heist,7.5
3645440,heist,5.3125
3653632,heist,0.0
3661824,heist,0.0
3670016,heist,0.3125
3678208,heist,11.25
3686400,heist,16.5625
3694592,heist,0.0
3702784,heist,2.5
3710976,heist,7.8125
3719168,heist,3.75
3727360,heist,1.5625
3735552,heist,0.0
3743744,heist,0.0
3751936,heist,0.0
3760128,heist,0.0
3768320,heist,0.9375
3776512,heist,7.8125
3784704,heist,2.1875
3792896,heist,0.0
3801088,heist,0.0
3809280,heist,0.0
3817472,heist,0.0
3825664,heist,0.0
3833856,heist,0.0
3842048,heist,0.0
3850240,heist,0.625
3858432,heist,7.5
3866624,heist,20.625
3874816,heist,0.3125
3883008,heist,0.625
3891200,heist,0.0
3899392,heist,11.25
3907584,heist,32.98072052001953
3915776,heist,0.625
3923968,heist,5.625
3932160,heist,78.93295288085938
3940352,heist,4.6875
3948544,heist,0.0
3956736,heist,0.0
3964928,heist,0.0
3973120,heist,0.0
3981312,heist,0.625
3989504,heist,5.625
3997696,heist,0.0
4005888,heist,0.3125
4014080,heist,0.0
4022272,heist,0.3125
4030464,heist,0.0
4038656,heist,1.25
4046848,heist,0.625
4055040,heist,6.25
4063232,heist,0.0
4071424,heist,0.9375
4079616,heist,0.0
4087808,heist,0.0
4096000,heist,1.25
4104192,heist,0.0
4112384,heist,0.0
4120576,heist,0.0
4128768,heist,0.0
4136960,heist,2.5
4145152,heist,4.0625
4153344,heist,0.0
4161536,heist,0.0
4169728,heist,19.983348846435547
4177920,heist,4.375
4186112,heist,0.0
4194304,heist,0.625
4202496,heist,0.0
4210688,heist,0.625
4218880,heist,0.0
4227072,heist,0.0
4235264,heist,1.875
4243456,heist,0.0
4251648,heist,0.3125
4259840,heist,8.125
4268032,heist,28.285663604736328
4276224,heist,0.0
4284416,heist,0.0
4292608,heist,0.0
4300800,heist,0.0
4308992,heist,0.0
4317184,heist,8.4375
4325376,heist,0.0
4333568,heist,1.5625
4341760,heist,0.0
4349952,heist,0.0
4358144,heist,0.0
4366336,heist,4.0625
4374528,heist,0.0
4382720,heist,6.25
4390912,heist,3.125
4399104,heist,0.0
4407296,heist,6.875
4415488,heist,0.0
4423680,heist,0.0
4431872,heist,0.0
4440064,heist,0.0
4448256,heist,0.0
4456448,heist,0.0
4464640,heist,0.0
4472832,heist,0.0
4481024,heist,0.0
4489216,heist,0.0
4497408,heist,0.0
4505600,heist,1.25
4513792,heist,5.0
4521984,heist,0.0
4530176,heist,0.3125
4538368,heist,0.0
4546560,heist,2.5
4554752,heist,5.625
4562944,heist,0.0
4571136,heist,0.0
4579328,heist,29.788970947265625
4587520,heist,0.0
4595712,heist,0.3125
4603904,heist,1.875
4612096,heist,0.0
4620288,heist,0.0
4628480,heist,5.3125
4636672,heist,2.8125
4644864,heist,151.00389099121094
4653056,heist,0.0
4661248,heist,0.0
4669440,heist,33.419620513916016
4677632,heist,0.625
4685824,heist,0.0
4694016,heist,0.0
4702208,heist,0.0
4710400,heist,0.0
4718592,heist,0.0
4726784,heist,15.3125
4734976,heist,6.25
4743168,heist,0.0
4751360,heist,1.875
4759552,heist,0.0
4767744,heist,1.5625
4775936,heist,14.0625
4784128,heist,0.0
4792320,heist,0.0
4800512,heist,4.375
4808704,heist,0.0
4816896,heist,15.3125
4825088,heist,3.4375
4833280,heist,19.745893478393555
4841472,heist,1.5625
4849664,heist,0.0
4857856,heist,0.0
4866048,heist,0.625
4874240,heist,0.0
4882432,heist,0.3125
4890624,heist,0.0
4898816,heist,0.0
4907008,heist,0.0
4915200,heist,0.0
4923392,heist,0.0
4931584,heist,0.9375
4939776,heist,0.0
4947968,heist,2.8125
4956160,heist,0.0
4964352,heist,0.0
4972544,heist,0.0
4980736,heist,0.3125
4988928,heist,0.0
4997120,heist,0.0
5005312,heist,13.174105644226074
5013504,heist,0.0
5021696,heist,0.0
5029888,heist,1.25
5038080,heist,0.0
5046272,heist,0.0
5054464,heist,0.0
5062656,heist,0.0
5070848,heist,0.0
5079040,heist,0.3125
5087232,heist,0.9375
5095424,heist,32.66221618652344
5103616,heist,0.0
5111808,heist,0.0
5120000,heist,0.0
5128192,heist,0.0
5136384,heist,30.092561721801758
5144576,heist,1.5625
5152768,heist,0.0
5160960,heist,0.0
5169152,heist,0.0
5177344,heist,0.0
5185536,heist,2.1875
5193728,heist,2.1875
5201920,heist,0.0
5210112,heist,0.625
5218304,heist,0.0
5226496,heist,1.875
5234688,heist,2.5
5242880,heist,38.685325622558594
5251072,heist,0.0
5259264,heist,0.0
5267456,heist,4.6875
5275648,heist,9.6875
5283840,heist,7.8125
5292032,heist,0.3125
5300224,heist,0.0
5308416,heist,0.625
5316608,heist,13.75
5324800,heist,9.375
5332992,heist,0.0
5341184,heist,2.5
5349376,heist,6.25
5357568,heist,2.8125
5365760,heist,1.5625
5373952,heist,0.0
5382144,heist,0.0
5390336,heist,0.3125
5398528,heist,0.0
5406720,heist,0.9375
5414912,heist,7.1875
5423104,heist,2.1875
5431296,heist,0.9375
5439488,heist,0.0
5447680,heist,0.0
5455872,heist,0.0
5464064,heist,0.0
5472256,heist,0.0
5480448,heist,0.0
5488640,heist,0.9375
5496832,heist,13.125
5505024,heist,27.815107345581055
5513216,heist,0.625
5521408,heist,0.3125
5529600,heist,0.0
5537792,heist,13.75
5545984,heist,30.14891242980957
5554176,heist,0.0
5562368,heist,3.4375
5570560,heist,81.31999206542969
5578752,heist,3.4375
5586944,heist,0.0
5595136,heist,0.0
5603328,heist,0.0
5611520,heist,0.3125
5619712,heist,0.3125
5627904,heist,4.6875
5636096,heist,0.0
5644288,heist,0.625
5652480,heist,0.0
5660672,heist,0.3125
5668864,heist,0.0
5677056,heist,0.625
5685248,heist,0.9375
5693440,heist,7.1875
5701632,heist,0.0
5709824,heist,1.5625
5718016,heist,0.625
5726208,heist,0.0
5734400,heist,0.3125
5742592,heist,0.0
5750784,heist,0.3125
5758976,heist,0.0
5767168,heist,0.0
5775360,heist,3.125
5783552,heist,4.0625
5791744,heist,0.0
5799936,heist,0.0
5808128,heist,16.292186737060547
5816320,heist,3.4375
5824512,heist,0.0
5832704,heist,0.625
5840896,heist,0.625
5849088,heist,0.625
5857280,heist,0.0
5865472,heist,0.0
5873664,heist,1.5625
5881856,heist,0.0
5890048,heist,2.5
5898240,heist,9.0625
5906432,heist,24.799768447875977
5914624,heist,0.0
5922816,heist,0.0
5931008,heist,0.0
5939200,heist,0.0
5947392,heist,0.0
5955584,heist,6.5625
5963776,heist,0.625
5971968,heist,4.0625
5980160,heist,0.0
5988352,heist,0.0
5996544,heist,0.0
6004736,heist,5.625
6012928,heist,0.0
6021120,heist,6.5625
6029312,heist,4.0625
6037504,heist,0.0
6045696,heist,8.4375
6053888,heist,0.0
6062080,heist,0.0
6070272,heist,0.0
6078464,heist,0.0
6086656,heist,0.625
6094848,heist,0.3125
6103040,heist,0.0
6111232,heist,0.0
6119424,heist,0.0
6127616,heist,0.0
6135808,heist,0.0
6144000,heist,1.25
6152192,heist,8.4375
6160384,heist,0.0
6168576,heist,0.0
6176768,heist,0.0
6184960,heist,2.1875
6193152,heist,8.75
6201344,heist,0.0
6209536,heist,0.0
6217728,heist,33.93532943725586
6225920,heist,0.0
6234112,heist,0.0
6242304,heist,3.125
6250496,heist,0.0
6258688,heist,0.0
6266880,heist,8.125
6275072,heist,3.4375
6283264,heist,159.37026977539062
6291456,heist,0.0
6299648,heist,0.0
6307840,heist,38.68162155151367
6316032,heist,0.3125
6324224,heist,0.0
6332416,heist,0.0
6340608,heist,0.0
6348800,heist,0.0
6356992,heist,0.0
6365184,heist,18.4375
6373376,heist,9.0625
6381568,heist,0.0
6389760,heist,1.875
6397952,heist,0.0
6406144,heist,2.5
6414336,heist,16.45436668395996
6422528,heist,0.0
6430720,heist,0.0
6438912,heist,4.0625
6447104,heist,0.0
6455296,heist,18.75
6463488,heist,5.9375
6471680,heist,17.425739288330078
6479872,heist,0.9375
6488064,heist,0.0
6496256,heist,0.0
6504448,heist,0.0
6512640,heist,0.0
6520832,heist,0.0
6529024,heist,0.3125
6537216,heist,0.0
6545408,heist,0.0
6553600,heist,0.0
6561792,heist,0.0
6569984,heist,0.625
6578176,heist,0.0
6586368,heist,2.8125
6594560,heist,0.3125
6602752,heist,0.0
6610944,heist,0.0
6619136,heist,0.0
6627328,heist,0.0
6635520,heist,0.0
6643712,heist,10.249465942382812
6651904,heist,0.0
6660096,heist,0.0
6668288,heist,2.1875
6676480,heist,0.0
6684672,heist,0.0
6692864,heist,0.0
6701056,heist,0.0
6709248,heist,0.0
6717440,heist,0.0
6725632,heist,1.875
6733824,heist,35.0562744140625
6742016,heist,0.0
6750208,heist,0.0
6758400,heist,0.0
6766592,heist,0.0
6774784,heist,34.66522216796875
6782976,heist,0.3125
6791168,heist,0.3125
6799360,heist,0.0
6807552,heist,0.0
6815744,heist,0.0
6823936,heist,1.5625
6832128,heist,1.5625
6840320,heist,0.0
6848512,heist,0.625
6856704,heist,0.0
6864896,heist,1.5625
6873088,heist,4.0625
6881280,heist,42.15768814086914
6889472,heist,0.0
6897664,heist,0.0
6905856,heist,4.375
6914048,heist,8.75
6922240,heist,6.875
6930432,heist,0.3125
6938624,heist,0.0
6946816,heist,0.625
6955008,heist,14.0625
6963200,heist,8.75
6971392,heist,0.0
6979584,heist,0.625
6987776,heist,7.1875
6995968,heist,2.5
7004160,heist,2.1875
7012352,heist,0.0
7020544,heist,0.0
7028736,heist,0.3125
7036928,heist,0.0
7045120,heist,0.3125
7053312,heist,9.375
7061504,heist,2.5
7069696,heist,0.625
7077888,heist,0.0
7086080,heist,0.0
7094272,heist,0.0
7102464,heist,0.0
7110656,heist,0.0
7118848,heist,0.0
7127040,heist,0.625
7135232,heist,12.8125
7143424,heist,23.86927604675293
7151616,heist,0.625
7159808,heist,0.3125
7168000,heist,0.0
7176192,heist,16.25
7184384,heist,31.141572952270508
7192576,heist,0.0
7200768,heist,5.0
7208960,heist,79.87196350097656
7217152,heist,3.75
7225344,heist,0.0
7233536,heist,0.0
7241728,heist,0.0
7249920,heist,0.0
7258112,heist,0.3125
7266304,heist,5.3125
7274496,heist,0.0
7282688,heist,0.3125
7290880,heist,0.0
7299072,heist,0.0
7307264,heist,0.0
7315456,heist,0.3125
7323648,heist,0.625
7331840,heist,7.1875
7340032,heist,0.0
7348224,heist,1.5625
7356416,heist,1.875
7364608,heist,0.0
7372800,heist,0.0
7380992,heist,0.0
7389184,heist,0.3125
7397376,heist,0.0
7405568,heist,0.0
7413760,heist,2.8125
7421952,heist,2.5
7430144,heist,0.0
7438336,heist,0.0
7446528,heist,14.44071102142334
7454720,heist,3.4375
7462912,heist,0.0
7471104,heist,0.625
7479296,heist,0.3125
7487488,heist,0.3125
7495680,heist,0.0
7503872,heist,0.0
7512064,heist,1.25
7520256,heist,0.0
7528448,heist,2.5
7536640,heist,6.5625
7544832,heist,24.105998992919922
7553024,heist,0.0
7561216,heist,0.0
7569408,heist,0.0
7577600,heist,0.0
7585792,heist,0.0
7593984,heist,5.625
7602176,heist,1.25
7610368,heist,3.125
7618560,heist,0.0
7626752,heist,0.0
7634944,heist,0.0
7643136,heist,3.125
7651328,heist,0.0
7659520,heist,5.9375
7667712,heist,3.125
7675904,heist,0.0
7684096,heist,6.875
7692288,heist,0.0
7700480,heist,0.0
7708672,heist,0.0
7716864,heist,0.0
7725056,heist,0.625
7733248,heist,0.3125
7741440,heist,0.0
7749632,heist,0.0
7757824,heist,0.0
7766016,heist,0.0
7774208,heist,0.0
7782400,heist,0.625
7790592,heist,8.4375
7798784,heist,0.0
7806976,heist,0.0
7815168,heist,0.0
7823360,heist,1.875
7831552,heist,13.125
7839744,heist,0.0
7847936,heist,0.0
7856128,heist,35.80506134033203
7864320,heist,0.625
7872512,heist,0.0
7880704,heist,2.1875
7888896,heist,0.0
7897088,heist,0.0
7905280,heist,9.6875
7913472,heist,4.6875
7921664,heist,163.05987548828125
7929856,heist,0.0
7938048,heist,0.0
7946240,heist,40.43867492675781
7954432,heist,0.3125
7962624,heist,0.0
7970816,heist,0.3125
7979008,heist,0.0
7987200,heist,0.0
7995392,heist,0.0
8003584,heist,19.996007919311523
8011776,heist,8.75
8019968,heist,0.0
8028160,heist,1.5625
8036352,heist,0.0
8044544,heist,1.25
8052736,heist,17.601497650146484
8060928,heist,0.0
8069120,heist,0.0
8077312,heist,4.375
8085504,heist,0.0
8093696,heist,20.625
8101888,heist,5.9375
8110080,heist,17.31686782836914
8118272,heist,0.9375
8126464,heist,0.0
8134656,heist,0.0
8142848,heist,0.3125
8151040,heist,0.0
8159232,heist,0.3125
8167424,heist,0.3125
8175616,heist,0.0
8183808,heist,0.0
8192000,heist,0.0
8200192,heist,0.0
8208384,heist,0.9375
8216576,heist,0.0
8224768,heist,1.875
8232960,heist,0.0
8241152,heist,0.0
8249344,heist,0.0
8257536,heist,0.0
8265728,heist,0.0
8273920,heist,0.0
8282112,heist,9.920799255371094
8290304,heist,0.0
8298496,heist,0.0
8306688,heist,1.5625
8314880,heist,0.0
8323072,heist,0.0
8331264,heist,0.0
8339456,heist,0.0
8347648,heist,0.0
8355840,heist,0.3125
8364032,heist,1.25
8372224,heist,37.78112030029297
8380416,heist,0.0
8388608,heist,0.0
8396800,heist,0.0
8404992,heist,0.0
8413184,heist,36.962276458740234
8421376,heist,0.3125
8429568,heist,0.3125
8437760,heist,0.0
8445952,heist,0.0
8454144,heist,0.0
8462336,heist,1.25
8470528,heist,1.5625
8478720,heist,0.0
8486912,heist,0.625
8495104,heist,0.0
8503296,heist,0.625
8511488,heist,3.4375
8519680,heist,42.89160919189453
8527872,heist,0.0
8536064,heist,0.0
8544256,heist,4.375
8552448,heist,8.125
8560640,heist,7.1875
8568832,heist,0.0
8577024,heist,0.0
8585216,heist,1.25
8593408,heist,12.8125
8601600,heist,9.6875
8609792,heist,0.0
8617984,heist,1.875
8626176,heist,6.25
8634368,heist,2.1875
8642560,heist,1.5625
8650752,heist,0.0
8658944,heist,0.0
8667136,heist,0.3125
8675328,heist,0.0
8683520,heist,0.3125
8691712,heist,8.4375
8699904,heist,1.875
8708096,heist,0.3125
8716288,heist,0.0
8724480,heist,0.0
8732672,heist,0.0
8740864,heist,0.0
8749056,heist,0.0
8757248,heist,0.0
8765440,heist,0.3125
8773632,heist,15.3125
8781824,heist,24.55742645263672
8790016,heist,0.0
8798208,heist,0.0
8806400,heist,0.0
8814592,heist,14.6875
8822784,heist,30.205408096313477
8830976,heist,0.0
8839168,heist,4.375
8847360,heist,79.29296875
8855552,heist,4.6875
8863744,heist,0.0
8871936,heist,0.0
8880128,heist,0.0
8888320,heist,0.0
8896512,heist,0.0
8904704,heist,4.0625
8912896,heist,0.0
8921088,heist,1.25
8929280,heist,0.0
8937472,heist,0.0
8945664,heist,0.0
8953856,heist,0.3125
8962048,heist,1.25
8970240,heist,4.6875
8978432,heist,0.0
8986624,heist,1.5625
8994816,heist,1.875
9003008,heist,0.0
9011200,heist,0.0
9019392,heist,0.0
9027584,heist,0.3125
9035776,heist,0.0
9043968,heist,0.3125
9052160,heist,2.5
9060352,heist,3.125
9068544,heist,0.0
9076736,heist,0.0
9084928,heist,12.739022254943848
9093120,heist,1.875
9101312,heist,0.0
9109504,heist,0.625
9117696,heist,0.3125
9125888,heist,1.25
9134080,heist,0.0
9142272,heist,0.0
9150464,heist,0.9375
9158656,heist,0.0
9166848,heist,1.25
9175040,heist,6.875
9183232,heist,23.91744041442871
9191424,heist,0.0
9199616,heist,0.0
9207808,heist,0.0
9216000,heist,0.0
9224192,heist,0.0
9232384,heist,5.625
9240576,heist,1.5625
9248768,heist,2.1875
9256960,heist,0.0
9265152,heist,0.0
9273344,heist,0.0
9281536,heist,3.4375
9289728,heist,0.0
9297920,heist,5.9375
9306112,heist,3.125
9314304,heist,0.0
9322496,heist,5.9375
9330688,heist,0.0
9338880,heist,0.0
9347072,heist,0.0
9355264,heist,0.0
9363456,heist,0.0
9371648,heist,0.3125
9379840,heist,0.0
9388032,heist,0.0
9396224,heist,0.0
9404416,heist,0.0
9412608,heist,0.0
9420800,heist,0.625
9428992,heist,9.0625
9437184,heist,0.0
9445376,heist,0.0
9453568,heist,0.0
9461760,heist,2.1875
9469952,heist,14.6875
9478144,heist,0.0
9486336,heist,0.0
9494528,heist,39.398956298828125
9502720,heist,0.3125
9510912,heist,0.0
9519104,heist,2.1875
9527296,heist,0.0
9535488,heist,0.0
9543680,heist,12.1875
9551872,heist,5.3125
9560064,heist,168.52294921875
9568256,heist,0.0
9576448,heist,0.0
9584640,heist,35.4333610534668
9592832,heist,0.625
9601024,heist,0.0
9609216,heist,0.0
9617408,heist,0.0
9625600,heist,0.0
9633792,heist,0.0
9641984,heist,19.6875
9650176,heist,8.75
9658368,heist,0.0
9666560,heist,1.5625
9674752,heist,0.0
9682944,heist,0.9375
9691136,heist,13.4375
9699328,heist,0.0
9707520,heist,0.0
9715712,heist,4.6875
9723904,heist,0.0
9732096,heist,21.25
9740288,heist,6.25
9748480,heist,16.75055503845215
9756672,heist,2.5
9764864,heist,0.0
9773056,heist,0.0
9781248,heist,0.3125
9789440,heist,0.0
9797632,heist,0.0
9805824,heist,0.0
9814016,heist,0.0
9822208,heist,0.0
9830400,heist,0.0
9838592,heist,0.0
9846784,heist,0.3125
9854976,heist,0.0
9863168,heist,0.625
9871360,heist,0.3125
9879552,heist,0.0
9887744,heist,0.0
9895936,heist,0.0
9904128,heist,0.0
9912320,heist,0.0
9920512,heist,7.542876720428467
9928704,heist,0.0
9936896,heist,0.0
9945088,heist,0.9375
9953280,heist,0.0
9961472,heist,0.0
9969664,heist,0.0
9977856,heist,0.0
9986048,heist,0.0
9994240,heist,0.3125
10002432,heist,0.625
10010624,heist,38.055763244628906
10018816,heist,0.0
10027008,heist,0.0
10035200,heist,0.0
10043392,heist,0.3125
10051584,heist,37.79965591430664
10059776,heist,0.625
10067968,heist,0.3125
10076160,heist,0.0
10084352,heist,0.0
10092544,heist,0.0
10100736,heist,1.25
10108928,heist,2.1875
10117120,heist,0.0
10125312,heist,0.625
10133504,heist,0.0
10141696,heist,1.25
10149888,heist,3.75
10158080,heist,45.13096618652344
10166272,heist,0.0
10174464,heist,0.0
10182656,heist,5.625
10190848,heist,8.4375
10199040,heist,7.8125
10207232,heist,0.625
10215424,heist,0.0
10223616,heist,1.25
10231808,heist,16.5625
10240000,heist,10.3125
10248192,heist,0.0
10256384,heist,1.5625
10264576,heist,4.6875
10272768,heist,1.875
10280960,heist,2.1875
10289152,heist,0.0
10297344,heist,0.0
10305536,heist,0.0
10313728,heist,0.0
10321920,heist,0.3125
10330112,heist,10.625
10338304,heist,1.875
10346496,heist,0.3125
10354688,heist,0.0
10362880,heist,0.0
10371072,heist,0.0
10379264,heist,0.0
10387456,heist,0.0
10395648,heist,0.0
10403840,heist,0.0
10412032,heist,18.4375
10420224,heist,21.043516159057617
10428416,heist,0.0
10436608,heist,0.0
10444800,heist,0.0
10452992,heist,13.75
10461184,heist,29.486600875854492
10469376,heist,0.0
10477568,heist,5.3125
10485760,heist,79.1923828125
10493952,heist,5.3125
10502144,heist,0.3125
10510336,heist,0.3125
10518528,heist,0.0
10526720,heist,0.0
10534912,heist,0.0
10543104,heist,3.4375
10551296,heist,0.0
10559488,heist,0.9375
10567680,heist,0.0
10575872,heist,0.0
10584064,heist,0.3125
10592256,heist,0.625
10600448,heist,0.625
10608640,heist,4.6875
10616832,heist,0.0
10625024,heist,1.5625
10633216,heist,1.5625
10641408,heist,0.0
10649600,heist,0.0
10657792,heist,0.0
10665984,heist,0.3125
10674176,heist,0.0
10682368,heist,0.0
10690560,heist,1.875
10698752,heist,3.4375
10706944,heist,0.0
10715136,heist,0.0
10723328,heist,12.843443870544434
10731520,heist,0.9375
10739712,heist,0.0
10747904,heist,0.3125
10756096,heist,0.0
10764288,heist,0.9375
10772480,heist,0.0
10780672,heist,0.0
10788864,heist,0.9375
10797056,heist,0.0
10805248,heist,1.25
10813440,heist,6.25
10821632,heist,24.268253326416016
10829824,heist,0.0
10838016,heist,0.0
10846208,heist,0.0
10854400,heist,0.0
10862592,heist,0.0
10870784,heist,7.5
10878976,heist,1.5625
10887168,heist,4.0625
10895360,heist,0.0
10903552,heist,0.0
10911744,heist,0.0
10919936,heist,2.8125
10928128,heist,0.0
10936320,heist,6.875
10944512,heist,4.0625
10952704,heist,0.0
10960896,heist,6.5625
10969088,heist,0.0
10977280,heist,0.0
10985472,heist,0.0
10993664,heist,0.0
11001856,heist,0.0
11010048,heist,0.3125
11018240,heist,0.0
11026432,heist,0.0
11034624,heist,0.0
11042816,heist,0.0
11051008,heist,0.0
11059200,heist,1.875
11067392,heist,10.0
11075584,heist,0.0
11083776,heist,0.0
11091968,heist,0.0
11100160,heist,3.4375
11108352,heist,14.0625
11116544,heist,0.0
11124736,heist,0.0
11132928,heist,40.95549392700195
11141120,heist,0.0
11149312,heist,0.0
11157504,heist,3.125
11165696,heist,0.0
11173888,heist,0.0
11182080,heist,10.0
11190272,heist,4.375
11198464,heist,166.391357421875
11206656,heist,0.0
11214848,heist,0.0
11223040,heist,42.05978775024414
11231232,heist,0.625
11239424,heist,0.0
11247616,heist,0.0
11255808,heist,0.0
11264000,heist,0.0
11272192,heist,0.0
11280384,heist,17.1875
11288576,heist,9.375
11296768,heist,0.0
11304960,heist,1.5625
11313152,heist,0.0
11321344,heist,0.9375
11329536,heist,10.0
11337728,heist,0.0
11345920,heist,0.0
11354112,heist,4.6875
11362304,heist,0.0
11370496,heist,22.8125
11378688,heist,6.875
11386880,heist,16.70755386352539
11395072,heist,1.25
11403264,heist,0.0
11411456,heist,0.0
11419648,heist,0.3125
11427840,heist,0.0
11436032,heist,0.3125
11444224,heist,0.0
11452416,heist,0.0
11460608,heist,0.0
11468800,heist,0.0
11476992,heist,0.0
11485184,heist,0.3125
11493376,heist,0.0
11501568,heist,1.875
11509760,heist,0.0
11517952,heist,0.0
11526144,heist,0.0
11534336,heist,0.0
11542528,heist,0.0
11550720,heist,0.0
11558912,heist,7.22102165222168
11567104,heist,0.0
11575296,heist,0.0
11583488,heist,1.25
11591680,heist,0.0
11599872,heist,0.0
11608064,heist,0.0
11616256,heist,0.0
11624448,heist,0.0
11632640,heist,0.0
11640832,heist,1.5625
11649024,heist,41.72957992553711
11657216,heist,0.0
11665408,heist,0.0
11673600,heist,0.0
11681792,heist,0.0
11689984,heist,38.66032409667969
11698176,heist,0.9375
11706368,heist,0.0
11714560,heist,0.0
11722752,heist,0.0
11730944,heist,0.0
11739136,heist,0.3125
11747328,heist,2.8125
11755520,heist,0.0
11763712,heist,0.0
11771904,heist,0.0
11780096,heist,1.25
11788288,heist,1.875
11796480,heist,47.36784744262695
11804672,heist,0.0
11812864,heist,0.0
11821056,heist,5.0
11829248,heist,11.5625
11837440,heist,8.4375
11845632,heist,0.0
11853824,heist,0.0
11862016,heist,0.625
11870208,heist,20.3125
11878400,heist,8.125
11886592,heist,0.0
11894784,heist,0.3125
11902976,heist,4.0625
11911168,heist,1.25
11919360,heist,1.875
11927552,heist,0.0
11935744,heist,0.0
11943936,heist,0.3125
11952128,heist,0.0
11960320,heist,0.625
11968512,heist,8.125
11976704,heist,1.25
11984896,heist,0.9375
11993088,heist,0.0
12001280,heist,0.0
12009472,heist,0.0
12017664,heist,0.0
12025856,heist,0.0
12034048,heist,0.0
12042240,heist,0.3125
12050432,heist,19.375
12058624,heist,22.999370574951172
12066816,heist,0.0
12075008,heist,0.0
12083200,heist,0.0
12091392,heist,15.625
12099584,heist,27.955930709838867
12107776,heist,0.0
12115968,heist,3.125
12124160,heist,82.7191162109375
12132352,heist,2.8125
12140544,heist,0.0
12148736,heist,0.0
12156928,heist,0.0
12165120,heist,0.0
12173312,heist,0.0
12181504,heist,2.8125
12189696,heist,0.0
12197888,heist,0.3125
12206080,heist,0.0
12214272,heist,0.0
12222464,heist,0.3125
12230656,heist,0.0
12238848,heist,1.25
12247040,heist,2.8125
12255232,heist,0.0
12263424,heist,2.1875
12271616,heist,0.625
12279808,heist,0.0
12288000,heist,0.0
12296192,heist,0.0
12304384,heist,0.3125
12312576,heist,0.0
12320768,heist,0.0
12328960,heist,1.25
12337152,heist,2.8125
12345344,heist,0.0
12353536,heist,0.0
12361728,heist,8.411666870117188
12369920,heist,2.5
12378112,heist,0.0
12386304,heist,0.3125
12394496,heist,0.625
12402688,heist,2.5
12410880,heist,0.0
12419072,heist,0.0
12427264,heist,1.875
12435456,heist,0.0
12443648,heist,0.625
12451840,heist,6.875
12460032,heist,31.98771858215332
12468224,heist,0.0
12476416,heist,0.0
12484608,heist,0.0
12492800,heist,0.0
12500992,heist,0.0
12509184,heist,6.875
12517376,heist,0.9375
12525568,heist,2.8125
12533760,heist,0.0
12541952,heist,0.0
12550144,heist,0.0
12558336,heist,5.3125
12566528,heist,0.0
12574720,heist,4.6875
12582912,heist,4.0625
12591104,heist,0.0
12599296,heist,5.9375
12607488,heist,0.0
12615680,heist,0.0
12623872,heist,0.0
12632064,heist,0.0
12640256,heist,0.0
12648448,heist,0.625
12656640,heist,0.0
12664832,heist,0.0
12673024,heist,0.0
12681216,heist,0.0
12689408,heist,0.0
12697600,heist,1.25
12705792,heist,9.375
12713984,heist,0.0
12722176,heist,0.0
12730368,heist,0.0
12738560,heist,4.375
12746752,heist,14.0625
12754944,heist,0.0
12763136,heist,0.0
12771328,heist,41.9024543762207
12779520,heist,0.3125
12787712,heist,0.0
12795904,heist,2.8125
12804096,heist,0.0
12812288,heist,0.0
12820480,heist,9.375
12828672,heist,5.625
12836864,heist,171.50778198242188
12845056,heist,0.0
12853248,heist,0.0
12861440,heist,41.55051040649414
12869632,heist,0.3125
12877824,heist,0.0
12886016,heist,0.3125
12894208,heist,0.0
12902400,heist,0.0
12910592,heist,0.3125
12918784,heist,15.0
12926976,heist,9.375
12935168,heist,0.0
12943360,heist,1.25
12951552,heist,0.0
12959744,heist,0.9375
12967936,heist,17.1875
12976128,heist,0.0
12984320,heist,0.0
12992512,heist,3.75
13000704,heist,0.0
13008896,heist,23.125
13017088,heist,5.625
13025280,heist,20.522037506103516
13033472,heist,0.625
13041664,heist,0.0
13049856,heist,0.0
13058048,heist,0.0
13066240,heist,0.0
13074432,heist,0.0
13082624,heist,0.0
13090816,heist,0.0
13099008,heist,0.0
13107200,heist,0.0
13115392,heist,0.0
13123584,heist,0.0
13131776,heist,0.0
13139968,heist,1.5625
13148160,heist,0.0
13156352,heist,0.0
13164544,heist,0.0
13172736,heist,0.0
13180928,heist,0.0
13189120,heist,0.0
13197312,heist,7.328784465789795
13205504,heist,0.0
13213696,heist,0.0
13221888,heist,0.9375
13230080,heist,0.0
13238272,heist,0.0
13246464,heist,0.0
13254656,heist,0.0
13262848,heist,0.0
13271040,heist,0.0
13279232,heist,0.9375
13287424,heist,44.941741943359375
13295616,heist,0.0
13303808,heist,0.0
13312000,heist,0.0
13320192,heist,0.0
13328384,heist,32.310855865478516
13336576,heist,0.3125
13344768,heist,0.3125
13352960,heist,0.0
13361152,heist,0.0
13369344,heist,0.0
13377536,heist,0.625
13385728,heist,3.125
13393920,heist,0.0
13402112,heist,0.0
13410304,heist,0.0
13418496,heist,1.25
13426688,heist,1.875
13434880,heist,47.557796478271484
13443072,heist,0.0
13451264,heist,0.0
13459456,heist,4.6875
13467648,heist,11.25
13475840,heist,7.8125
13484032,heist,0.0
13492224,heist,0.0
13500416,heist,0.0
13508608,heist,20.625
13516800,heist,9.0625
13524992,heist,0.0
13533184,heist,0.625
13541376,heist,4.0625
13549568,heist,1.25
13557760,heist,2.8125
13565952,heist,0.0
13574144,heist,0.0
13582336,heist,0.3125
13590528,heist,0.0
13598720,heist,0.3125
13606912,heist,8.75
13615104,heist,0.9375
13623296,heist,0.9375
13631488,heist,0.0
13639680,heist,0.0
13647872,heist,0.0
13656064,heist,0.0
13664256,heist,0.0
13672448,heist,0.0
13680640,heist,0.0
13688832,heist,19.0625
13697024,heist,22.371810913085938
13705216,heist,0.0
13713408,heist,0.0
13721600,heist,0.0
13729792,heist,15.9375
13737984,heist,25.91513442993164
13746176,heist,0.0
13754368,heist,2.1875
13762560,heist,83.3170166015625
13770752,heist,2.5
13778944,heist,0.0
13787136,heist,0.0
13795328,heist,0.0
13803520,heist,0.0
13811712,heist,0.0
13819904,heist,2.1875
13828096,heist,0.0
13836288,heist,0.625
13844480,heist,0.0
13852672,heist,0.625
13860864,heist,0.3125
13869056,heist,0.625
13877248,heist,0.9375
13885440,heist,3.75
13893632,heist,0.0
13901824,heist,2.1875
13910016,heist,0.0
13918208,heist,0.0
13926400,heist,0.0
13934592,heist,0.0
13942784,heist,0.0
13950976,heist,0.0
13959168,heist,0.0
13967360,heist,1.875
13975552,heist,1.875
13983744,heist,0.0
13991936,heist,0.0
14000128,heist,7.968868255615234
14008320,heist,1.5625
14016512,heist,0.0
14024704,heist,0.0
14032896,heist,0.625
14041088,heist,3.125
14049280,heist,0.0
14057472,heist,0.0
14065664,heist,2.1875
14073856,heist,0.0
14082048,heist,0.625
14090240,heist,5.0
14098432,heist,36.24980163574219
14106624,heist,0.0
14114816,heist,0.0
14123008,heist,0.0
14131200,heist,0.0
14139392,heist,0.0
14147584,heist,6.875
14155776,heist,2.1875
14163968,heist,2.8125
14172160,heist,0.0
14180352,heist,0.0
14188544,heist,0.0
14196736,heist,7.8125
14204928,heist,0.0
14213120,heist,3.75
14221312,heist,3.75
14229504,heist,0.0
14237696,heist,4.6875
14245888,heist,0.0
14254080,heist,0.0
14262272,heist,0.0
14270464,heist,0.0
14278656,heist,0.0
14286848,heist,1.25
14295040,heist,0.0
14303232,heist,0.0
14311424,heist,0.0
14319616,heist,0.0
14327808,heist,0.0
14336000,heist,1.875
14344192,heist,11.875
14352384,heist,0.0
14360576,heist,0.0
14368768,heist,0.0
14376960,heist,4.0625
14385152,heist,12.1875
14393344,heist,0.0
14401536,heist,0.0
14409728,heist,39.8663330078125
14417920,heist,0.0
14426112,heist,0.0
14434304,heist,4.375
14442496,heist,0.0
14450688,heist,0.0
14458880,heist,8.125
14467072,heist,3.75
14475264,heist,172.02487182617188
14483456,heist,0.0
14491648,heist,0.0
14499840,heist,42.87115478515625
14508032,heist,0.625
14516224,heist,0.0
14524416,heist,0.3125
14532608,heist,0.0
14540800,heist,0.0
14548992,heist,0.0
14557184,heist,20.620479583740234
14565376,heist,8.75
14573568,heist,0.0
14581760,heist,0.9375
14589952,heist,0.0
14598144,heist,1.25
14606336,heist,17.1875
14614528,heist,0.0
14622720,heist,0.0
14630912,heist,3.4375
14639104,heist,0.0
14647296,heist,23.4375
14655488,heist,6.25
14663680,heist,17.016998291015625
14671872,heist,1.25
14680064,heist,0.0
14688256,heist,0.0
14696448,heist,0.3125
14704640,heist,0.0
14712832,heist,0.0
14721024,heist,0.0
14729216,heist,0.0
14737408,heist,0.0
14745600,heist,0.0
14753792,heist,0.0
14761984,heist,0.0
14770176,heist,0.0
14778368,heist,1.5625
14786560,heist,0.0
14794752,heist,0.0
14802944,heist,0.0
14811136,heist,0.0
14819328,heist,0.0
14827520,heist,0.0
14835712,heist,9.00458812713623
14843904,heist,0.0
14852096,heist,0.0
14860288,heist,0.9375
14868480,heist,0.0
14876672,heist,0.0
14884864,heist,0.0
14893056,heist,0.0
14901248,heist,0.0
14909440,heist,0.3125
14917632,heist,1.875
14925824,heist,39.18845748901367
14934016,heist,0.0
14942208,heist,0.0
14950400,heist,0.0
14958592,heist,0.0
14966784,heist,26.749330520629883
14974976,heist,1.25
14983168,heist,0.3125
14991360,heist,0.0
14999552,heist,0.0
15007744,heist,0.0
15015936,heist,0.3125
15024128,heist,2.8125
15032320,heist,0.0
15040512,heist,0.0
15048704,heist,0.0
15056896,heist,1.875
15065088,heist,2.8125
15073280,heist,44.635292053222656
15081472,heist,0.3125
15089664,heist,0.0
15097856,heist,5.3125
15106048,heist,10.9375
15114240,heist,7.5
15122432,heist,0.0
15130624,heist,0.0
15138816,heist,0.0
15147008,heist,19.6875
15155200,heist,13.123449325561523
15163392,heist,0.0
15171584,heist,0.625
15179776,heist,5.0
15187968,heist,1.5625
15196160,heist,3.4375
15204352,heist,0.0
15212544,heist,0.0
15220736,heist,0.3125
15228928,heist,0.0
15237120,heist,0.3125
15245312,heist,9.375
15253504,heist,1.5625
15261696,heist,0.625
15269888,heist,0.0
15278080,heist,0.0
15286272,heist,0.0
15294464,heist,0.0
15302656,heist,0.0
15310848,heist,0.0
15319040,heist,0.0
15327232,heist,16.875
15335424,heist,23.15587043762207
15343616,heist,0.0
15351808,heist,0.0
15360000,heist,0.0
15368192,heist,14.0625
15376384,heist,27.680307388305664
15384576,heist,0.0
15392768,heist,2.8125
15400960,heist,84.59577178955078
15409152,heist,2.8125
15417344,heist,0.0
15425536,heist,0.3125
15433728,heist,0.0
15441920,heist,0.0
15450112,heist,0.3125
15458304,heist,2.1875
15466496,heist,0.0
15474688,heist,0.625
15482880,heist,0.0
15491072,heist,0.3125
15499264,heist,0.3125
15507456,heist,0.625
15515648,heist,1.25
15523840,heist,4.0625
15532032,heist,0.0
15540224,heist,1.5625
15548416,heist,0.625
15556608,heist,0.0
15564800,heist,0.0
15572992,heist,0.0
15581184,heist,0.3125
15589376,heist,0.0
15597568,heist,0.3125
15605760,heist,1.875
15613952,heist,2.1875
15622144,heist,0.0
15630336,heist,0.0
15638528,heist,11.478704452514648
15646720,heist,3.125
15654912,heist,0.0
15663104,heist,0.3125
15671296,heist,0.3125
15679488,heist,0.9375
15687680,heist,0.0
15695872,heist,0.0
15704064,heist,1.25
15712256,heist,0.0
15720448,heist,1.25
15728640,heist,5.625
15736832,heist,30.377683639526367
15745024,heist,0.0
15753216,heist,0.0
15761408,heist,0.0
15769600,heist,0.0
15777792,heist,0.0
15785984,heist,8.125
15794176,heist,0.9375
15802368,heist,2.1875
15810560,heist,0.0
15818752,heist,0.0
15826944,heist,0.0
15835136,heist,5.625
15843328,heist,0.0
15851520,heist,3.75
15859712,heist,1.875
15867904,heist,0.0
15876096,heist,4.6875
15884288,heist,0.0
15892480,heist,0.0
15900672,heist,0.0
15908864,heist,0.0
15917056,heist,0.0
15925248,heist,0.9375
15933440,heist,0.0
15941632,heist,0.0
15949824,heist,0.0
15958016,heist,0.0
15966208,heist,0.0
15974400,heist,1.5625
15982592,heist,8.125
15990784,heist,0.0
15998976,heist,0.625
16007168,heist,0.0
16015360,heist,4.0625
16023552,heist,12.1875
16031744,heist,0.0
16039936,heist,0.0
16048128,heist,39.460235595703125
16056320,heist,0.0
16064512,heist,0.0
16072704,heist,3.4375
16080896,heist,0.0
16089088,heist,0.0
16097280,heist,7.5
16105472,heist,3.75
16113664,heist,169.65716552734375
16121856,heist,0.0
16130048,heist,0.0
16138240,heist,39.472434997558594
16146432,heist,0.3125
16154624,heist,0.0
16162816,heist,0.3125
16171008,heist,0.0
16179200,heist,0.0
16187392,heist,0.0
16195584,heist,18.379175186157227
16203776,heist,8.75
16211968,heist,0.0
16220160,heist,1.25
16228352,heist,0.0
16236544,heist,1.25
16244736,heist,19.042850494384766
16252928,heist,0.0
16261120,heist,0.0
16269312,heist,3.125
16277504,heist,0.0
16285696,heist,22.5
16293888,heist,5.9375
16302080,heist,18.973892211914062
16310272,heist,0.625
16318464,heist,0.0
16326656,heist,0.0
16334848,heist,0.0
16343040,heist,0.0
16351232,heist,0.0
16359424,heist,0.0
16367616,heist,0.0
16375808,heist,0.0
16384000,heist,0.0
16392192,heist,0.0
16400384,heist,0.0
16408576,heist,0.0
16416768,heist,1.5625
16424960,heist,0.0
16433152,heist,0.0
16441344,heist,0.0
16449536,heist,0.0
16457728,heist,0.0
16465920,heist,0.0
16474112,heist,7.320576190948486
16482304,heist,0.0
16490496,heist,0.0
16498688,heist,0.9375
16506880,heist,0.0
16515072,heist,0.0
16523264,heist,0.0
16531456,heist,0.0
16539648,heist,0.0
16547840,heist,0.0
16556032,heist,1.875
16564224,heist,38.75336837768555
16572416,heist,0.0
16580608,heist,0.0
16588800,heist,0.0
16596992,heist,0.0
16605184,heist,28.753965377807617
16613376,heist,1.875
16621568,heist,0.3125
16629760,heist,0.0
16637952,heist,0.0
16646144,heist,0.0
16654336,heist,0.625
16662528,heist,3.75
16670720,heist,0.0
16678912,heist,0.0
16687104,heist,0.0
16695296,heist,1.25
16703488,heist,3.125
16711680,heist,44.12073516845703
16719872,heist,0.3125
16728064,heist,0.0
16736256,heist,4.375
16744448,heist,12.5
16752640,heist,7.8125
16760832,heist,0.3125
16769024,heist,0.0
16777216,heist,0.0
16785408,heist,20.3125
16793600,heist,11.25
16801792,heist,0.0
16809984,heist,0.9375
16818176,heist,4.6875
16826368,heist,1.875
16834560,heist,2.8125
16842752,heist,0.0
16850944,heist,0.0
16859136,heist,0.3125
16867328,heist,0.0
16875520,heist,0.0
16883712,heist,9.0625
16891904,heist,1.25
16900096,heist,0.625
16908288,heist,0.0
16916480,heist,0.0
16924672,heist,0.0
16932864,heist,0.0
16941056,heist,0.0
16949248,heist,0.0
16957440,heist,0.0
16965632,heist,20.0
16973824,heist,21.318571090698242
16982016,heist,0.0
16990208,heist,0.3125
16998400,heist,0.0
17006592,heist,14.0625
17014784,heist,28.318634033203125
17022976,heist,0.0
17031168,heist,2.5
17039360,heist,85.0985107421875
17047552,heist,3.125
17055744,heist,0.3125
17063936,heist,0.3125
17072128,heist,0.0
17080320,heist,0.0
17088512,heist,0.0
17096704,heist,1.875
17104896,heist,0.0
17113088,heist,0.625
17121280,heist,0.0
17129472,heist,0.3125
17137664,heist,0.3125
17145856,heist,0.625
17154048,heist,0.9375
17162240,heist,3.75
17170432,heist,0.0
17178624,heist,2.1875
17186816,heist,0.9375
17195008,heist,0.0
17203200,heist,0.3125
17211392,heist,0.0
17219584,heist,0.3125
17227776,heist,0.0
17235968,heist,0.0
17244160,heist,1.5625
17252352,heist,2.8125
17260544,heist,0.0
17268736,heist,0.0
17276928,heist,10.878405570983887
17285120,heist,2.5
17293312,heist,0.0
17301504,heist,0.0
17309696,heist,0.3125
17317888,heist,0.9375
17326080,heist,0.0
17334272,heist,0.0
17342464,heist,1.25
17350656,heist,0.0
17358848,heist,0.625
17367040,heist,5.625
17375232,heist,31.50652313232422
17383424,heist,0.0
17391616,heist,0.0
17399808,heist,0.0
17408000,heist,0.0
17416192,heist,0.0
17424384,heist,9.375
17432576,heist,1.25
17440768,heist,2.1875
17448960,heist,0.0
17457152,heist,0.0
17465344,heist,0.0
17473536,heist,8.125
17481728,heist,0.0
17489920,heist,2.5
17498112,heist,2.1875
17506304,heist,0.0
17514496,heist,4.375
17522688,heist,0.0
17530880,heist,0.0
17539072,heist,0.0
17547264,heist,0.0
17555456,heist,0.0
17563648,heist,0.625
17571840,heist,0.0
17580032,heist,0.0
17588224,heist,0.0
17596416,heist,0.0
17604608,heist,0.0
17612800,heist,0.625
17620992,heist,9.375
17629184,heist,0.0
17637376,heist,0.0
17645568,heist,0.0
17653760,heist,4.0625
17661952,heist,7.5
17670144,heist,0.0
17678336,heist,0.0
17686528,heist,36.74407958984375
17694720,heist,0.0
17702912,heist,0.0
17711104,heist,4.0625
17719296,heist,0.0
17727488,heist,0.0
17735680,heist,6.5625
17743872,heist,3.75
17752064,heist,170.33775329589844
17760256,heist,0.0
17768448,heist,0.0
17776640,heist,40.60313034057617
17784832,heist,0.9375
17793024,heist,0.0
17801216,heist,0.3125
17809408,heist,0.0
17817600,heist,0.0
17825792,heist,0.0
17833984,heist,18.75
17842176,heist,8.75
17850368,heist,0.0
17858560,heist,1.5625
17866752,heist,0.0
17874944,heist,0.9375
17883136,heist,22.88300132751465
17891328,heist,0.0
17899520,heist,0.0
17907712,heist,2.8125
17915904,heist,0.0
17924096,heist,22.8125
17932288,heist,4.375
17940480,heist,18.769630432128906
17948672,heist,0.9375
17956864,heist,0.0
17965056,heist,0.3125
17973248,heist,0.0
17981440,heist,0.0
17989632,heist,0.0
17997824,heist,0.0
18006016,heist,0.0
18014208,heist,0.0
18022400,heist,0.0
18030592,heist,0.0
18038784,heist,0.0
18046976,heist,0.0
18055168,heist,1.5625
18063360,heist,0.0
18071552,heist,0.0
18079744,heist,0.0
18087936,heist,0.0
18096128,heist,0.0
18104320,heist,0.0
18112512,heist,8.604586601257324
18120704,heist,0.0
18128896,heist,0.0
18137088,heist,0.625
18145280,heist,0.0
18153472,heist,0.0
18161664,heist,0.0
18169856,heist,0.0
18178048,heist,0.0
18186240,heist,0.0
18194432,heist,2.1875
18202624,heist,39.512481689453125
18210816,heist,0.0
18219008,heist,0.0
18227200,heist,0.0
18235392,heist,0.0
18243584,heist,29.646394729614258
18251776,heist,1.875
18259968,heist,0.3125
18268160,heist,0.0
18276352,heist,0.0
18284544,heist,0.0
18292736,heist,0.625
18300928,heist,3.4375
18309120,heist,0.0
18317312,heist,1.25
18325504,heist,0.0
18333696,heist,1.25
18341888,heist,3.75
18350080,heist,42.01649475097656
18358272,heist,0.0
18366464,heist,0.0
18374656,heist,5.625
18382848,heist,11.875
18391040,heist,7.5
18399232,heist,0.3125
18407424,heist,0.0
18415616,heist,0.625
18423808,heist,20.3125
18432000,heist,14.035928726196289
18440192,heist,0.0
18448384,heist,0.9375
18456576,heist,4.0625
18464768,heist,1.875
18472960,heist,3.125
18481152,heist,0.0
18489344,heist,0.0
18497536,heist,0.0
18505728,heist,0.0
18513920,heist,0.3125
18522112,heist,9.375
18530304,heist,1.25
18538496,heist,0.9375
18546688,heist,0.0
18554880,heist,0.0
18563072,heist,0.0
18571264,heist,0.0
18579456,heist,0.0
18587648,heist,0.0
18595840,heist,0.0
18604032,heist,16.25
18612224,heist,22.078548431396484
18620416,heist,0.0
18628608,heist,0.3125
18636800,heist,0.0
18644992,heist,17.1875
18653184,heist,26.71830177307129
18661376,heist,0.0
18669568,heist,3.125
18677760,heist,85.8923568725586
18685952,heist,3.125
18694144,heist,0.3125
18702336,heist,0.0
18710528,heist,0.0
18718720,heist,0.0
18726912,heist,0.0
18735104,heist,1.875
18743296,heist,0.0
18751488,heist,0.3125
18759680,heist,0.0
18767872,heist,0.3125
18776064,heist,0.3125
18784256,heist,0.9375
18792448,heist,0.9375
18800640,heist,4.0625
18808832,heist,0.0
18817024,heist,2.5
18825216,heist,1.875
18833408,heist,0.0
18841600,heist,0.0
18849792,heist,0.0
18857984,heist,0.3125
18866176,heist,0.0
18874368,heist,0.0
18882560,heist,1.875
18890752,heist,2.1875
18898944,heist,0.0
18907136,heist,0.0
18915328,heist,10.015083312988281
18923520,heist,3.4375
18931712,heist,0.0
18939904,heist,0.0
18948096,heist,0.3125
18956288,heist,1.875
18964480,heist,0.0
18972672,heist,0.0
18980864,heist,2.1875
18989056,heist,0.0
18997248,heist,1.5625
19005440,heist,5.3125
19013632,heist,29.97674560546875
19021824,heist,0.0
19030016,heist,0.0
19038208,heist,0.0
19046400,heist,0.0
19054592,heist,0.3125
19062784,heist,8.4375
19070976,heist,1.25
19079168,heist,3.75
19087360,heist,0.0
19095552,heist,0.0
19103744,heist,0.0
19111936,heist,6.5625
19120128,heist,0.0
19128320,heist,3.125
19136512,heist,2.5
19144704,heist,0.0
19152896,heist,4.375
19161088,heist,0.0
19169280,heist,0.0
19177472,heist,0.0
19185664,heist,0.0
19193856,heist,0.3125
19202048,heist,0.625
19210240,heist,0.0
19218432,heist,0.0
19226624,heist,0.0
19234816,heist,0.0
19243008,heist,0.0
19251200,heist,1.5625
19259392,heist,8.75
19267584,heist,0.0
19275776,heist,0.0
19283968,heist,0.0
19292160,heist,3.4375
19300352,heist,8.75
19308544,heist,0.0
19316736,heist,0.0
19324928,heist,37.069580078125
19333120,heist,0.3125
19341312,heist,0.0
19349504,heist,4.375
19357696,heist,0.0
19365888,heist,0.0
19374080,heist,7.1875
19382272,heist,3.125
19390464,heist,170.62448120117188
19398656,heist,0.0
19406848,heist,0.0
19415040,heist,42.01301574707031
19423232,heist,0.625
19431424,heist,0.0
19439616,heist,0.625
19447808,heist,0.0
19456000,heist,0.0
19464192,heist,0.0
19472384,heist,16.875
19480576,heist,7.5
19488768,heist,0.0
19496960,heist,1.25
19505152,heist,0.0
19513344,heist,1.5625
19521536,heist,21.10028076171875
19529728,heist,0.0
19537920,heist,0.0
19546112,heist,3.4375
19554304,heist,0.0
19562496,heist,22.5
19570688,heist,5.625
19578880,heist,19.191999435424805
19587072,heist,0.9375
19595264,heist,0.0
19603456,heist,0.3125
19611648,heist,0.0
19619840,heist,0.0
19628032,heist,0.0
19636224,heist,0.0
19644416,heist,0.0
19652608,heist,0.0
19660800,heist,0.0
19668992,heist,0.0
19677184,heist,0.0
19685376,heist,0.0
19693568,heist,1.25
19701760,heist,0.3125
19709952,heist,0.0
19718144,heist,0.0
19726336,heist,0.0
19734528,heist,0.0
19742720,heist,0.0
19750912,heist,8.19565200805664
19759104,heist,0.0
19767296,heist,0.0
19775488,heist,0.9375
19783680,heist,0.0
19791872,heist,0.0
19800064,heist,0.0
19808256,heist,0.0
19816448,heist,0.0
19824640,heist,0.3125
19832832,heist,1.25
19841024,heist,34.497337341308594
19849216,heist,0.0
19857408,heist,0.0
19865600,heist,0.0
19873792,heist,0.0
19881984,heist,24.492639541625977
19890176,heist,1.875
19898368,heist,0.0
19906560,heist,0.0
19914752,heist,0.0
19922944,heist,0.0
19931136,heist,1.25
19939328,heist,3.125
19947520,heist,0.0
19955712,heist,0.3125
19963904,heist,0.0
19972096,heist,1.875
19980288,heist,3.4375
19988480,heist,42.10287094116211
19996672,heist,0.3125
20004864,heist,0.0
